
===========================================================================
report_checks -path_delay max (Setup)
============================================================================
Startpoint: i_wb_we (input port clocked by i_clk)
Endpoint: _3811_ (rising edge-triggered flip-flop clocked by i_clk)
Path Group: i_clk
Path Type: max

Fanout     Cap    Slew   Delay    Time   Description
-----------------------------------------------------------------------------
                          0.00    0.00   clock i_clk (rise edge)
                          0.00    0.00   clock network delay (propagated)
                          1.29    1.29 ^ input external delay
                  0.02    0.01    1.30 ^ i_wb_we (in)
     1    0.00                           i_wb_we (net)
                  0.02    0.00    1.30 ^ input60/A (sky130_fd_sc_hd__dlymetal6s2s_1)
                  0.17    0.17    1.47 ^ input60/X (sky130_fd_sc_hd__dlymetal6s2s_1)
     1    0.01                           net60 (net)
                  0.17    0.00    1.47 ^ _1875_/A (sky130_fd_sc_hd__buf_4)
                  0.17    0.24    1.71 ^ _1875_/X (sky130_fd_sc_hd__buf_4)
    14    0.06                           _1505_ (net)
                  0.17    0.00    1.72 ^ _1889_/A (sky130_fd_sc_hd__inv_2)
                  0.06    0.09    1.80 v _1889_/Y (sky130_fd_sc_hd__inv_2)
     6    0.02                           _1519_ (net)
                  0.06    0.00    1.80 v _1890_/B (sky130_fd_sc_hd__nand2_1)
                  0.16    0.15    1.96 ^ _1890_/Y (sky130_fd_sc_hd__nand2_1)
     4    0.02                           _1520_ (net)
                  0.16    0.00    1.96 ^ _2438_/A (sky130_fd_sc_hd__nor2_1)
                  0.08    0.11    2.07 v _2438_/Y (sky130_fd_sc_hd__nor2_1)
     4    0.01                           _0501_ (net)
                  0.08    0.00    2.07 v _3200_/A1 (sky130_fd_sc_hd__a211o_1)
                  0.04    0.25    2.32 v _3200_/X (sky130_fd_sc_hd__a211o_1)
     1    0.00                           _1141_ (net)
                  0.04    0.00    2.32 v _3202_/C (sky130_fd_sc_hd__or4_1)
                  0.12    0.51    2.83 v _3202_/X (sky130_fd_sc_hd__or4_1)
     1    0.01                           _1143_ (net)
                  0.12    0.00    2.83 v _3203_/C (sky130_fd_sc_hd__nor3_1)
                  0.31    0.28    3.11 ^ _3203_/Y (sky130_fd_sc_hd__nor3_1)
     1    0.01                           _1144_ (net)
                  0.31    0.00    3.11 ^ _3207_/A (sky130_fd_sc_hd__nand2_4)
                  0.14    0.17    3.28 v _3207_/Y (sky130_fd_sc_hd__nand2_4)
     7    0.04                           _1148_ (net)
                  0.14    0.00    3.28 v _3208_/A (sky130_fd_sc_hd__buf_8)
                  0.08    0.21    3.50 v _3208_/X (sky130_fd_sc_hd__buf_8)
    27    0.11                           _1149_ (net)
                  0.09    0.01    3.50 v _3259_/S (sky130_fd_sc_hd__mux2_1)
                  0.05    0.31    3.82 v _3259_/X (sky130_fd_sc_hd__mux2_1)
     1    0.00                           _0186_ (net)
                  0.05    0.00    3.82 v _3811_/D (sky130_fd_sc_hd__dfxtp_1)
                                  3.82   data arrival time

                          6.45    6.45   clock i_clk (rise edge)
                          0.00    6.45   clock source latency
                  0.12    0.08    6.53 ^ i_clk (in)
     1    0.03                           i_clk (net)
                  0.12    0.00    6.53 ^ clkbuf_0_i_clk/A (sky130_fd_sc_hd__clkbuf_16)
                  0.07    0.18    6.71 ^ clkbuf_0_i_clk/X (sky130_fd_sc_hd__clkbuf_16)
     4    0.06                           clknet_0_i_clk (net)
                  0.07    0.00    6.71 ^ clkbuf_2_3__f_i_clk/A (sky130_fd_sc_hd__clkbuf_16)
                  0.11    0.19    6.91 ^ clkbuf_2_3__f_i_clk/X (sky130_fd_sc_hd__clkbuf_16)
     9    0.10                           clknet_2_3__leaf_i_clk (net)
                  0.11    0.01    6.91 ^ clkbuf_leaf_16_i_clk/A (sky130_fd_sc_hd__clkbuf_16)
                  0.05    0.16    7.07 ^ clkbuf_leaf_16_i_clk/X (sky130_fd_sc_hd__clkbuf_16)
    10    0.03                           clknet_leaf_16_i_clk (net)
                  0.05    0.00    7.07 ^ _3811_/CLK (sky130_fd_sc_hd__dfxtp_1)
                         -0.10    6.97   clock uncertainty
                          0.00    6.97   clock reconvergence pessimism
                         -0.11    6.86   library setup time
                                  6.86   data required time
-----------------------------------------------------------------------------
                                  6.86   data required time
                                 -3.82   data arrival time
-----------------------------------------------------------------------------
                                  3.04   slack (MET)


Startpoint: i_wb_we (input port clocked by i_clk)
Endpoint: _3791_ (rising edge-triggered flip-flop clocked by i_clk)
Path Group: i_clk
Path Type: max

Fanout     Cap    Slew   Delay    Time   Description
-----------------------------------------------------------------------------
                          0.00    0.00   clock i_clk (rise edge)
                          0.00    0.00   clock network delay (propagated)
                          1.29    1.29 ^ input external delay
                  0.02    0.01    1.30 ^ i_wb_we (in)
     1    0.00                           i_wb_we (net)
                  0.02    0.00    1.30 ^ input60/A (sky130_fd_sc_hd__dlymetal6s2s_1)
                  0.17    0.17    1.47 ^ input60/X (sky130_fd_sc_hd__dlymetal6s2s_1)
     1    0.01                           net60 (net)
                  0.17    0.00    1.47 ^ _1875_/A (sky130_fd_sc_hd__buf_4)
                  0.17    0.24    1.71 ^ _1875_/X (sky130_fd_sc_hd__buf_4)
    14    0.06                           _1505_ (net)
                  0.17    0.00    1.72 ^ _1889_/A (sky130_fd_sc_hd__inv_2)
                  0.06    0.09    1.80 v _1889_/Y (sky130_fd_sc_hd__inv_2)
     6    0.02                           _1519_ (net)
                  0.06    0.00    1.80 v _1890_/B (sky130_fd_sc_hd__nand2_1)
                  0.16    0.15    1.96 ^ _1890_/Y (sky130_fd_sc_hd__nand2_1)
     4    0.02                           _1520_ (net)
                  0.16    0.00    1.96 ^ _2438_/A (sky130_fd_sc_hd__nor2_1)
                  0.08    0.11    2.07 v _2438_/Y (sky130_fd_sc_hd__nor2_1)
     4    0.01                           _0501_ (net)
                  0.08    0.00    2.07 v _3200_/A1 (sky130_fd_sc_hd__a211o_1)
                  0.04    0.25    2.32 v _3200_/X (sky130_fd_sc_hd__a211o_1)
     1    0.00                           _1141_ (net)
                  0.04    0.00    2.32 v _3202_/C (sky130_fd_sc_hd__or4_1)
                  0.12    0.51    2.83 v _3202_/X (sky130_fd_sc_hd__or4_1)
     1    0.01                           _1143_ (net)
                  0.12    0.00    2.83 v _3203_/C (sky130_fd_sc_hd__nor3_1)
                  0.31    0.28    3.11 ^ _3203_/Y (sky130_fd_sc_hd__nor3_1)
     1    0.01                           _1144_ (net)
                  0.31    0.00    3.11 ^ _3207_/A (sky130_fd_sc_hd__nand2_4)
                  0.14    0.17    3.28 v _3207_/Y (sky130_fd_sc_hd__nand2_4)
     7    0.04                           _1148_ (net)
                  0.14    0.00    3.28 v _3208_/A (sky130_fd_sc_hd__buf_8)
                  0.08    0.21    3.50 v _3208_/X (sky130_fd_sc_hd__buf_8)
    27    0.11                           _1149_ (net)
                  0.09    0.01    3.50 v _3217_/S (sky130_fd_sc_hd__mux2_1)
                  0.05    0.31    3.82 v _3217_/X (sky130_fd_sc_hd__mux2_1)
     1    0.00                           _0166_ (net)
                  0.05    0.00    3.82 v _3791_/D (sky130_fd_sc_hd__dfxtp_1)
                                  3.82   data arrival time

                          6.45    6.45   clock i_clk (rise edge)
                          0.00    6.45   clock source latency
                  0.12    0.08    6.53 ^ i_clk (in)
     1    0.03                           i_clk (net)
                  0.12    0.00    6.53 ^ clkbuf_0_i_clk/A (sky130_fd_sc_hd__clkbuf_16)
                  0.07    0.18    6.71 ^ clkbuf_0_i_clk/X (sky130_fd_sc_hd__clkbuf_16)
     4    0.06                           clknet_0_i_clk (net)
                  0.07    0.00    6.71 ^ clkbuf_2_3__f_i_clk/A (sky130_fd_sc_hd__clkbuf_16)
                  0.11    0.19    6.91 ^ clkbuf_2_3__f_i_clk/X (sky130_fd_sc_hd__clkbuf_16)
     9    0.10                           clknet_2_3__leaf_i_clk (net)
                  0.11    0.01    6.91 ^ clkbuf_leaf_16_i_clk/A (sky130_fd_sc_hd__clkbuf_16)
                  0.05    0.16    7.07 ^ clkbuf_leaf_16_i_clk/X (sky130_fd_sc_hd__clkbuf_16)
    10    0.03                           clknet_leaf_16_i_clk (net)
                  0.05    0.00    7.07 ^ _3791_/CLK (sky130_fd_sc_hd__dfxtp_1)
                         -0.10    6.97   clock uncertainty
                          0.00    6.97   clock reconvergence pessimism
                         -0.11    6.86   library setup time
                                  6.86   data required time
-----------------------------------------------------------------------------
                                  6.86   data required time
                                 -3.82   data arrival time
-----------------------------------------------------------------------------
                                  3.04   slack (MET)


Startpoint: i_wb_we (input port clocked by i_clk)
Endpoint: _3795_ (rising edge-triggered flip-flop clocked by i_clk)
Path Group: i_clk
Path Type: max

Fanout     Cap    Slew   Delay    Time   Description
-----------------------------------------------------------------------------
                          0.00    0.00   clock i_clk (rise edge)
                          0.00    0.00   clock network delay (propagated)
                          1.29    1.29 ^ input external delay
                  0.02    0.01    1.30 ^ i_wb_we (in)
     1    0.00                           i_wb_we (net)
                  0.02    0.00    1.30 ^ input60/A (sky130_fd_sc_hd__dlymetal6s2s_1)
                  0.17    0.17    1.47 ^ input60/X (sky130_fd_sc_hd__dlymetal6s2s_1)
     1    0.01                           net60 (net)
                  0.17    0.00    1.47 ^ _1875_/A (sky130_fd_sc_hd__buf_4)
                  0.17    0.24    1.71 ^ _1875_/X (sky130_fd_sc_hd__buf_4)
    14    0.06                           _1505_ (net)
                  0.17    0.00    1.72 ^ _1889_/A (sky130_fd_sc_hd__inv_2)
                  0.06    0.09    1.80 v _1889_/Y (sky130_fd_sc_hd__inv_2)
     6    0.02                           _1519_ (net)
                  0.06    0.00    1.80 v _1890_/B (sky130_fd_sc_hd__nand2_1)
                  0.16    0.15    1.96 ^ _1890_/Y (sky130_fd_sc_hd__nand2_1)
     4    0.02                           _1520_ (net)
                  0.16    0.00    1.96 ^ _2438_/A (sky130_fd_sc_hd__nor2_1)
                  0.08    0.11    2.07 v _2438_/Y (sky130_fd_sc_hd__nor2_1)
     4    0.01                           _0501_ (net)
                  0.08    0.00    2.07 v _3200_/A1 (sky130_fd_sc_hd__a211o_1)
                  0.04    0.25    2.32 v _3200_/X (sky130_fd_sc_hd__a211o_1)
     1    0.00                           _1141_ (net)
                  0.04    0.00    2.32 v _3202_/C (sky130_fd_sc_hd__or4_1)
                  0.12    0.51    2.83 v _3202_/X (sky130_fd_sc_hd__or4_1)
     1    0.01                           _1143_ (net)
                  0.12    0.00    2.83 v _3203_/C (sky130_fd_sc_hd__nor3_1)
                  0.31    0.28    3.11 ^ _3203_/Y (sky130_fd_sc_hd__nor3_1)
     1    0.01                           _1144_ (net)
                  0.31    0.00    3.11 ^ _3207_/A (sky130_fd_sc_hd__nand2_4)
                  0.14    0.17    3.28 v _3207_/Y (sky130_fd_sc_hd__nand2_4)
     7    0.04                           _1148_ (net)
                  0.14    0.00    3.28 v _3208_/A (sky130_fd_sc_hd__buf_8)
                  0.08    0.21    3.50 v _3208_/X (sky130_fd_sc_hd__buf_8)
    27    0.11                           _1149_ (net)
                  0.08    0.00    3.50 v _3225_/S (sky130_fd_sc_hd__mux2_1)
                  0.05    0.31    3.81 v _3225_/X (sky130_fd_sc_hd__mux2_1)
     1    0.00                           _0170_ (net)
                  0.05    0.00    3.81 v _3795_/D (sky130_fd_sc_hd__dfxtp_1)
                                  3.81   data arrival time

                          6.45    6.45   clock i_clk (rise edge)
                          0.00    6.45   clock source latency
                  0.12    0.08    6.53 ^ i_clk (in)
     1    0.03                           i_clk (net)
                  0.12    0.00    6.53 ^ clkbuf_0_i_clk/A (sky130_fd_sc_hd__clkbuf_16)
                  0.07    0.18    6.71 ^ clkbuf_0_i_clk/X (sky130_fd_sc_hd__clkbuf_16)
     4    0.06                           clknet_0_i_clk (net)
                  0.07    0.00    6.71 ^ clkbuf_2_3__f_i_clk/A (sky130_fd_sc_hd__clkbuf_16)
                  0.11    0.19    6.91 ^ clkbuf_2_3__f_i_clk/X (sky130_fd_sc_hd__clkbuf_16)
     9    0.10                           clknet_2_3__leaf_i_clk (net)
                  0.11    0.01    6.91 ^ clkbuf_leaf_18_i_clk/A (sky130_fd_sc_hd__clkbuf_16)
                  0.05    0.16    7.07 ^ clkbuf_leaf_18_i_clk/X (sky130_fd_sc_hd__clkbuf_16)
    10    0.03                           clknet_leaf_18_i_clk (net)
                  0.05    0.00    7.07 ^ _3795_/CLK (sky130_fd_sc_hd__dfxtp_1)
                         -0.10    6.97   clock uncertainty
                          0.00    6.97   clock reconvergence pessimism
                         -0.11    6.86   library setup time
                                  6.86   data required time
-----------------------------------------------------------------------------
                                  6.86   data required time
                                 -3.81   data arrival time
-----------------------------------------------------------------------------
                                  3.04   slack (MET)


Startpoint: i_wb_we (input port clocked by i_clk)
Endpoint: _3792_ (rising edge-triggered flip-flop clocked by i_clk)
Path Group: i_clk
Path Type: max

Fanout     Cap    Slew   Delay    Time   Description
-----------------------------------------------------------------------------
                          0.00    0.00   clock i_clk (rise edge)
                          0.00    0.00   clock network delay (propagated)
                          1.29    1.29 ^ input external delay
                  0.02    0.01    1.30 ^ i_wb_we (in)
     1    0.00                           i_wb_we (net)
                  0.02    0.00    1.30 ^ input60/A (sky130_fd_sc_hd__dlymetal6s2s_1)
                  0.17    0.17    1.47 ^ input60/X (sky130_fd_sc_hd__dlymetal6s2s_1)
     1    0.01                           net60 (net)
                  0.17    0.00    1.47 ^ _1875_/A (sky130_fd_sc_hd__buf_4)
                  0.17    0.24    1.71 ^ _1875_/X (sky130_fd_sc_hd__buf_4)
    14    0.06                           _1505_ (net)
                  0.17    0.00    1.72 ^ _1889_/A (sky130_fd_sc_hd__inv_2)
                  0.06    0.09    1.80 v _1889_/Y (sky130_fd_sc_hd__inv_2)
     6    0.02                           _1519_ (net)
                  0.06    0.00    1.80 v _1890_/B (sky130_fd_sc_hd__nand2_1)
                  0.16    0.15    1.96 ^ _1890_/Y (sky130_fd_sc_hd__nand2_1)
     4    0.02                           _1520_ (net)
                  0.16    0.00    1.96 ^ _2438_/A (sky130_fd_sc_hd__nor2_1)
                  0.08    0.11    2.07 v _2438_/Y (sky130_fd_sc_hd__nor2_1)
     4    0.01                           _0501_ (net)
                  0.08    0.00    2.07 v _3200_/A1 (sky130_fd_sc_hd__a211o_1)
                  0.04    0.25    2.32 v _3200_/X (sky130_fd_sc_hd__a211o_1)
     1    0.00                           _1141_ (net)
                  0.04    0.00    2.32 v _3202_/C (sky130_fd_sc_hd__or4_1)
                  0.12    0.51    2.83 v _3202_/X (sky130_fd_sc_hd__or4_1)
     1    0.01                           _1143_ (net)
                  0.12    0.00    2.83 v _3203_/C (sky130_fd_sc_hd__nor3_1)
                  0.31    0.28    3.11 ^ _3203_/Y (sky130_fd_sc_hd__nor3_1)
     1    0.01                           _1144_ (net)
                  0.31    0.00    3.11 ^ _3207_/A (sky130_fd_sc_hd__nand2_4)
                  0.14    0.17    3.28 v _3207_/Y (sky130_fd_sc_hd__nand2_4)
     7    0.04                           _1148_ (net)
                  0.14    0.00    3.28 v _3208_/A (sky130_fd_sc_hd__buf_8)
                  0.08    0.21    3.50 v _3208_/X (sky130_fd_sc_hd__buf_8)
    27    0.11                           _1149_ (net)
                  0.09    0.01    3.50 v _3219_/S (sky130_fd_sc_hd__mux2_1)
                  0.05    0.31    3.81 v _3219_/X (sky130_fd_sc_hd__mux2_1)
     1    0.00                           _0167_ (net)
                  0.05    0.00    3.81 v _3792_/D (sky130_fd_sc_hd__dfxtp_1)
                                  3.81   data arrival time

                          6.45    6.45   clock i_clk (rise edge)
                          0.00    6.45   clock source latency
                  0.12    0.08    6.53 ^ i_clk (in)
     1    0.03                           i_clk (net)
                  0.12    0.00    6.53 ^ clkbuf_0_i_clk/A (sky130_fd_sc_hd__clkbuf_16)
                  0.07    0.18    6.71 ^ clkbuf_0_i_clk/X (sky130_fd_sc_hd__clkbuf_16)
     4    0.06                           clknet_0_i_clk (net)
                  0.07    0.00    6.71 ^ clkbuf_2_3__f_i_clk/A (sky130_fd_sc_hd__clkbuf_16)
                  0.11    0.19    6.91 ^ clkbuf_2_3__f_i_clk/X (sky130_fd_sc_hd__clkbuf_16)
     9    0.10                           clknet_2_3__leaf_i_clk (net)
                  0.11    0.01    6.91 ^ clkbuf_leaf_16_i_clk/A (sky130_fd_sc_hd__clkbuf_16)
                  0.05    0.16    7.07 ^ clkbuf_leaf_16_i_clk/X (sky130_fd_sc_hd__clkbuf_16)
    10    0.03                           clknet_leaf_16_i_clk (net)
                  0.05    0.00    7.07 ^ _3792_/CLK (sky130_fd_sc_hd__dfxtp_1)
                         -0.10    6.97   clock uncertainty
                          0.00    6.97   clock reconvergence pessimism
                         -0.11    6.86   library setup time
                                  6.86   data required time
-----------------------------------------------------------------------------
                                  6.86   data required time
                                 -3.81   data arrival time
-----------------------------------------------------------------------------
                                  3.04   slack (MET)


Startpoint: i_wb_we (input port clocked by i_clk)
Endpoint: _3793_ (rising edge-triggered flip-flop clocked by i_clk)
Path Group: i_clk
Path Type: max

Fanout     Cap    Slew   Delay    Time   Description
-----------------------------------------------------------------------------
                          0.00    0.00   clock i_clk (rise edge)
                          0.00    0.00   clock network delay (propagated)
                          1.29    1.29 ^ input external delay
                  0.02    0.01    1.30 ^ i_wb_we (in)
     1    0.00                           i_wb_we (net)
                  0.02    0.00    1.30 ^ input60/A (sky130_fd_sc_hd__dlymetal6s2s_1)
                  0.17    0.17    1.47 ^ input60/X (sky130_fd_sc_hd__dlymetal6s2s_1)
     1    0.01                           net60 (net)
                  0.17    0.00    1.47 ^ _1875_/A (sky130_fd_sc_hd__buf_4)
                  0.17    0.24    1.71 ^ _1875_/X (sky130_fd_sc_hd__buf_4)
    14    0.06                           _1505_ (net)
                  0.17    0.00    1.72 ^ _1889_/A (sky130_fd_sc_hd__inv_2)
                  0.06    0.09    1.80 v _1889_/Y (sky130_fd_sc_hd__inv_2)
     6    0.02                           _1519_ (net)
                  0.06    0.00    1.80 v _1890_/B (sky130_fd_sc_hd__nand2_1)
                  0.16    0.15    1.96 ^ _1890_/Y (sky130_fd_sc_hd__nand2_1)
     4    0.02                           _1520_ (net)
                  0.16    0.00    1.96 ^ _2438_/A (sky130_fd_sc_hd__nor2_1)
                  0.08    0.11    2.07 v _2438_/Y (sky130_fd_sc_hd__nor2_1)
     4    0.01                           _0501_ (net)
                  0.08    0.00    2.07 v _3200_/A1 (sky130_fd_sc_hd__a211o_1)
                  0.04    0.25    2.32 v _3200_/X (sky130_fd_sc_hd__a211o_1)
     1    0.00                           _1141_ (net)
                  0.04    0.00    2.32 v _3202_/C (sky130_fd_sc_hd__or4_1)
                  0.12    0.51    2.83 v _3202_/X (sky130_fd_sc_hd__or4_1)
     1    0.01                           _1143_ (net)
                  0.12    0.00    2.83 v _3203_/C (sky130_fd_sc_hd__nor3_1)
                  0.31    0.28    3.11 ^ _3203_/Y (sky130_fd_sc_hd__nor3_1)
     1    0.01                           _1144_ (net)
                  0.31    0.00    3.11 ^ _3207_/A (sky130_fd_sc_hd__nand2_4)
                  0.14    0.17    3.28 v _3207_/Y (sky130_fd_sc_hd__nand2_4)
     7    0.04                           _1148_ (net)
                  0.14    0.00    3.28 v _3208_/A (sky130_fd_sc_hd__buf_8)
                  0.08    0.21    3.50 v _3208_/X (sky130_fd_sc_hd__buf_8)
    27    0.11                           _1149_ (net)
                  0.08    0.00    3.50 v _3221_/S (sky130_fd_sc_hd__mux2_1)
                  0.05    0.31    3.81 v _3221_/X (sky130_fd_sc_hd__mux2_1)
     1    0.00                           _0168_ (net)
                  0.05    0.00    3.81 v _3793_/D (sky130_fd_sc_hd__dfxtp_1)
                                  3.81   data arrival time

                          6.45    6.45   clock i_clk (rise edge)
                          0.00    6.45   clock source latency
                  0.12    0.08    6.53 ^ i_clk (in)
     1    0.03                           i_clk (net)
                  0.12    0.00    6.53 ^ clkbuf_0_i_clk/A (sky130_fd_sc_hd__clkbuf_16)
                  0.07    0.18    6.71 ^ clkbuf_0_i_clk/X (sky130_fd_sc_hd__clkbuf_16)
     4    0.06                           clknet_0_i_clk (net)
                  0.07    0.00    6.71 ^ clkbuf_2_3__f_i_clk/A (sky130_fd_sc_hd__clkbuf_16)
                  0.11    0.19    6.91 ^ clkbuf_2_3__f_i_clk/X (sky130_fd_sc_hd__clkbuf_16)
     9    0.10                           clknet_2_3__leaf_i_clk (net)
                  0.11    0.01    6.91 ^ clkbuf_leaf_18_i_clk/A (sky130_fd_sc_hd__clkbuf_16)
                  0.05    0.16    7.07 ^ clkbuf_leaf_18_i_clk/X (sky130_fd_sc_hd__clkbuf_16)
    10    0.03                           clknet_leaf_18_i_clk (net)
                  0.05    0.00    7.07 ^ _3793_/CLK (sky130_fd_sc_hd__dfxtp_1)
                         -0.10    6.97   clock uncertainty
                          0.00    6.97   clock reconvergence pessimism
                         -0.11    6.86   library setup time
                                  6.86   data required time
-----------------------------------------------------------------------------
                                  6.86   data required time
                                 -3.81   data arrival time
-----------------------------------------------------------------------------
                                  3.05   slack (MET)


