
===========================================================================
 report_power
============================================================================


======================= Slowest Corner =================================

Group                  Internal  Switching    Leakage      Total
                          Power      Power      Power      Power (Watts)
----------------------------------------------------------------
Sequential             1.45e-03   8.17e-05   4.15e-06   1.54e-03  40.4%
Combinational          1.36e-03   9.01e-04   8.49e-06   2.27e-03  59.6%
Macro                  0.00e+00   0.00e+00   0.00e+00   0.00e+00   0.0%
Pad                    0.00e+00   0.00e+00   0.00e+00   0.00e+00   0.0%
----------------------------------------------------------------
Total                  2.81e-03   9.82e-04   1.26e-05   3.81e-03 100.0%
                          73.9%      25.8%       0.3%

======================= Typical Corner ===================================

Group                  Internal  Switching    Leakage      Total
                          Power      Power      Power      Power (Watts)
----------------------------------------------------------------
Sequential             1.86e-03   1.04e-04   2.37e-09   1.97e-03  40.9%
Combinational          1.67e-03   1.17e-03   1.50e-08   2.84e-03  59.1%
Macro                  0.00e+00   0.00e+00   0.00e+00   0.00e+00   0.0%
Pad                    0.00e+00   0.00e+00   0.00e+00   0.00e+00   0.0%
----------------------------------------------------------------
Total                  3.53e-03   1.27e-03   1.74e-08   4.81e-03 100.0%
                          73.5%      26.5%       0.0%


======================= Fastest Corner =================================

Group                  Internal  Switching    Leakage      Total
                          Power      Power      Power      Power (Watts)
----------------------------------------------------------------
Sequential             2.16e-03   1.24e-04   4.25e-09   2.29e-03  41.0%
Combinational          1.89e-03   1.39e-03   2.18e-08   3.29e-03  59.0%
Macro                  0.00e+00   0.00e+00   0.00e+00   0.00e+00   0.0%
Pad                    0.00e+00   0.00e+00   0.00e+00   0.00e+00   0.0%
----------------------------------------------------------------
Total                  4.05e-03   1.52e-03   2.61e-08   5.57e-03 100.0%
                          72.8%      27.2%       0.0%
