
===========================================================================
 report_clock_skew
============================================================================

======================== Slowest Corner ==================================

Clock i_clk
Latency      CRPR       Skew
_3699_/CLK ^
   1.12
_3628_/CLK ^
   0.78      0.00       0.33


======================= Typical Corner ===================================

Clock i_clk
Latency      CRPR       Skew
_3699_/CLK ^
   0.65
_3628_/CLK ^
   0.46      0.00       0.19


======================= Fastest Corner ===================================

Clock i_clk
Latency      CRPR       Skew
_3699_/CLK ^
   0.46
_3628_/CLK ^
   0.32      0.00       0.13

