OpenROAD v2.0-4194-g9d55eaa0c 
This program is licensed under the BSD-3 license. See the LICENSE file for details.
Components of this program may be licensed under more restrictive licenses which must be honored.
[INFO ODB-0222] Reading LEF file: /home/opentools/OpenLane/designs/wbqspiflash/runs/20ns_full_tighter_timing/tmp/merged.unpadded.nom.lef
[INFO ODB-0223]     Created 13 technology layers
[INFO ODB-0224]     Created 25 technology vias
[INFO ODB-0225]     Created 441 library cells
[INFO ODB-0226] Finished LEF file:  /home/opentools/OpenLane/designs/wbqspiflash/runs/20ns_full_tighter_timing/tmp/merged.unpadded.nom.lef
[INFO ODB-0127] Reading DEF file: /home/opentools/OpenLane/designs/wbqspiflash/runs/20ns_full_tighter_timing/tmp/routing/15-resizer_timing.def
[INFO ODB-0128] Design: wbqspiflash
[INFO ODB-0130]     Created 106 pins.
[INFO ODB-0131]     Created 2668 components and 17701 component-terminals.
[INFO ODB-0132]     Created 2 special nets and 9650 connections.
[INFO ODB-0133]     Created 2076 nets and 8051 connections.
[INFO ODB-0134] Finished DEF file: /home/opentools/OpenLane/designs/wbqspiflash/runs/20ns_full_tighter_timing/tmp/routing/15-resizer_timing.def
###############################################################################
# Created by write_sdc
# Thu Aug 21 22:56:47 2025
###############################################################################
current_design wbqspiflash
###############################################################################
# Timing Constraints
###############################################################################
create_clock -name i_clk -period 20.0000 [get_ports {i_clk}]
set_clock_transition 0.1000 [get_clocks {i_clk}]
set_clock_uncertainty 0.1000 i_clk
set_propagated_clock [get_clocks {i_clk}]
set_input_delay 4.0000 -clock [get_clocks {i_clk}] -add_delay [get_ports {i_qspi_dat[0]}]
set_input_delay 4.0000 -clock [get_clocks {i_clk}] -add_delay [get_ports {i_qspi_dat[1]}]
set_input_delay 4.0000 -clock [get_clocks {i_clk}] -add_delay [get_ports {i_qspi_dat[2]}]
set_input_delay 4.0000 -clock [get_clocks {i_clk}] -add_delay [get_ports {i_qspi_dat[3]}]
set_input_delay 4.0000 -clock [get_clocks {i_clk}] -add_delay [get_ports {i_wb_addr[0]}]
set_input_delay 4.0000 -clock [get_clocks {i_clk}] -add_delay [get_ports {i_wb_addr[10]}]
set_input_delay 4.0000 -clock [get_clocks {i_clk}] -add_delay [get_ports {i_wb_addr[11]}]
set_input_delay 4.0000 -clock [get_clocks {i_clk}] -add_delay [get_ports {i_wb_addr[12]}]
set_input_delay 4.0000 -clock [get_clocks {i_clk}] -add_delay [get_ports {i_wb_addr[13]}]
set_input_delay 4.0000 -clock [get_clocks {i_clk}] -add_delay [get_ports {i_wb_addr[14]}]
set_input_delay 4.0000 -clock [get_clocks {i_clk}] -add_delay [get_ports {i_wb_addr[15]}]
set_input_delay 4.0000 -clock [get_clocks {i_clk}] -add_delay [get_ports {i_wb_addr[16]}]
set_input_delay 4.0000 -clock [get_clocks {i_clk}] -add_delay [get_ports {i_wb_addr[17]}]
set_input_delay 4.0000 -clock [get_clocks {i_clk}] -add_delay [get_ports {i_wb_addr[18]}]
set_input_delay 4.0000 -clock [get_clocks {i_clk}] -add_delay [get_ports {i_wb_addr[19]}]
set_input_delay 4.0000 -clock [get_clocks {i_clk}] -add_delay [get_ports {i_wb_addr[1]}]
set_input_delay 4.0000 -clock [get_clocks {i_clk}] -add_delay [get_ports {i_wb_addr[2]}]
set_input_delay 4.0000 -clock [get_clocks {i_clk}] -add_delay [get_ports {i_wb_addr[3]}]
set_input_delay 4.0000 -clock [get_clocks {i_clk}] -add_delay [get_ports {i_wb_addr[4]}]
set_input_delay 4.0000 -clock [get_clocks {i_clk}] -add_delay [get_ports {i_wb_addr[5]}]
set_input_delay 4.0000 -clock [get_clocks {i_clk}] -add_delay [get_ports {i_wb_addr[6]}]
set_input_delay 4.0000 -clock [get_clocks {i_clk}] -add_delay [get_ports {i_wb_addr[7]}]
set_input_delay 4.0000 -clock [get_clocks {i_clk}] -add_delay [get_ports {i_wb_addr[8]}]
set_input_delay 4.0000 -clock [get_clocks {i_clk}] -add_delay [get_ports {i_wb_addr[9]}]
set_input_delay 4.0000 -clock [get_clocks {i_clk}] -add_delay [get_ports {i_wb_ctrl_stb}]
set_input_delay 4.0000 -clock [get_clocks {i_clk}] -add_delay [get_ports {i_wb_cyc}]
set_input_delay 4.0000 -clock [get_clocks {i_clk}] -add_delay [get_ports {i_wb_data[0]}]
set_input_delay 4.0000 -clock [get_clocks {i_clk}] -add_delay [get_ports {i_wb_data[10]}]
set_input_delay 4.0000 -clock [get_clocks {i_clk}] -add_delay [get_ports {i_wb_data[11]}]
set_input_delay 4.0000 -clock [get_clocks {i_clk}] -add_delay [get_ports {i_wb_data[12]}]
set_input_delay 4.0000 -clock [get_clocks {i_clk}] -add_delay [get_ports {i_wb_data[13]}]
set_input_delay 4.0000 -clock [get_clocks {i_clk}] -add_delay [get_ports {i_wb_data[14]}]
set_input_delay 4.0000 -clock [get_clocks {i_clk}] -add_delay [get_ports {i_wb_data[15]}]
set_input_delay 4.0000 -clock [get_clocks {i_clk}] -add_delay [get_ports {i_wb_data[16]}]
set_input_delay 4.0000 -clock [get_clocks {i_clk}] -add_delay [get_ports {i_wb_data[17]}]
set_input_delay 4.0000 -clock [get_clocks {i_clk}] -add_delay [get_ports {i_wb_data[18]}]
set_input_delay 4.0000 -clock [get_clocks {i_clk}] -add_delay [get_ports {i_wb_data[19]}]
set_input_delay 4.0000 -clock [get_clocks {i_clk}] -add_delay [get_ports {i_wb_data[1]}]
set_input_delay 4.0000 -clock [get_clocks {i_clk}] -add_delay [get_ports {i_wb_data[20]}]
set_input_delay 4.0000 -clock [get_clocks {i_clk}] -add_delay [get_ports {i_wb_data[21]}]
set_input_delay 4.0000 -clock [get_clocks {i_clk}] -add_delay [get_ports {i_wb_data[22]}]
set_input_delay 4.0000 -clock [get_clocks {i_clk}] -add_delay [get_ports {i_wb_data[23]}]
set_input_delay 4.0000 -clock [get_clocks {i_clk}] -add_delay [get_ports {i_wb_data[24]}]
set_input_delay 4.0000 -clock [get_clocks {i_clk}] -add_delay [get_ports {i_wb_data[25]}]
set_input_delay 4.0000 -clock [get_clocks {i_clk}] -add_delay [get_ports {i_wb_data[26]}]
set_input_delay 4.0000 -clock [get_clocks {i_clk}] -add_delay [get_ports {i_wb_data[27]}]
set_input_delay 4.0000 -clock [get_clocks {i_clk}] -add_delay [get_ports {i_wb_data[28]}]
set_input_delay 4.0000 -clock [get_clocks {i_clk}] -add_delay [get_ports {i_wb_data[29]}]
set_input_delay 4.0000 -clock [get_clocks {i_clk}] -add_delay [get_ports {i_wb_data[2]}]
set_input_delay 4.0000 -clock [get_clocks {i_clk}] -add_delay [get_ports {i_wb_data[30]}]
set_input_delay 4.0000 -clock [get_clocks {i_clk}] -add_delay [get_ports {i_wb_data[31]}]
set_input_delay 4.0000 -clock [get_clocks {i_clk}] -add_delay [get_ports {i_wb_data[3]}]
set_input_delay 4.0000 -clock [get_clocks {i_clk}] -add_delay [get_ports {i_wb_data[4]}]
set_input_delay 4.0000 -clock [get_clocks {i_clk}] -add_delay [get_ports {i_wb_data[5]}]
set_input_delay 4.0000 -clock [get_clocks {i_clk}] -add_delay [get_ports {i_wb_data[6]}]
set_input_delay 4.0000 -clock [get_clocks {i_clk}] -add_delay [get_ports {i_wb_data[7]}]
set_input_delay 4.0000 -clock [get_clocks {i_clk}] -add_delay [get_ports {i_wb_data[8]}]
set_input_delay 4.0000 -clock [get_clocks {i_clk}] -add_delay [get_ports {i_wb_data[9]}]
set_input_delay 4.0000 -clock [get_clocks {i_clk}] -add_delay [get_ports {i_wb_data_stb}]
set_input_delay 4.0000 -clock [get_clocks {i_clk}] -add_delay [get_ports {i_wb_we}]
set_output_delay 4.0000 -clock [get_clocks {i_clk}] -add_delay [get_ports {o_interrupt}]
set_output_delay 4.0000 -clock [get_clocks {i_clk}] -add_delay [get_ports {o_qspi_cs_n}]
set_output_delay 4.0000 -clock [get_clocks {i_clk}] -add_delay [get_ports {o_qspi_dat[0]}]
set_output_delay 4.0000 -clock [get_clocks {i_clk}] -add_delay [get_ports {o_qspi_dat[1]}]
set_output_delay 4.0000 -clock [get_clocks {i_clk}] -add_delay [get_ports {o_qspi_dat[2]}]
set_output_delay 4.0000 -clock [get_clocks {i_clk}] -add_delay [get_ports {o_qspi_dat[3]}]
set_output_delay 4.0000 -clock [get_clocks {i_clk}] -add_delay [get_ports {o_qspi_mod[0]}]
set_output_delay 4.0000 -clock [get_clocks {i_clk}] -add_delay [get_ports {o_qspi_mod[1]}]
set_output_delay 4.0000 -clock [get_clocks {i_clk}] -add_delay [get_ports {o_qspi_sck}]
set_output_delay 4.0000 -clock [get_clocks {i_clk}] -add_delay [get_ports {o_wb_ack}]
set_output_delay 4.0000 -clock [get_clocks {i_clk}] -add_delay [get_ports {o_wb_data[0]}]
set_output_delay 4.0000 -clock [get_clocks {i_clk}] -add_delay [get_ports {o_wb_data[10]}]
set_output_delay 4.0000 -clock [get_clocks {i_clk}] -add_delay [get_ports {o_wb_data[11]}]
set_output_delay 4.0000 -clock [get_clocks {i_clk}] -add_delay [get_ports {o_wb_data[12]}]
set_output_delay 4.0000 -clock [get_clocks {i_clk}] -add_delay [get_ports {o_wb_data[13]}]
set_output_delay 4.0000 -clock [get_clocks {i_clk}] -add_delay [get_ports {o_wb_data[14]}]
set_output_delay 4.0000 -clock [get_clocks {i_clk}] -add_delay [get_ports {o_wb_data[15]}]
set_output_delay 4.0000 -clock [get_clocks {i_clk}] -add_delay [get_ports {o_wb_data[16]}]
set_output_delay 4.0000 -clock [get_clocks {i_clk}] -add_delay [get_ports {o_wb_data[17]}]
set_output_delay 4.0000 -clock [get_clocks {i_clk}] -add_delay [get_ports {o_wb_data[18]}]
set_output_delay 4.0000 -clock [get_clocks {i_clk}] -add_delay [get_ports {o_wb_data[19]}]
set_output_delay 4.0000 -clock [get_clocks {i_clk}] -add_delay [get_ports {o_wb_data[1]}]
set_output_delay 4.0000 -clock [get_clocks {i_clk}] -add_delay [get_ports {o_wb_data[20]}]
set_output_delay 4.0000 -clock [get_clocks {i_clk}] -add_delay [get_ports {o_wb_data[21]}]
set_output_delay 4.0000 -clock [get_clocks {i_clk}] -add_delay [get_ports {o_wb_data[22]}]
set_output_delay 4.0000 -clock [get_clocks {i_clk}] -add_delay [get_ports {o_wb_data[23]}]
set_output_delay 4.0000 -clock [get_clocks {i_clk}] -add_delay [get_ports {o_wb_data[24]}]
set_output_delay 4.0000 -clock [get_clocks {i_clk}] -add_delay [get_ports {o_wb_data[25]}]
set_output_delay 4.0000 -clock [get_clocks {i_clk}] -add_delay [get_ports {o_wb_data[26]}]
set_output_delay 4.0000 -clock [get_clocks {i_clk}] -add_delay [get_ports {o_wb_data[27]}]
set_output_delay 4.0000 -clock [get_clocks {i_clk}] -add_delay [get_ports {o_wb_data[28]}]
set_output_delay 4.0000 -clock [get_clocks {i_clk}] -add_delay [get_ports {o_wb_data[29]}]
set_output_delay 4.0000 -clock [get_clocks {i_clk}] -add_delay [get_ports {o_wb_data[2]}]
set_output_delay 4.0000 -clock [get_clocks {i_clk}] -add_delay [get_ports {o_wb_data[30]}]
set_output_delay 4.0000 -clock [get_clocks {i_clk}] -add_delay [get_ports {o_wb_data[31]}]
set_output_delay 4.0000 -clock [get_clocks {i_clk}] -add_delay [get_ports {o_wb_data[3]}]
set_output_delay 4.0000 -clock [get_clocks {i_clk}] -add_delay [get_ports {o_wb_data[4]}]
set_output_delay 4.0000 -clock [get_clocks {i_clk}] -add_delay [get_ports {o_wb_data[5]}]
set_output_delay 4.0000 -clock [get_clocks {i_clk}] -add_delay [get_ports {o_wb_data[6]}]
set_output_delay 4.0000 -clock [get_clocks {i_clk}] -add_delay [get_ports {o_wb_data[7]}]
set_output_delay 4.0000 -clock [get_clocks {i_clk}] -add_delay [get_ports {o_wb_data[8]}]
set_output_delay 4.0000 -clock [get_clocks {i_clk}] -add_delay [get_ports {o_wb_data[9]}]
set_output_delay 4.0000 -clock [get_clocks {i_clk}] -add_delay [get_ports {o_wb_stall}]
###############################################################################
# Environment
###############################################################################
set_load -pin_load 0.0050 [get_ports {o_interrupt}]
set_load -pin_load 0.0050 [get_ports {o_qspi_cs_n}]
set_load -pin_load 0.0050 [get_ports {o_qspi_sck}]
set_load -pin_load 0.0050 [get_ports {o_wb_ack}]
set_load -pin_load 0.0050 [get_ports {o_wb_stall}]
set_load -pin_load 0.0050 [get_ports {o_qspi_dat[3]}]
set_load -pin_load 0.0050 [get_ports {o_qspi_dat[2]}]
set_load -pin_load 0.0050 [get_ports {o_qspi_dat[1]}]
set_load -pin_load 0.0050 [get_ports {o_qspi_dat[0]}]
set_load -pin_load 0.0050 [get_ports {o_qspi_mod[1]}]
set_load -pin_load 0.0050 [get_ports {o_qspi_mod[0]}]
set_load -pin_load 0.0050 [get_ports {o_wb_data[31]}]
set_load -pin_load 0.0050 [get_ports {o_wb_data[30]}]
set_load -pin_load 0.0050 [get_ports {o_wb_data[29]}]
set_load -pin_load 0.0050 [get_ports {o_wb_data[28]}]
set_load -pin_load 0.0050 [get_ports {o_wb_data[27]}]
set_load -pin_load 0.0050 [get_ports {o_wb_data[26]}]
set_load -pin_load 0.0050 [get_ports {o_wb_data[25]}]
set_load -pin_load 0.0050 [get_ports {o_wb_data[24]}]
set_load -pin_load 0.0050 [get_ports {o_wb_data[23]}]
set_load -pin_load 0.0050 [get_ports {o_wb_data[22]}]
set_load -pin_load 0.0050 [get_ports {o_wb_data[21]}]
set_load -pin_load 0.0050 [get_ports {o_wb_data[20]}]
set_load -pin_load 0.0050 [get_ports {o_wb_data[19]}]
set_load -pin_load 0.0050 [get_ports {o_wb_data[18]}]
set_load -pin_load 0.0050 [get_ports {o_wb_data[17]}]
set_load -pin_load 0.0050 [get_ports {o_wb_data[16]}]
set_load -pin_load 0.0050 [get_ports {o_wb_data[15]}]
set_load -pin_load 0.0050 [get_ports {o_wb_data[14]}]
set_load -pin_load 0.0050 [get_ports {o_wb_data[13]}]
set_load -pin_load 0.0050 [get_ports {o_wb_data[12]}]
set_load -pin_load 0.0050 [get_ports {o_wb_data[11]}]
set_load -pin_load 0.0050 [get_ports {o_wb_data[10]}]
set_load -pin_load 0.0050 [get_ports {o_wb_data[9]}]
set_load -pin_load 0.0050 [get_ports {o_wb_data[8]}]
set_load -pin_load 0.0050 [get_ports {o_wb_data[7]}]
set_load -pin_load 0.0050 [get_ports {o_wb_data[6]}]
set_load -pin_load 0.0050 [get_ports {o_wb_data[5]}]
set_load -pin_load 0.0050 [get_ports {o_wb_data[4]}]
set_load -pin_load 0.0050 [get_ports {o_wb_data[3]}]
set_load -pin_load 0.0050 [get_ports {o_wb_data[2]}]
set_load -pin_load 0.0050 [get_ports {o_wb_data[1]}]
set_load -pin_load 0.0050 [get_ports {o_wb_data[0]}]
set_driving_cell -lib_cell sky130_fd_sc_hd__inv_2 -pin {Y} -input_transition_rise 0.0000 -input_transition_fall 0.0000 [get_ports {i_clk}]
set_driving_cell -lib_cell sky130_fd_sc_hd__inv_2 -pin {Y} -input_transition_rise 0.0000 -input_transition_fall 0.0000 [get_ports {i_wb_ctrl_stb}]
set_driving_cell -lib_cell sky130_fd_sc_hd__inv_2 -pin {Y} -input_transition_rise 0.0000 -input_transition_fall 0.0000 [get_ports {i_wb_cyc}]
set_driving_cell -lib_cell sky130_fd_sc_hd__inv_2 -pin {Y} -input_transition_rise 0.0000 -input_transition_fall 0.0000 [get_ports {i_wb_data_stb}]
set_driving_cell -lib_cell sky130_fd_sc_hd__inv_2 -pin {Y} -input_transition_rise 0.0000 -input_transition_fall 0.0000 [get_ports {i_wb_we}]
set_driving_cell -lib_cell sky130_fd_sc_hd__inv_2 -pin {Y} -input_transition_rise 0.0000 -input_transition_fall 0.0000 [get_ports {i_qspi_dat[3]}]
set_driving_cell -lib_cell sky130_fd_sc_hd__inv_2 -pin {Y} -input_transition_rise 0.0000 -input_transition_fall 0.0000 [get_ports {i_qspi_dat[2]}]
set_driving_cell -lib_cell sky130_fd_sc_hd__inv_2 -pin {Y} -input_transition_rise 0.0000 -input_transition_fall 0.0000 [get_ports {i_qspi_dat[1]}]
set_driving_cell -lib_cell sky130_fd_sc_hd__inv_2 -pin {Y} -input_transition_rise 0.0000 -input_transition_fall 0.0000 [get_ports {i_qspi_dat[0]}]
set_driving_cell -lib_cell sky130_fd_sc_hd__inv_2 -pin {Y} -input_transition_rise 0.0000 -input_transition_fall 0.0000 [get_ports {i_wb_addr[19]}]
set_driving_cell -lib_cell sky130_fd_sc_hd__inv_2 -pin {Y} -input_transition_rise 0.0000 -input_transition_fall 0.0000 [get_ports {i_wb_addr[18]}]
set_driving_cell -lib_cell sky130_fd_sc_hd__inv_2 -pin {Y} -input_transition_rise 0.0000 -input_transition_fall 0.0000 [get_ports {i_wb_addr[17]}]
set_driving_cell -lib_cell sky130_fd_sc_hd__inv_2 -pin {Y} -input_transition_rise 0.0000 -input_transition_fall 0.0000 [get_ports {i_wb_addr[16]}]
set_driving_cell -lib_cell sky130_fd_sc_hd__inv_2 -pin {Y} -input_transition_rise 0.0000 -input_transition_fall 0.0000 [get_ports {i_wb_addr[15]}]
set_driving_cell -lib_cell sky130_fd_sc_hd__inv_2 -pin {Y} -input_transition_rise 0.0000 -input_transition_fall 0.0000 [get_ports {i_wb_addr[14]}]
set_driving_cell -lib_cell sky130_fd_sc_hd__inv_2 -pin {Y} -input_transition_rise 0.0000 -input_transition_fall 0.0000 [get_ports {i_wb_addr[13]}]
set_driving_cell -lib_cell sky130_fd_sc_hd__inv_2 -pin {Y} -input_transition_rise 0.0000 -input_transition_fall 0.0000 [get_ports {i_wb_addr[12]}]
set_driving_cell -lib_cell sky130_fd_sc_hd__inv_2 -pin {Y} -input_transition_rise 0.0000 -input_transition_fall 0.0000 [get_ports {i_wb_addr[11]}]
set_driving_cell -lib_cell sky130_fd_sc_hd__inv_2 -pin {Y} -input_transition_rise 0.0000 -input_transition_fall 0.0000 [get_ports {i_wb_addr[10]}]
set_driving_cell -lib_cell sky130_fd_sc_hd__inv_2 -pin {Y} -input_transition_rise 0.0000 -input_transition_fall 0.0000 [get_ports {i_wb_addr[9]}]
set_driving_cell -lib_cell sky130_fd_sc_hd__inv_2 -pin {Y} -input_transition_rise 0.0000 -input_transition_fall 0.0000 [get_ports {i_wb_addr[8]}]
set_driving_cell -lib_cell sky130_fd_sc_hd__inv_2 -pin {Y} -input_transition_rise 0.0000 -input_transition_fall 0.0000 [get_ports {i_wb_addr[7]}]
set_driving_cell -lib_cell sky130_fd_sc_hd__inv_2 -pin {Y} -input_transition_rise 0.0000 -input_transition_fall 0.0000 [get_ports {i_wb_addr[6]}]
set_driving_cell -lib_cell sky130_fd_sc_hd__inv_2 -pin {Y} -input_transition_rise 0.0000 -input_transition_fall 0.0000 [get_ports {i_wb_addr[5]}]
set_driving_cell -lib_cell sky130_fd_sc_hd__inv_2 -pin {Y} -input_transition_rise 0.0000 -input_transition_fall 0.0000 [get_ports {i_wb_addr[4]}]
set_driving_cell -lib_cell sky130_fd_sc_hd__inv_2 -pin {Y} -input_transition_rise 0.0000 -input_transition_fall 0.0000 [get_ports {i_wb_addr[3]}]
set_driving_cell -lib_cell sky130_fd_sc_hd__inv_2 -pin {Y} -input_transition_rise 0.0000 -input_transition_fall 0.0000 [get_ports {i_wb_addr[2]}]
set_driving_cell -lib_cell sky130_fd_sc_hd__inv_2 -pin {Y} -input_transition_rise 0.0000 -input_transition_fall 0.0000 [get_ports {i_wb_addr[1]}]
set_driving_cell -lib_cell sky130_fd_sc_hd__inv_2 -pin {Y} -input_transition_rise 0.0000 -input_transition_fall 0.0000 [get_ports {i_wb_addr[0]}]
set_driving_cell -lib_cell sky130_fd_sc_hd__inv_2 -pin {Y} -input_transition_rise 0.0000 -input_transition_fall 0.0000 [get_ports {i_wb_data[31]}]
set_driving_cell -lib_cell sky130_fd_sc_hd__inv_2 -pin {Y} -input_transition_rise 0.0000 -input_transition_fall 0.0000 [get_ports {i_wb_data[30]}]
set_driving_cell -lib_cell sky130_fd_sc_hd__inv_2 -pin {Y} -input_transition_rise 0.0000 -input_transition_fall 0.0000 [get_ports {i_wb_data[29]}]
set_driving_cell -lib_cell sky130_fd_sc_hd__inv_2 -pin {Y} -input_transition_rise 0.0000 -input_transition_fall 0.0000 [get_ports {i_wb_data[28]}]
set_driving_cell -lib_cell sky130_fd_sc_hd__inv_2 -pin {Y} -input_transition_rise 0.0000 -input_transition_fall 0.0000 [get_ports {i_wb_data[27]}]
set_driving_cell -lib_cell sky130_fd_sc_hd__inv_2 -pin {Y} -input_transition_rise 0.0000 -input_transition_fall 0.0000 [get_ports {i_wb_data[26]}]
set_driving_cell -lib_cell sky130_fd_sc_hd__inv_2 -pin {Y} -input_transition_rise 0.0000 -input_transition_fall 0.0000 [get_ports {i_wb_data[25]}]
set_driving_cell -lib_cell sky130_fd_sc_hd__inv_2 -pin {Y} -input_transition_rise 0.0000 -input_transition_fall 0.0000 [get_ports {i_wb_data[24]}]
set_driving_cell -lib_cell sky130_fd_sc_hd__inv_2 -pin {Y} -input_transition_rise 0.0000 -input_transition_fall 0.0000 [get_ports {i_wb_data[23]}]
set_driving_cell -lib_cell sky130_fd_sc_hd__inv_2 -pin {Y} -input_transition_rise 0.0000 -input_transition_fall 0.0000 [get_ports {i_wb_data[22]}]
set_driving_cell -lib_cell sky130_fd_sc_hd__inv_2 -pin {Y} -input_transition_rise 0.0000 -input_transition_fall 0.0000 [get_ports {i_wb_data[21]}]
set_driving_cell -lib_cell sky130_fd_sc_hd__inv_2 -pin {Y} -input_transition_rise 0.0000 -input_transition_fall 0.0000 [get_ports {i_wb_data[20]}]
set_driving_cell -lib_cell sky130_fd_sc_hd__inv_2 -pin {Y} -input_transition_rise 0.0000 -input_transition_fall 0.0000 [get_ports {i_wb_data[19]}]
set_driving_cell -lib_cell sky130_fd_sc_hd__inv_2 -pin {Y} -input_transition_rise 0.0000 -input_transition_fall 0.0000 [get_ports {i_wb_data[18]}]
set_driving_cell -lib_cell sky130_fd_sc_hd__inv_2 -pin {Y} -input_transition_rise 0.0000 -input_transition_fall 0.0000 [get_ports {i_wb_data[17]}]
set_driving_cell -lib_cell sky130_fd_sc_hd__inv_2 -pin {Y} -input_transition_rise 0.0000 -input_transition_fall 0.0000 [get_ports {i_wb_data[16]}]
set_driving_cell -lib_cell sky130_fd_sc_hd__inv_2 -pin {Y} -input_transition_rise 0.0000 -input_transition_fall 0.0000 [get_ports {i_wb_data[15]}]
set_driving_cell -lib_cell sky130_fd_sc_hd__inv_2 -pin {Y} -input_transition_rise 0.0000 -input_transition_fall 0.0000 [get_ports {i_wb_data[14]}]
set_driving_cell -lib_cell sky130_fd_sc_hd__inv_2 -pin {Y} -input_transition_rise 0.0000 -input_transition_fall 0.0000 [get_ports {i_wb_data[13]}]
set_driving_cell -lib_cell sky130_fd_sc_hd__inv_2 -pin {Y} -input_transition_rise 0.0000 -input_transition_fall 0.0000 [get_ports {i_wb_data[12]}]
set_driving_cell -lib_cell sky130_fd_sc_hd__inv_2 -pin {Y} -input_transition_rise 0.0000 -input_transition_fall 0.0000 [get_ports {i_wb_data[11]}]
set_driving_cell -lib_cell sky130_fd_sc_hd__inv_2 -pin {Y} -input_transition_rise 0.0000 -input_transition_fall 0.0000 [get_ports {i_wb_data[10]}]
set_driving_cell -lib_cell sky130_fd_sc_hd__inv_2 -pin {Y} -input_transition_rise 0.0000 -input_transition_fall 0.0000 [get_ports {i_wb_data[9]}]
set_driving_cell -lib_cell sky130_fd_sc_hd__inv_2 -pin {Y} -input_transition_rise 0.0000 -input_transition_fall 0.0000 [get_ports {i_wb_data[8]}]
set_driving_cell -lib_cell sky130_fd_sc_hd__inv_2 -pin {Y} -input_transition_rise 0.0000 -input_transition_fall 0.0000 [get_ports {i_wb_data[7]}]
set_driving_cell -lib_cell sky130_fd_sc_hd__inv_2 -pin {Y} -input_transition_rise 0.0000 -input_transition_fall 0.0000 [get_ports {i_wb_data[6]}]
set_driving_cell -lib_cell sky130_fd_sc_hd__inv_2 -pin {Y} -input_transition_rise 0.0000 -input_transition_fall 0.0000 [get_ports {i_wb_data[5]}]
set_driving_cell -lib_cell sky130_fd_sc_hd__inv_2 -pin {Y} -input_transition_rise 0.0000 -input_transition_fall 0.0000 [get_ports {i_wb_data[4]}]
set_driving_cell -lib_cell sky130_fd_sc_hd__inv_2 -pin {Y} -input_transition_rise 0.0000 -input_transition_fall 0.0000 [get_ports {i_wb_data[3]}]
set_driving_cell -lib_cell sky130_fd_sc_hd__inv_2 -pin {Y} -input_transition_rise 0.0000 -input_transition_fall 0.0000 [get_ports {i_wb_data[2]}]
set_driving_cell -lib_cell sky130_fd_sc_hd__inv_2 -pin {Y} -input_transition_rise 0.0000 -input_transition_fall 0.0000 [get_ports {i_wb_data[1]}]
set_driving_cell -lib_cell sky130_fd_sc_hd__inv_2 -pin {Y} -input_transition_rise 0.0000 -input_transition_fall 0.0000 [get_ports {i_wb_data[0]}]
set_timing_derate -early 0.9500
set_timing_derate -late 1.0500
###############################################################################
# Design Rules
###############################################################################
set_max_fanout 30.0000 [current_design]
[INFO]: Setting signal min routing layer to: met1 and clock min routing layer to met1. 
[INFO]: Setting signal max routing layer to: met5 and clock max routing layer to met5. 
-congestion_iterations 50 -verbose
[INFO GRT-0020] Min routing layer: met1
[INFO GRT-0021] Max routing layer: met5
[INFO GRT-0022] Global adjustment: 30%
[INFO GRT-0023] Grid origin: (0, 0)
[INFO GRT-0043] No OR_DEFAULT vias defined.
[INFO GRT-0088] Layer li1     Track-Pitch = 0.4600  line-2-Via Pitch: 0.3400
[INFO GRT-0088] Layer met1    Track-Pitch = 0.3400  line-2-Via Pitch: 0.3400
[INFO GRT-0088] Layer met2    Track-Pitch = 0.4600  line-2-Via Pitch: 0.3500
[INFO GRT-0088] Layer met3    Track-Pitch = 0.6800  line-2-Via Pitch: 0.6150
[INFO GRT-0088] Layer met4    Track-Pitch = 0.9200  line-2-Via Pitch: 1.0400
[INFO GRT-0088] Layer met5    Track-Pitch = 3.4000  line-2-Via Pitch: 3.1100
[INFO GRT-0019] Found 64 clock nets.
[INFO GRT-0001] Minimum degree: 2
[INFO GRT-0002] Maximum degree: 31
[INFO GRT-0003] Macros: 0
[WARNING GRT-0040] Net VGND has wires outside die area.
[WARNING GRT-0040] Net VGND has wires outside die area.
[WARNING GRT-0040] Net VGND has wires outside die area.
[WARNING GRT-0040] Net VGND has wires outside die area.
[WARNING GRT-0040] Net VGND has wires outside die area.
[WARNING GRT-0040] Net VGND has wires outside die area.
[WARNING GRT-0040] Net VGND has wires outside die area.
[WARNING GRT-0040] Net VGND has wires outside die area.
[WARNING GRT-0040] Net VGND has wires outside die area.
[WARNING GRT-0040] Net VGND has wires outside die area.
[WARNING GRT-0040] Net VGND has wires outside die area.
[WARNING GRT-0040] Net VGND has wires outside die area.
[WARNING GRT-0040] Net VGND has wires outside die area.
[WARNING GRT-0040] Net VGND has wires outside die area.
[WARNING GRT-0040] Net VPWR has wires outside die area.
[WARNING GRT-0040] Net VPWR has wires outside die area.
[WARNING GRT-0040] Net VPWR has wires outside die area.
[WARNING GRT-0040] Net VPWR has wires outside die area.
[WARNING GRT-0040] Net VPWR has wires outside die area.
[WARNING GRT-0040] Net VPWR has wires outside die area.
[WARNING GRT-0040] Net VPWR has wires outside die area.
[WARNING GRT-0040] Net VPWR has wires outside die area.
[WARNING GRT-0040] Net VPWR has wires outside die area.
[WARNING GRT-0040] Net VPWR has wires outside die area.
[WARNING GRT-0040] Net VPWR has wires outside die area.
[WARNING GRT-0040] Net VPWR has wires outside die area.
[WARNING GRT-0040] Net VPWR has wires outside die area.
[WARNING GRT-0040] Net VPWR has wires outside die area.
[INFO GRT-0004] Blockages: 3925

[INFO GRT-0053] Routing resources analysis:
          Routing      Original      Derated      Resource
Layer     Direction    Resources     Resources    Reduction (%)
---------------------------------------------------------------
li1        Vertical            0             0          0.00%
met1       Horizontal      17980          8900          50.50%
met2       Vertical        13485          8560          36.52%
met3       Horizontal       8990          5756          35.97%
met4       Vertical         5394          3450          36.04%
met5       Horizontal       1798           840          53.28%
---------------------------------------------------------------

[INFO GRT-0101] Running extra iterations to remove overflow.
[INFO GRT-0197] Via related to pin nodes: 13217
[INFO GRT-0198] Via related Steiner nodes: 722
[INFO GRT-0199] Via filling finished.
[INFO GRT-0111] Final number of vias: 16958
[INFO GRT-0112] Final usage 3D: 70533

[INFO GRT-0096] Final congestion report:
Layer         Resource        Demand        Usage (%)    Max H / Max V / Total Overflow
---------------------------------------------------------------------------------------
li1                  0             0            0.00%             0 /  0 /  0
met1              8900          6904           77.57%             0 /  0 /  0
met2              8560          6539           76.39%             0 /  0 /  0
met3              5756          3970           68.97%             0 /  0 /  0
met4              3450          1716           49.74%             0 /  0 /  0
met5               840           530           63.10%             0 /  0 /  0
---------------------------------------------------------------------------------------
Total            27506         19659           71.47%             0 /  0 /  0

[INFO GRT-0018] Total wirelength: 198471 um
[INFO GRT-0014] Routed nets: 2076
[INFO GRT-0006] Repairing antennas, iteration 1.
[INFO GRT-0043] No OR_DEFAULT vias defined.
[INFO GRT-0012] Antenna violations: 39
[INFO GRT-0015] Inserted 59 diodes.
[INFO GRT-0009] rerouting 1590 nets.
[INFO GRT-0001] Minimum degree: 2
[INFO GRT-0002] Maximum degree: 31
[INFO GRT-0003] Macros: 0
[WARNING GRT-0040] Net VGND has wires outside die area.
[WARNING GRT-0040] Net VGND has wires outside die area.
[WARNING GRT-0040] Net VGND has wires outside die area.
[WARNING GRT-0040] Net VGND has wires outside die area.
[WARNING GRT-0040] Net VGND has wires outside die area.
[WARNING GRT-0040] Net VGND has wires outside die area.
[WARNING GRT-0040] Net VGND has wires outside die area.
[WARNING GRT-0040] Net VGND has wires outside die area.
[WARNING GRT-0040] Net VGND has wires outside die area.
[WARNING GRT-0040] Net VGND has wires outside die area.
[WARNING GRT-0040] Net VGND has wires outside die area.
[WARNING GRT-0040] Net VGND has wires outside die area.
[WARNING GRT-0040] Net VGND has wires outside die area.
[WARNING GRT-0040] Net VGND has wires outside die area.
[WARNING GRT-0040] Net VPWR has wires outside die area.
[WARNING GRT-0040] Net VPWR has wires outside die area.
[WARNING GRT-0040] Net VPWR has wires outside die area.
[WARNING GRT-0040] Net VPWR has wires outside die area.
[WARNING GRT-0040] Net VPWR has wires outside die area.
[WARNING GRT-0040] Net VPWR has wires outside die area.
[WARNING GRT-0040] Net VPWR has wires outside die area.
[WARNING GRT-0040] Net VPWR has wires outside die area.
[WARNING GRT-0040] Net VPWR has wires outside die area.
[WARNING GRT-0040] Net VPWR has wires outside die area.
[WARNING GRT-0040] Net VPWR has wires outside die area.
[WARNING GRT-0040] Net VPWR has wires outside die area.
[WARNING GRT-0040] Net VPWR has wires outside die area.
[WARNING GRT-0040] Net VPWR has wires outside die area.
[INFO GRT-0004] Blockages: 3925
[INFO GRT-0006] Repairing antennas, iteration 2.
[INFO GRT-0043] No OR_DEFAULT vias defined.
[INFO GRT-0012] Antenna violations: 13
[INFO GRT-0015] Inserted 13 diodes.
[INFO GRT-0009] rerouting 101 nets.
[INFO GRT-0001] Minimum degree: 2
[INFO GRT-0002] Maximum degree: 31
[INFO GRT-0003] Macros: 0
[WARNING GRT-0040] Net VGND has wires outside die area.
[WARNING GRT-0040] Net VGND has wires outside die area.
[WARNING GRT-0040] Net VGND has wires outside die area.
[WARNING GRT-0040] Net VGND has wires outside die area.
[WARNING GRT-0040] Net VGND has wires outside die area.
[WARNING GRT-0040] Net VGND has wires outside die area.
[WARNING GRT-0040] Net VGND has wires outside die area.
[WARNING GRT-0040] Net VGND has wires outside die area.
[WARNING GRT-0040] Net VGND has wires outside die area.
[WARNING GRT-0040] Net VGND has wires outside die area.
[WARNING GRT-0040] Net VGND has wires outside die area.
[WARNING GRT-0040] Net VGND has wires outside die area.
[WARNING GRT-0040] Net VGND has wires outside die area.
[WARNING GRT-0040] Net VGND has wires outside die area.
[WARNING GRT-0040] Net VPWR has wires outside die area.
[WARNING GRT-0040] Net VPWR has wires outside die area.
[WARNING GRT-0040] Net VPWR has wires outside die area.
[WARNING GRT-0040] Net VPWR has wires outside die area.
[WARNING GRT-0040] Net VPWR has wires outside die area.
[WARNING GRT-0040] Net VPWR has wires outside die area.
[WARNING GRT-0040] Net VPWR has wires outside die area.
[WARNING GRT-0040] Net VPWR has wires outside die area.
[WARNING GRT-0040] Net VPWR has wires outside die area.
[WARNING GRT-0040] Net VPWR has wires outside die area.
[WARNING GRT-0040] Net VPWR has wires outside die area.
[WARNING GRT-0040] Net VPWR has wires outside die area.
[WARNING GRT-0040] Net VPWR has wires outside die area.
[WARNING GRT-0040] Net VPWR has wires outside die area.
[INFO GRT-0004] Blockages: 3925
[INFO GRT-0006] Repairing antennas, iteration 3.
[INFO GRT-0043] No OR_DEFAULT vias defined.
[INFO GRT-0012] Antenna violations: 5
[INFO GRT-0015] Inserted 5 diodes.
[INFO GRT-0009] rerouting 17 nets.
[INFO GRT-0001] Minimum degree: 2
[INFO GRT-0002] Maximum degree: 31
[INFO GRT-0003] Macros: 0
[WARNING GRT-0040] Net VGND has wires outside die area.
[WARNING GRT-0040] Net VGND has wires outside die area.
[WARNING GRT-0040] Net VGND has wires outside die area.
[WARNING GRT-0040] Net VGND has wires outside die area.
[WARNING GRT-0040] Net VGND has wires outside die area.
[WARNING GRT-0040] Net VGND has wires outside die area.
[WARNING GRT-0040] Net VGND has wires outside die area.
[WARNING GRT-0040] Net VGND has wires outside die area.
[WARNING GRT-0040] Net VGND has wires outside die area.
[WARNING GRT-0040] Net VGND has wires outside die area.
[WARNING GRT-0040] Net VGND has wires outside die area.
[WARNING GRT-0040] Net VGND has wires outside die area.
[WARNING GRT-0040] Net VGND has wires outside die area.
[WARNING GRT-0040] Net VGND has wires outside die area.
[WARNING GRT-0040] Net VPWR has wires outside die area.
[WARNING GRT-0040] Net VPWR has wires outside die area.
[WARNING GRT-0040] Net VPWR has wires outside die area.
[WARNING GRT-0040] Net VPWR has wires outside die area.
[WARNING GRT-0040] Net VPWR has wires outside die area.
[WARNING GRT-0040] Net VPWR has wires outside die area.
[WARNING GRT-0040] Net VPWR has wires outside die area.
[WARNING GRT-0040] Net VPWR has wires outside die area.
[WARNING GRT-0040] Net VPWR has wires outside die area.
[WARNING GRT-0040] Net VPWR has wires outside die area.
[WARNING GRT-0040] Net VPWR has wires outside die area.
[WARNING GRT-0040] Net VPWR has wires outside die area.
[WARNING GRT-0040] Net VPWR has wires outside die area.
[WARNING GRT-0040] Net VPWR has wires outside die area.
[INFO GRT-0004] Blockages: 3925
[INFO]: Setting RC values...
min_report

===========================================================================
report_checks -path_delay min (Hold)
============================================================================
Startpoint: _3359_ (rising edge-triggered flip-flop clocked by i_clk)
Endpoint: _3359_ (rising edge-triggered flip-flop clocked by i_clk)
Path Group: i_clk
Path Type: min

Fanout     Cap    Slew   Delay    Time   Description
-----------------------------------------------------------------------------
                          0.00    0.00   clock i_clk (rise edge)
                          0.00    0.00   clock source latency
                  0.10    0.07    0.07 ^ i_clk (in)
     1    0.02                           i_clk (net)
                  0.10    0.00    0.07 ^ clkbuf_0_i_clk/A (sky130_fd_sc_hd__clkbuf_16)
                  0.12    0.19    0.26 ^ clkbuf_0_i_clk/X (sky130_fd_sc_hd__clkbuf_16)
     8    0.10                           clknet_0_i_clk (net)
                  0.12    0.00    0.26 ^ clkbuf_3_7__f_i_clk/A (sky130_fd_sc_hd__clkbuf_16)
                  0.08    0.18    0.44 ^ clkbuf_3_7__f_i_clk/X (sky130_fd_sc_hd__clkbuf_16)
     8    0.07                           clknet_3_7__leaf_i_clk (net)
                  0.08    0.00    0.44 ^ clkbuf_leaf_28_i_clk/A (sky130_fd_sc_hd__clkbuf_16)
                  0.04    0.13    0.57 ^ clkbuf_leaf_28_i_clk/X (sky130_fd_sc_hd__clkbuf_16)
     7    0.02                           clknet_leaf_28_i_clk (net)
                  0.04    0.00    0.57 ^ _3359_/CLK (sky130_fd_sc_hd__dfxtp_1)
                  0.06    0.30    0.87 ^ _3359_/Q (sky130_fd_sc_hd__dfxtp_1)
     2    0.01                           lldriver.o_word[25] (net)
                  0.06    0.00    0.87 ^ _2878_/A0 (sky130_fd_sc_hd__mux2_1)
                  0.04    0.12    0.99 ^ _2878_/X (sky130_fd_sc_hd__mux2_1)
     1    0.00                           _0229_ (net)
                  0.04    0.00    0.99 ^ _3359_/D (sky130_fd_sc_hd__dfxtp_1)
                                  0.99   data arrival time

                          0.00    0.00   clock i_clk (rise edge)
                          0.00    0.00   clock source latency
                  0.10    0.07    0.07 ^ i_clk (in)
     1    0.02                           i_clk (net)
                  0.10    0.00    0.07 ^ clkbuf_0_i_clk/A (sky130_fd_sc_hd__clkbuf_16)
                  0.12    0.22    0.29 ^ clkbuf_0_i_clk/X (sky130_fd_sc_hd__clkbuf_16)
     8    0.10                           clknet_0_i_clk (net)
                  0.12    0.00    0.29 ^ clkbuf_3_7__f_i_clk/A (sky130_fd_sc_hd__clkbuf_16)
                  0.08    0.20    0.49 ^ clkbuf_3_7__f_i_clk/X (sky130_fd_sc_hd__clkbuf_16)
     8    0.07                           clknet_3_7__leaf_i_clk (net)
                  0.08    0.00    0.49 ^ clkbuf_leaf_28_i_clk/A (sky130_fd_sc_hd__clkbuf_16)
                  0.04    0.14    0.63 ^ clkbuf_leaf_28_i_clk/X (sky130_fd_sc_hd__clkbuf_16)
     7    0.02                           clknet_leaf_28_i_clk (net)
                  0.04    0.00    0.63 ^ _3359_/CLK (sky130_fd_sc_hd__dfxtp_1)
                          0.10    0.73   clock uncertainty
                         -0.06    0.67   clock reconvergence pessimism
                         -0.03    0.64   library hold time
                                  0.64   data required time
-----------------------------------------------------------------------------
                                  0.64   data required time
                                 -0.99   data arrival time
-----------------------------------------------------------------------------
                                  0.34   slack (MET)


Startpoint: _3352_ (rising edge-triggered flip-flop clocked by i_clk)
Endpoint: _3352_ (rising edge-triggered flip-flop clocked by i_clk)
Path Group: i_clk
Path Type: min

Fanout     Cap    Slew   Delay    Time   Description
-----------------------------------------------------------------------------
                          0.00    0.00   clock i_clk (rise edge)
                          0.00    0.00   clock source latency
                  0.10    0.07    0.07 ^ i_clk (in)
     1    0.02                           i_clk (net)
                  0.10    0.00    0.07 ^ clkbuf_0_i_clk/A (sky130_fd_sc_hd__clkbuf_16)
                  0.12    0.19    0.26 ^ clkbuf_0_i_clk/X (sky130_fd_sc_hd__clkbuf_16)
     8    0.10                           clknet_0_i_clk (net)
                  0.12    0.00    0.26 ^ clkbuf_3_6__f_i_clk/A (sky130_fd_sc_hd__clkbuf_16)
                  0.09    0.18    0.44 ^ clkbuf_3_6__f_i_clk/X (sky130_fd_sc_hd__clkbuf_16)
     7    0.07                           clknet_3_6__leaf_i_clk (net)
                  0.09    0.00    0.44 ^ clkbuf_leaf_22_i_clk/A (sky130_fd_sc_hd__clkbuf_16)
                  0.04    0.13    0.57 ^ clkbuf_leaf_22_i_clk/X (sky130_fd_sc_hd__clkbuf_16)
     5    0.02                           clknet_leaf_22_i_clk (net)
                  0.04    0.00    0.57 ^ _3352_/CLK (sky130_fd_sc_hd__dfxtp_1)
                  0.06    0.30    0.87 ^ _3352_/Q (sky130_fd_sc_hd__dfxtp_1)
     2    0.01                           lldriver.o_word[18] (net)
                  0.06    0.00    0.87 ^ _2871_/A0 (sky130_fd_sc_hd__mux2_1)
                  0.04    0.12    0.99 ^ _2871_/X (sky130_fd_sc_hd__mux2_1)
     1    0.00                           _0222_ (net)
                  0.04    0.00    0.99 ^ _3352_/D (sky130_fd_sc_hd__dfxtp_1)
                                  0.99   data arrival time

                          0.00    0.00   clock i_clk (rise edge)
                          0.00    0.00   clock source latency
                  0.10    0.07    0.07 ^ i_clk (in)
     1    0.02                           i_clk (net)
                  0.10    0.00    0.07 ^ clkbuf_0_i_clk/A (sky130_fd_sc_hd__clkbuf_16)
                  0.12    0.22    0.29 ^ clkbuf_0_i_clk/X (sky130_fd_sc_hd__clkbuf_16)
     8    0.10                           clknet_0_i_clk (net)
                  0.12    0.00    0.29 ^ clkbuf_3_6__f_i_clk/A (sky130_fd_sc_hd__clkbuf_16)
                  0.09    0.20    0.49 ^ clkbuf_3_6__f_i_clk/X (sky130_fd_sc_hd__clkbuf_16)
     7    0.07                           clknet_3_6__leaf_i_clk (net)
                  0.09    0.00    0.49 ^ clkbuf_leaf_22_i_clk/A (sky130_fd_sc_hd__clkbuf_16)
                  0.04    0.14    0.63 ^ clkbuf_leaf_22_i_clk/X (sky130_fd_sc_hd__clkbuf_16)
     5    0.02                           clknet_leaf_22_i_clk (net)
                  0.04    0.00    0.63 ^ _3352_/CLK (sky130_fd_sc_hd__dfxtp_1)
                          0.10    0.73   clock uncertainty
                         -0.06    0.67   clock reconvergence pessimism
                         -0.03    0.64   library hold time
                                  0.64   data required time
-----------------------------------------------------------------------------
                                  0.64   data required time
                                 -0.99   data arrival time
-----------------------------------------------------------------------------
                                  0.34   slack (MET)


Startpoint: _3360_ (rising edge-triggered flip-flop clocked by i_clk)
Endpoint: _3360_ (rising edge-triggered flip-flop clocked by i_clk)
Path Group: i_clk
Path Type: min

Fanout     Cap    Slew   Delay    Time   Description
-----------------------------------------------------------------------------
                          0.00    0.00   clock i_clk (rise edge)
                          0.00    0.00   clock source latency
                  0.10    0.07    0.07 ^ i_clk (in)
     1    0.02                           i_clk (net)
                  0.10    0.00    0.07 ^ clkbuf_0_i_clk/A (sky130_fd_sc_hd__clkbuf_16)
                  0.12    0.19    0.26 ^ clkbuf_0_i_clk/X (sky130_fd_sc_hd__clkbuf_16)
     8    0.10                           clknet_0_i_clk (net)
                  0.12    0.00    0.26 ^ clkbuf_3_7__f_i_clk/A (sky130_fd_sc_hd__clkbuf_16)
                  0.08    0.18    0.44 ^ clkbuf_3_7__f_i_clk/X (sky130_fd_sc_hd__clkbuf_16)
     8    0.07                           clknet_3_7__leaf_i_clk (net)
                  0.08    0.00    0.44 ^ clkbuf_leaf_28_i_clk/A (sky130_fd_sc_hd__clkbuf_16)
                  0.04    0.13    0.57 ^ clkbuf_leaf_28_i_clk/X (sky130_fd_sc_hd__clkbuf_16)
     7    0.02                           clknet_leaf_28_i_clk (net)
                  0.04    0.00    0.57 ^ _3360_/CLK (sky130_fd_sc_hd__dfxtp_1)
                  0.06    0.30    0.87 ^ _3360_/Q (sky130_fd_sc_hd__dfxtp_1)
     2    0.00                           lldriver.o_word[26] (net)
                  0.06    0.00    0.87 ^ _2879_/A0 (sky130_fd_sc_hd__mux2_1)
                  0.04    0.12    0.99 ^ _2879_/X (sky130_fd_sc_hd__mux2_1)
     1    0.00                           _0230_ (net)
                  0.04    0.00    0.99 ^ _3360_/D (sky130_fd_sc_hd__dfxtp_1)
                                  0.99   data arrival time

                          0.00    0.00   clock i_clk (rise edge)
                          0.00    0.00   clock source latency
                  0.10    0.07    0.07 ^ i_clk (in)
     1    0.02                           i_clk (net)
                  0.10    0.00    0.07 ^ clkbuf_0_i_clk/A (sky130_fd_sc_hd__clkbuf_16)
                  0.12    0.22    0.29 ^ clkbuf_0_i_clk/X (sky130_fd_sc_hd__clkbuf_16)
     8    0.10                           clknet_0_i_clk (net)
                  0.12    0.00    0.29 ^ clkbuf_3_7__f_i_clk/A (sky130_fd_sc_hd__clkbuf_16)
                  0.08    0.20    0.49 ^ clkbuf_3_7__f_i_clk/X (sky130_fd_sc_hd__clkbuf_16)
     8    0.07                           clknet_3_7__leaf_i_clk (net)
                  0.08    0.00    0.49 ^ clkbuf_leaf_28_i_clk/A (sky130_fd_sc_hd__clkbuf_16)
                  0.04    0.14    0.63 ^ clkbuf_leaf_28_i_clk/X (sky130_fd_sc_hd__clkbuf_16)
     7    0.02                           clknet_leaf_28_i_clk (net)
                  0.04    0.00    0.63 ^ _3360_/CLK (sky130_fd_sc_hd__dfxtp_1)
                          0.10    0.73   clock uncertainty
                         -0.06    0.67   clock reconvergence pessimism
                         -0.03    0.64   library hold time
                                  0.64   data required time
-----------------------------------------------------------------------------
                                  0.64   data required time
                                 -0.99   data arrival time
-----------------------------------------------------------------------------
                                  0.34   slack (MET)


Startpoint: _3325_ (rising edge-triggered flip-flop clocked by i_clk)
Endpoint: _3325_ (rising edge-triggered flip-flop clocked by i_clk)
Path Group: i_clk
Path Type: min

Fanout     Cap    Slew   Delay    Time   Description
-----------------------------------------------------------------------------
                          0.00    0.00   clock i_clk (rise edge)
                          0.00    0.00   clock source latency
                  0.10    0.07    0.07 ^ i_clk (in)
     1    0.02                           i_clk (net)
                  0.10    0.00    0.07 ^ clkbuf_0_i_clk/A (sky130_fd_sc_hd__clkbuf_16)
                  0.12    0.19    0.26 ^ clkbuf_0_i_clk/X (sky130_fd_sc_hd__clkbuf_16)
     8    0.10                           clknet_0_i_clk (net)
                  0.12    0.00    0.27 ^ clkbuf_3_1__f_i_clk/A (sky130_fd_sc_hd__clkbuf_16)
                  0.09    0.18    0.45 ^ clkbuf_3_1__f_i_clk/X (sky130_fd_sc_hd__clkbuf_16)
     7    0.07                           clknet_3_1__leaf_i_clk (net)
                  0.09    0.00    0.45 ^ clkbuf_leaf_52_i_clk/A (sky130_fd_sc_hd__clkbuf_16)
                  0.03    0.13    0.57 ^ clkbuf_leaf_52_i_clk/X (sky130_fd_sc_hd__clkbuf_16)
     4    0.01                           clknet_leaf_52_i_clk (net)
                  0.03    0.00    0.57 ^ _3325_/CLK (sky130_fd_sc_hd__dfxtp_1)
                  0.06    0.30    0.87 ^ _3325_/Q (sky130_fd_sc_hd__dfxtp_1)
     2    0.01                           lldriver.o_dat[1] (net)
                  0.06    0.00    0.87 ^ _2830_/B1 (sky130_fd_sc_hd__a2bb2o_1)
                  0.04    0.12    0.99 ^ _2830_/X (sky130_fd_sc_hd__a2bb2o_1)
     1    0.00                           _0196_ (net)
                  0.04    0.00    0.99 ^ _3325_/D (sky130_fd_sc_hd__dfxtp_1)
                                  0.99   data arrival time

                          0.00    0.00   clock i_clk (rise edge)
                          0.00    0.00   clock source latency
                  0.10    0.07    0.07 ^ i_clk (in)
     1    0.02                           i_clk (net)
                  0.10    0.00    0.07 ^ clkbuf_0_i_clk/A (sky130_fd_sc_hd__clkbuf_16)
                  0.12    0.22    0.29 ^ clkbuf_0_i_clk/X (sky130_fd_sc_hd__clkbuf_16)
     8    0.10                           clknet_0_i_clk (net)
                  0.12    0.01    0.29 ^ clkbuf_3_1__f_i_clk/A (sky130_fd_sc_hd__clkbuf_16)
                  0.09    0.20    0.49 ^ clkbuf_3_1__f_i_clk/X (sky130_fd_sc_hd__clkbuf_16)
     7    0.07                           clknet_3_1__leaf_i_clk (net)
                  0.09    0.00    0.49 ^ clkbuf_leaf_52_i_clk/A (sky130_fd_sc_hd__clkbuf_16)
                  0.03    0.14    0.63 ^ clkbuf_leaf_52_i_clk/X (sky130_fd_sc_hd__clkbuf_16)
     4    0.01                           clknet_leaf_52_i_clk (net)
                  0.03    0.00    0.63 ^ _3325_/CLK (sky130_fd_sc_hd__dfxtp_1)
                          0.10    0.73   clock uncertainty
                         -0.06    0.67   clock reconvergence pessimism
                         -0.03    0.64   library hold time
                                  0.64   data required time
-----------------------------------------------------------------------------
                                  0.64   data required time
                                 -0.99   data arrival time
-----------------------------------------------------------------------------
                                  0.35   slack (MET)


Startpoint: _3349_ (rising edge-triggered flip-flop clocked by i_clk)
Endpoint: _3349_ (rising edge-triggered flip-flop clocked by i_clk)
Path Group: i_clk
Path Type: min

Fanout     Cap    Slew   Delay    Time   Description
-----------------------------------------------------------------------------
                          0.00    0.00   clock i_clk (rise edge)
                          0.00    0.00   clock source latency
                  0.10    0.07    0.07 ^ i_clk (in)
     1    0.02                           i_clk (net)
                  0.10    0.00    0.07 ^ clkbuf_0_i_clk/A (sky130_fd_sc_hd__clkbuf_16)
                  0.12    0.19    0.26 ^ clkbuf_0_i_clk/X (sky130_fd_sc_hd__clkbuf_16)
     8    0.10                           clknet_0_i_clk (net)
                  0.12    0.00    0.27 ^ clkbuf_3_3__f_i_clk/A (sky130_fd_sc_hd__clkbuf_16)
                  0.07    0.17    0.43 ^ clkbuf_3_3__f_i_clk/X (sky130_fd_sc_hd__clkbuf_16)
     6    0.05                           clknet_3_3__leaf_i_clk (net)
                  0.07    0.00    0.44 ^ clkbuf_leaf_17_i_clk/A (sky130_fd_sc_hd__clkbuf_16)
                  0.04    0.13    0.57 ^ clkbuf_leaf_17_i_clk/X (sky130_fd_sc_hd__clkbuf_16)
     8    0.02                           clknet_leaf_17_i_clk (net)
                  0.04    0.00    0.57 ^ _3349_/CLK (sky130_fd_sc_hd__dfxtp_1)
                  0.07    0.30    0.87 ^ _3349_/Q (sky130_fd_sc_hd__dfxtp_1)
     2    0.01                           lldriver.o_word[15] (net)
                  0.07    0.00    0.87 ^ _2868_/A0 (sky130_fd_sc_hd__mux2_1)
                  0.04    0.11    0.98 ^ _2868_/X (sky130_fd_sc_hd__mux2_1)
     1    0.00                           _0219_ (net)
                  0.04    0.00    0.98 ^ _3349_/D (sky130_fd_sc_hd__dfxtp_1)
                                  0.98   data arrival time

                          0.00    0.00   clock i_clk (rise edge)
                          0.00    0.00   clock source latency
                  0.10    0.07    0.07 ^ i_clk (in)
     1    0.02                           i_clk (net)
                  0.10    0.00    0.07 ^ clkbuf_0_i_clk/A (sky130_fd_sc_hd__clkbuf_16)
                  0.12    0.22    0.29 ^ clkbuf_0_i_clk/X (sky130_fd_sc_hd__clkbuf_16)
     8    0.10                           clknet_0_i_clk (net)
                  0.12    0.00    0.29 ^ clkbuf_3_3__f_i_clk/A (sky130_fd_sc_hd__clkbuf_16)
                  0.07    0.18    0.48 ^ clkbuf_3_3__f_i_clk/X (sky130_fd_sc_hd__clkbuf_16)
     6    0.05                           clknet_3_3__leaf_i_clk (net)
                  0.07    0.00    0.48 ^ clkbuf_leaf_17_i_clk/A (sky130_fd_sc_hd__clkbuf_16)
                  0.04    0.14    0.63 ^ clkbuf_leaf_17_i_clk/X (sky130_fd_sc_hd__clkbuf_16)
     8    0.02                           clknet_leaf_17_i_clk (net)
                  0.04    0.00    0.63 ^ _3349_/CLK (sky130_fd_sc_hd__dfxtp_1)
                          0.10    0.73   clock uncertainty
                         -0.06    0.67   clock reconvergence pessimism
                         -0.03    0.64   library hold time
                                  0.64   data required time
-----------------------------------------------------------------------------
                                  0.64   data required time
                                 -0.98   data arrival time
-----------------------------------------------------------------------------
                                  0.35   slack (MET)


min_report_end
max_report

===========================================================================
report_checks -path_delay max (Setup)
============================================================================
Startpoint: i_wb_addr[2] (input port clocked by i_clk)
Endpoint: _3272_ (rising edge-triggered flip-flop clocked by i_clk)
Path Group: i_clk
Path Type: max

Fanout     Cap    Slew   Delay    Time   Description
-----------------------------------------------------------------------------
                          0.00    0.00   clock i_clk (rise edge)
                          0.00    0.00   clock network delay (propagated)
                          4.00    4.00 ^ input external delay
                  0.10    0.07    4.07 ^ i_wb_addr[2] (in)
     1    0.02                           i_wb_addr[2] (net)
                  0.10    0.00    4.07 ^ input17/A (sky130_fd_sc_hd__clkbuf_2)
                  0.18    0.23    4.30 ^ input17/X (sky130_fd_sc_hd__clkbuf_2)
     5    0.03                           net17 (net)
                  0.18    0.00    4.30 ^ _1757_/B1 (sky130_fd_sc_hd__o21ai_1)
                  0.12    0.16    4.46 v _1757_/Y (sky130_fd_sc_hd__o21ai_1)
     1    0.01                           _1412_ (net)
                  0.12    0.00    4.46 v _1760_/A2 (sky130_fd_sc_hd__o21ai_1)
                  0.49    0.45    4.91 ^ _1760_/Y (sky130_fd_sc_hd__o21ai_1)
     3    0.03                           _1415_ (net)
                  0.49    0.00    4.91 ^ _1761_/D1 (sky130_fd_sc_hd__o2111ai_1)
                  0.19    0.25    5.16 v _1761_/Y (sky130_fd_sc_hd__o2111ai_1)
     1    0.01                           _1416_ (net)
                  0.19    0.00    5.16 v _1762_/C (sky130_fd_sc_hd__nor3_1)
                  0.31    0.32    5.48 ^ _1762_/Y (sky130_fd_sc_hd__nor3_1)
     1    0.01                           _1417_ (net)
                  0.31    0.00    5.48 ^ _1763_/D1 (sky130_fd_sc_hd__o2111a_1)
                  0.11    0.30    5.77 ^ _1763_/X (sky130_fd_sc_hd__o2111a_1)
     1    0.01                           _1418_ (net)
                  0.11    0.00    5.77 ^ _1827_/B (sky130_fd_sc_hd__nand4_4)
                  0.14    0.16    5.93 v _1827_/Y (sky130_fd_sc_hd__nand4_4)
     5    0.02                           _1482_ (net)
                  0.14    0.00    5.93 v _2546_/A2 (sky130_fd_sc_hd__o211a_1)
                  0.09    0.31    6.24 v _2546_/X (sky130_fd_sc_hd__o211a_1)
     2    0.02                           _0824_ (net)
                  0.09    0.00    6.24 v _2581_/B (sky130_fd_sc_hd__nor4b_4)
                  0.67    0.67    6.92 ^ _2581_/Y (sky130_fd_sc_hd__nor4b_4)
     9    0.05                           _0838_ (net)
                  0.67    0.00    6.92 ^ _2582_/A (sky130_fd_sc_hd__buf_8)
                  0.20    0.32    7.23 ^ _2582_/X (sky130_fd_sc_hd__buf_8)
    26    0.12                           _0839_ (net)
                  0.20    0.01    7.24 ^ _2710_/S (sky130_fd_sc_hd__mux2_1)
                  0.06    0.36    7.60 v _2710_/X (sky130_fd_sc_hd__mux2_1)
     1    0.00                           _0143_ (net)
                  0.06    0.00    7.60 v _3272_/D (sky130_fd_sc_hd__dfxtp_1)
                                  7.60   data arrival time

                         20.00   20.00   clock i_clk (rise edge)
                          0.00   20.00   clock source latency
                  0.10    0.07   20.07 ^ i_clk (in)
     1    0.02                           i_clk (net)
                  0.10    0.00   20.07 ^ clkbuf_0_i_clk/A (sky130_fd_sc_hd__clkbuf_16)
                  0.12    0.19   20.26 ^ clkbuf_0_i_clk/X (sky130_fd_sc_hd__clkbuf_16)
     8    0.10                           clknet_0_i_clk (net)
                  0.12    0.01   20.27 ^ clkbuf_3_0__f_i_clk/A (sky130_fd_sc_hd__clkbuf_16)
                  0.09    0.18   20.45 ^ clkbuf_3_0__f_i_clk/X (sky130_fd_sc_hd__clkbuf_16)
     7    0.07                           clknet_3_0__leaf_i_clk (net)
                  0.09    0.00   20.45 ^ clkbuf_leaf_4_i_clk/A (sky130_fd_sc_hd__clkbuf_16)
                  0.03    0.12   20.57 ^ clkbuf_leaf_4_i_clk/X (sky130_fd_sc_hd__clkbuf_16)
     2    0.01                           clknet_leaf_4_i_clk (net)
                  0.03    0.00   20.57 ^ _3272_/CLK (sky130_fd_sc_hd__dfxtp_1)
                         -0.10   20.47   clock uncertainty
                          0.00   20.47   clock reconvergence pessimism
                         -0.12   20.35   library setup time
                                 20.35   data required time
-----------------------------------------------------------------------------
                                 20.35   data required time
                                 -7.60   data arrival time
-----------------------------------------------------------------------------
                                 12.74   slack (MET)


Startpoint: i_wb_addr[2] (input port clocked by i_clk)
Endpoint: _3264_ (rising edge-triggered flip-flop clocked by i_clk)
Path Group: i_clk
Path Type: max

Fanout     Cap    Slew   Delay    Time   Description
-----------------------------------------------------------------------------
                          0.00    0.00   clock i_clk (rise edge)
                          0.00    0.00   clock network delay (propagated)
                          4.00    4.00 ^ input external delay
                  0.10    0.07    4.07 ^ i_wb_addr[2] (in)
     1    0.02                           i_wb_addr[2] (net)
                  0.10    0.00    4.07 ^ input17/A (sky130_fd_sc_hd__clkbuf_2)
                  0.18    0.23    4.30 ^ input17/X (sky130_fd_sc_hd__clkbuf_2)
     5    0.03                           net17 (net)
                  0.18    0.00    4.30 ^ _1757_/B1 (sky130_fd_sc_hd__o21ai_1)
                  0.12    0.16    4.46 v _1757_/Y (sky130_fd_sc_hd__o21ai_1)
     1    0.01                           _1412_ (net)
                  0.12    0.00    4.46 v _1760_/A2 (sky130_fd_sc_hd__o21ai_1)
                  0.49    0.45    4.91 ^ _1760_/Y (sky130_fd_sc_hd__o21ai_1)
     3    0.03                           _1415_ (net)
                  0.49    0.00    4.91 ^ _1761_/D1 (sky130_fd_sc_hd__o2111ai_1)
                  0.19    0.25    5.16 v _1761_/Y (sky130_fd_sc_hd__o2111ai_1)
     1    0.01                           _1416_ (net)
                  0.19    0.00    5.16 v _1762_/C (sky130_fd_sc_hd__nor3_1)
                  0.31    0.32    5.48 ^ _1762_/Y (sky130_fd_sc_hd__nor3_1)
     1    0.01                           _1417_ (net)
                  0.31    0.00    5.48 ^ _1763_/D1 (sky130_fd_sc_hd__o2111a_1)
                  0.11    0.30    5.77 ^ _1763_/X (sky130_fd_sc_hd__o2111a_1)
     1    0.01                           _1418_ (net)
                  0.11    0.00    5.77 ^ _1827_/B (sky130_fd_sc_hd__nand4_4)
                  0.14    0.16    5.93 v _1827_/Y (sky130_fd_sc_hd__nand4_4)
     5    0.02                           _1482_ (net)
                  0.14    0.00    5.93 v _2546_/A2 (sky130_fd_sc_hd__o211a_1)
                  0.09    0.31    6.24 v _2546_/X (sky130_fd_sc_hd__o211a_1)
     2    0.02                           _0824_ (net)
                  0.09    0.00    6.24 v _2581_/B (sky130_fd_sc_hd__nor4b_4)
                  0.67    0.67    6.92 ^ _2581_/Y (sky130_fd_sc_hd__nor4b_4)
     9    0.05                           _0838_ (net)
                  0.67    0.00    6.92 ^ _2582_/A (sky130_fd_sc_hd__buf_8)
                  0.20    0.32    7.23 ^ _2582_/X (sky130_fd_sc_hd__buf_8)
    26    0.12                           _0839_ (net)
                  0.20    0.01    7.24 ^ _2702_/S (sky130_fd_sc_hd__mux2_1)
                  0.06    0.37    7.61 v _2702_/X (sky130_fd_sc_hd__mux2_1)
     1    0.00                           _0135_ (net)
                  0.06    0.00    7.61 v _3264_/D (sky130_fd_sc_hd__dfxtp_1)
                                  7.61   data arrival time

                         20.00   20.00   clock i_clk (rise edge)
                          0.00   20.00   clock source latency
                  0.10    0.07   20.07 ^ i_clk (in)
     1    0.02                           i_clk (net)
                  0.10    0.00   20.07 ^ clkbuf_0_i_clk/A (sky130_fd_sc_hd__clkbuf_16)
                  0.12    0.19   20.26 ^ clkbuf_0_i_clk/X (sky130_fd_sc_hd__clkbuf_16)
     8    0.10                           clknet_0_i_clk (net)
                  0.12    0.01   20.27 ^ clkbuf_3_0__f_i_clk/A (sky130_fd_sc_hd__clkbuf_16)
                  0.09    0.18   20.45 ^ clkbuf_3_0__f_i_clk/X (sky130_fd_sc_hd__clkbuf_16)
     7    0.07                           clknet_3_0__leaf_i_clk (net)
                  0.09    0.00   20.45 ^ clkbuf_leaf_0_i_clk/A (sky130_fd_sc_hd__clkbuf_16)
                  0.04    0.13   20.58 ^ clkbuf_leaf_0_i_clk/X (sky130_fd_sc_hd__clkbuf_16)
     7    0.02                           clknet_leaf_0_i_clk (net)
                  0.04    0.00   20.58 ^ _3264_/CLK (sky130_fd_sc_hd__dfxtp_1)
                         -0.10   20.48   clock uncertainty
                          0.00   20.48   clock reconvergence pessimism
                         -0.12   20.36   library setup time
                                 20.36   data required time
-----------------------------------------------------------------------------
                                 20.36   data required time
                                 -7.61   data arrival time
-----------------------------------------------------------------------------
                                 12.75   slack (MET)


Startpoint: i_wb_addr[2] (input port clocked by i_clk)
Endpoint: _3271_ (rising edge-triggered flip-flop clocked by i_clk)
Path Group: i_clk
Path Type: max

Fanout     Cap    Slew   Delay    Time   Description
-----------------------------------------------------------------------------
                          0.00    0.00   clock i_clk (rise edge)
                          0.00    0.00   clock network delay (propagated)
                          4.00    4.00 ^ input external delay
                  0.10    0.07    4.07 ^ i_wb_addr[2] (in)
     1    0.02                           i_wb_addr[2] (net)
                  0.10    0.00    4.07 ^ input17/A (sky130_fd_sc_hd__clkbuf_2)
                  0.18    0.23    4.30 ^ input17/X (sky130_fd_sc_hd__clkbuf_2)
     5    0.03                           net17 (net)
                  0.18    0.00    4.30 ^ _1757_/B1 (sky130_fd_sc_hd__o21ai_1)
                  0.12    0.16    4.46 v _1757_/Y (sky130_fd_sc_hd__o21ai_1)
     1    0.01                           _1412_ (net)
                  0.12    0.00    4.46 v _1760_/A2 (sky130_fd_sc_hd__o21ai_1)
                  0.49    0.45    4.91 ^ _1760_/Y (sky130_fd_sc_hd__o21ai_1)
     3    0.03                           _1415_ (net)
                  0.49    0.00    4.91 ^ _1761_/D1 (sky130_fd_sc_hd__o2111ai_1)
                  0.19    0.25    5.16 v _1761_/Y (sky130_fd_sc_hd__o2111ai_1)
     1    0.01                           _1416_ (net)
                  0.19    0.00    5.16 v _1762_/C (sky130_fd_sc_hd__nor3_1)
                  0.31    0.32    5.48 ^ _1762_/Y (sky130_fd_sc_hd__nor3_1)
     1    0.01                           _1417_ (net)
                  0.31    0.00    5.48 ^ _1763_/D1 (sky130_fd_sc_hd__o2111a_1)
                  0.11    0.30    5.77 ^ _1763_/X (sky130_fd_sc_hd__o2111a_1)
     1    0.01                           _1418_ (net)
                  0.11    0.00    5.77 ^ _1827_/B (sky130_fd_sc_hd__nand4_4)
                  0.14    0.16    5.93 v _1827_/Y (sky130_fd_sc_hd__nand4_4)
     5    0.02                           _1482_ (net)
                  0.14    0.00    5.93 v _2546_/A2 (sky130_fd_sc_hd__o211a_1)
                  0.09    0.31    6.24 v _2546_/X (sky130_fd_sc_hd__o211a_1)
     2    0.02                           _0824_ (net)
                  0.09    0.00    6.24 v _2581_/B (sky130_fd_sc_hd__nor4b_4)
                  0.67    0.67    6.92 ^ _2581_/Y (sky130_fd_sc_hd__nor4b_4)
     9    0.05                           _0838_ (net)
                  0.67    0.00    6.92 ^ _2582_/A (sky130_fd_sc_hd__buf_8)
                  0.20    0.32    7.23 ^ _2582_/X (sky130_fd_sc_hd__buf_8)
    26    0.12                           _0839_ (net)
                  0.20    0.01    7.24 ^ _2709_/S (sky130_fd_sc_hd__mux2_1)
                  0.06    0.36    7.60 v _2709_/X (sky130_fd_sc_hd__mux2_1)
     1    0.00                           _0142_ (net)
                  0.06    0.00    7.60 v _3271_/D (sky130_fd_sc_hd__dfxtp_2)
                                  7.60   data arrival time

                         20.00   20.00   clock i_clk (rise edge)
                          0.00   20.00   clock source latency
                  0.10    0.07   20.07 ^ i_clk (in)
     1    0.02                           i_clk (net)
                  0.10    0.00   20.07 ^ clkbuf_0_i_clk/A (sky130_fd_sc_hd__clkbuf_16)
                  0.12    0.19   20.26 ^ clkbuf_0_i_clk/X (sky130_fd_sc_hd__clkbuf_16)
     8    0.10                           clknet_0_i_clk (net)
                  0.12    0.01   20.27 ^ clkbuf_3_0__f_i_clk/A (sky130_fd_sc_hd__clkbuf_16)
                  0.09    0.18   20.45 ^ clkbuf_3_0__f_i_clk/X (sky130_fd_sc_hd__clkbuf_16)
     7    0.07                           clknet_3_0__leaf_i_clk (net)
                  0.09    0.00   20.45 ^ clkbuf_leaf_3_i_clk/A (sky130_fd_sc_hd__clkbuf_16)
                  0.04    0.13   20.58 ^ clkbuf_leaf_3_i_clk/X (sky130_fd_sc_hd__clkbuf_16)
     5    0.01                           clknet_leaf_3_i_clk (net)
                  0.04    0.00   20.58 ^ _3271_/CLK (sky130_fd_sc_hd__dfxtp_2)
                         -0.10   20.48   clock uncertainty
                          0.00   20.48   clock reconvergence pessimism
                         -0.12   20.36   library setup time
                                 20.36   data required time
-----------------------------------------------------------------------------
                                 20.36   data required time
                                 -7.60   data arrival time
-----------------------------------------------------------------------------
                                 12.75   slack (MET)


Startpoint: i_wb_addr[2] (input port clocked by i_clk)
Endpoint: _3262_ (rising edge-triggered flip-flop clocked by i_clk)
Path Group: i_clk
Path Type: max

Fanout     Cap    Slew   Delay    Time   Description
-----------------------------------------------------------------------------
                          0.00    0.00   clock i_clk (rise edge)
                          0.00    0.00   clock network delay (propagated)
                          4.00    4.00 ^ input external delay
                  0.10    0.07    4.07 ^ i_wb_addr[2] (in)
     1    0.02                           i_wb_addr[2] (net)
                  0.10    0.00    4.07 ^ input17/A (sky130_fd_sc_hd__clkbuf_2)
                  0.18    0.23    4.30 ^ input17/X (sky130_fd_sc_hd__clkbuf_2)
     5    0.03                           net17 (net)
                  0.18    0.00    4.30 ^ _1757_/B1 (sky130_fd_sc_hd__o21ai_1)
                  0.12    0.16    4.46 v _1757_/Y (sky130_fd_sc_hd__o21ai_1)
     1    0.01                           _1412_ (net)
                  0.12    0.00    4.46 v _1760_/A2 (sky130_fd_sc_hd__o21ai_1)
                  0.49    0.45    4.91 ^ _1760_/Y (sky130_fd_sc_hd__o21ai_1)
     3    0.03                           _1415_ (net)
                  0.49    0.00    4.91 ^ _1761_/D1 (sky130_fd_sc_hd__o2111ai_1)
                  0.19    0.25    5.16 v _1761_/Y (sky130_fd_sc_hd__o2111ai_1)
     1    0.01                           _1416_ (net)
                  0.19    0.00    5.16 v _1762_/C (sky130_fd_sc_hd__nor3_1)
                  0.31    0.32    5.48 ^ _1762_/Y (sky130_fd_sc_hd__nor3_1)
     1    0.01                           _1417_ (net)
                  0.31    0.00    5.48 ^ _1763_/D1 (sky130_fd_sc_hd__o2111a_1)
                  0.11    0.30    5.77 ^ _1763_/X (sky130_fd_sc_hd__o2111a_1)
     1    0.01                           _1418_ (net)
                  0.11    0.00    5.77 ^ _1827_/B (sky130_fd_sc_hd__nand4_4)
                  0.14    0.16    5.93 v _1827_/Y (sky130_fd_sc_hd__nand4_4)
     5    0.02                           _1482_ (net)
                  0.14    0.00    5.93 v _2546_/A2 (sky130_fd_sc_hd__o211a_1)
                  0.09    0.31    6.24 v _2546_/X (sky130_fd_sc_hd__o211a_1)
     2    0.02                           _0824_ (net)
                  0.09    0.00    6.24 v _2581_/B (sky130_fd_sc_hd__nor4b_4)
                  0.67    0.67    6.92 ^ _2581_/Y (sky130_fd_sc_hd__nor4b_4)
     9    0.05                           _0838_ (net)
                  0.67    0.00    6.92 ^ _2582_/A (sky130_fd_sc_hd__buf_8)
                  0.20    0.32    7.23 ^ _2582_/X (sky130_fd_sc_hd__buf_8)
    26    0.12                           _0839_ (net)
                  0.20    0.01    7.24 ^ _2700_/S (sky130_fd_sc_hd__mux2_1)
                  0.06    0.37    7.61 v _2700_/X (sky130_fd_sc_hd__mux2_1)
     1    0.00                           _0133_ (net)
                  0.06    0.00    7.61 v _3262_/D (sky130_fd_sc_hd__dfxtp_2)
                                  7.61   data arrival time

                         20.00   20.00   clock i_clk (rise edge)
                          0.00   20.00   clock source latency
                  0.10    0.07   20.07 ^ i_clk (in)
     1    0.02                           i_clk (net)
                  0.10    0.00   20.07 ^ clkbuf_0_i_clk/A (sky130_fd_sc_hd__clkbuf_16)
                  0.12    0.19   20.26 ^ clkbuf_0_i_clk/X (sky130_fd_sc_hd__clkbuf_16)
     8    0.10                           clknet_0_i_clk (net)
                  0.12    0.01   20.27 ^ clkbuf_3_0__f_i_clk/A (sky130_fd_sc_hd__clkbuf_16)
                  0.09    0.18   20.45 ^ clkbuf_3_0__f_i_clk/X (sky130_fd_sc_hd__clkbuf_16)
     7    0.07                           clknet_3_0__leaf_i_clk (net)
                  0.09    0.00   20.45 ^ clkbuf_leaf_56_i_clk/A (sky130_fd_sc_hd__clkbuf_16)
                  0.04    0.14   20.58 ^ clkbuf_leaf_56_i_clk/X (sky130_fd_sc_hd__clkbuf_16)
     8    0.02                           clknet_leaf_56_i_clk (net)
                  0.04    0.00   20.58 ^ _3262_/CLK (sky130_fd_sc_hd__dfxtp_2)
                         -0.10   20.48   clock uncertainty
                          0.00   20.48   clock reconvergence pessimism
                         -0.12   20.36   library setup time
                                 20.36   data required time
-----------------------------------------------------------------------------
                                 20.36   data required time
                                 -7.61   data arrival time
-----------------------------------------------------------------------------
                                 12.75   slack (MET)


Startpoint: i_wb_addr[2] (input port clocked by i_clk)
Endpoint: _3261_ (rising edge-triggered flip-flop clocked by i_clk)
Path Group: i_clk
Path Type: max

Fanout     Cap    Slew   Delay    Time   Description
-----------------------------------------------------------------------------
                          0.00    0.00   clock i_clk (rise edge)
                          0.00    0.00   clock network delay (propagated)
                          4.00    4.00 ^ input external delay
                  0.10    0.07    4.07 ^ i_wb_addr[2] (in)
     1    0.02                           i_wb_addr[2] (net)
                  0.10    0.00    4.07 ^ input17/A (sky130_fd_sc_hd__clkbuf_2)
                  0.18    0.23    4.30 ^ input17/X (sky130_fd_sc_hd__clkbuf_2)
     5    0.03                           net17 (net)
                  0.18    0.00    4.30 ^ _1757_/B1 (sky130_fd_sc_hd__o21ai_1)
                  0.12    0.16    4.46 v _1757_/Y (sky130_fd_sc_hd__o21ai_1)
     1    0.01                           _1412_ (net)
                  0.12    0.00    4.46 v _1760_/A2 (sky130_fd_sc_hd__o21ai_1)
                  0.49    0.45    4.91 ^ _1760_/Y (sky130_fd_sc_hd__o21ai_1)
     3    0.03                           _1415_ (net)
                  0.49    0.00    4.91 ^ _1761_/D1 (sky130_fd_sc_hd__o2111ai_1)
                  0.19    0.25    5.16 v _1761_/Y (sky130_fd_sc_hd__o2111ai_1)
     1    0.01                           _1416_ (net)
                  0.19    0.00    5.16 v _1762_/C (sky130_fd_sc_hd__nor3_1)
                  0.31    0.32    5.48 ^ _1762_/Y (sky130_fd_sc_hd__nor3_1)
     1    0.01                           _1417_ (net)
                  0.31    0.00    5.48 ^ _1763_/D1 (sky130_fd_sc_hd__o2111a_1)
                  0.11    0.30    5.77 ^ _1763_/X (sky130_fd_sc_hd__o2111a_1)
     1    0.01                           _1418_ (net)
                  0.11    0.00    5.77 ^ _1827_/B (sky130_fd_sc_hd__nand4_4)
                  0.14    0.16    5.93 v _1827_/Y (sky130_fd_sc_hd__nand4_4)
     5    0.02                           _1482_ (net)
                  0.14    0.00    5.93 v _2546_/A2 (sky130_fd_sc_hd__o211a_1)
                  0.09    0.31    6.24 v _2546_/X (sky130_fd_sc_hd__o211a_1)
     2    0.02                           _0824_ (net)
                  0.09    0.00    6.24 v _2581_/B (sky130_fd_sc_hd__nor4b_4)
                  0.67    0.67    6.92 ^ _2581_/Y (sky130_fd_sc_hd__nor4b_4)
     9    0.05                           _0838_ (net)
                  0.67    0.00    6.92 ^ _2582_/A (sky130_fd_sc_hd__buf_8)
                  0.20    0.32    7.23 ^ _2582_/X (sky130_fd_sc_hd__buf_8)
    26    0.12                           _0839_ (net)
                  0.20    0.01    7.24 ^ _2699_/S (sky130_fd_sc_hd__mux2_1)
                  0.06    0.37    7.61 v _2699_/X (sky130_fd_sc_hd__mux2_1)
     1    0.00                           _0132_ (net)
                  0.06    0.00    7.61 v _3261_/D (sky130_fd_sc_hd__dfxtp_2)
                                  7.61   data arrival time

                         20.00   20.00   clock i_clk (rise edge)
                          0.00   20.00   clock source latency
                  0.10    0.07   20.07 ^ i_clk (in)
     1    0.02                           i_clk (net)
                  0.10    0.00   20.07 ^ clkbuf_0_i_clk/A (sky130_fd_sc_hd__clkbuf_16)
                  0.12    0.19   20.26 ^ clkbuf_0_i_clk/X (sky130_fd_sc_hd__clkbuf_16)
     8    0.10                           clknet_0_i_clk (net)
                  0.12    0.01   20.27 ^ clkbuf_3_0__f_i_clk/A (sky130_fd_sc_hd__clkbuf_16)
                  0.09    0.18   20.45 ^ clkbuf_3_0__f_i_clk/X (sky130_fd_sc_hd__clkbuf_16)
     7    0.07                           clknet_3_0__leaf_i_clk (net)
                  0.09    0.00   20.45 ^ clkbuf_leaf_56_i_clk/A (sky130_fd_sc_hd__clkbuf_16)
                  0.04    0.14   20.58 ^ clkbuf_leaf_56_i_clk/X (sky130_fd_sc_hd__clkbuf_16)
     8    0.02                           clknet_leaf_56_i_clk (net)
                  0.04    0.00   20.58 ^ _3261_/CLK (sky130_fd_sc_hd__dfxtp_2)
                         -0.10   20.48   clock uncertainty
                          0.00   20.48   clock reconvergence pessimism
                         -0.12   20.36   library setup time
                                 20.36   data required time
-----------------------------------------------------------------------------
                                 20.36   data required time
                                 -7.61   data arrival time
-----------------------------------------------------------------------------
                                 12.75   slack (MET)


max_report_end
check_report

===========================================================================
report_checks -unconstrained
============================================================================
Startpoint: i_wb_addr[2] (input port clocked by i_clk)
Endpoint: _3272_ (rising edge-triggered flip-flop clocked by i_clk)
Path Group: i_clk
Path Type: max

Fanout     Cap    Slew   Delay    Time   Description
-----------------------------------------------------------------------------
                          0.00    0.00   clock i_clk (rise edge)
                          0.00    0.00   clock network delay (propagated)
                          4.00    4.00 ^ input external delay
                  0.10    0.07    4.07 ^ i_wb_addr[2] (in)
     1    0.02                           i_wb_addr[2] (net)
                  0.10    0.00    4.07 ^ input17/A (sky130_fd_sc_hd__clkbuf_2)
                  0.18    0.23    4.30 ^ input17/X (sky130_fd_sc_hd__clkbuf_2)
     5    0.03                           net17 (net)
                  0.18    0.00    4.30 ^ _1757_/B1 (sky130_fd_sc_hd__o21ai_1)
                  0.12    0.16    4.46 v _1757_/Y (sky130_fd_sc_hd__o21ai_1)
     1    0.01                           _1412_ (net)
                  0.12    0.00    4.46 v _1760_/A2 (sky130_fd_sc_hd__o21ai_1)
                  0.49    0.45    4.91 ^ _1760_/Y (sky130_fd_sc_hd__o21ai_1)
     3    0.03                           _1415_ (net)
                  0.49    0.00    4.91 ^ _1761_/D1 (sky130_fd_sc_hd__o2111ai_1)
                  0.19    0.25    5.16 v _1761_/Y (sky130_fd_sc_hd__o2111ai_1)
     1    0.01                           _1416_ (net)
                  0.19    0.00    5.16 v _1762_/C (sky130_fd_sc_hd__nor3_1)
                  0.31    0.32    5.48 ^ _1762_/Y (sky130_fd_sc_hd__nor3_1)
     1    0.01                           _1417_ (net)
                  0.31    0.00    5.48 ^ _1763_/D1 (sky130_fd_sc_hd__o2111a_1)
                  0.11    0.30    5.77 ^ _1763_/X (sky130_fd_sc_hd__o2111a_1)
     1    0.01                           _1418_ (net)
                  0.11    0.00    5.77 ^ _1827_/B (sky130_fd_sc_hd__nand4_4)
                  0.14    0.16    5.93 v _1827_/Y (sky130_fd_sc_hd__nand4_4)
     5    0.02                           _1482_ (net)
                  0.14    0.00    5.93 v _2546_/A2 (sky130_fd_sc_hd__o211a_1)
                  0.09    0.31    6.24 v _2546_/X (sky130_fd_sc_hd__o211a_1)
     2    0.02                           _0824_ (net)
                  0.09    0.00    6.24 v _2581_/B (sky130_fd_sc_hd__nor4b_4)
                  0.67    0.67    6.92 ^ _2581_/Y (sky130_fd_sc_hd__nor4b_4)
     9    0.05                           _0838_ (net)
                  0.67    0.00    6.92 ^ _2582_/A (sky130_fd_sc_hd__buf_8)
                  0.20    0.32    7.23 ^ _2582_/X (sky130_fd_sc_hd__buf_8)
    26    0.12                           _0839_ (net)
                  0.20    0.01    7.24 ^ _2710_/S (sky130_fd_sc_hd__mux2_1)
                  0.06    0.36    7.60 v _2710_/X (sky130_fd_sc_hd__mux2_1)
     1    0.00                           _0143_ (net)
                  0.06    0.00    7.60 v _3272_/D (sky130_fd_sc_hd__dfxtp_1)
                                  7.60   data arrival time

                         20.00   20.00   clock i_clk (rise edge)
                          0.00   20.00   clock source latency
                  0.10    0.07   20.07 ^ i_clk (in)
     1    0.02                           i_clk (net)
                  0.10    0.00   20.07 ^ clkbuf_0_i_clk/A (sky130_fd_sc_hd__clkbuf_16)
                  0.12    0.19   20.26 ^ clkbuf_0_i_clk/X (sky130_fd_sc_hd__clkbuf_16)
     8    0.10                           clknet_0_i_clk (net)
                  0.12    0.01   20.27 ^ clkbuf_3_0__f_i_clk/A (sky130_fd_sc_hd__clkbuf_16)
                  0.09    0.18   20.45 ^ clkbuf_3_0__f_i_clk/X (sky130_fd_sc_hd__clkbuf_16)
     7    0.07                           clknet_3_0__leaf_i_clk (net)
                  0.09    0.00   20.45 ^ clkbuf_leaf_4_i_clk/A (sky130_fd_sc_hd__clkbuf_16)
                  0.03    0.12   20.57 ^ clkbuf_leaf_4_i_clk/X (sky130_fd_sc_hd__clkbuf_16)
     2    0.01                           clknet_leaf_4_i_clk (net)
                  0.03    0.00   20.57 ^ _3272_/CLK (sky130_fd_sc_hd__dfxtp_1)
                         -0.10   20.47   clock uncertainty
                          0.00   20.47   clock reconvergence pessimism
                         -0.12   20.35   library setup time
                                 20.35   data required time
-----------------------------------------------------------------------------
                                 20.35   data required time
                                 -7.60   data arrival time
-----------------------------------------------------------------------------
                                 12.74   slack (MET)



===========================================================================
report_checks --slack_max -0.01
============================================================================
No paths found.
check_report_end
check_slew

===========================================================================
 report_check_types -max_slew -max_cap -max_fanout -violators
============================================================================

===========================================================================
max slew violation count 0
max fanout violation count 0
max cap violation count 0
============================================================================
check_slew_end
tns_report

===========================================================================
 report_tns
============================================================================
tns 0.00
tns_report_end
wns_report

===========================================================================
 report_wns
============================================================================
wns 0.00
wns_report_end
worst_slack

===========================================================================
 report_worst_slack -max (Setup)
============================================================================
worst slack 12.74

===========================================================================
 report_worst_slack -min (Hold)
============================================================================
worst slack 0.34
worst_slack_end
clock_skew

===========================================================================
 report_clock_skew
============================================================================
Clock i_clk
Latency      CRPR       Skew
_3203_/CLK ^
   0.64
_3164_/CLK ^
   0.43     -0.03       0.18

clock_skew_end
power_report

===========================================================================
 report_power
============================================================================
Group                  Internal  Switching    Leakage      Total
                          Power      Power      Power      Power (Watts)
----------------------------------------------------------------
Sequential             6.02e-04   4.98e-05   2.37e-09   6.52e-04  35.1%
Combinational          7.43e-04   4.63e-04   7.55e-09   1.21e-03  64.9%
Macro                  0.00e+00   0.00e+00   0.00e+00   0.00e+00   0.0%
Pad                    0.00e+00   0.00e+00   0.00e+00   0.00e+00   0.0%
----------------------------------------------------------------
Total                  1.35e-03   5.13e-04   9.92e-09   1.86e-03 100.0%
                          72.4%      27.6%       0.0%
power_report_end
area_report

===========================================================================
 report_design_area
============================================================================
Design area 23307 u^2 62% utilization.
area_report_end
