
===========================================================================
report_checks -unconstrained
============================================================================
Startpoint: i_wb_addr[1] (input port clocked by i_clk)
Endpoint: _3264_ (rising edge-triggered flip-flop clocked by i_clk)
Path Group: i_clk
Path Type: max

Fanout     Cap    Slew   Delay    Time   Description
-----------------------------------------------------------------------------
                          0.00    0.00   clock i_clk (rise edge)
                          0.00    0.00   clock network delay (propagated)
                          4.00    4.00 v input external delay
                  0.01    0.01    4.01 v i_wb_addr[1] (in)
     1    0.00                           i_wb_addr[1] (net)
                  0.01    0.00    4.01 v input16/A (sky130_fd_sc_hd__buf_4)
                  0.08    0.18    4.19 v input16/X (sky130_fd_sc_hd__buf_4)
    12    0.05                           net16 (net)
                  0.08    0.00    4.19 v _1753_/B1_N (sky130_fd_sc_hd__o21bai_1)
                  0.09    0.20    4.39 v _1753_/Y (sky130_fd_sc_hd__o21bai_1)
     1    0.01                           _1408_ (net)
                  0.09    0.00    4.39 v _1754_/B1 (sky130_fd_sc_hd__o21ai_1)
                  0.21    0.15    4.54 ^ _1754_/Y (sky130_fd_sc_hd__o21ai_1)
     2    0.01                           _1409_ (net)
                  0.21    0.00    4.54 ^ _1761_/B1 (sky130_fd_sc_hd__o2111ai_1)
                  0.16    0.20    4.74 v _1761_/Y (sky130_fd_sc_hd__o2111ai_1)
     1    0.01                           _1416_ (net)
                  0.16    0.00    4.74 v _1762_/C (sky130_fd_sc_hd__nor3_1)
                  0.36    0.35    5.09 ^ _1762_/Y (sky130_fd_sc_hd__nor3_1)
     1    0.01                           _1417_ (net)
                  0.36    0.00    5.09 ^ _1763_/D1 (sky130_fd_sc_hd__o2111a_1)
                  0.11    0.30    5.39 ^ _1763_/X (sky130_fd_sc_hd__o2111a_1)
     1    0.01                           _1418_ (net)
                  0.11    0.00    5.39 ^ _1827_/B (sky130_fd_sc_hd__nand4_4)
                  0.14    0.15    5.54 v _1827_/Y (sky130_fd_sc_hd__nand4_4)
     5    0.02                           _1482_ (net)
                  0.14    0.00    5.55 v _2546_/A2 (sky130_fd_sc_hd__o211a_1)
                  0.09    0.30    5.85 v _2546_/X (sky130_fd_sc_hd__o211a_1)
     2    0.01                           _0824_ (net)
                  0.09    0.00    5.85 v _2581_/B (sky130_fd_sc_hd__nor4b_4)
                  0.66    0.66    6.51 ^ _2581_/Y (sky130_fd_sc_hd__nor4b_4)
     9    0.05                           _0838_ (net)
                  0.66    0.00    6.51 ^ _2582_/A (sky130_fd_sc_hd__buf_8)
                  0.19    0.31    6.82 ^ _2582_/X (sky130_fd_sc_hd__buf_8)
    26    0.12                           _0839_ (net)
                  0.19    0.01    6.83 ^ _2702_/S (sky130_fd_sc_hd__mux2_1)
                  0.05    0.36    7.19 v _2702_/X (sky130_fd_sc_hd__mux2_1)
     1    0.00                           _0135_ (net)
                  0.05    0.00    7.19 v _3264_/D (sky130_fd_sc_hd__dfxtp_1)
                                  7.19   data arrival time

                         20.00   20.00   clock i_clk (rise edge)
                          0.00   20.00   clock source latency
                  0.10    0.07   20.07 ^ i_clk (in)
     1    0.02                           i_clk (net)
                  0.10    0.00   20.07 ^ clkbuf_0_i_clk/A (sky130_fd_sc_hd__clkbuf_16)
                  0.11    0.19   20.26 ^ clkbuf_0_i_clk/X (sky130_fd_sc_hd__clkbuf_16)
     8    0.10                           clknet_0_i_clk (net)
                  0.11    0.00   20.26 ^ clkbuf_3_0__f_i_clk/A (sky130_fd_sc_hd__clkbuf_16)
                  0.09    0.18   20.44 ^ clkbuf_3_0__f_i_clk/X (sky130_fd_sc_hd__clkbuf_16)
     7    0.07                           clknet_3_0__leaf_i_clk (net)
                  0.09    0.00   20.44 ^ clkbuf_leaf_0_i_clk/A (sky130_fd_sc_hd__clkbuf_16)
                  0.04    0.13   20.57 ^ clkbuf_leaf_0_i_clk/X (sky130_fd_sc_hd__clkbuf_16)
     7    0.02                           clknet_leaf_0_i_clk (net)
                  0.04    0.00   20.57 ^ _3264_/CLK (sky130_fd_sc_hd__dfxtp_1)
                         -0.10   20.47   clock uncertainty
                          0.00   20.47   clock reconvergence pessimism
                         -0.12   20.36   library setup time
                                 20.36   data required time
-----------------------------------------------------------------------------
                                 20.36   data required time
                                 -7.19   data arrival time
-----------------------------------------------------------------------------
                                 13.17   slack (MET)



===========================================================================
report_checks --slack_max -0.01
============================================================================
No paths found.
