
===========================================================================
report_checks -path_delay min (Hold)
============================================================================
Startpoint: _3354_ (rising edge-triggered flip-flop clocked by i_clk)
Endpoint: _3354_ (rising edge-triggered flip-flop clocked by i_clk)
Path Group: i_clk
Path Type: min

Fanout     Cap    Slew   Delay    Time   Description
-----------------------------------------------------------------------------
                          0.00    0.00   clock i_clk (rise edge)
                          0.00    0.00   clock source latency
                  0.10    0.07    0.07 ^ i_clk (in)
     1    0.02                           i_clk (net)
                  0.10    0.00    0.07 ^ clkbuf_0_i_clk/A (sky130_fd_sc_hd__clkbuf_16)
                  0.11    0.19    0.26 ^ clkbuf_0_i_clk/X (sky130_fd_sc_hd__clkbuf_16)
     8    0.10                           clknet_0_i_clk (net)
                  0.11    0.00    0.26 ^ clkbuf_3_6__f_i_clk/A (sky130_fd_sc_hd__clkbuf_16)
                  0.08    0.18    0.44 ^ clkbuf_3_6__f_i_clk/X (sky130_fd_sc_hd__clkbuf_16)
     7    0.07                           clknet_3_6__leaf_i_clk (net)
                  0.08    0.00    0.44 ^ clkbuf_leaf_23_i_clk/A (sky130_fd_sc_hd__clkbuf_16)
                  0.03    0.13    0.57 ^ clkbuf_leaf_23_i_clk/X (sky130_fd_sc_hd__clkbuf_16)
     5    0.01                           clknet_leaf_23_i_clk (net)
                  0.03    0.00    0.57 ^ _3354_/CLK (sky130_fd_sc_hd__dfxtp_1)
                  0.05    0.29    0.86 ^ _3354_/Q (sky130_fd_sc_hd__dfxtp_1)
     2    0.00                           lldriver.o_word[20] (net)
                  0.05    0.00    0.86 ^ _2873_/A0 (sky130_fd_sc_hd__mux2_1)
                  0.04    0.11    0.97 ^ _2873_/X (sky130_fd_sc_hd__mux2_1)
     1    0.00                           _0224_ (net)
                  0.04    0.00    0.97 ^ _3354_/D (sky130_fd_sc_hd__dfxtp_1)
                                  0.97   data arrival time

                          0.00    0.00   clock i_clk (rise edge)
                          0.00    0.00   clock source latency
                  0.10    0.07    0.07 ^ i_clk (in)
     1    0.02                           i_clk (net)
                  0.10    0.00    0.07 ^ clkbuf_0_i_clk/A (sky130_fd_sc_hd__clkbuf_16)
                  0.11    0.22    0.29 ^ clkbuf_0_i_clk/X (sky130_fd_sc_hd__clkbuf_16)
     8    0.10                           clknet_0_i_clk (net)
                  0.11    0.00    0.29 ^ clkbuf_3_6__f_i_clk/A (sky130_fd_sc_hd__clkbuf_16)
                  0.08    0.20    0.49 ^ clkbuf_3_6__f_i_clk/X (sky130_fd_sc_hd__clkbuf_16)
     7    0.07                           clknet_3_6__leaf_i_clk (net)
                  0.08    0.00    0.49 ^ clkbuf_leaf_23_i_clk/A (sky130_fd_sc_hd__clkbuf_16)
                  0.03    0.14    0.63 ^ clkbuf_leaf_23_i_clk/X (sky130_fd_sc_hd__clkbuf_16)
     5    0.01                           clknet_leaf_23_i_clk (net)
                  0.03    0.00    0.63 ^ _3354_/CLK (sky130_fd_sc_hd__dfxtp_1)
                          0.10    0.73   clock uncertainty
                         -0.06    0.67   clock reconvergence pessimism
                         -0.03    0.64   library hold time
                                  0.64   data required time
-----------------------------------------------------------------------------
                                  0.64   data required time
                                 -0.97   data arrival time
-----------------------------------------------------------------------------
                                  0.33   slack (MET)


Startpoint: _3352_ (rising edge-triggered flip-flop clocked by i_clk)
Endpoint: _3352_ (rising edge-triggered flip-flop clocked by i_clk)
Path Group: i_clk
Path Type: min

Fanout     Cap    Slew   Delay    Time   Description
-----------------------------------------------------------------------------
                          0.00    0.00   clock i_clk (rise edge)
                          0.00    0.00   clock source latency
                  0.10    0.07    0.07 ^ i_clk (in)
     1    0.02                           i_clk (net)
                  0.10    0.00    0.07 ^ clkbuf_0_i_clk/A (sky130_fd_sc_hd__clkbuf_16)
                  0.11    0.19    0.26 ^ clkbuf_0_i_clk/X (sky130_fd_sc_hd__clkbuf_16)
     8    0.10                           clknet_0_i_clk (net)
                  0.11    0.00    0.26 ^ clkbuf_3_6__f_i_clk/A (sky130_fd_sc_hd__clkbuf_16)
                  0.08    0.18    0.44 ^ clkbuf_3_6__f_i_clk/X (sky130_fd_sc_hd__clkbuf_16)
     7    0.07                           clknet_3_6__leaf_i_clk (net)
                  0.08    0.00    0.44 ^ clkbuf_leaf_22_i_clk/A (sky130_fd_sc_hd__clkbuf_16)
                  0.04    0.13    0.57 ^ clkbuf_leaf_22_i_clk/X (sky130_fd_sc_hd__clkbuf_16)
     5    0.01                           clknet_leaf_22_i_clk (net)
                  0.04    0.00    0.57 ^ _3352_/CLK (sky130_fd_sc_hd__dfxtp_1)
                  0.06    0.30    0.86 ^ _3352_/Q (sky130_fd_sc_hd__dfxtp_1)
     2    0.00                           lldriver.o_word[18] (net)
                  0.06    0.00    0.86 ^ _2871_/A0 (sky130_fd_sc_hd__mux2_1)
                  0.04    0.11    0.97 ^ _2871_/X (sky130_fd_sc_hd__mux2_1)
     1    0.00                           _0222_ (net)
                  0.04    0.00    0.97 ^ _3352_/D (sky130_fd_sc_hd__dfxtp_1)
                                  0.97   data arrival time

                          0.00    0.00   clock i_clk (rise edge)
                          0.00    0.00   clock source latency
                  0.10    0.07    0.07 ^ i_clk (in)
     1    0.02                           i_clk (net)
                  0.10    0.00    0.07 ^ clkbuf_0_i_clk/A (sky130_fd_sc_hd__clkbuf_16)
                  0.11    0.22    0.29 ^ clkbuf_0_i_clk/X (sky130_fd_sc_hd__clkbuf_16)
     8    0.10                           clknet_0_i_clk (net)
                  0.11    0.00    0.29 ^ clkbuf_3_6__f_i_clk/A (sky130_fd_sc_hd__clkbuf_16)
                  0.08    0.20    0.49 ^ clkbuf_3_6__f_i_clk/X (sky130_fd_sc_hd__clkbuf_16)
     7    0.07                           clknet_3_6__leaf_i_clk (net)
                  0.08    0.00    0.49 ^ clkbuf_leaf_22_i_clk/A (sky130_fd_sc_hd__clkbuf_16)
                  0.04    0.14    0.63 ^ clkbuf_leaf_22_i_clk/X (sky130_fd_sc_hd__clkbuf_16)
     5    0.01                           clknet_leaf_22_i_clk (net)
                  0.04    0.00    0.63 ^ _3352_/CLK (sky130_fd_sc_hd__dfxtp_1)
                          0.10    0.73   clock uncertainty
                         -0.06    0.67   clock reconvergence pessimism
                         -0.03    0.64   library hold time
                                  0.64   data required time
-----------------------------------------------------------------------------
                                  0.64   data required time
                                 -0.97   data arrival time
-----------------------------------------------------------------------------
                                  0.33   slack (MET)


Startpoint: _3328_ (rising edge-triggered flip-flop clocked by i_clk)
Endpoint: _3328_ (rising edge-triggered flip-flop clocked by i_clk)
Path Group: i_clk
Path Type: min

Fanout     Cap    Slew   Delay    Time   Description
-----------------------------------------------------------------------------
                          0.00    0.00   clock i_clk (rise edge)
                          0.00    0.00   clock source latency
                  0.10    0.07    0.07 ^ i_clk (in)
     1    0.02                           i_clk (net)
                  0.10    0.00    0.07 ^ clkbuf_0_i_clk/A (sky130_fd_sc_hd__clkbuf_16)
                  0.11    0.19    0.26 ^ clkbuf_0_i_clk/X (sky130_fd_sc_hd__clkbuf_16)
     8    0.10                           clknet_0_i_clk (net)
                  0.11    0.00    0.26 ^ clkbuf_3_0__f_i_clk/A (sky130_fd_sc_hd__clkbuf_16)
                  0.09    0.18    0.44 ^ clkbuf_3_0__f_i_clk/X (sky130_fd_sc_hd__clkbuf_16)
     7    0.07                           clknet_3_0__leaf_i_clk (net)
                  0.09    0.00    0.44 ^ clkbuf_leaf_56_i_clk/A (sky130_fd_sc_hd__clkbuf_16)
                  0.04    0.13    0.58 ^ clkbuf_leaf_56_i_clk/X (sky130_fd_sc_hd__clkbuf_16)
     8    0.02                           clknet_leaf_56_i_clk (net)
                  0.04    0.00    0.58 ^ _3328_/CLK (sky130_fd_sc_hd__dfxtp_1)
                  0.06    0.30    0.87 ^ _3328_/Q (sky130_fd_sc_hd__dfxtp_1)
     2    0.01                           lldriver.o_cs_n (net)
                  0.06    0.00    0.87 ^ _2843_/A1 (sky130_fd_sc_hd__mux2_1)
                  0.04    0.11    0.98 ^ _2843_/X (sky130_fd_sc_hd__mux2_1)
     1    0.00                           _0199_ (net)
                  0.04    0.00    0.98 ^ _3328_/D (sky130_fd_sc_hd__dfxtp_1)
                                  0.98   data arrival time

                          0.00    0.00   clock i_clk (rise edge)
                          0.00    0.00   clock source latency
                  0.10    0.07    0.07 ^ i_clk (in)
     1    0.02                           i_clk (net)
                  0.10    0.00    0.07 ^ clkbuf_0_i_clk/A (sky130_fd_sc_hd__clkbuf_16)
                  0.11    0.22    0.29 ^ clkbuf_0_i_clk/X (sky130_fd_sc_hd__clkbuf_16)
     8    0.10                           clknet_0_i_clk (net)
                  0.11    0.00    0.29 ^ clkbuf_3_0__f_i_clk/A (sky130_fd_sc_hd__clkbuf_16)
                  0.09    0.20    0.49 ^ clkbuf_3_0__f_i_clk/X (sky130_fd_sc_hd__clkbuf_16)
     7    0.07                           clknet_3_0__leaf_i_clk (net)
                  0.09    0.00    0.49 ^ clkbuf_leaf_56_i_clk/A (sky130_fd_sc_hd__clkbuf_16)
                  0.04    0.15    0.64 ^ clkbuf_leaf_56_i_clk/X (sky130_fd_sc_hd__clkbuf_16)
     8    0.02                           clknet_leaf_56_i_clk (net)
                  0.04    0.00    0.64 ^ _3328_/CLK (sky130_fd_sc_hd__dfxtp_1)
                          0.10    0.74   clock uncertainty
                         -0.06    0.68   clock reconvergence pessimism
                         -0.03    0.65   library hold time
                                  0.65   data required time
-----------------------------------------------------------------------------
                                  0.65   data required time
                                 -0.98   data arrival time
-----------------------------------------------------------------------------
                                  0.34   slack (MET)


Startpoint: _3353_ (rising edge-triggered flip-flop clocked by i_clk)
Endpoint: _3353_ (rising edge-triggered flip-flop clocked by i_clk)
Path Group: i_clk
Path Type: min

Fanout     Cap    Slew   Delay    Time   Description
-----------------------------------------------------------------------------
                          0.00    0.00   clock i_clk (rise edge)
                          0.00    0.00   clock source latency
                  0.10    0.07    0.07 ^ i_clk (in)
     1    0.02                           i_clk (net)
                  0.10    0.00    0.07 ^ clkbuf_0_i_clk/A (sky130_fd_sc_hd__clkbuf_16)
                  0.11    0.19    0.26 ^ clkbuf_0_i_clk/X (sky130_fd_sc_hd__clkbuf_16)
     8    0.10                           clknet_0_i_clk (net)
                  0.11    0.00    0.26 ^ clkbuf_3_6__f_i_clk/A (sky130_fd_sc_hd__clkbuf_16)
                  0.08    0.18    0.44 ^ clkbuf_3_6__f_i_clk/X (sky130_fd_sc_hd__clkbuf_16)
     7    0.07                           clknet_3_6__leaf_i_clk (net)
                  0.08    0.00    0.44 ^ clkbuf_leaf_23_i_clk/A (sky130_fd_sc_hd__clkbuf_16)
                  0.03    0.13    0.57 ^ clkbuf_leaf_23_i_clk/X (sky130_fd_sc_hd__clkbuf_16)
     5    0.01                           clknet_leaf_23_i_clk (net)
                  0.03    0.00    0.57 ^ _3353_/CLK (sky130_fd_sc_hd__dfxtp_1)
                  0.07    0.30    0.87 ^ _3353_/Q (sky130_fd_sc_hd__dfxtp_1)
     2    0.01                           lldriver.o_word[19] (net)
                  0.07    0.00    0.87 ^ _2872_/A0 (sky130_fd_sc_hd__mux2_1)
                  0.04    0.11    0.98 ^ _2872_/X (sky130_fd_sc_hd__mux2_1)
     1    0.00                           _0223_ (net)
                  0.04    0.00    0.98 ^ _3353_/D (sky130_fd_sc_hd__dfxtp_1)
                                  0.98   data arrival time

                          0.00    0.00   clock i_clk (rise edge)
                          0.00    0.00   clock source latency
                  0.10    0.07    0.07 ^ i_clk (in)
     1    0.02                           i_clk (net)
                  0.10    0.00    0.07 ^ clkbuf_0_i_clk/A (sky130_fd_sc_hd__clkbuf_16)
                  0.11    0.22    0.29 ^ clkbuf_0_i_clk/X (sky130_fd_sc_hd__clkbuf_16)
     8    0.10                           clknet_0_i_clk (net)
                  0.11    0.00    0.29 ^ clkbuf_3_6__f_i_clk/A (sky130_fd_sc_hd__clkbuf_16)
                  0.08    0.20    0.49 ^ clkbuf_3_6__f_i_clk/X (sky130_fd_sc_hd__clkbuf_16)
     7    0.07                           clknet_3_6__leaf_i_clk (net)
                  0.08    0.00    0.49 ^ clkbuf_leaf_23_i_clk/A (sky130_fd_sc_hd__clkbuf_16)
                  0.03    0.14    0.63 ^ clkbuf_leaf_23_i_clk/X (sky130_fd_sc_hd__clkbuf_16)
     5    0.01                           clknet_leaf_23_i_clk (net)
                  0.03    0.00    0.63 ^ _3353_/CLK (sky130_fd_sc_hd__dfxtp_1)
                          0.10    0.73   clock uncertainty
                         -0.06    0.67   clock reconvergence pessimism
                         -0.03    0.64   library hold time
                                  0.64   data required time
-----------------------------------------------------------------------------
                                  0.64   data required time
                                 -0.98   data arrival time
-----------------------------------------------------------------------------
                                  0.34   slack (MET)


Startpoint: _3350_ (rising edge-triggered flip-flop clocked by i_clk)
Endpoint: _3350_ (rising edge-triggered flip-flop clocked by i_clk)
Path Group: i_clk
Path Type: min

Fanout     Cap    Slew   Delay    Time   Description
-----------------------------------------------------------------------------
                          0.00    0.00   clock i_clk (rise edge)
                          0.00    0.00   clock source latency
                  0.10    0.07    0.07 ^ i_clk (in)
     1    0.02                           i_clk (net)
                  0.10    0.00    0.07 ^ clkbuf_0_i_clk/A (sky130_fd_sc_hd__clkbuf_16)
                  0.11    0.19    0.26 ^ clkbuf_0_i_clk/X (sky130_fd_sc_hd__clkbuf_16)
     8    0.10                           clknet_0_i_clk (net)
                  0.11    0.00    0.26 ^ clkbuf_3_3__f_i_clk/A (sky130_fd_sc_hd__clkbuf_16)
                  0.07    0.17    0.43 ^ clkbuf_3_3__f_i_clk/X (sky130_fd_sc_hd__clkbuf_16)
     6    0.05                           clknet_3_3__leaf_i_clk (net)
                  0.07    0.00    0.43 ^ clkbuf_leaf_17_i_clk/A (sky130_fd_sc_hd__clkbuf_16)
                  0.04    0.13    0.56 ^ clkbuf_leaf_17_i_clk/X (sky130_fd_sc_hd__clkbuf_16)
     8    0.02                           clknet_leaf_17_i_clk (net)
                  0.04    0.00    0.56 ^ _3350_/CLK (sky130_fd_sc_hd__dfxtp_1)
                  0.06    0.30    0.86 ^ _3350_/Q (sky130_fd_sc_hd__dfxtp_1)
     2    0.01                           lldriver.o_word[16] (net)
                  0.06    0.00    0.86 ^ _2869_/A0 (sky130_fd_sc_hd__mux2_1)
                  0.04    0.11    0.97 ^ _2869_/X (sky130_fd_sc_hd__mux2_1)
     1    0.00                           _0220_ (net)
                  0.04    0.00    0.97 ^ _3350_/D (sky130_fd_sc_hd__dfxtp_1)
                                  0.97   data arrival time

                          0.00    0.00   clock i_clk (rise edge)
                          0.00    0.00   clock source latency
                  0.10    0.07    0.07 ^ i_clk (in)
     1    0.02                           i_clk (net)
                  0.10    0.00    0.07 ^ clkbuf_0_i_clk/A (sky130_fd_sc_hd__clkbuf_16)
                  0.11    0.22    0.29 ^ clkbuf_0_i_clk/X (sky130_fd_sc_hd__clkbuf_16)
     8    0.10                           clknet_0_i_clk (net)
                  0.11    0.00    0.29 ^ clkbuf_3_3__f_i_clk/A (sky130_fd_sc_hd__clkbuf_16)
                  0.07    0.19    0.48 ^ clkbuf_3_3__f_i_clk/X (sky130_fd_sc_hd__clkbuf_16)
     6    0.05                           clknet_3_3__leaf_i_clk (net)
                  0.07    0.00    0.48 ^ clkbuf_leaf_17_i_clk/A (sky130_fd_sc_hd__clkbuf_16)
                  0.04    0.14    0.62 ^ clkbuf_leaf_17_i_clk/X (sky130_fd_sc_hd__clkbuf_16)
     8    0.02                           clknet_leaf_17_i_clk (net)
                  0.04    0.00    0.62 ^ _3350_/CLK (sky130_fd_sc_hd__dfxtp_1)
                          0.10    0.72   clock uncertainty
                         -0.06    0.66   clock reconvergence pessimism
                         -0.03    0.63   library hold time
                                  0.63   data required time
-----------------------------------------------------------------------------
                                  0.63   data required time
                                 -0.97   data arrival time
-----------------------------------------------------------------------------
                                  0.34   slack (MET)


