OpenROAD v2.0-4194-g9d55eaa0c 
This program is licensed under the BSD-3 license. See the LICENSE file for details.
Components of this program may be licensed under more restrictive licenses which must be honored.
[INFO ODB-0222] Reading LEF file: /home/opentools/OpenLane/designs/wbqspiflash/runs/6.45ns_threshold_area_full/tmp/merged.nom.lef
[INFO ODB-0223]     Created 13 technology layers
[INFO ODB-0224]     Created 25 technology vias
[INFO ODB-0225]     Created 441 library cells
[INFO ODB-0226] Finished LEF file:  /home/opentools/OpenLane/designs/wbqspiflash/runs/6.45ns_threshold_area_full/tmp/merged.nom.lef
[INFO ODB-0127] Reading DEF file: /home/opentools/OpenLane/designs/wbqspiflash/runs/6.45ns_threshold_area_full/results/routing/wbqspiflash.def
[INFO ODB-0128] Design: wbqspiflash
[INFO ODB-0130]     Created 106 pins.
[INFO ODB-0131]     Created 7377 components and 35780 component-terminals.
[INFO ODB-0132]     Created 2 special nets and 28064 connections.
[INFO ODB-0133]     Created 2306 nets and 7716 connections.
[INFO ODB-0134] Finished DEF file: /home/opentools/OpenLane/designs/wbqspiflash/runs/6.45ns_threshold_area_full/results/routing/wbqspiflash.def
Top-level design name: wbqspiflash
Default power net:  VPWR
Default ground net: VGND
Found a total of 1 power ports.
Found a total of 1 ground ports.
Modified power connections of 7377 cells (Remaining: 0 ).
<odb.dbBlock; proxy of <Swig Object of type 'odb::dbBlock *' at 0x7d407561c9c0> > /home/opentools/OpenLane/designs/wbqspiflash/runs/6.45ns_threshold_area_full/tmp/signoff/33-powered_def.def
