OpenROAD v2.0-4194-g9d55eaa0c 
This program is licensed under the BSD-3 license. See the LICENSE file for details.
Components of this program may be licensed under more restrictive licenses which must be honored.
[INFO ODB-0222] Reading LEF file: /home/opentools/OpenLane/designs/wbqspiflash/runs/6.45ns_threshold_area_full/tmp/merged.unpadded.nom.lef
[INFO ODB-0223]     Created 13 technology layers
[INFO ODB-0224]     Created 25 technology vias
[INFO ODB-0225]     Created 441 library cells
[INFO ODB-0226] Finished LEF file:  /home/opentools/OpenLane/designs/wbqspiflash/runs/6.45ns_threshold_area_full/tmp/merged.unpadded.nom.lef
[INFO ODB-0127] Reading DEF file: /home/opentools/OpenLane/designs/wbqspiflash/runs/6.45ns_threshold_area_full/results/routing/wbqspiflash.def
[INFO ODB-0128] Design: wbqspiflash
[INFO ODB-0130]     Created 106 pins.
[INFO ODB-0131]     Created 7377 components and 35780 component-terminals.
[INFO ODB-0132]     Created 2 special nets and 28064 connections.
[INFO ODB-0133]     Created 2306 nets and 7716 connections.
[INFO ODB-0134] Finished DEF file: /home/opentools/OpenLane/designs/wbqspiflash/runs/6.45ns_threshold_area_full/results/routing/wbqspiflash.def
Net _0651_
  _2605_/C1 (sky130_fd_sc_hd__o211a_1)
    met3
    PAR:  567.15* Ratio:  400.00 (S.Area)


Net _0743_
  _2704_/C1 (sky130_fd_sc_hd__a221o_1)
    met1
    PAR:  404.84* Ratio:  400.00 (S.Area)


Net _1081_
  _3102_/A1 (sky130_fd_sc_hd__a31o_1)
  _3136_/A1 (sky130_fd_sc_hd__a21oi_1)
  _3222_/B2 (sky130_fd_sc_hd__a22o_1)
    met3
    PAR:  442.25* Ratio:  400.00 (S.Area)


Net net60
  _1875_/A (sky130_fd_sc_hd__buf_4)
    met3
    PAR:  484.53* Ratio:  400.00 (S.Area)


Net spif_data\[0\]
  _3142_/A1 (sky130_fd_sc_hd__mux2_1)
  _2406_/A1 (sky130_fd_sc_hd__a221o_1)
    met3
    PAR:  678.28* Ratio:  400.00 (S.Area)

  _2517_/A3 (sky130_fd_sc_hd__a31o_1)
  _2894_/A0 (sky130_fd_sc_hd__mux2_1)
  _2604_/A1 (sky130_fd_sc_hd__o22a_1)

[INFO ANT-0002] Found 5 net violations.
[INFO ANT-0001] Found 5 pin violations.
