
===========================================================================
report_checks -path_delay min (Hold)
============================================================================
Startpoint: _3718_ (rising edge-triggered flip-flop clocked by i_clk)
Endpoint: _3718_ (rising edge-triggered flip-flop clocked by i_clk)
Path Group: i_clk
Path Type: min

Fanout     Cap    Slew   Delay    Time   Description
-----------------------------------------------------------------------------
                  0.10    0.00    0.00   clock i_clk (rise edge)
                          0.00    0.00   clock network delay (ideal)
                  0.10    0.00    0.00 ^ _3718_/CLK (sky130_fd_sc_hd__dfxtp_1)
                  0.06    0.33    0.33 ^ _3718_/Q (sky130_fd_sc_hd__dfxtp_1)
     2    0.00                           reset_counter[4] (net)
                  0.06    0.00    0.33 ^ _2934_/A1 (sky130_fd_sc_hd__a21o_1)
                  0.03    0.10    0.43 ^ _2934_/X (sky130_fd_sc_hd__a21o_1)
     1    0.00                           _0093_ (net)
                  0.03    0.00    0.43 ^ _3718_/D (sky130_fd_sc_hd__dfxtp_1)
                                  0.43   data arrival time

                  0.10    0.00    0.00   clock i_clk (rise edge)
                          0.00    0.00   clock network delay (ideal)
                          0.10    0.10   clock uncertainty
                          0.00    0.10   clock reconvergence pessimism
                                  0.10 ^ _3718_/CLK (sky130_fd_sc_hd__dfxtp_1)
                         -0.02    0.08   library hold time
                                  0.08   data required time
-----------------------------------------------------------------------------
                                  0.08   data required time
                                 -0.43   data arrival time
-----------------------------------------------------------------------------
                                  0.35   slack (MET)


Startpoint: _3838_ (rising edge-triggered flip-flop clocked by i_clk)
Endpoint: _3838_ (rising edge-triggered flip-flop clocked by i_clk)
Path Group: i_clk
Path Type: min

Fanout     Cap    Slew   Delay    Time   Description
-----------------------------------------------------------------------------
                  0.10    0.00    0.00   clock i_clk (rise edge)
                          0.00    0.00   clock network delay (ideal)
                  0.10    0.00    0.00 ^ _3838_/CLK (sky130_fd_sc_hd__dfxtp_1)
                  0.05    0.33    0.33 ^ _3838_/Q (sky130_fd_sc_hd__dfxtp_1)
     2    0.00                           lldriver.o_word[8] (net)
                  0.05    0.00    0.33 ^ _3339_/A0 (sky130_fd_sc_hd__mux2_1)
                  0.04    0.11    0.44 ^ _3339_/X (sky130_fd_sc_hd__mux2_1)
     1    0.00                           _0212_ (net)
                  0.04    0.00    0.44 ^ _3838_/D (sky130_fd_sc_hd__dfxtp_1)
                                  0.44   data arrival time

                  0.10    0.00    0.00   clock i_clk (rise edge)
                          0.00    0.00   clock network delay (ideal)
                          0.10    0.10   clock uncertainty
                          0.00    0.10   clock reconvergence pessimism
                                  0.10 ^ _3838_/CLK (sky130_fd_sc_hd__dfxtp_1)
                         -0.02    0.08   library hold time
                                  0.08   data required time
-----------------------------------------------------------------------------
                                  0.08   data required time
                                 -0.44   data arrival time
-----------------------------------------------------------------------------
                                  0.36   slack (MET)


Startpoint: _3799_ (rising edge-triggered flip-flop clocked by i_clk)
Endpoint: _3799_ (rising edge-triggered flip-flop clocked by i_clk)
Path Group: i_clk
Path Type: min

Fanout     Cap    Slew   Delay    Time   Description
-----------------------------------------------------------------------------
                  0.10    0.00    0.00   clock i_clk (rise edge)
                          0.00    0.00   clock network delay (ideal)
                  0.10    0.00    0.00 ^ _3799_/CLK (sky130_fd_sc_hd__dfxtp_1)
                  0.07    0.34    0.34 ^ _3799_/Q (sky130_fd_sc_hd__dfxtp_1)
     2    0.01                           net93 (net)
                  0.07    0.00    0.34 ^ _3235_/A1 (sky130_fd_sc_hd__a21o_1)
                  0.03    0.10    0.44 ^ _3235_/X (sky130_fd_sc_hd__a21o_1)
     1    0.00                           _0174_ (net)
                  0.03    0.00    0.44 ^ _3799_/D (sky130_fd_sc_hd__dfxtp_1)
                                  0.44   data arrival time

                  0.10    0.00    0.00   clock i_clk (rise edge)
                          0.00    0.00   clock network delay (ideal)
                          0.10    0.10   clock uncertainty
                          0.00    0.10   clock reconvergence pessimism
                                  0.10 ^ _3799_/CLK (sky130_fd_sc_hd__dfxtp_1)
                         -0.02    0.08   library hold time
                                  0.08   data required time
-----------------------------------------------------------------------------
                                  0.08   data required time
                                 -0.44   data arrival time
-----------------------------------------------------------------------------
                                  0.36   slack (MET)


Startpoint: _3801_ (rising edge-triggered flip-flop clocked by i_clk)
Endpoint: _3801_ (rising edge-triggered flip-flop clocked by i_clk)
Path Group: i_clk
Path Type: min

Fanout     Cap    Slew   Delay    Time   Description
-----------------------------------------------------------------------------
                  0.10    0.00    0.00   clock i_clk (rise edge)
                          0.00    0.00   clock network delay (ideal)
                  0.10    0.00    0.00 ^ _3801_/CLK (sky130_fd_sc_hd__dfxtp_1)
                  0.07    0.34    0.34 ^ _3801_/Q (sky130_fd_sc_hd__dfxtp_1)
     2    0.01                           net97 (net)
                  0.07    0.00    0.34 ^ _3239_/A1 (sky130_fd_sc_hd__a21o_1)
                  0.03    0.10    0.44 ^ _3239_/X (sky130_fd_sc_hd__a21o_1)
     1    0.00                           _0176_ (net)
                  0.03    0.00    0.44 ^ _3801_/D (sky130_fd_sc_hd__dfxtp_1)
                                  0.44   data arrival time

                  0.10    0.00    0.00   clock i_clk (rise edge)
                          0.00    0.00   clock network delay (ideal)
                          0.10    0.10   clock uncertainty
                          0.00    0.10   clock reconvergence pessimism
                                  0.10 ^ _3801_/CLK (sky130_fd_sc_hd__dfxtp_1)
                         -0.02    0.08   library hold time
                                  0.08   data required time
-----------------------------------------------------------------------------
                                  0.08   data required time
                                 -0.44   data arrival time
-----------------------------------------------------------------------------
                                  0.36   slack (MET)


Startpoint: _3802_ (rising edge-triggered flip-flop clocked by i_clk)
Endpoint: _3802_ (rising edge-triggered flip-flop clocked by i_clk)
Path Group: i_clk
Path Type: min

Fanout     Cap    Slew   Delay    Time   Description
-----------------------------------------------------------------------------
                  0.10    0.00    0.00   clock i_clk (rise edge)
                          0.00    0.00   clock network delay (ideal)
                  0.10    0.00    0.00 ^ _3802_/CLK (sky130_fd_sc_hd__dfxtp_1)
                  0.07    0.34    0.34 ^ _3802_/Q (sky130_fd_sc_hd__dfxtp_1)
     2    0.01                           net98 (net)
                  0.07    0.00    0.34 ^ _3241_/A1 (sky130_fd_sc_hd__a21o_1)
                  0.03    0.10    0.44 ^ _3241_/X (sky130_fd_sc_hd__a21o_1)
     1    0.00                           _0177_ (net)
                  0.03    0.00    0.44 ^ _3802_/D (sky130_fd_sc_hd__dfxtp_1)
                                  0.44   data arrival time

                  0.10    0.00    0.00   clock i_clk (rise edge)
                          0.00    0.00   clock network delay (ideal)
                          0.10    0.10   clock uncertainty
                          0.00    0.10   clock reconvergence pessimism
                                  0.10 ^ _3802_/CLK (sky130_fd_sc_hd__dfxtp_1)
                         -0.02    0.08   library hold time
                                  0.08   data required time
-----------------------------------------------------------------------------
                                  0.08   data required time
                                 -0.44   data arrival time
-----------------------------------------------------------------------------
                                  0.36   slack (MET)


