
===========================================================================
report_checks -path_delay max (Setup)
============================================================================
Startpoint: i_wb_we (input port clocked by i_clk)
Endpoint: _3808_ (rising edge-triggered flip-flop clocked by i_clk)
Path Group: i_clk
Path Type: max

Fanout     Cap    Slew   Delay    Time   Description
-----------------------------------------------------------------------------
                  0.10    0.00    0.00   clock i_clk (rise edge)
                          0.00    0.00   clock network delay (ideal)
                          1.29    1.29 ^ input external delay
                  0.02    0.01    1.30 ^ i_wb_we (in)
     1    0.00                           i_wb_we (net)
                  0.02    0.00    1.30 ^ input60/A (sky130_fd_sc_hd__dlymetal6s2s_1)
                  0.17    0.17    1.47 ^ input60/X (sky130_fd_sc_hd__dlymetal6s2s_1)
     1    0.01                           net60 (net)
                  0.17    0.00    1.47 ^ _1875_/A (sky130_fd_sc_hd__buf_4)
                  0.18    0.25    1.72 ^ _1875_/X (sky130_fd_sc_hd__buf_4)
    14    0.06                           _1505_ (net)
                  0.18    0.00    1.72 ^ _1889_/A (sky130_fd_sc_hd__inv_2)
                  0.06    0.08    1.81 v _1889_/Y (sky130_fd_sc_hd__inv_2)
     6    0.02                           _1519_ (net)
                  0.06    0.00    1.81 v _1890_/B (sky130_fd_sc_hd__nand2_1)
                  0.16    0.15    1.96 ^ _1890_/Y (sky130_fd_sc_hd__nand2_1)
     4    0.02                           _1520_ (net)
                  0.16    0.00    1.96 ^ _2438_/A (sky130_fd_sc_hd__nor2_1)
                  0.08    0.11    2.07 v _2438_/Y (sky130_fd_sc_hd__nor2_1)
     4    0.01                           _0501_ (net)
                  0.08    0.00    2.07 v _3200_/A1 (sky130_fd_sc_hd__a211o_1)
                  0.04    0.25    2.32 v _3200_/X (sky130_fd_sc_hd__a211o_1)
     1    0.00                           _1141_ (net)
                  0.04    0.00    2.32 v _3202_/C (sky130_fd_sc_hd__or4_1)
                  0.12    0.51    2.84 v _3202_/X (sky130_fd_sc_hd__or4_1)
     1    0.01                           _1143_ (net)
                  0.12    0.00    2.84 v _3203_/C (sky130_fd_sc_hd__nor3_1)
                  0.32    0.28    3.11 ^ _3203_/Y (sky130_fd_sc_hd__nor3_1)
     1    0.01                           _1144_ (net)
                  0.32    0.00    3.11 ^ _3207_/A (sky130_fd_sc_hd__nand2_4)
                  0.14    0.17    3.28 v _3207_/Y (sky130_fd_sc_hd__nand2_4)
     7    0.04                           _1148_ (net)
                  0.15    0.00    3.28 v _3208_/A (sky130_fd_sc_hd__buf_8)
                  0.08    0.21    3.50 v _3208_/X (sky130_fd_sc_hd__buf_8)
    27    0.10                           _1149_ (net)
                  0.08    0.01    3.51 v _3253_/S (sky130_fd_sc_hd__mux2_1)
                  0.05    0.31    3.82 v _3253_/X (sky130_fd_sc_hd__mux2_1)
     1    0.00                           _0183_ (net)
                  0.05    0.00    3.82 v _3808_/D (sky130_fd_sc_hd__dfxtp_1)
                                  3.82   data arrival time

                  0.10    6.45    6.45   clock i_clk (rise edge)
                          0.00    6.45   clock network delay (ideal)
                         -0.10    6.35   clock uncertainty
                          0.00    6.35   clock reconvergence pessimism
                                  6.35 ^ _3808_/CLK (sky130_fd_sc_hd__dfxtp_1)
                         -0.10    6.25   library setup time
                                  6.25   data required time
-----------------------------------------------------------------------------
                                  6.25   data required time
                                 -3.82   data arrival time
-----------------------------------------------------------------------------
                                  2.43   slack (MET)


Startpoint: i_wb_we (input port clocked by i_clk)
Endpoint: _3806_ (rising edge-triggered flip-flop clocked by i_clk)
Path Group: i_clk
Path Type: max

Fanout     Cap    Slew   Delay    Time   Description
-----------------------------------------------------------------------------
                  0.10    0.00    0.00   clock i_clk (rise edge)
                          0.00    0.00   clock network delay (ideal)
                          1.29    1.29 ^ input external delay
                  0.02    0.01    1.30 ^ i_wb_we (in)
     1    0.00                           i_wb_we (net)
                  0.02    0.00    1.30 ^ input60/A (sky130_fd_sc_hd__dlymetal6s2s_1)
                  0.17    0.17    1.47 ^ input60/X (sky130_fd_sc_hd__dlymetal6s2s_1)
     1    0.01                           net60 (net)
                  0.17    0.00    1.47 ^ _1875_/A (sky130_fd_sc_hd__buf_4)
                  0.18    0.25    1.72 ^ _1875_/X (sky130_fd_sc_hd__buf_4)
    14    0.06                           _1505_ (net)
                  0.18    0.00    1.72 ^ _1889_/A (sky130_fd_sc_hd__inv_2)
                  0.06    0.08    1.81 v _1889_/Y (sky130_fd_sc_hd__inv_2)
     6    0.02                           _1519_ (net)
                  0.06    0.00    1.81 v _1890_/B (sky130_fd_sc_hd__nand2_1)
                  0.16    0.15    1.96 ^ _1890_/Y (sky130_fd_sc_hd__nand2_1)
     4    0.02                           _1520_ (net)
                  0.16    0.00    1.96 ^ _2438_/A (sky130_fd_sc_hd__nor2_1)
                  0.08    0.11    2.07 v _2438_/Y (sky130_fd_sc_hd__nor2_1)
     4    0.01                           _0501_ (net)
                  0.08    0.00    2.07 v _3200_/A1 (sky130_fd_sc_hd__a211o_1)
                  0.04    0.25    2.32 v _3200_/X (sky130_fd_sc_hd__a211o_1)
     1    0.00                           _1141_ (net)
                  0.04    0.00    2.32 v _3202_/C (sky130_fd_sc_hd__or4_1)
                  0.12    0.51    2.84 v _3202_/X (sky130_fd_sc_hd__or4_1)
     1    0.01                           _1143_ (net)
                  0.12    0.00    2.84 v _3203_/C (sky130_fd_sc_hd__nor3_1)
                  0.32    0.28    3.11 ^ _3203_/Y (sky130_fd_sc_hd__nor3_1)
     1    0.01                           _1144_ (net)
                  0.32    0.00    3.11 ^ _3207_/A (sky130_fd_sc_hd__nand2_4)
                  0.14    0.17    3.28 v _3207_/Y (sky130_fd_sc_hd__nand2_4)
     7    0.04                           _1148_ (net)
                  0.15    0.00    3.28 v _3208_/A (sky130_fd_sc_hd__buf_8)
                  0.08    0.21    3.50 v _3208_/X (sky130_fd_sc_hd__buf_8)
    27    0.10                           _1149_ (net)
                  0.08    0.01    3.51 v _3249_/S (sky130_fd_sc_hd__mux2_1)
                  0.05    0.31    3.82 v _3249_/X (sky130_fd_sc_hd__mux2_1)
     1    0.00                           _0181_ (net)
                  0.05    0.00    3.82 v _3806_/D (sky130_fd_sc_hd__dfxtp_1)
                                  3.82   data arrival time

                  0.10    6.45    6.45   clock i_clk (rise edge)
                          0.00    6.45   clock network delay (ideal)
                         -0.10    6.35   clock uncertainty
                          0.00    6.35   clock reconvergence pessimism
                                  6.35 ^ _3806_/CLK (sky130_fd_sc_hd__dfxtp_1)
                         -0.10    6.25   library setup time
                                  6.25   data required time
-----------------------------------------------------------------------------
                                  6.25   data required time
                                 -3.82   data arrival time
-----------------------------------------------------------------------------
                                  2.43   slack (MET)


Startpoint: i_wb_we (input port clocked by i_clk)
Endpoint: _3810_ (rising edge-triggered flip-flop clocked by i_clk)
Path Group: i_clk
Path Type: max

Fanout     Cap    Slew   Delay    Time   Description
-----------------------------------------------------------------------------
                  0.10    0.00    0.00   clock i_clk (rise edge)
                          0.00    0.00   clock network delay (ideal)
                          1.29    1.29 ^ input external delay
                  0.02    0.01    1.30 ^ i_wb_we (in)
     1    0.00                           i_wb_we (net)
                  0.02    0.00    1.30 ^ input60/A (sky130_fd_sc_hd__dlymetal6s2s_1)
                  0.17    0.17    1.47 ^ input60/X (sky130_fd_sc_hd__dlymetal6s2s_1)
     1    0.01                           net60 (net)
                  0.17    0.00    1.47 ^ _1875_/A (sky130_fd_sc_hd__buf_4)
                  0.18    0.25    1.72 ^ _1875_/X (sky130_fd_sc_hd__buf_4)
    14    0.06                           _1505_ (net)
                  0.18    0.00    1.72 ^ _1889_/A (sky130_fd_sc_hd__inv_2)
                  0.06    0.08    1.81 v _1889_/Y (sky130_fd_sc_hd__inv_2)
     6    0.02                           _1519_ (net)
                  0.06    0.00    1.81 v _1890_/B (sky130_fd_sc_hd__nand2_1)
                  0.16    0.15    1.96 ^ _1890_/Y (sky130_fd_sc_hd__nand2_1)
     4    0.02                           _1520_ (net)
                  0.16    0.00    1.96 ^ _2438_/A (sky130_fd_sc_hd__nor2_1)
                  0.08    0.11    2.07 v _2438_/Y (sky130_fd_sc_hd__nor2_1)
     4    0.01                           _0501_ (net)
                  0.08    0.00    2.07 v _3200_/A1 (sky130_fd_sc_hd__a211o_1)
                  0.04    0.25    2.32 v _3200_/X (sky130_fd_sc_hd__a211o_1)
     1    0.00                           _1141_ (net)
                  0.04    0.00    2.32 v _3202_/C (sky130_fd_sc_hd__or4_1)
                  0.12    0.51    2.84 v _3202_/X (sky130_fd_sc_hd__or4_1)
     1    0.01                           _1143_ (net)
                  0.12    0.00    2.84 v _3203_/C (sky130_fd_sc_hd__nor3_1)
                  0.32    0.28    3.11 ^ _3203_/Y (sky130_fd_sc_hd__nor3_1)
     1    0.01                           _1144_ (net)
                  0.32    0.00    3.11 ^ _3207_/A (sky130_fd_sc_hd__nand2_4)
                  0.14    0.17    3.28 v _3207_/Y (sky130_fd_sc_hd__nand2_4)
     7    0.04                           _1148_ (net)
                  0.15    0.00    3.28 v _3208_/A (sky130_fd_sc_hd__buf_8)
                  0.08    0.21    3.50 v _3208_/X (sky130_fd_sc_hd__buf_8)
    27    0.10                           _1149_ (net)
                  0.08    0.01    3.51 v _3257_/S (sky130_fd_sc_hd__mux2_1)
                  0.05    0.31    3.82 v _3257_/X (sky130_fd_sc_hd__mux2_1)
     1    0.00                           _0185_ (net)
                  0.05    0.00    3.82 v _3810_/D (sky130_fd_sc_hd__dfxtp_1)
                                  3.82   data arrival time

                  0.10    6.45    6.45   clock i_clk (rise edge)
                          0.00    6.45   clock network delay (ideal)
                         -0.10    6.35   clock uncertainty
                          0.00    6.35   clock reconvergence pessimism
                                  6.35 ^ _3810_/CLK (sky130_fd_sc_hd__dfxtp_1)
                         -0.10    6.25   library setup time
                                  6.25   data required time
-----------------------------------------------------------------------------
                                  6.25   data required time
                                 -3.82   data arrival time
-----------------------------------------------------------------------------
                                  2.43   slack (MET)


Startpoint: i_wb_we (input port clocked by i_clk)
Endpoint: _3809_ (rising edge-triggered flip-flop clocked by i_clk)
Path Group: i_clk
Path Type: max

Fanout     Cap    Slew   Delay    Time   Description
-----------------------------------------------------------------------------
                  0.10    0.00    0.00   clock i_clk (rise edge)
                          0.00    0.00   clock network delay (ideal)
                          1.29    1.29 ^ input external delay
                  0.02    0.01    1.30 ^ i_wb_we (in)
     1    0.00                           i_wb_we (net)
                  0.02    0.00    1.30 ^ input60/A (sky130_fd_sc_hd__dlymetal6s2s_1)
                  0.17    0.17    1.47 ^ input60/X (sky130_fd_sc_hd__dlymetal6s2s_1)
     1    0.01                           net60 (net)
                  0.17    0.00    1.47 ^ _1875_/A (sky130_fd_sc_hd__buf_4)
                  0.18    0.25    1.72 ^ _1875_/X (sky130_fd_sc_hd__buf_4)
    14    0.06                           _1505_ (net)
                  0.18    0.00    1.72 ^ _1889_/A (sky130_fd_sc_hd__inv_2)
                  0.06    0.08    1.81 v _1889_/Y (sky130_fd_sc_hd__inv_2)
     6    0.02                           _1519_ (net)
                  0.06    0.00    1.81 v _1890_/B (sky130_fd_sc_hd__nand2_1)
                  0.16    0.15    1.96 ^ _1890_/Y (sky130_fd_sc_hd__nand2_1)
     4    0.02                           _1520_ (net)
                  0.16    0.00    1.96 ^ _2438_/A (sky130_fd_sc_hd__nor2_1)
                  0.08    0.11    2.07 v _2438_/Y (sky130_fd_sc_hd__nor2_1)
     4    0.01                           _0501_ (net)
                  0.08    0.00    2.07 v _3200_/A1 (sky130_fd_sc_hd__a211o_1)
                  0.04    0.25    2.32 v _3200_/X (sky130_fd_sc_hd__a211o_1)
     1    0.00                           _1141_ (net)
                  0.04    0.00    2.32 v _3202_/C (sky130_fd_sc_hd__or4_1)
                  0.12    0.51    2.84 v _3202_/X (sky130_fd_sc_hd__or4_1)
     1    0.01                           _1143_ (net)
                  0.12    0.00    2.84 v _3203_/C (sky130_fd_sc_hd__nor3_1)
                  0.32    0.28    3.11 ^ _3203_/Y (sky130_fd_sc_hd__nor3_1)
     1    0.01                           _1144_ (net)
                  0.32    0.00    3.11 ^ _3207_/A (sky130_fd_sc_hd__nand2_4)
                  0.14    0.17    3.28 v _3207_/Y (sky130_fd_sc_hd__nand2_4)
     7    0.04                           _1148_ (net)
                  0.15    0.00    3.28 v _3208_/A (sky130_fd_sc_hd__buf_8)
                  0.08    0.21    3.50 v _3208_/X (sky130_fd_sc_hd__buf_8)
    27    0.10                           _1149_ (net)
                  0.08    0.01    3.51 v _3255_/S (sky130_fd_sc_hd__mux2_1)
                  0.05    0.31    3.82 v _3255_/X (sky130_fd_sc_hd__mux2_1)
     1    0.00                           _0184_ (net)
                  0.05    0.00    3.82 v _3809_/D (sky130_fd_sc_hd__dfxtp_1)
                                  3.82   data arrival time

                  0.10    6.45    6.45   clock i_clk (rise edge)
                          0.00    6.45   clock network delay (ideal)
                         -0.10    6.35   clock uncertainty
                          0.00    6.35   clock reconvergence pessimism
                                  6.35 ^ _3809_/CLK (sky130_fd_sc_hd__dfxtp_1)
                         -0.10    6.25   library setup time
                                  6.25   data required time
-----------------------------------------------------------------------------
                                  6.25   data required time
                                 -3.82   data arrival time
-----------------------------------------------------------------------------
                                  2.43   slack (MET)


Startpoint: i_wb_we (input port clocked by i_clk)
Endpoint: _3788_ (rising edge-triggered flip-flop clocked by i_clk)
Path Group: i_clk
Path Type: max

Fanout     Cap    Slew   Delay    Time   Description
-----------------------------------------------------------------------------
                  0.10    0.00    0.00   clock i_clk (rise edge)
                          0.00    0.00   clock network delay (ideal)
                          1.29    1.29 ^ input external delay
                  0.02    0.01    1.30 ^ i_wb_we (in)
     1    0.00                           i_wb_we (net)
                  0.02    0.00    1.30 ^ input60/A (sky130_fd_sc_hd__dlymetal6s2s_1)
                  0.17    0.17    1.47 ^ input60/X (sky130_fd_sc_hd__dlymetal6s2s_1)
     1    0.01                           net60 (net)
                  0.17    0.00    1.47 ^ _1875_/A (sky130_fd_sc_hd__buf_4)
                  0.18    0.25    1.72 ^ _1875_/X (sky130_fd_sc_hd__buf_4)
    14    0.06                           _1505_ (net)
                  0.18    0.00    1.72 ^ _1889_/A (sky130_fd_sc_hd__inv_2)
                  0.06    0.08    1.81 v _1889_/Y (sky130_fd_sc_hd__inv_2)
     6    0.02                           _1519_ (net)
                  0.06    0.00    1.81 v _1890_/B (sky130_fd_sc_hd__nand2_1)
                  0.16    0.15    1.96 ^ _1890_/Y (sky130_fd_sc_hd__nand2_1)
     4    0.02                           _1520_ (net)
                  0.16    0.00    1.96 ^ _2438_/A (sky130_fd_sc_hd__nor2_1)
                  0.08    0.11    2.07 v _2438_/Y (sky130_fd_sc_hd__nor2_1)
     4    0.01                           _0501_ (net)
                  0.08    0.00    2.07 v _3200_/A1 (sky130_fd_sc_hd__a211o_1)
                  0.04    0.25    2.32 v _3200_/X (sky130_fd_sc_hd__a211o_1)
     1    0.00                           _1141_ (net)
                  0.04    0.00    2.32 v _3202_/C (sky130_fd_sc_hd__or4_1)
                  0.12    0.51    2.84 v _3202_/X (sky130_fd_sc_hd__or4_1)
     1    0.01                           _1143_ (net)
                  0.12    0.00    2.84 v _3203_/C (sky130_fd_sc_hd__nor3_1)
                  0.32    0.28    3.11 ^ _3203_/Y (sky130_fd_sc_hd__nor3_1)
     1    0.01                           _1144_ (net)
                  0.32    0.00    3.11 ^ _3207_/A (sky130_fd_sc_hd__nand2_4)
                  0.14    0.17    3.28 v _3207_/Y (sky130_fd_sc_hd__nand2_4)
     7    0.04                           _1148_ (net)
                  0.15    0.00    3.28 v _3208_/A (sky130_fd_sc_hd__buf_8)
                  0.08    0.21    3.50 v _3208_/X (sky130_fd_sc_hd__buf_8)
    27    0.10                           _1149_ (net)
                  0.08    0.01    3.50 v _3211_/S (sky130_fd_sc_hd__mux2_1)
                  0.05    0.31    3.82 v _3211_/X (sky130_fd_sc_hd__mux2_1)
     1    0.00                           _0163_ (net)
                  0.05    0.00    3.82 v _3788_/D (sky130_fd_sc_hd__dfxtp_1)
                                  3.82   data arrival time

                  0.10    6.45    6.45   clock i_clk (rise edge)
                          0.00    6.45   clock network delay (ideal)
                         -0.10    6.35   clock uncertainty
                          0.00    6.35   clock reconvergence pessimism
                                  6.35 ^ _3788_/CLK (sky130_fd_sc_hd__dfxtp_1)
                         -0.10    6.25   library setup time
                                  6.25   data required time
-----------------------------------------------------------------------------
                                  6.25   data required time
                                 -3.82   data arrival time
-----------------------------------------------------------------------------
                                  2.43   slack (MET)


