
===========================================================================
report_checks -path_delay min (Hold)
============================================================================
Startpoint: _3211_ (rising edge-triggered flip-flop clocked by i_clk)
Endpoint: _3211_ (rising edge-triggered flip-flop clocked by i_clk)
Path Group: i_clk
Path Type: min

Fanout     Cap    Slew   Delay    Time   Description
-----------------------------------------------------------------------------
                  0.10    0.00    0.00   clock i_clk (rise edge)
                          0.00    0.00   clock network delay (ideal)
                  0.10    0.00    0.00 ^ _3211_/CLK (sky130_fd_sc_hd__dfxtp_2)
                  0.03    0.32    0.32 v _3211_/Q (sky130_fd_sc_hd__dfxtp_2)
     2    0.01                           dirty_sector (net)
                  0.03    0.00    0.32 v _2490_/B1 (sky130_fd_sc_hd__o21ai_2)
                  0.05    0.05    0.37 ^ _2490_/Y (sky130_fd_sc_hd__o21ai_2)
     1    0.00                           _0785_ (net)
                  0.05    0.00    0.37 ^ _2491_/B1 (sky130_fd_sc_hd__o21ai_2)
                  0.02    0.04    0.41 v _2491_/Y (sky130_fd_sc_hd__o21ai_2)
     1    0.00                           _0082_ (net)
                  0.02    0.00    0.41 v _3211_/D (sky130_fd_sc_hd__dfxtp_2)
                                  0.41   data arrival time

                  0.10    0.00    0.00   clock i_clk (rise edge)
                          0.00    0.00   clock network delay (ideal)
                          0.10    0.10   clock uncertainty
                          0.00    0.10   clock reconvergence pessimism
                                  0.10 ^ _3211_/CLK (sky130_fd_sc_hd__dfxtp_2)
                         -0.02    0.08   library hold time
                                  0.08   data required time
-----------------------------------------------------------------------------
                                  0.08   data required time
                                 -0.41   data arrival time
-----------------------------------------------------------------------------
                                  0.33   slack (MET)


Startpoint: _3405_ (rising edge-triggered flip-flop clocked by i_clk)
Endpoint: _3405_ (rising edge-triggered flip-flop clocked by i_clk)
Path Group: i_clk
Path Type: min

Fanout     Cap    Slew   Delay    Time   Description
-----------------------------------------------------------------------------
                  0.10    0.00    0.00   clock i_clk (rise edge)
                          0.00    0.00   clock network delay (ideal)
                  0.10    0.00    0.00 ^ _3405_/CLK (sky130_fd_sc_hd__dfxtp_2)
                  0.04    0.32    0.32 v _3405_/Q (sky130_fd_sc_hd__dfxtp_2)
     3    0.01                           lldriver.spi_len[5] (net)
                  0.04    0.00    0.32 v _3111_/B1 (sky130_fd_sc_hd__o21ai_2)
                  0.05    0.05    0.37 ^ _3111_/Y (sky130_fd_sc_hd__o21ai_2)
     1    0.00                           _1213_ (net)
                  0.05    0.00    0.37 ^ _3112_/B1 (sky130_fd_sc_hd__o21ai_2)
                  0.03    0.04    0.41 v _3112_/Y (sky130_fd_sc_hd__o21ai_2)
     1    0.00                           _0275_ (net)
                  0.03    0.00    0.41 v _3405_/D (sky130_fd_sc_hd__dfxtp_2)
                                  0.41   data arrival time

                  0.10    0.00    0.00   clock i_clk (rise edge)
                          0.00    0.00   clock network delay (ideal)
                          0.10    0.10   clock uncertainty
                          0.00    0.10   clock reconvergence pessimism
                                  0.10 ^ _3405_/CLK (sky130_fd_sc_hd__dfxtp_2)
                         -0.03    0.07   library hold time
                                  0.07   data required time
-----------------------------------------------------------------------------
                                  0.07   data required time
                                 -0.41   data arrival time
-----------------------------------------------------------------------------
                                  0.34   slack (MET)


Startpoint: _3224_ (rising edge-triggered flip-flop clocked by i_clk)
Endpoint: _3224_ (rising edge-triggered flip-flop clocked by i_clk)
Path Group: i_clk
Path Type: min

Fanout     Cap    Slew   Delay    Time   Description
-----------------------------------------------------------------------------
                  0.10    0.00    0.00   clock i_clk (rise edge)
                          0.00    0.00   clock network delay (ideal)
                  0.10    0.00    0.00 ^ _3224_/CLK (sky130_fd_sc_hd__dfxtp_2)
                  0.04    0.31    0.31 ^ _3224_/Q (sky130_fd_sc_hd__dfxtp_2)
     2    0.00                           reset_counter[6] (net)
                  0.04    0.00    0.31 ^ _2536_/A2 (sky130_fd_sc_hd__a211o_2)
                  0.03    0.10    0.42 ^ _2536_/X (sky130_fd_sc_hd__a211o_2)
     1    0.00                           _0095_ (net)
                  0.03    0.00    0.42 ^ _3224_/D (sky130_fd_sc_hd__dfxtp_2)
                                  0.42   data arrival time

                  0.10    0.00    0.00   clock i_clk (rise edge)
                          0.00    0.00   clock network delay (ideal)
                          0.10    0.10   clock uncertainty
                          0.00    0.10   clock reconvergence pessimism
                                  0.10 ^ _3224_/CLK (sky130_fd_sc_hd__dfxtp_2)
                         -0.02    0.08   library hold time
                                  0.08   data required time
-----------------------------------------------------------------------------
                                  0.08   data required time
                                 -0.42   data arrival time
-----------------------------------------------------------------------------
                                  0.34   slack (MET)


Startpoint: _3400_ (rising edge-triggered flip-flop clocked by i_clk)
Endpoint: _3400_ (rising edge-triggered flip-flop clocked by i_clk)
Path Group: i_clk
Path Type: min

Fanout     Cap    Slew   Delay    Time   Description
-----------------------------------------------------------------------------
                  0.10    0.00    0.00   clock i_clk (rise edge)
                          0.00    0.00   clock network delay (ideal)
                  0.10    0.00    0.00 ^ _3400_/CLK (sky130_fd_sc_hd__dfxtp_2)
                  0.05    0.32    0.32 ^ _3400_/Q (sky130_fd_sc_hd__dfxtp_2)
     3    0.01                           lldriver.r_word[31] (net)
                  0.05    0.00    0.32 ^ _3089_/A1 (sky130_fd_sc_hd__a21o_2)
                  0.02    0.10    0.42 ^ _3089_/X (sky130_fd_sc_hd__a21o_2)
     1    0.00                           _0270_ (net)
                  0.02    0.00    0.42 ^ _3400_/D (sky130_fd_sc_hd__dfxtp_2)
                                  0.42   data arrival time

                  0.10    0.00    0.00   clock i_clk (rise edge)
                          0.00    0.00   clock network delay (ideal)
                          0.10    0.10   clock uncertainty
                          0.00    0.10   clock reconvergence pessimism
                                  0.10 ^ _3400_/CLK (sky130_fd_sc_hd__dfxtp_2)
                         -0.02    0.08   library hold time
                                  0.08   data required time
-----------------------------------------------------------------------------
                                  0.08   data required time
                                 -0.42   data arrival time
-----------------------------------------------------------------------------
                                  0.34   slack (MET)


Startpoint: _3392_ (rising edge-triggered flip-flop clocked by i_clk)
Endpoint: _3392_ (rising edge-triggered flip-flop clocked by i_clk)
Path Group: i_clk
Path Type: min

Fanout     Cap    Slew   Delay    Time   Description
-----------------------------------------------------------------------------
                  0.10    0.00    0.00   clock i_clk (rise edge)
                          0.00    0.00   clock network delay (ideal)
                  0.10    0.00    0.00 ^ _3392_/CLK (sky130_fd_sc_hd__dfxtp_2)
                  0.05    0.33    0.33 ^ _3392_/Q (sky130_fd_sc_hd__dfxtp_2)
     3    0.01                           lldriver.r_word[23] (net)
                  0.05    0.00    0.33 ^ _3041_/A1 (sky130_fd_sc_hd__a21o_2)
                  0.02    0.10    0.42 ^ _3041_/X (sky130_fd_sc_hd__a21o_2)
     1    0.00                           _0262_ (net)
                  0.02    0.00    0.42 ^ _3392_/D (sky130_fd_sc_hd__dfxtp_2)
                                  0.42   data arrival time

                  0.10    0.00    0.00   clock i_clk (rise edge)
                          0.00    0.00   clock network delay (ideal)
                          0.10    0.10   clock uncertainty
                          0.00    0.10   clock reconvergence pessimism
                                  0.10 ^ _3392_/CLK (sky130_fd_sc_hd__dfxtp_2)
                         -0.02    0.08   library hold time
                                  0.08   data required time
-----------------------------------------------------------------------------
                                  0.08   data required time
                                 -0.42   data arrival time
-----------------------------------------------------------------------------
                                  0.34   slack (MET)


