
===========================================================================
report_checks -path_delay min (Hold)
============================================================================
Startpoint: _3310_ (rising edge-triggered flip-flop clocked by i_clk)
Endpoint: _3310_ (rising edge-triggered flip-flop clocked by i_clk)
Path Group: i_clk
Path Type: min

Fanout     Cap    Slew   Delay    Time   Description
-----------------------------------------------------------------------------
                  0.10    0.00    0.00   clock i_clk (rise edge)
                          0.00    0.00   clock network delay (ideal)
                  0.10    0.00    0.00 ^ _3310_/CLK (sky130_fd_sc_hd__dfxtp_1)
                  0.06    0.32    0.32 ^ _3310_/Q (sky130_fd_sc_hd__dfxtp_1)
     2    0.01                           net102 (net)
                  0.06    0.00    0.32 ^ _2780_/A1 (sky130_fd_sc_hd__a21o_1)
                  0.03    0.10    0.41 ^ _2780_/X (sky130_fd_sc_hd__a21o_1)
     1    0.00                           _0181_ (net)
                  0.03    0.00    0.41 ^ _3310_/D (sky130_fd_sc_hd__dfxtp_1)
                                  0.41   data arrival time

                  0.10    0.00    0.00   clock i_clk (rise edge)
                          0.00    0.00   clock network delay (ideal)
                          0.10    0.10   clock uncertainty
                          0.00    0.10   clock reconvergence pessimism
                                  0.10 ^ _3310_/CLK (sky130_fd_sc_hd__dfxtp_1)
                         -0.02    0.08   library hold time
                                  0.08   data required time
-----------------------------------------------------------------------------
                                  0.08   data required time
                                 -0.41   data arrival time
-----------------------------------------------------------------------------
                                  0.34   slack (MET)


Startpoint: _3314_ (rising edge-triggered flip-flop clocked by i_clk)
Endpoint: _3314_ (rising edge-triggered flip-flop clocked by i_clk)
Path Group: i_clk
Path Type: min

Fanout     Cap    Slew   Delay    Time   Description
-----------------------------------------------------------------------------
                  0.10    0.00    0.00   clock i_clk (rise edge)
                          0.00    0.00   clock network delay (ideal)
                  0.10    0.00    0.00 ^ _3314_/CLK (sky130_fd_sc_hd__dfxtp_1)
                  0.07    0.32    0.32 ^ _3314_/Q (sky130_fd_sc_hd__dfxtp_1)
     2    0.01                           net75 (net)
                  0.07    0.00    0.32 ^ _2788_/A1 (sky130_fd_sc_hd__a21o_1)
                  0.03    0.09    0.42 ^ _2788_/X (sky130_fd_sc_hd__a21o_1)
     1    0.00                           _0185_ (net)
                  0.03    0.00    0.42 ^ _3314_/D (sky130_fd_sc_hd__dfxtp_1)
                                  0.42   data arrival time

                  0.10    0.00    0.00   clock i_clk (rise edge)
                          0.00    0.00   clock network delay (ideal)
                          0.10    0.10   clock uncertainty
                          0.00    0.10   clock reconvergence pessimism
                                  0.10 ^ _3314_/CLK (sky130_fd_sc_hd__dfxtp_1)
                         -0.02    0.08   library hold time
                                  0.08   data required time
-----------------------------------------------------------------------------
                                  0.08   data required time
                                 -0.42   data arrival time
-----------------------------------------------------------------------------
                                  0.34   slack (MET)


Startpoint: _3345_ (rising edge-triggered flip-flop clocked by i_clk)
Endpoint: _3345_ (rising edge-triggered flip-flop clocked by i_clk)
Path Group: i_clk
Path Type: min

Fanout     Cap    Slew   Delay    Time   Description
-----------------------------------------------------------------------------
                  0.10    0.00    0.00   clock i_clk (rise edge)
                          0.00    0.00   clock network delay (ideal)
                  0.10    0.00    0.00 ^ _3345_/CLK (sky130_fd_sc_hd__dfxtp_1)
                  0.05    0.31    0.31 ^ _3345_/Q (sky130_fd_sc_hd__dfxtp_1)
     2    0.00                           lldriver.o_word[11] (net)
                  0.05    0.00    0.31 ^ _2864_/A0 (sky130_fd_sc_hd__mux2_1)
                  0.04    0.11    0.42 ^ _2864_/X (sky130_fd_sc_hd__mux2_1)
     1    0.00                           _0215_ (net)
                  0.04    0.00    0.42 ^ _3345_/D (sky130_fd_sc_hd__dfxtp_1)
                                  0.42   data arrival time

                  0.10    0.00    0.00   clock i_clk (rise edge)
                          0.00    0.00   clock network delay (ideal)
                          0.10    0.10   clock uncertainty
                          0.00    0.10   clock reconvergence pessimism
                                  0.10 ^ _3345_/CLK (sky130_fd_sc_hd__dfxtp_1)
                         -0.02    0.08   library hold time
                                  0.08   data required time
-----------------------------------------------------------------------------
                                  0.08   data required time
                                 -0.42   data arrival time
-----------------------------------------------------------------------------
                                  0.34   slack (MET)


Startpoint: _3343_ (rising edge-triggered flip-flop clocked by i_clk)
Endpoint: _3343_ (rising edge-triggered flip-flop clocked by i_clk)
Path Group: i_clk
Path Type: min

Fanout     Cap    Slew   Delay    Time   Description
-----------------------------------------------------------------------------
                  0.10    0.00    0.00   clock i_clk (rise edge)
                          0.00    0.00   clock network delay (ideal)
                  0.10    0.00    0.00 ^ _3343_/CLK (sky130_fd_sc_hd__dfxtp_1)
                  0.05    0.31    0.31 ^ _3343_/Q (sky130_fd_sc_hd__dfxtp_1)
     2    0.00                           lldriver.o_word[9] (net)
                  0.05    0.00    0.31 ^ _2862_/A0 (sky130_fd_sc_hd__mux2_1)
                  0.04    0.10    0.42 ^ _2862_/X (sky130_fd_sc_hd__mux2_1)
     1    0.00                           _0213_ (net)
                  0.04    0.00    0.42 ^ _3343_/D (sky130_fd_sc_hd__dfxtp_1)
                                  0.42   data arrival time

                  0.10    0.00    0.00   clock i_clk (rise edge)
                          0.00    0.00   clock network delay (ideal)
                          0.10    0.10   clock uncertainty
                          0.00    0.10   clock reconvergence pessimism
                                  0.10 ^ _3343_/CLK (sky130_fd_sc_hd__dfxtp_1)
                         -0.02    0.08   library hold time
                                  0.08   data required time
-----------------------------------------------------------------------------
                                  0.08   data required time
                                 -0.42   data arrival time
-----------------------------------------------------------------------------
                                  0.34   slack (MET)


Startpoint: _3313_ (rising edge-triggered flip-flop clocked by i_clk)
Endpoint: _3313_ (rising edge-triggered flip-flop clocked by i_clk)
Path Group: i_clk
Path Type: min

Fanout     Cap    Slew   Delay    Time   Description
-----------------------------------------------------------------------------
                  0.10    0.00    0.00   clock i_clk (rise edge)
                          0.00    0.00   clock network delay (ideal)
                  0.10    0.00    0.00 ^ _3313_/CLK (sky130_fd_sc_hd__dfxtp_1)
                  0.07    0.32    0.32 ^ _3313_/Q (sky130_fd_sc_hd__dfxtp_1)
     2    0.01                           net74 (net)
                  0.07    0.00    0.32 ^ _2786_/A1 (sky130_fd_sc_hd__a21o_1)
                  0.03    0.09    0.42 ^ _2786_/X (sky130_fd_sc_hd__a21o_1)
     1    0.00                           _0184_ (net)
                  0.03    0.00    0.42 ^ _3313_/D (sky130_fd_sc_hd__dfxtp_1)
                                  0.42   data arrival time

                  0.10    0.00    0.00   clock i_clk (rise edge)
                          0.00    0.00   clock network delay (ideal)
                          0.10    0.10   clock uncertainty
                          0.00    0.10   clock reconvergence pessimism
                                  0.10 ^ _3313_/CLK (sky130_fd_sc_hd__dfxtp_1)
                         -0.02    0.08   library hold time
                                  0.08   data required time
-----------------------------------------------------------------------------
                                  0.08   data required time
                                 -0.42   data arrival time
-----------------------------------------------------------------------------
                                  0.34   slack (MET)


