
===========================================================================
report_checks -path_delay min (Hold)
============================================================================
Startpoint: _3718_ (rising edge-triggered flip-flop clocked by i_clk)
Endpoint: _3718_ (rising edge-triggered flip-flop clocked by i_clk)
Path Group: i_clk
Path Type: min

Fanout     Cap    Slew   Delay    Time   Description
-----------------------------------------------------------------------------
                          0.00    0.00   clock i_clk (rise edge)
                          0.00    0.00   clock source latency
                  0.12    0.08    0.08 ^ i_clk (in)
     1    0.02                           i_clk (net)
                  0.12    0.00    0.08 ^ clkbuf_0_i_clk/A (sky130_fd_sc_hd__clkbuf_16)
                  0.08    0.18    0.27 ^ clkbuf_0_i_clk/X (sky130_fd_sc_hd__clkbuf_16)
     4    0.06                           clknet_0_i_clk (net)
                  0.08    0.00    0.27 ^ clkbuf_2_0__f_i_clk/A (sky130_fd_sc_hd__clkbuf_16)
                  0.11    0.20    0.46 ^ clkbuf_2_0__f_i_clk/X (sky130_fd_sc_hd__clkbuf_16)
     9    0.10                           clknet_2_0__leaf_i_clk (net)
                  0.11    0.00    0.47 ^ clkbuf_leaf_39_i_clk/A (sky130_fd_sc_hd__clkbuf_16)
                  0.05    0.16    0.63 ^ clkbuf_leaf_39_i_clk/X (sky130_fd_sc_hd__clkbuf_16)
    11    0.03                           clknet_leaf_39_i_clk (net)
                  0.05    0.00    0.63 ^ _3718_/CLK (sky130_fd_sc_hd__dfxtp_1)
                  0.06    0.32    0.95 ^ _3718_/Q (sky130_fd_sc_hd__dfxtp_1)
     2    0.01                           reset_counter[4] (net)
                  0.06    0.00    0.95 ^ _2934_/A1 (sky130_fd_sc_hd__a21o_1)
                  0.04    0.10    1.05 ^ _2934_/X (sky130_fd_sc_hd__a21o_1)
     1    0.00                           _0093_ (net)
                  0.04    0.00    1.05 ^ _3718_/D (sky130_fd_sc_hd__dfxtp_1)
                                  1.05   data arrival time

                          0.00    0.00   clock i_clk (rise edge)
                          0.00    0.00   clock source latency
                  0.12    0.08    0.08 ^ i_clk (in)
     1    0.02                           i_clk (net)
                  0.12    0.00    0.08 ^ clkbuf_0_i_clk/A (sky130_fd_sc_hd__clkbuf_16)
                  0.08    0.18    0.27 ^ clkbuf_0_i_clk/X (sky130_fd_sc_hd__clkbuf_16)
     4    0.06                           clknet_0_i_clk (net)
                  0.08    0.00    0.27 ^ clkbuf_2_0__f_i_clk/A (sky130_fd_sc_hd__clkbuf_16)
                  0.11    0.20    0.46 ^ clkbuf_2_0__f_i_clk/X (sky130_fd_sc_hd__clkbuf_16)
     9    0.10                           clknet_2_0__leaf_i_clk (net)
                  0.11    0.00    0.47 ^ clkbuf_leaf_39_i_clk/A (sky130_fd_sc_hd__clkbuf_16)
                  0.05    0.16    0.63 ^ clkbuf_leaf_39_i_clk/X (sky130_fd_sc_hd__clkbuf_16)
    11    0.03                           clknet_leaf_39_i_clk (net)
                  0.05    0.00    0.63 ^ _3718_/CLK (sky130_fd_sc_hd__dfxtp_1)
                          0.10    0.73   clock uncertainty
                          0.00    0.73   clock reconvergence pessimism
                         -0.03    0.70   library hold time
                                  0.70   data required time
-----------------------------------------------------------------------------
                                  0.70   data required time
                                 -1.05   data arrival time
-----------------------------------------------------------------------------
                                  0.35   slack (MET)


Startpoint: _3838_ (rising edge-triggered flip-flop clocked by i_clk)
Endpoint: _3838_ (rising edge-triggered flip-flop clocked by i_clk)
Path Group: i_clk
Path Type: min

Fanout     Cap    Slew   Delay    Time   Description
-----------------------------------------------------------------------------
                          0.00    0.00   clock i_clk (rise edge)
                          0.00    0.00   clock source latency
                  0.12    0.08    0.08 ^ i_clk (in)
     1    0.02                           i_clk (net)
                  0.12    0.00    0.08 ^ clkbuf_0_i_clk/A (sky130_fd_sc_hd__clkbuf_16)
                  0.08    0.18    0.27 ^ clkbuf_0_i_clk/X (sky130_fd_sc_hd__clkbuf_16)
     4    0.06                           clknet_0_i_clk (net)
                  0.08    0.00    0.27 ^ clkbuf_2_1__f_i_clk/A (sky130_fd_sc_hd__clkbuf_16)
                  0.15    0.22    0.49 ^ clkbuf_2_1__f_i_clk/X (sky130_fd_sc_hd__clkbuf_16)
    12    0.13                           clknet_2_1__leaf_i_clk (net)
                  0.15    0.00    0.49 ^ clkbuf_leaf_7_i_clk/A (sky130_fd_sc_hd__clkbuf_16)
                  0.05    0.16    0.66 ^ clkbuf_leaf_7_i_clk/X (sky130_fd_sc_hd__clkbuf_16)
     8    0.02                           clknet_leaf_7_i_clk (net)
                  0.05    0.00    0.66 ^ _3838_/CLK (sky130_fd_sc_hd__dfxtp_1)
                  0.05    0.31    0.97 ^ _3838_/Q (sky130_fd_sc_hd__dfxtp_1)
     2    0.00                           lldriver.o_word[8] (net)
                  0.05    0.00    0.97 ^ _3339_/A0 (sky130_fd_sc_hd__mux2_1)
                  0.04    0.11    1.08 ^ _3339_/X (sky130_fd_sc_hd__mux2_1)
     1    0.00                           _0212_ (net)
                  0.04    0.00    1.08 ^ _3838_/D (sky130_fd_sc_hd__dfxtp_1)
                                  1.08   data arrival time

                          0.00    0.00   clock i_clk (rise edge)
                          0.00    0.00   clock source latency
                  0.12    0.08    0.08 ^ i_clk (in)
     1    0.02                           i_clk (net)
                  0.12    0.00    0.08 ^ clkbuf_0_i_clk/A (sky130_fd_sc_hd__clkbuf_16)
                  0.08    0.18    0.27 ^ clkbuf_0_i_clk/X (sky130_fd_sc_hd__clkbuf_16)
     4    0.06                           clknet_0_i_clk (net)
                  0.08    0.00    0.27 ^ clkbuf_2_1__f_i_clk/A (sky130_fd_sc_hd__clkbuf_16)
                  0.15    0.22    0.49 ^ clkbuf_2_1__f_i_clk/X (sky130_fd_sc_hd__clkbuf_16)
    12    0.13                           clknet_2_1__leaf_i_clk (net)
                  0.15    0.00    0.49 ^ clkbuf_leaf_7_i_clk/A (sky130_fd_sc_hd__clkbuf_16)
                  0.05    0.16    0.66 ^ clkbuf_leaf_7_i_clk/X (sky130_fd_sc_hd__clkbuf_16)
     8    0.02                           clknet_leaf_7_i_clk (net)
                  0.05    0.00    0.66 ^ _3838_/CLK (sky130_fd_sc_hd__dfxtp_1)
                          0.10    0.76   clock uncertainty
                          0.00    0.76   clock reconvergence pessimism
                         -0.03    0.73   library hold time
                                  0.73   data required time
-----------------------------------------------------------------------------
                                  0.73   data required time
                                 -1.08   data arrival time
-----------------------------------------------------------------------------
                                  0.35   slack (MET)


Startpoint: _3853_ (rising edge-triggered flip-flop clocked by i_clk)
Endpoint: _3853_ (rising edge-triggered flip-flop clocked by i_clk)
Path Group: i_clk
Path Type: min

Fanout     Cap    Slew   Delay    Time   Description
-----------------------------------------------------------------------------
                          0.00    0.00   clock i_clk (rise edge)
                          0.00    0.00   clock source latency
                  0.12    0.08    0.08 ^ i_clk (in)
     1    0.02                           i_clk (net)
                  0.12    0.00    0.08 ^ clkbuf_0_i_clk/A (sky130_fd_sc_hd__clkbuf_16)
                  0.08    0.18    0.27 ^ clkbuf_0_i_clk/X (sky130_fd_sc_hd__clkbuf_16)
     4    0.06                           clknet_0_i_clk (net)
                  0.08    0.00    0.27 ^ clkbuf_2_3__f_i_clk/A (sky130_fd_sc_hd__clkbuf_16)
                  0.11    0.20    0.47 ^ clkbuf_2_3__f_i_clk/X (sky130_fd_sc_hd__clkbuf_16)
     9    0.10                           clknet_2_3__leaf_i_clk (net)
                  0.11    0.00    0.47 ^ clkbuf_leaf_17_i_clk/A (sky130_fd_sc_hd__clkbuf_16)
                  0.05    0.16    0.63 ^ clkbuf_leaf_17_i_clk/X (sky130_fd_sc_hd__clkbuf_16)
    10    0.03                           clknet_leaf_17_i_clk (net)
                  0.05    0.00    0.63 ^ _3853_/CLK (sky130_fd_sc_hd__dfxtp_1)
                  0.05    0.31    0.94 ^ _3853_/Q (sky130_fd_sc_hd__dfxtp_1)
     2    0.00                           lldriver.o_word[23] (net)
                  0.05    0.00    0.94 ^ _3354_/A0 (sky130_fd_sc_hd__mux2_1)
                  0.04    0.11    1.05 ^ _3354_/X (sky130_fd_sc_hd__mux2_1)
     1    0.00                           _0227_ (net)
                  0.04    0.00    1.05 ^ _3853_/D (sky130_fd_sc_hd__dfxtp_1)
                                  1.05   data arrival time

                          0.00    0.00   clock i_clk (rise edge)
                          0.00    0.00   clock source latency
                  0.12    0.08    0.08 ^ i_clk (in)
     1    0.02                           i_clk (net)
                  0.12    0.00    0.08 ^ clkbuf_0_i_clk/A (sky130_fd_sc_hd__clkbuf_16)
                  0.08    0.18    0.27 ^ clkbuf_0_i_clk/X (sky130_fd_sc_hd__clkbuf_16)
     4    0.06                           clknet_0_i_clk (net)
                  0.08    0.00    0.27 ^ clkbuf_2_3__f_i_clk/A (sky130_fd_sc_hd__clkbuf_16)
                  0.11    0.20    0.47 ^ clkbuf_2_3__f_i_clk/X (sky130_fd_sc_hd__clkbuf_16)
     9    0.10                           clknet_2_3__leaf_i_clk (net)
                  0.11    0.00    0.47 ^ clkbuf_leaf_17_i_clk/A (sky130_fd_sc_hd__clkbuf_16)
                  0.05    0.16    0.63 ^ clkbuf_leaf_17_i_clk/X (sky130_fd_sc_hd__clkbuf_16)
    10    0.03                           clknet_leaf_17_i_clk (net)
                  0.05    0.00    0.63 ^ _3853_/CLK (sky130_fd_sc_hd__dfxtp_1)
                          0.10    0.73   clock uncertainty
                          0.00    0.73   clock reconvergence pessimism
                         -0.03    0.70   library hold time
                                  0.70   data required time
-----------------------------------------------------------------------------
                                  0.70   data required time
                                 -1.05   data arrival time
-----------------------------------------------------------------------------
                                  0.35   slack (MET)


Startpoint: _3842_ (rising edge-triggered flip-flop clocked by i_clk)
Endpoint: _3842_ (rising edge-triggered flip-flop clocked by i_clk)
Path Group: i_clk
Path Type: min

Fanout     Cap    Slew   Delay    Time   Description
-----------------------------------------------------------------------------
                          0.00    0.00   clock i_clk (rise edge)
                          0.00    0.00   clock source latency
                  0.12    0.08    0.08 ^ i_clk (in)
     1    0.02                           i_clk (net)
                  0.12    0.00    0.08 ^ clkbuf_0_i_clk/A (sky130_fd_sc_hd__clkbuf_16)
                  0.08    0.18    0.27 ^ clkbuf_0_i_clk/X (sky130_fd_sc_hd__clkbuf_16)
     4    0.06                           clknet_0_i_clk (net)
                  0.08    0.00    0.27 ^ clkbuf_2_1__f_i_clk/A (sky130_fd_sc_hd__clkbuf_16)
                  0.15    0.22    0.49 ^ clkbuf_2_1__f_i_clk/X (sky130_fd_sc_hd__clkbuf_16)
    12    0.13                           clknet_2_1__leaf_i_clk (net)
                  0.15    0.00    0.49 ^ clkbuf_leaf_10_i_clk/A (sky130_fd_sc_hd__clkbuf_16)
                  0.04    0.16    0.66 ^ clkbuf_leaf_10_i_clk/X (sky130_fd_sc_hd__clkbuf_16)
     7    0.02                           clknet_leaf_10_i_clk (net)
                  0.04    0.00    0.66 ^ _3842_/CLK (sky130_fd_sc_hd__dfxtp_1)
                  0.05    0.31    0.97 ^ _3842_/Q (sky130_fd_sc_hd__dfxtp_1)
     2    0.00                           lldriver.o_word[12] (net)
                  0.05    0.00    0.97 ^ _3343_/A0 (sky130_fd_sc_hd__mux2_1)
                  0.04    0.11    1.08 ^ _3343_/X (sky130_fd_sc_hd__mux2_1)
     1    0.00                           _0216_ (net)
                  0.04    0.00    1.08 ^ _3842_/D (sky130_fd_sc_hd__dfxtp_1)
                                  1.08   data arrival time

                          0.00    0.00   clock i_clk (rise edge)
                          0.00    0.00   clock source latency
                  0.12    0.08    0.08 ^ i_clk (in)
     1    0.02                           i_clk (net)
                  0.12    0.00    0.08 ^ clkbuf_0_i_clk/A (sky130_fd_sc_hd__clkbuf_16)
                  0.08    0.18    0.27 ^ clkbuf_0_i_clk/X (sky130_fd_sc_hd__clkbuf_16)
     4    0.06                           clknet_0_i_clk (net)
                  0.08    0.00    0.27 ^ clkbuf_2_1__f_i_clk/A (sky130_fd_sc_hd__clkbuf_16)
                  0.15    0.22    0.49 ^ clkbuf_2_1__f_i_clk/X (sky130_fd_sc_hd__clkbuf_16)
    12    0.13                           clknet_2_1__leaf_i_clk (net)
                  0.15    0.00    0.49 ^ clkbuf_leaf_10_i_clk/A (sky130_fd_sc_hd__clkbuf_16)
                  0.04    0.16    0.66 ^ clkbuf_leaf_10_i_clk/X (sky130_fd_sc_hd__clkbuf_16)
     7    0.02                           clknet_leaf_10_i_clk (net)
                  0.04    0.00    0.66 ^ _3842_/CLK (sky130_fd_sc_hd__dfxtp_1)
                          0.10    0.76   clock uncertainty
                          0.00    0.76   clock reconvergence pessimism
                         -0.03    0.73   library hold time
                                  0.73   data required time
-----------------------------------------------------------------------------
                                  0.73   data required time
                                 -1.08   data arrival time
-----------------------------------------------------------------------------
                                  0.35   slack (MET)


Startpoint: _3799_ (rising edge-triggered flip-flop clocked by i_clk)
Endpoint: _3799_ (rising edge-triggered flip-flop clocked by i_clk)
Path Group: i_clk
Path Type: min

Fanout     Cap    Slew   Delay    Time   Description
-----------------------------------------------------------------------------
                          0.00    0.00   clock i_clk (rise edge)
                          0.00    0.00   clock source latency
                  0.12    0.08    0.08 ^ i_clk (in)
     1    0.02                           i_clk (net)
                  0.12    0.00    0.08 ^ clkbuf_0_i_clk/A (sky130_fd_sc_hd__clkbuf_16)
                  0.08    0.18    0.27 ^ clkbuf_0_i_clk/X (sky130_fd_sc_hd__clkbuf_16)
     4    0.06                           clknet_0_i_clk (net)
                  0.08    0.00    0.27 ^ clkbuf_2_1__f_i_clk/A (sky130_fd_sc_hd__clkbuf_16)
                  0.15    0.22    0.49 ^ clkbuf_2_1__f_i_clk/X (sky130_fd_sc_hd__clkbuf_16)
    12    0.13                           clknet_2_1__leaf_i_clk (net)
                  0.15    0.00    0.49 ^ clkbuf_leaf_6_i_clk/A (sky130_fd_sc_hd__clkbuf_16)
                  0.05    0.17    0.67 ^ clkbuf_leaf_6_i_clk/X (sky130_fd_sc_hd__clkbuf_16)
    12    0.03                           clknet_leaf_6_i_clk (net)
                  0.05    0.00    0.67 ^ _3799_/CLK (sky130_fd_sc_hd__dfxtp_1)
                  0.07    0.33    0.99 ^ _3799_/Q (sky130_fd_sc_hd__dfxtp_1)
     2    0.01                           net93 (net)
                  0.07    0.00    0.99 ^ _3235_/A1 (sky130_fd_sc_hd__a21o_1)
                  0.03    0.10    1.09 ^ _3235_/X (sky130_fd_sc_hd__a21o_1)
     1    0.00                           _0174_ (net)
                  0.03    0.00    1.09 ^ _3799_/D (sky130_fd_sc_hd__dfxtp_1)
                                  1.09   data arrival time

                          0.00    0.00   clock i_clk (rise edge)
                          0.00    0.00   clock source latency
                  0.12    0.08    0.08 ^ i_clk (in)
     1    0.02                           i_clk (net)
                  0.12    0.00    0.08 ^ clkbuf_0_i_clk/A (sky130_fd_sc_hd__clkbuf_16)
                  0.08    0.18    0.27 ^ clkbuf_0_i_clk/X (sky130_fd_sc_hd__clkbuf_16)
     4    0.06                           clknet_0_i_clk (net)
                  0.08    0.00    0.27 ^ clkbuf_2_1__f_i_clk/A (sky130_fd_sc_hd__clkbuf_16)
                  0.15    0.22    0.49 ^ clkbuf_2_1__f_i_clk/X (sky130_fd_sc_hd__clkbuf_16)
    12    0.13                           clknet_2_1__leaf_i_clk (net)
                  0.15    0.00    0.49 ^ clkbuf_leaf_6_i_clk/A (sky130_fd_sc_hd__clkbuf_16)
                  0.05    0.17    0.67 ^ clkbuf_leaf_6_i_clk/X (sky130_fd_sc_hd__clkbuf_16)
    12    0.03                           clknet_leaf_6_i_clk (net)
                  0.05    0.00    0.67 ^ _3799_/CLK (sky130_fd_sc_hd__dfxtp_1)
                          0.10    0.77   clock uncertainty
                          0.00    0.77   clock reconvergence pessimism
                         -0.03    0.74   library hold time
                                  0.74   data required time
-----------------------------------------------------------------------------
                                  0.74   data required time
                                 -1.09   data arrival time
-----------------------------------------------------------------------------
                                  0.36   slack (MET)


