Instance name,  X location,  Y location,  Voltage 
PHY_165, 232.2, 236.64, 1.8
PHY_162, 5.4, 231.2, 1.8
PHY_164, 5.4, 231.2, 1.8
PHY_161, 232.2, 231.2, 1.8
PHY_163, 232.2, 231.2, 1.8
PHY_158, 5.4, 225.76, 1.8
PHY_160, 5.4, 225.76, 1.8
PHY_157, 232.2, 225.76, 1.8
PHY_159, 232.2, 225.76, 1.8
PHY_154, 5.4, 220.32, 1.8
PHY_156, 5.4, 220.32, 1.8
PHY_153, 232.2, 220.32, 1.8
PHY_155, 232.2, 220.32, 1.8
PHY_150, 5.4, 214.88, 1.8
PHY_152, 5.4, 214.88, 1.8
PHY_149, 232.2, 214.88, 1.8
PHY_151, 232.2, 214.88, 1.8
PHY_146, 5.4, 209.44, 1.8
PHY_148, 5.4, 209.44, 1.8
PHY_145, 232.2, 209.44, 1.8
PHY_147, 232.2, 209.44, 1.8
PHY_142, 5.4, 204, 1.8
PHY_144, 5.4, 204, 1.8
PHY_141, 232.2, 204, 1.8
PHY_143, 232.2, 204, 1.8
PHY_138, 5.4, 198.56, 1.8
PHY_140, 5.4, 198.56, 1.8
PHY_137, 232.2, 198.56, 1.8
PHY_139, 232.2, 198.56, 1.8
PHY_134, 5.4, 193.12, 1.8
PHY_136, 5.4, 193.12, 1.8
PHY_133, 232.2, 193.12, 1.8
PHY_135, 232.2, 193.12, 1.8
PHY_130, 5.4, 187.68, 1.8
PHY_132, 5.4, 187.68, 1.8
PHY_129, 232.2, 187.68, 1.8
PHY_131, 232.2, 187.68, 1.8
PHY_126, 5.4, 182.24, 1.8
PHY_128, 5.4, 182.24, 1.8
PHY_125, 232.2, 182.24, 1.8
PHY_127, 232.2, 182.24, 1.8
PHY_122, 5.4, 176.8, 1.8
PHY_124, 5.4, 176.8, 1.8
PHY_121, 232.2, 176.8, 1.8
PHY_123, 232.2, 176.8, 1.8
PHY_118, 5.4, 171.36, 1.8
PHY_120, 5.4, 171.36, 1.8
PHY_117, 232.2, 171.36, 1.8
PHY_119, 232.2, 171.36, 1.8
PHY_114, 5.4, 165.92, 1.8
PHY_116, 5.4, 165.92, 1.8
PHY_113, 232.2, 165.92, 1.8
PHY_115, 232.2, 165.92, 1.8
PHY_110, 5.4, 160.48, 1.8
PHY_112, 5.4, 160.48, 1.8
PHY_109, 232.2, 160.48, 1.8
PHY_111, 232.2, 160.48, 1.8
PHY_106, 5.4, 155.04, 1.8
PHY_108, 5.4, 155.04, 1.8
PHY_105, 232.2, 155.04, 1.8
PHY_107, 232.2, 155.04, 1.8
PHY_102, 5.4, 149.6, 1.8
PHY_104, 5.4, 149.6, 1.8
PHY_101, 232.2, 149.6, 1.8
PHY_103, 232.2, 149.6, 1.8
PHY_100, 5.4, 144.16, 1.8
PHY_98, 5.4, 144.16, 1.8
PHY_97, 232.2, 144.16, 1.8
PHY_99, 232.2, 144.16, 1.8
PHY_94, 5.4, 138.72, 1.8
PHY_96, 5.4, 138.72, 1.8
PHY_93, 232.2, 138.72, 1.8
PHY_95, 232.2, 138.72, 1.8
PHY_90, 5.4, 133.28, 1.8
PHY_92, 5.4, 133.28, 1.8
PHY_89, 232.2, 133.28, 1.8
PHY_91, 232.2, 133.28, 1.8
PHY_86, 5.4, 127.84, 1.8
PHY_88, 5.4, 127.84, 1.8
PHY_85, 232.2, 127.84, 1.8
PHY_87, 232.2, 127.84, 1.8
PHY_82, 5.4, 122.4, 1.8
PHY_84, 5.4, 122.4, 1.8
PHY_81, 232.2, 122.4, 1.8
PHY_83, 232.2, 122.4, 1.8
PHY_78, 5.4, 116.96, 1.8
PHY_80, 5.4, 116.96, 1.8
PHY_77, 232.2, 116.96, 1.8
PHY_79, 232.2, 116.96, 1.8
PHY_74, 5.4, 111.52, 1.8
PHY_76, 5.4, 111.52, 1.8
PHY_73, 232.2, 111.52, 1.8
PHY_75, 232.2, 111.52, 1.8
PHY_70, 5.4, 106.08, 1.8
PHY_72, 5.4, 106.08, 1.8
PHY_69, 232.2, 106.08, 1.8
PHY_71, 232.2, 106.08, 1.8
PHY_66, 5.4, 100.64, 1.8
PHY_68, 5.4, 100.64, 1.8
PHY_65, 232.2, 100.64, 1.8
PHY_67, 232.2, 100.64, 1.8
PHY_62, 5.4, 95.2, 1.8
PHY_64, 5.4, 95.2, 1.8
PHY_61, 232.2, 95.2, 1.8
PHY_63, 232.2, 95.2, 1.8
PHY_58, 5.4, 89.76, 1.8
PHY_60, 5.4, 89.76, 1.8
PHY_57, 232.2, 89.76, 1.8
PHY_59, 232.2, 89.76, 1.8
PHY_54, 5.4, 84.32, 1.8
PHY_56, 5.4, 84.32, 1.8
PHY_53, 232.2, 84.32, 1.8
PHY_55, 232.2, 84.32, 1.8
PHY_50, 5.4, 78.88, 1.8
PHY_52, 5.4, 78.88, 1.8
PHY_49, 232.2, 78.88, 1.8
PHY_51, 232.2, 78.88, 1.8
PHY_46, 5.4, 73.44, 1.8
PHY_48, 5.4, 73.44, 1.8
PHY_45, 232.2, 73.44, 1.8
PHY_47, 232.2, 73.44, 1.8
PHY_42, 5.4, 68, 1.8
PHY_44, 5.4, 68, 1.8
PHY_41, 232.2, 68, 1.8
PHY_43, 232.2, 68, 1.8
PHY_38, 5.4, 62.56, 1.8
PHY_40, 5.4, 62.56, 1.8
PHY_37, 232.2, 62.56, 1.8
PHY_39, 232.2, 62.56, 1.8
PHY_34, 5.4, 57.12, 1.8
PHY_36, 5.4, 57.12, 1.8
PHY_33, 232.2, 57.12, 1.8
PHY_35, 232.2, 57.12, 1.8
PHY_30, 5.4, 51.68, 1.8
PHY_32, 5.4, 51.68, 1.8
PHY_29, 232.2, 51.68, 1.8
PHY_31, 232.2, 51.68, 1.8
PHY_26, 5.4, 46.24, 1.8
PHY_28, 5.4, 46.24, 1.8
PHY_25, 232.2, 46.24, 1.8
PHY_27, 232.2, 46.24, 1.8
PHY_22, 5.4, 40.8, 1.8
PHY_24, 5.4, 40.8, 1.8
PHY_21, 232.2, 40.8, 1.8
PHY_23, 232.2, 40.8, 1.8
PHY_18, 5.4, 35.36, 1.8
PHY_20, 5.4, 35.36, 1.8
PHY_17, 232.2, 35.36, 1.8
PHY_19, 232.2, 35.36, 1.8
PHY_14, 5.4, 29.92, 1.8
PHY_16, 5.4, 29.92, 1.8
PHY_13, 232.2, 29.92, 1.8
PHY_15, 232.2, 29.92, 1.8
PHY_10, 5.4, 24.48, 1.8
PHY_12, 5.4, 24.48, 1.8
PHY_11, 232.2, 24.48, 1.8
PHY_9, 232.2, 24.48, 1.8
PHY_6, 5.4, 19.04, 1.8
PHY_8, 5.4, 19.04, 1.8
PHY_5, 232.2, 19.04, 1.8
PHY_7, 232.2, 19.04, 1.8
PHY_0, 5.4, 13.6, 1.8
PHY_2, 5.4, 13.6, 1.8
PHY_4, 5.4, 13.6, 1.8
PHY_1, 232.2, 13.6, 1.8
PHY_3, 232.2, 13.6, 1.8

