Instance name,  X location,  Y location,  Voltage 
PHY_165, 226.8, 236.64, 1.8
PHY_162, 5.4, 231.2, 1.8
PHY_164, 5.4, 231.2, 1.8
PHY_161, 226.8, 231.2, 1.8
PHY_163, 226.8, 231.2, 1.8
PHY_158, 5.4, 225.76, 1.8
PHY_160, 5.4, 225.76, 1.8
PHY_157, 226.8, 225.76, 1.8
PHY_159, 226.8, 225.76, 1.8
PHY_154, 5.4, 220.32, 1.8
PHY_156, 5.4, 220.32, 1.8
PHY_153, 226.8, 220.32, 1.8
PHY_155, 226.8, 220.32, 1.8
PHY_150, 5.4, 214.88, 1.8
PHY_152, 5.4, 214.88, 1.8
PHY_149, 226.8, 214.88, 1.8
PHY_151, 226.8, 214.88, 1.8
PHY_146, 5.4, 209.44, 1.8
PHY_148, 5.4, 209.44, 1.8
PHY_145, 226.8, 209.44, 1.8
PHY_147, 226.8, 209.44, 1.8
PHY_142, 5.4, 204, 1.8
PHY_144, 5.4, 204, 1.8
PHY_141, 226.8, 204, 1.8
PHY_143, 226.8, 204, 1.8
PHY_138, 5.4, 198.56, 1.8
PHY_140, 5.4, 198.56, 1.8
PHY_137, 226.8, 198.56, 1.8
PHY_139, 226.8, 198.56, 1.8
PHY_134, 5.4, 193.12, 1.8
PHY_136, 5.4, 193.12, 1.8
PHY_133, 226.8, 193.12, 1.8
PHY_135, 226.8, 193.12, 1.8
PHY_130, 5.4, 187.68, 1.8
PHY_132, 5.4, 187.68, 1.8
PHY_129, 226.8, 187.68, 1.8
PHY_131, 226.8, 187.68, 1.8
PHY_126, 5.4, 182.24, 1.8
PHY_128, 5.4, 182.24, 1.8
PHY_125, 226.8, 182.24, 1.8
PHY_127, 226.8, 182.24, 1.8
PHY_122, 5.4, 176.8, 1.8
PHY_124, 5.4, 176.8, 1.8
PHY_121, 226.8, 176.8, 1.8
PHY_123, 226.8, 176.8, 1.8
PHY_118, 5.4, 171.36, 1.8
PHY_120, 5.4, 171.36, 1.8
PHY_117, 226.8, 171.36, 1.8
PHY_119, 226.8, 171.36, 1.8
PHY_114, 5.4, 165.92, 1.8
PHY_116, 5.4, 165.92, 1.8
PHY_113, 226.8, 165.92, 1.8
PHY_115, 226.8, 165.92, 1.8
PHY_110, 5.4, 160.48, 1.8
PHY_112, 5.4, 160.48, 1.8
PHY_109, 226.8, 160.48, 1.8
PHY_111, 226.8, 160.48, 1.8
PHY_106, 5.4, 155.04, 1.8
PHY_108, 5.4, 155.04, 1.8
PHY_105, 226.8, 155.04, 1.8
PHY_107, 226.8, 155.04, 1.8
PHY_102, 5.4, 149.6, 1.8
PHY_104, 5.4, 149.6, 1.8
PHY_101, 226.8, 149.6, 1.8
PHY_103, 226.8, 149.6, 1.8
PHY_100, 5.4, 144.16, 1.8
PHY_98, 5.4, 144.16, 1.8
PHY_97, 226.8, 144.16, 1.8
PHY_99, 226.8, 144.16, 1.8
PHY_94, 5.4, 138.72, 1.8
PHY_96, 5.4, 138.72, 1.8
PHY_93, 226.8, 138.72, 1.8
PHY_95, 226.8, 138.72, 1.8
PHY_90, 5.4, 133.28, 1.8
PHY_92, 5.4, 133.28, 1.8
PHY_89, 226.8, 133.28, 1.8
PHY_91, 226.8, 133.28, 1.8
PHY_86, 5.4, 127.84, 1.8
PHY_88, 5.4, 127.84, 1.8
PHY_85, 226.8, 127.84, 1.8
PHY_87, 226.8, 127.84, 1.8
PHY_82, 5.4, 122.4, 1.8
PHY_84, 5.4, 122.4, 1.8
PHY_81, 226.8, 122.4, 1.8
PHY_83, 226.8, 122.4, 1.8
PHY_78, 5.4, 116.96, 1.8
PHY_80, 5.4, 116.96, 1.8
PHY_77, 226.8, 116.96, 1.8
PHY_79, 226.8, 116.96, 1.8
PHY_74, 5.4, 111.52, 1.8
PHY_76, 5.4, 111.52, 1.8
PHY_73, 226.8, 111.52, 1.8
PHY_75, 226.8, 111.52, 1.8
PHY_70, 5.4, 106.08, 1.8
PHY_72, 5.4, 106.08, 1.8
PHY_69, 226.8, 106.08, 1.8
PHY_71, 226.8, 106.08, 1.8
PHY_66, 5.4, 100.64, 1.8
PHY_68, 5.4, 100.64, 1.8
PHY_65, 226.8, 100.64, 1.8
PHY_67, 226.8, 100.64, 1.8
PHY_62, 5.4, 95.2, 1.8
PHY_64, 5.4, 95.2, 1.8
PHY_61, 226.8, 95.2, 1.8
PHY_63, 226.8, 95.2, 1.8
PHY_58, 5.4, 89.76, 1.8
PHY_60, 5.4, 89.76, 1.8
PHY_57, 226.8, 89.76, 1.8
PHY_59, 226.8, 89.76, 1.8
PHY_54, 5.4, 84.32, 1.8
PHY_56, 5.4, 84.32, 1.8
PHY_53, 226.8, 84.32, 1.8
PHY_55, 226.8, 84.32, 1.8
PHY_50, 5.4, 78.88, 1.8
PHY_52, 5.4, 78.88, 1.8
PHY_49, 226.8, 78.88, 1.8
PHY_51, 226.8, 78.88, 1.8
PHY_46, 5.4, 73.44, 1.8
PHY_48, 5.4, 73.44, 1.8
PHY_45, 226.8, 73.44, 1.8
PHY_47, 226.8, 73.44, 1.8
PHY_42, 5.4, 68, 1.8
PHY_44, 5.4, 68, 1.8
PHY_41, 226.8, 68, 1.8
PHY_43, 226.8, 68, 1.8
PHY_38, 5.4, 62.56, 1.8
PHY_40, 5.4, 62.56, 1.8
PHY_37, 226.8, 62.56, 1.8
PHY_39, 226.8, 62.56, 1.8
PHY_34, 5.4, 57.12, 1.8
PHY_36, 5.4, 57.12, 1.8
PHY_33, 226.8, 57.12, 1.8
PHY_35, 226.8, 57.12, 1.8
PHY_30, 5.4, 51.68, 1.8
PHY_32, 5.4, 51.68, 1.8
PHY_29, 226.8, 51.68, 1.8
PHY_31, 226.8, 51.68, 1.8
PHY_26, 5.4, 46.24, 1.8
PHY_28, 5.4, 46.24, 1.8
PHY_25, 226.8, 46.24, 1.8
PHY_27, 226.8, 46.24, 1.8
PHY_22, 5.4, 40.8, 1.8
PHY_24, 5.4, 40.8, 1.8
PHY_21, 226.8, 40.8, 1.8
PHY_23, 226.8, 40.8, 1.8
PHY_18, 5.4, 35.36, 1.8
PHY_20, 5.4, 35.36, 1.8
PHY_17, 226.8, 35.36, 1.8
PHY_19, 226.8, 35.36, 1.8
PHY_14, 5.4, 29.92, 1.8
PHY_16, 5.4, 29.92, 1.8
PHY_13, 226.8, 29.92, 1.8
PHY_15, 226.8, 29.92, 1.8
PHY_10, 5.4, 24.48, 1.8
PHY_12, 5.4, 24.48, 1.8
PHY_11, 226.8, 24.48, 1.8
PHY_9, 226.8, 24.48, 1.8
PHY_6, 5.4, 19.04, 1.8
PHY_8, 5.4, 19.04, 1.8
PHY_5, 226.8, 19.04, 1.8
PHY_7, 226.8, 19.04, 1.8
PHY_0, 5.4, 13.6, 1.8
PHY_2, 5.4, 13.6, 1.8
PHY_4, 5.4, 13.6, 1.8
PHY_1, 226.8, 13.6, 1.8
PHY_3, 226.8, 13.6, 1.8

