OpenROAD v2.0-4194-g9d55eaa0c 
This program is licensed under the BSD-3 license. See the LICENSE file for details.
Components of this program may be licensed under more restrictive licenses which must be honored.
[INFO ODB-0222] Reading LEF file: /home/opentools/OpenLane/designs/wbqspiflash/runs/20ns_full_tighter_timing/tmp/merged.nom.lef
[INFO ODB-0223]     Created 13 technology layers
[INFO ODB-0224]     Created 25 technology vias
[INFO ODB-0225]     Created 441 library cells
[INFO ODB-0226] Finished LEF file:  /home/opentools/OpenLane/designs/wbqspiflash/runs/20ns_full_tighter_timing/tmp/merged.nom.lef
[INFO ODB-0127] Reading DEF file: /home/opentools/OpenLane/designs/wbqspiflash/runs/20ns_full_tighter_timing/results/routing/wbqspiflash.def
[INFO ODB-0128] Design: wbqspiflash
[INFO ODB-0130]     Created 106 pins.
[INFO ODB-0131]     Created 5477 components and 29014 component-terminals.
[INFO ODB-0132]     Created 2 special nets and 20886 connections.
[INFO ODB-0133]     Created 2076 nets and 8128 connections.
[INFO ODB-0134] Finished DEF file: /home/opentools/OpenLane/designs/wbqspiflash/runs/20ns_full_tighter_timing/results/routing/wbqspiflash.def
Using RCX ruleset '/home/opentools/OpenLane/pdks/sky130A/libs.tech/openlane/rules.openrcx.sky130A.nom.spef_extractor'...
[INFO RCX-0431] Defined process_corner X with ext_model_index 0
[INFO RCX-0029] Defined extraction corner X
[INFO RCX-0008] extracting parasitics of wbqspiflash ...
[INFO RCX-0435] Reading extraction model file /home/opentools/OpenLane/pdks/sky130A/libs.tech/openlane/rules.openrcx.sky130A.nom.spef_extractor ...
[INFO RCX-0436] RC segment generation wbqspiflash (max_merge_res 50.0) ...
[INFO RCX-0040] Final 11616 rc segments
[INFO RCX-0439] Coupling Cap extraction wbqspiflash ...
[INFO RCX-0440] Coupling threshhold is 0.1000 fF, coupling capacitance less than 0.1000 fF will be grounded.
[INFO RCX-0043] 31483 wires to be extracted
[INFO RCX-0442] 50% completion -- 15967 wires have been extracted
[INFO RCX-0442] 100% completion -- 31483 wires have been extracted
[INFO RCX-0045] Extract 2076 nets, 13692 rsegs, 13692 caps, 28487 ccs
[INFO RCX-0015] Finished extracting wbqspiflash.
Writing result to /home/opentools/OpenLane/designs/wbqspiflash/runs/20ns_full_tighter_timing/results/routing/wbqspiflash.nom.spef...
[INFO RCX-0016] Writing SPEF ...
[INFO RCX-0443] 2076 nets finished
[INFO RCX-0017] Finished writing SPEF ...
