OpenROAD v2.0-4194-g9d55eaa0c 
This program is licensed under the BSD-3 license. See the LICENSE file for details.
Components of this program may be licensed under more restrictive licenses which must be honored.
[INFO ODB-0222] Reading LEF file: /home/opentools/OpenLane/designs/wbqspiflash/runs/10ns_threshold_min_area/tmp/merged.nom.lef
[INFO ODB-0223]     Created 13 technology layers
[INFO ODB-0224]     Created 25 technology vias
[INFO ODB-0225]     Created 441 library cells
[INFO ODB-0226] Finished LEF file:  /home/opentools/OpenLane/designs/wbqspiflash/runs/10ns_threshold_min_area/tmp/merged.nom.lef
if {[info exists ::env(CLOCK_PORT)] && $::env(CLOCK_PORT) != ""} {
    create_clock [get_ports $::env(CLOCK_PORT)]  -name $::env(CLOCK_PORT)  -period $::env(CLOCK_PERIOD)
} else {
    create_clock -name __VIRTUAL_CLK__ -period $::env(CLOCK_PERIOD)
    set ::env(CLOCK_PORT) __VIRTUAL_CLK__
}
set input_delay_value [expr $::env(CLOCK_PERIOD) * $::env(IO_PCT)]
set output_delay_value [expr $::env(CLOCK_PERIOD) * $::env(IO_PCT)]
puts "\[INFO\]: Setting output delay to: $output_delay_value"
[INFO]: Setting output delay to: 2.0
puts "\[INFO\]: Setting input delay to: $input_delay_value"
[INFO]: Setting input delay to: 2.0
set_max_fanout $::env(SYNTH_MAX_FANOUT) [current_design]
set clk_input [get_port $::env(CLOCK_PORT)]
set clk_indx [lsearch [all_inputs] $clk_input]
set all_inputs_wo_clk [lreplace [all_inputs] $clk_indx $clk_indx ""]
#set rst_input [get_port resetn]
#set rst_indx [lsearch [all_inputs] $rst_input]
#set all_inputs_wo_clk_rst [lreplace $all_inputs_wo_clk $rst_indx $rst_indx ""]
set all_inputs_wo_clk_rst $all_inputs_wo_clk
# correct resetn
set_input_delay $input_delay_value  -clock [get_clocks $::env(CLOCK_PORT)] $all_inputs_wo_clk_rst
#set_input_delay 0.0 -clock [get_clocks $::env(CLOCK_PORT)] {resetn}
set_output_delay $output_delay_value  -clock [get_clocks $::env(CLOCK_PORT)] [all_outputs]
if { ![info exists ::env(SYNTH_CLK_DRIVING_CELL)] } {
    set ::env(SYNTH_CLK_DRIVING_CELL) $::env(SYNTH_DRIVING_CELL)
}
if { ![info exists ::env(SYNTH_CLK_DRIVING_CELL_PIN)] } {
    set ::env(SYNTH_CLK_DRIVING_CELL_PIN) $::env(SYNTH_DRIVING_CELL_PIN)
}
set_driving_cell -lib_cell $::env(SYNTH_DRIVING_CELL) -pin $::env(SYNTH_DRIVING_CELL_PIN) $all_inputs_wo_clk_rst
set_driving_cell -lib_cell $::env(SYNTH_CLK_DRIVING_CELL) -pin $::env(SYNTH_CLK_DRIVING_CELL_PIN) $clk_input
set cap_load [expr $::env(SYNTH_CAP_LOAD) / 1000.0]
puts "\[INFO\]: Setting load to: $cap_load"
[INFO]: Setting load to: 0.005
set_load  $cap_load [all_outputs]
puts "\[INFO\]: Setting clock uncertainity to: $::env(SYNTH_CLOCK_UNCERTAINITY)"
[INFO]: Setting clock uncertainity to: 0.10
set_clock_uncertainty $::env(SYNTH_CLOCK_UNCERTAINITY) [get_clocks $::env(CLOCK_PORT)]
puts "\[INFO\]: Setting clock transition to: $::env(SYNTH_CLOCK_TRANSITION)"
[INFO]: Setting clock transition to: 0.10
set_clock_transition $::env(SYNTH_CLOCK_TRANSITION) [get_clocks $::env(CLOCK_PORT)]
puts "\[INFO\]: Setting timing derate to: [expr {$::env(SYNTH_TIMING_DERATE) * 10}] %"
[INFO]: Setting timing derate to: 0.0 %
set_timing_derate -early [expr {1-$::env(SYNTH_TIMING_DERATE)}]
set_timing_derate -late [expr {1+$::env(SYNTH_TIMING_DERATE)}]
min_report

===========================================================================
report_checks -path_delay min (Hold)
============================================================================
Startpoint: _2654_ (rising edge-triggered flip-flop clocked by i_clk)
Endpoint: _2654_ (rising edge-triggered flip-flop clocked by i_clk)
Path Group: i_clk
Path Type: min

Fanout     Cap    Slew   Delay    Time   Description
-----------------------------------------------------------------------------
                  0.10    0.00    0.00   clock i_clk (rise edge)
                          0.00    0.00   clock network delay (ideal)
                  0.10    0.00    0.00 ^ _2654_/CLK (sky130_fd_sc_hd__dfxtp_2)
                  0.03    0.33    0.33 v _2654_/Q (sky130_fd_sc_hd__dfxtp_2)
     2    0.01                           lldriver.i_hold (net)
                  0.03    0.01    0.34 v _1672_/A (sky130_fd_sc_hd__inv_2)
                  0.04    0.05    0.39 ^ _1672_/Y (sky130_fd_sc_hd__inv_2)
     2    0.01                           _1301_ (net)
                  0.04    0.01    0.39 ^ _1681_/A1 (sky130_fd_sc_hd__a21boi_2)
                  0.03    0.04    0.43 v _1681_/Y (sky130_fd_sc_hd__a21boi_2)
     1    0.00                           _0037_ (net)
                  0.03    0.00    0.43 v _2654_/D (sky130_fd_sc_hd__dfxtp_2)
                                  0.43   data arrival time

                  0.10    0.00    0.00   clock i_clk (rise edge)
                          0.00    0.00   clock network delay (ideal)
                          0.10    0.10   clock uncertainty
                          0.00    0.10   clock reconvergence pessimism
                                  0.10 ^ _2654_/CLK (sky130_fd_sc_hd__dfxtp_2)
                         -0.03    0.07   library hold time
                                  0.07   data required time
-----------------------------------------------------------------------------
                                  0.07   data required time
                                 -0.43   data arrival time
-----------------------------------------------------------------------------
                                  0.36   slack (MET)


Startpoint: _2817_ (rising edge-triggered flip-flop clocked by i_clk)
Endpoint: _2817_ (rising edge-triggered flip-flop clocked by i_clk)
Path Group: i_clk
Path Type: min

Fanout     Cap    Slew   Delay    Time   Description
-----------------------------------------------------------------------------
                  0.10    0.00    0.00   clock i_clk (rise edge)
                          0.00    0.00   clock network delay (ideal)
                  0.10    0.00    0.00 ^ _2817_/CLK (sky130_fd_sc_hd__dfxtp_2)
                  0.04    0.33    0.33 ^ _2817_/Q (sky130_fd_sc_hd__dfxtp_2)
     2    0.00                           lldriver.o_mod[0] (net)
                  0.04    0.00    0.33 ^ _2362_/B2 (sky130_fd_sc_hd__a22o_2)
                  0.03    0.11    0.45 ^ _2362_/X (sky130_fd_sc_hd__a22o_2)
     1    0.00                           _0200_ (net)
                  0.03    0.00    0.45 ^ _2817_/D (sky130_fd_sc_hd__dfxtp_2)
                                  0.45   data arrival time

                  0.10    0.00    0.00   clock i_clk (rise edge)
                          0.00    0.00   clock network delay (ideal)
                          0.10    0.10   clock uncertainty
                          0.00    0.10   clock reconvergence pessimism
                                  0.10 ^ _2817_/CLK (sky130_fd_sc_hd__dfxtp_2)
                         -0.02    0.08   library hold time
                                  0.08   data required time
-----------------------------------------------------------------------------
                                  0.08   data required time
                                 -0.45   data arrival time
-----------------------------------------------------------------------------
                                  0.37   slack (MET)


Startpoint: _2830_ (rising edge-triggered flip-flop clocked by i_clk)
Endpoint: _2797_ (rising edge-triggered flip-flop clocked by i_clk)
Path Group: i_clk
Path Type: min

Fanout     Cap    Slew   Delay    Time   Description
-----------------------------------------------------------------------------
                  0.10    0.00    0.00   clock i_clk (rise edge)
                          0.00    0.00   clock network delay (ideal)
                  0.10    0.00    0.00 ^ _2830_/CLK (sky130_fd_sc_hd__dfxtp_2)
                  0.04    0.33    0.33 ^ _2830_/Q (sky130_fd_sc_hd__dfxtp_2)
     2    0.00                           lldriver.o_word[8] (net)
                  0.04    0.00    0.34 ^ _2306_/B2 (sky130_fd_sc_hd__a22o_2)
                  0.03    0.11    0.45 ^ _2306_/X (sky130_fd_sc_hd__a22o_2)
     1    0.00                           _0180_ (net)
                  0.03    0.00    0.45 ^ _2797_/D (sky130_fd_sc_hd__dfxtp_2)
                                  0.45   data arrival time

                  0.10    0.00    0.00   clock i_clk (rise edge)
                          0.00    0.00   clock network delay (ideal)
                          0.10    0.10   clock uncertainty
                          0.00    0.10   clock reconvergence pessimism
                                  0.10 ^ _2797_/CLK (sky130_fd_sc_hd__dfxtp_2)
                         -0.02    0.08   library hold time
                                  0.08   data required time
-----------------------------------------------------------------------------
                                  0.08   data required time
                                 -0.45   data arrival time
-----------------------------------------------------------------------------
                                  0.37   slack (MET)


Startpoint: _2831_ (rising edge-triggered flip-flop clocked by i_clk)
Endpoint: _2798_ (rising edge-triggered flip-flop clocked by i_clk)
Path Group: i_clk
Path Type: min

Fanout     Cap    Slew   Delay    Time   Description
-----------------------------------------------------------------------------
                  0.10    0.00    0.00   clock i_clk (rise edge)
                          0.00    0.00   clock network delay (ideal)
                  0.10    0.00    0.00 ^ _2831_/CLK (sky130_fd_sc_hd__dfxtp_2)
                  0.04    0.33    0.33 ^ _2831_/Q (sky130_fd_sc_hd__dfxtp_2)
     2    0.00                           lldriver.o_word[9] (net)
                  0.04    0.00    0.34 ^ _2307_/B2 (sky130_fd_sc_hd__a22o_2)
                  0.03    0.11    0.45 ^ _2307_/X (sky130_fd_sc_hd__a22o_2)
     1    0.00                           _0181_ (net)
                  0.03    0.00    0.45 ^ _2798_/D (sky130_fd_sc_hd__dfxtp_2)
                                  0.45   data arrival time

                  0.10    0.00    0.00   clock i_clk (rise edge)
                          0.00    0.00   clock network delay (ideal)
                          0.10    0.10   clock uncertainty
                          0.00    0.10   clock reconvergence pessimism
                                  0.10 ^ _2798_/CLK (sky130_fd_sc_hd__dfxtp_2)
                         -0.02    0.08   library hold time
                                  0.08   data required time
-----------------------------------------------------------------------------
                                  0.08   data required time
                                 -0.45   data arrival time
-----------------------------------------------------------------------------
                                  0.37   slack (MET)


Startpoint: _2832_ (rising edge-triggered flip-flop clocked by i_clk)
Endpoint: _2799_ (rising edge-triggered flip-flop clocked by i_clk)
Path Group: i_clk
Path Type: min

Fanout     Cap    Slew   Delay    Time   Description
-----------------------------------------------------------------------------
                  0.10    0.00    0.00   clock i_clk (rise edge)
                          0.00    0.00   clock network delay (ideal)
                  0.10    0.00    0.00 ^ _2832_/CLK (sky130_fd_sc_hd__dfxtp_2)
                  0.04    0.33    0.33 ^ _2832_/Q (sky130_fd_sc_hd__dfxtp_2)
     2    0.00                           lldriver.o_word[10] (net)
                  0.04    0.00    0.34 ^ _2308_/B2 (sky130_fd_sc_hd__a22o_2)
                  0.03    0.11    0.45 ^ _2308_/X (sky130_fd_sc_hd__a22o_2)
     1    0.00                           _0182_ (net)
                  0.03    0.00    0.45 ^ _2799_/D (sky130_fd_sc_hd__dfxtp_2)
                                  0.45   data arrival time

                  0.10    0.00    0.00   clock i_clk (rise edge)
                          0.00    0.00   clock network delay (ideal)
                          0.10    0.10   clock uncertainty
                          0.00    0.10   clock reconvergence pessimism
                                  0.10 ^ _2799_/CLK (sky130_fd_sc_hd__dfxtp_2)
                         -0.02    0.08   library hold time
                                  0.08   data required time
-----------------------------------------------------------------------------
                                  0.08   data required time
                                 -0.45   data arrival time
-----------------------------------------------------------------------------
                                  0.37   slack (MET)


min_report_end
max_report

===========================================================================
report_checks -path_delay max (Setup)
============================================================================
Startpoint: i_wb_data_stb (input port clocked by i_clk)
Endpoint: _2742_ (rising edge-triggered flip-flop clocked by i_clk)
Path Group: i_clk
Path Type: max

Fanout     Cap    Slew   Delay    Time   Description
-----------------------------------------------------------------------------
                  0.10    0.00    0.00   clock i_clk (rise edge)
                          0.00    0.00   clock network delay (ideal)
                          2.00    2.00 ^ input external delay
                  0.02    0.01    2.01 ^ i_wb_data_stb (in)
     1    0.00                           i_wb_data_stb (net)
                  0.02    0.00    2.01 ^ _1327_/A (sky130_fd_sc_hd__buf_1)
                  0.78    0.58    2.60 ^ _1327_/X (sky130_fd_sc_hd__buf_1)
    22    0.07                           _0991_ (net)
                  0.78    0.00    2.60 ^ _1396_/A (sky130_fd_sc_hd__nor2_2)
                  0.14    0.13    2.73 v _1396_/Y (sky130_fd_sc_hd__nor2_2)
     4    0.01                           _1060_ (net)
                  0.14    0.00    2.73 v _1727_/C (sky130_fd_sc_hd__and3_2)
                  0.04    0.25    2.99 v _1727_/X (sky130_fd_sc_hd__and3_2)
     2    0.00                           _0327_ (net)
                  0.04    0.00    2.99 v _2145_/B1 (sky130_fd_sc_hd__a2bb2o_2)
                  0.04    0.25    3.23 v _2145_/X (sky130_fd_sc_hd__a2bb2o_2)
     1    0.00                           _0664_ (net)
                  0.04    0.00    3.24 v _2147_/B1 (sky130_fd_sc_hd__a311o_2)
                  0.05    0.34    3.57 v _2147_/X (sky130_fd_sc_hd__a311o_2)
     1    0.00                           _0666_ (net)
                  0.05    0.00    3.58 v _2150_/B (sky130_fd_sc_hd__or4_2)
                  0.10    0.63    4.21 v _2150_/X (sky130_fd_sc_hd__or4_2)
     1    0.00                           _0669_ (net)
                  0.10    0.00    4.21 v _2151_/B1 (sky130_fd_sc_hd__a211o_2)
                  0.04    0.31    4.52 v _2151_/X (sky130_fd_sc_hd__a211o_2)
     1    0.00                           _0670_ (net)
                  0.04    0.00    4.53 v _2152_/C (sky130_fd_sc_hd__or4b_2)
                  0.11    0.61    5.14 v _2152_/X (sky130_fd_sc_hd__or4b_2)
     1    0.00                           _0671_ (net)
                  0.11    0.01    5.15 v _2154_/B1 (sky130_fd_sc_hd__a211oi_2)
                  0.34    0.36    5.50 ^ _2154_/Y (sky130_fd_sc_hd__a211oi_2)
     5    0.02                           _0673_ (net)
                  0.34    0.01    5.51 ^ _2155_/A (sky130_fd_sc_hd__inv_2)
                  0.07    0.07    5.58 v _2155_/Y (sky130_fd_sc_hd__inv_2)
     2    0.01                           _0674_ (net)
                  0.07    0.01    5.58 v _2172_/B (sky130_fd_sc_hd__nor2_2)
                  0.18    0.16    5.74 ^ _2172_/Y (sky130_fd_sc_hd__nor2_2)
     4    0.01                           _0691_ (net)
                  0.18    0.01    5.75 ^ _2216_/B1 (sky130_fd_sc_hd__o21ai_2)
                  0.10    0.07    5.82 v _2216_/Y (sky130_fd_sc_hd__o21ai_2)
     1    0.00                           _0732_ (net)
                  0.10    0.00    5.82 v _2217_/B2 (sky130_fd_sc_hd__o22a_2)
                  0.03    0.19    6.01 v _2217_/X (sky130_fd_sc_hd__o22a_2)
     1    0.00                           _0125_ (net)
                  0.03    0.00    6.02 v _2742_/D (sky130_fd_sc_hd__dfxtp_2)
                                  6.02   data arrival time

                  0.10   10.00   10.00   clock i_clk (rise edge)
                          0.00   10.00   clock network delay (ideal)
                         -0.10    9.90   clock uncertainty
                          0.00    9.90   clock reconvergence pessimism
                                  9.90 ^ _2742_/CLK (sky130_fd_sc_hd__dfxtp_2)
                         -0.10    9.80   library setup time
                                  9.80   data required time
-----------------------------------------------------------------------------
                                  9.80   data required time
                                 -6.02   data arrival time
-----------------------------------------------------------------------------
                                  3.79   slack (MET)


Startpoint: i_wb_data_stb (input port clocked by i_clk)
Endpoint: _2739_ (rising edge-triggered flip-flop clocked by i_clk)
Path Group: i_clk
Path Type: max

Fanout     Cap    Slew   Delay    Time   Description
-----------------------------------------------------------------------------
                  0.10    0.00    0.00   clock i_clk (rise edge)
                          0.00    0.00   clock network delay (ideal)
                          2.00    2.00 ^ input external delay
                  0.02    0.01    2.01 ^ i_wb_data_stb (in)
     1    0.00                           i_wb_data_stb (net)
                  0.02    0.00    2.01 ^ _1327_/A (sky130_fd_sc_hd__buf_1)
                  0.78    0.58    2.60 ^ _1327_/X (sky130_fd_sc_hd__buf_1)
    22    0.07                           _0991_ (net)
                  0.78    0.00    2.60 ^ _1396_/A (sky130_fd_sc_hd__nor2_2)
                  0.14    0.13    2.73 v _1396_/Y (sky130_fd_sc_hd__nor2_2)
     4    0.01                           _1060_ (net)
                  0.14    0.00    2.73 v _1727_/C (sky130_fd_sc_hd__and3_2)
                  0.04    0.25    2.99 v _1727_/X (sky130_fd_sc_hd__and3_2)
     2    0.00                           _0327_ (net)
                  0.04    0.00    2.99 v _2145_/B1 (sky130_fd_sc_hd__a2bb2o_2)
                  0.04    0.25    3.23 v _2145_/X (sky130_fd_sc_hd__a2bb2o_2)
     1    0.00                           _0664_ (net)
                  0.04    0.00    3.24 v _2147_/B1 (sky130_fd_sc_hd__a311o_2)
                  0.05    0.34    3.57 v _2147_/X (sky130_fd_sc_hd__a311o_2)
     1    0.00                           _0666_ (net)
                  0.05    0.00    3.58 v _2150_/B (sky130_fd_sc_hd__or4_2)
                  0.10    0.63    4.21 v _2150_/X (sky130_fd_sc_hd__or4_2)
     1    0.00                           _0669_ (net)
                  0.10    0.00    4.21 v _2151_/B1 (sky130_fd_sc_hd__a211o_2)
                  0.04    0.31    4.52 v _2151_/X (sky130_fd_sc_hd__a211o_2)
     1    0.00                           _0670_ (net)
                  0.04    0.00    4.53 v _2152_/C (sky130_fd_sc_hd__or4b_2)
                  0.11    0.61    5.14 v _2152_/X (sky130_fd_sc_hd__or4b_2)
     1    0.00                           _0671_ (net)
                  0.11    0.01    5.15 v _2154_/B1 (sky130_fd_sc_hd__a211oi_2)
                  0.34    0.36    5.50 ^ _2154_/Y (sky130_fd_sc_hd__a211oi_2)
     5    0.02                           _0673_ (net)
                  0.34    0.01    5.51 ^ _2155_/A (sky130_fd_sc_hd__inv_2)
                  0.07    0.07    5.58 v _2155_/Y (sky130_fd_sc_hd__inv_2)
     2    0.01                           _0674_ (net)
                  0.07    0.01    5.58 v _2172_/B (sky130_fd_sc_hd__nor2_2)
                  0.18    0.16    5.74 ^ _2172_/Y (sky130_fd_sc_hd__nor2_2)
     4    0.01                           _0691_ (net)
                  0.18    0.00    5.75 ^ _2178_/B1 (sky130_fd_sc_hd__o311a_2)
                  0.05    0.20    5.94 ^ _2178_/X (sky130_fd_sc_hd__o311a_2)
     1    0.00                           _0697_ (net)
                  0.05    0.00    5.95 ^ _2179_/B1 (sky130_fd_sc_hd__a211o_2)
                  0.04    0.08    6.03 ^ _2179_/X (sky130_fd_sc_hd__a211o_2)
     1    0.00                           _0122_ (net)
                  0.04    0.00    6.03 ^ _2739_/D (sky130_fd_sc_hd__dfxtp_2)
                                  6.03   data arrival time

                  0.10   10.00   10.00   clock i_clk (rise edge)
                          0.00   10.00   clock network delay (ideal)
                         -0.10    9.90   clock uncertainty
                          0.00    9.90   clock reconvergence pessimism
                                  9.90 ^ _2739_/CLK (sky130_fd_sc_hd__dfxtp_2)
                         -0.05    9.85   library setup time
                                  9.85   data required time
-----------------------------------------------------------------------------
                                  9.85   data required time
                                 -6.03   data arrival time
-----------------------------------------------------------------------------
                                  3.81   slack (MET)


Startpoint: i_wb_data_stb (input port clocked by i_clk)
Endpoint: _2741_ (rising edge-triggered flip-flop clocked by i_clk)
Path Group: i_clk
Path Type: max

Fanout     Cap    Slew   Delay    Time   Description
-----------------------------------------------------------------------------
                  0.10    0.00    0.00   clock i_clk (rise edge)
                          0.00    0.00   clock network delay (ideal)
                          2.00    2.00 ^ input external delay
                  0.02    0.01    2.01 ^ i_wb_data_stb (in)
     1    0.00                           i_wb_data_stb (net)
                  0.02    0.00    2.01 ^ _1327_/A (sky130_fd_sc_hd__buf_1)
                  0.78    0.58    2.60 ^ _1327_/X (sky130_fd_sc_hd__buf_1)
    22    0.07                           _0991_ (net)
                  0.78    0.00    2.60 ^ _1396_/A (sky130_fd_sc_hd__nor2_2)
                  0.14    0.13    2.73 v _1396_/Y (sky130_fd_sc_hd__nor2_2)
     4    0.01                           _1060_ (net)
                  0.14    0.00    2.73 v _1727_/C (sky130_fd_sc_hd__and3_2)
                  0.04    0.25    2.99 v _1727_/X (sky130_fd_sc_hd__and3_2)
     2    0.00                           _0327_ (net)
                  0.04    0.00    2.99 v _2145_/B1 (sky130_fd_sc_hd__a2bb2o_2)
                  0.04    0.25    3.23 v _2145_/X (sky130_fd_sc_hd__a2bb2o_2)
     1    0.00                           _0664_ (net)
                  0.04    0.00    3.24 v _2147_/B1 (sky130_fd_sc_hd__a311o_2)
                  0.05    0.34    3.57 v _2147_/X (sky130_fd_sc_hd__a311o_2)
     1    0.00                           _0666_ (net)
                  0.05    0.00    3.58 v _2150_/B (sky130_fd_sc_hd__or4_2)
                  0.10    0.63    4.21 v _2150_/X (sky130_fd_sc_hd__or4_2)
     1    0.00                           _0669_ (net)
                  0.10    0.00    4.21 v _2151_/B1 (sky130_fd_sc_hd__a211o_2)
                  0.04    0.31    4.52 v _2151_/X (sky130_fd_sc_hd__a211o_2)
     1    0.00                           _0670_ (net)
                  0.04    0.00    4.53 v _2152_/C (sky130_fd_sc_hd__or4b_2)
                  0.11    0.61    5.14 v _2152_/X (sky130_fd_sc_hd__or4b_2)
     1    0.00                           _0671_ (net)
                  0.11    0.01    5.15 v _2154_/B1 (sky130_fd_sc_hd__a211oi_2)
                  0.34    0.36    5.50 ^ _2154_/Y (sky130_fd_sc_hd__a211oi_2)
     5    0.02                           _0673_ (net)
                  0.34    0.01    5.51 ^ _2155_/A (sky130_fd_sc_hd__inv_2)
                  0.07    0.07    5.58 v _2155_/Y (sky130_fd_sc_hd__inv_2)
     2    0.01                           _0674_ (net)
                  0.07    0.01    5.58 v _2172_/B (sky130_fd_sc_hd__nor2_2)
                  0.18    0.16    5.74 ^ _2172_/Y (sky130_fd_sc_hd__nor2_2)
     4    0.01                           _0691_ (net)
                  0.18    0.00    5.75 ^ _2208_/A1_N (sky130_fd_sc_hd__o2bb2a_2)
                  0.04    0.23    5.97 v _2208_/X (sky130_fd_sc_hd__o2bb2a_2)
     1    0.00                           _0124_ (net)
                  0.04    0.00    5.98 v _2741_/D (sky130_fd_sc_hd__dfxtp_2)
                                  5.98   data arrival time

                  0.10   10.00   10.00   clock i_clk (rise edge)
                          0.00   10.00   clock network delay (ideal)
                         -0.10    9.90   clock uncertainty
                          0.00    9.90   clock reconvergence pessimism
                                  9.90 ^ _2741_/CLK (sky130_fd_sc_hd__dfxtp_2)
                         -0.10    9.80   library setup time
                                  9.80   data required time
-----------------------------------------------------------------------------
                                  9.80   data required time
                                 -5.98   data arrival time
-----------------------------------------------------------------------------
                                  3.82   slack (MET)


Startpoint: i_wb_data_stb (input port clocked by i_clk)
Endpoint: _2740_ (rising edge-triggered flip-flop clocked by i_clk)
Path Group: i_clk
Path Type: max

Fanout     Cap    Slew   Delay    Time   Description
-----------------------------------------------------------------------------
                  0.10    0.00    0.00   clock i_clk (rise edge)
                          0.00    0.00   clock network delay (ideal)
                          2.00    2.00 ^ input external delay
                  0.02    0.01    2.01 ^ i_wb_data_stb (in)
     1    0.00                           i_wb_data_stb (net)
                  0.02    0.00    2.01 ^ _1327_/A (sky130_fd_sc_hd__buf_1)
                  0.78    0.58    2.60 ^ _1327_/X (sky130_fd_sc_hd__buf_1)
    22    0.07                           _0991_ (net)
                  0.78    0.00    2.60 ^ _1396_/A (sky130_fd_sc_hd__nor2_2)
                  0.14    0.13    2.73 v _1396_/Y (sky130_fd_sc_hd__nor2_2)
     4    0.01                           _1060_ (net)
                  0.14    0.00    2.73 v _1727_/C (sky130_fd_sc_hd__and3_2)
                  0.04    0.25    2.99 v _1727_/X (sky130_fd_sc_hd__and3_2)
     2    0.00                           _0327_ (net)
                  0.04    0.00    2.99 v _2145_/B1 (sky130_fd_sc_hd__a2bb2o_2)
                  0.04    0.25    3.23 v _2145_/X (sky130_fd_sc_hd__a2bb2o_2)
     1    0.00                           _0664_ (net)
                  0.04    0.00    3.24 v _2147_/B1 (sky130_fd_sc_hd__a311o_2)
                  0.05    0.34    3.57 v _2147_/X (sky130_fd_sc_hd__a311o_2)
     1    0.00                           _0666_ (net)
                  0.05    0.00    3.58 v _2150_/B (sky130_fd_sc_hd__or4_2)
                  0.10    0.63    4.21 v _2150_/X (sky130_fd_sc_hd__or4_2)
     1    0.00                           _0669_ (net)
                  0.10    0.00    4.21 v _2151_/B1 (sky130_fd_sc_hd__a211o_2)
                  0.04    0.31    4.52 v _2151_/X (sky130_fd_sc_hd__a211o_2)
     1    0.00                           _0670_ (net)
                  0.04    0.00    4.53 v _2152_/C (sky130_fd_sc_hd__or4b_2)
                  0.11    0.61    5.14 v _2152_/X (sky130_fd_sc_hd__or4b_2)
     1    0.00                           _0671_ (net)
                  0.11    0.01    5.15 v _2154_/B1 (sky130_fd_sc_hd__a211oi_2)
                  0.34    0.36    5.50 ^ _2154_/Y (sky130_fd_sc_hd__a211oi_2)
     5    0.02                           _0673_ (net)
                  0.34    0.01    5.51 ^ _2155_/A (sky130_fd_sc_hd__inv_2)
                  0.07    0.07    5.58 v _2155_/Y (sky130_fd_sc_hd__inv_2)
     2    0.01                           _0674_ (net)
                  0.07    0.01    5.58 v _2172_/B (sky130_fd_sc_hd__nor2_2)
                  0.18    0.16    5.74 ^ _2172_/Y (sky130_fd_sc_hd__nor2_2)
     4    0.01                           _0691_ (net)
                  0.18    0.01    5.75 ^ _2197_/A (sky130_fd_sc_hd__nand2_2)
                  0.05    0.05    5.80 v _2197_/Y (sky130_fd_sc_hd__nand2_2)
     1    0.00                           _0715_ (net)
                  0.05    0.00    5.81 v _2198_/B1 (sky130_fd_sc_hd__o211a_2)
                  0.04    0.12    5.93 v _2198_/X (sky130_fd_sc_hd__o211a_2)
     1    0.00                           _0123_ (net)
                  0.04    0.00    5.94 v _2740_/D (sky130_fd_sc_hd__dfxtp_2)
                                  5.94   data arrival time

                  0.10   10.00   10.00   clock i_clk (rise edge)
                          0.00   10.00   clock network delay (ideal)
                         -0.10    9.90   clock uncertainty
                          0.00    9.90   clock reconvergence pessimism
                                  9.90 ^ _2740_/CLK (sky130_fd_sc_hd__dfxtp_2)
                         -0.10    9.80   library setup time
                                  9.80   data required time
-----------------------------------------------------------------------------
                                  9.80   data required time
                                 -5.94   data arrival time
-----------------------------------------------------------------------------
                                  3.87   slack (MET)


Startpoint: i_wb_data_stb (input port clocked by i_clk)
Endpoint: _2743_ (rising edge-triggered flip-flop clocked by i_clk)
Path Group: i_clk
Path Type: max

Fanout     Cap    Slew   Delay    Time   Description
-----------------------------------------------------------------------------
                  0.10    0.00    0.00   clock i_clk (rise edge)
                          0.00    0.00   clock network delay (ideal)
                          2.00    2.00 ^ input external delay
                  0.02    0.01    2.01 ^ i_wb_data_stb (in)
     1    0.00                           i_wb_data_stb (net)
                  0.02    0.00    2.01 ^ _1327_/A (sky130_fd_sc_hd__buf_1)
                  0.78    0.58    2.60 ^ _1327_/X (sky130_fd_sc_hd__buf_1)
    22    0.07                           _0991_ (net)
                  0.78    0.00    2.60 ^ _1396_/A (sky130_fd_sc_hd__nor2_2)
                  0.14    0.13    2.73 v _1396_/Y (sky130_fd_sc_hd__nor2_2)
     4    0.01                           _1060_ (net)
                  0.14    0.00    2.73 v _1727_/C (sky130_fd_sc_hd__and3_2)
                  0.04    0.25    2.99 v _1727_/X (sky130_fd_sc_hd__and3_2)
     2    0.00                           _0327_ (net)
                  0.04    0.00    2.99 v _2145_/B1 (sky130_fd_sc_hd__a2bb2o_2)
                  0.04    0.25    3.23 v _2145_/X (sky130_fd_sc_hd__a2bb2o_2)
     1    0.00                           _0664_ (net)
                  0.04    0.00    3.24 v _2147_/B1 (sky130_fd_sc_hd__a311o_2)
                  0.05    0.34    3.57 v _2147_/X (sky130_fd_sc_hd__a311o_2)
     1    0.00                           _0666_ (net)
                  0.05    0.00    3.58 v _2150_/B (sky130_fd_sc_hd__or4_2)
                  0.10    0.63    4.21 v _2150_/X (sky130_fd_sc_hd__or4_2)
     1    0.00                           _0669_ (net)
                  0.10    0.00    4.21 v _2151_/B1 (sky130_fd_sc_hd__a211o_2)
                  0.04    0.31    4.52 v _2151_/X (sky130_fd_sc_hd__a211o_2)
     1    0.00                           _0670_ (net)
                  0.04    0.00    4.53 v _2152_/C (sky130_fd_sc_hd__or4b_2)
                  0.11    0.61    5.14 v _2152_/X (sky130_fd_sc_hd__or4b_2)
     1    0.00                           _0671_ (net)
                  0.11    0.01    5.15 v _2154_/B1 (sky130_fd_sc_hd__a211oi_2)
                  0.34    0.36    5.50 ^ _2154_/Y (sky130_fd_sc_hd__a211oi_2)
     5    0.02                           _0673_ (net)
                  0.34    0.00    5.51 ^ _2223_/S (sky130_fd_sc_hd__mux2_2)
                  0.05    0.37    5.88 v _2223_/X (sky130_fd_sc_hd__mux2_2)
     1    0.00                           _0126_ (net)
                  0.05    0.00    5.88 v _2743_/D (sky130_fd_sc_hd__dfxtp_2)
                                  5.88   data arrival time

                  0.10   10.00   10.00   clock i_clk (rise edge)
                          0.00   10.00   clock network delay (ideal)
                         -0.10    9.90   clock uncertainty
                          0.00    9.90   clock reconvergence pessimism
                                  9.90 ^ _2743_/CLK (sky130_fd_sc_hd__dfxtp_2)
                         -0.10    9.80   library setup time
                                  9.80   data required time
-----------------------------------------------------------------------------
                                  9.80   data required time
                                 -5.88   data arrival time
-----------------------------------------------------------------------------
                                  3.92   slack (MET)


max_report_end
check_report

===========================================================================
report_checks -unconstrained
============================================================================
Startpoint: i_wb_data_stb (input port clocked by i_clk)
Endpoint: _2742_ (rising edge-triggered flip-flop clocked by i_clk)
Path Group: i_clk
Path Type: max

Fanout     Cap    Slew   Delay    Time   Description
-----------------------------------------------------------------------------
                  0.10    0.00    0.00   clock i_clk (rise edge)
                          0.00    0.00   clock network delay (ideal)
                          2.00    2.00 ^ input external delay
                  0.02    0.01    2.01 ^ i_wb_data_stb (in)
     1    0.00                           i_wb_data_stb (net)
                  0.02    0.00    2.01 ^ _1327_/A (sky130_fd_sc_hd__buf_1)
                  0.78    0.58    2.60 ^ _1327_/X (sky130_fd_sc_hd__buf_1)
    22    0.07                           _0991_ (net)
                  0.78    0.00    2.60 ^ _1396_/A (sky130_fd_sc_hd__nor2_2)
                  0.14    0.13    2.73 v _1396_/Y (sky130_fd_sc_hd__nor2_2)
     4    0.01                           _1060_ (net)
                  0.14    0.00    2.73 v _1727_/C (sky130_fd_sc_hd__and3_2)
                  0.04    0.25    2.99 v _1727_/X (sky130_fd_sc_hd__and3_2)
     2    0.00                           _0327_ (net)
                  0.04    0.00    2.99 v _2145_/B1 (sky130_fd_sc_hd__a2bb2o_2)
                  0.04    0.25    3.23 v _2145_/X (sky130_fd_sc_hd__a2bb2o_2)
     1    0.00                           _0664_ (net)
                  0.04    0.00    3.24 v _2147_/B1 (sky130_fd_sc_hd__a311o_2)
                  0.05    0.34    3.57 v _2147_/X (sky130_fd_sc_hd__a311o_2)
     1    0.00                           _0666_ (net)
                  0.05    0.00    3.58 v _2150_/B (sky130_fd_sc_hd__or4_2)
                  0.10    0.63    4.21 v _2150_/X (sky130_fd_sc_hd__or4_2)
     1    0.00                           _0669_ (net)
                  0.10    0.00    4.21 v _2151_/B1 (sky130_fd_sc_hd__a211o_2)
                  0.04    0.31    4.52 v _2151_/X (sky130_fd_sc_hd__a211o_2)
     1    0.00                           _0670_ (net)
                  0.04    0.00    4.53 v _2152_/C (sky130_fd_sc_hd__or4b_2)
                  0.11    0.61    5.14 v _2152_/X (sky130_fd_sc_hd__or4b_2)
     1    0.00                           _0671_ (net)
                  0.11    0.01    5.15 v _2154_/B1 (sky130_fd_sc_hd__a211oi_2)
                  0.34    0.36    5.50 ^ _2154_/Y (sky130_fd_sc_hd__a211oi_2)
     5    0.02                           _0673_ (net)
                  0.34    0.01    5.51 ^ _2155_/A (sky130_fd_sc_hd__inv_2)
                  0.07    0.07    5.58 v _2155_/Y (sky130_fd_sc_hd__inv_2)
     2    0.01                           _0674_ (net)
                  0.07    0.01    5.58 v _2172_/B (sky130_fd_sc_hd__nor2_2)
                  0.18    0.16    5.74 ^ _2172_/Y (sky130_fd_sc_hd__nor2_2)
     4    0.01                           _0691_ (net)
                  0.18    0.01    5.75 ^ _2216_/B1 (sky130_fd_sc_hd__o21ai_2)
                  0.10    0.07    5.82 v _2216_/Y (sky130_fd_sc_hd__o21ai_2)
     1    0.00                           _0732_ (net)
                  0.10    0.00    5.82 v _2217_/B2 (sky130_fd_sc_hd__o22a_2)
                  0.03    0.19    6.01 v _2217_/X (sky130_fd_sc_hd__o22a_2)
     1    0.00                           _0125_ (net)
                  0.03    0.00    6.02 v _2742_/D (sky130_fd_sc_hd__dfxtp_2)
                                  6.02   data arrival time

                  0.10   10.00   10.00   clock i_clk (rise edge)
                          0.00   10.00   clock network delay (ideal)
                         -0.10    9.90   clock uncertainty
                          0.00    9.90   clock reconvergence pessimism
                                  9.90 ^ _2742_/CLK (sky130_fd_sc_hd__dfxtp_2)
                         -0.10    9.80   library setup time
                                  9.80   data required time
-----------------------------------------------------------------------------
                                  9.80   data required time
                                 -6.02   data arrival time
-----------------------------------------------------------------------------
                                  3.79   slack (MET)



===========================================================================
report_checks --slack_max -0.01
============================================================================
No paths found.
check_report_end
check_slew

===========================================================================
 report_check_types -max_slew -max_cap -max_fanout -violators
============================================================================

===========================================================================
max slew violation count 0
max fanout violation count 0
max cap violation count 0
============================================================================
check_slew_end
tns_report

===========================================================================
 report_tns
============================================================================
tns 0.00
tns_report_end
wns_report

===========================================================================
 report_wns
============================================================================
wns 0.00
wns_report_end
worst_slack

===========================================================================
 report_worst_slack -max (Setup)
============================================================================
worst slack 3.79

===========================================================================
 report_worst_slack -min (Hold)
============================================================================
worst slack 0.36
worst_slack_end
clock_skew

===========================================================================
 report_clock_skew
============================================================================
Clock i_clk
Latency      CRPR       Skew
_2619_/CLK ^
   1.71
_2619_/CLK ^
   1.71      0.00       0.00

clock_skew_end
power_report

===========================================================================
 report_power
============================================================================
Group                  Internal  Switching    Leakage      Total
                          Power      Power      Power      Power (Watts)
----------------------------------------------------------------
Sequential             1.20e-03   5.33e-05   2.36e-09   1.26e-03  70.4%
Combinational          3.44e-04   1.86e-04   4.39e-09   5.30e-04  29.6%
Macro                  0.00e+00   0.00e+00   0.00e+00   0.00e+00   0.0%
Pad                    0.00e+00   0.00e+00   0.00e+00   0.00e+00   0.0%
----------------------------------------------------------------
Total                  1.55e-03   2.39e-04   6.75e-09   1.79e-03 100.0%
                          86.6%      13.4%       0.0%
power_report_end
area_report

===========================================================================
 report_design_area
============================================================================
Design area 17912 u^2 100% utilization.
area_report_end
