
===========================================================================
report_checks -path_delay min (Hold)
============================================================================
Startpoint: _3359_ (rising edge-triggered flip-flop clocked by i_clk)
Endpoint: _3359_ (rising edge-triggered flip-flop clocked by i_clk)
Path Group: i_clk
Path Type: min

Fanout     Cap    Slew   Delay    Time   Description
-----------------------------------------------------------------------------
                          0.00    0.00   clock i_clk (rise edge)
                          0.00    0.00   clock source latency
                  0.10    0.07    0.07 ^ i_clk (in)
     1    0.02                           i_clk (net)
                  0.10    0.00    0.07 ^ clkbuf_0_i_clk/A (sky130_fd_sc_hd__clkbuf_16)
                  0.12    0.19    0.26 ^ clkbuf_0_i_clk/X (sky130_fd_sc_hd__clkbuf_16)
     8    0.10                           clknet_0_i_clk (net)
                  0.12    0.00    0.26 ^ clkbuf_3_7__f_i_clk/A (sky130_fd_sc_hd__clkbuf_16)
                  0.08    0.18    0.44 ^ clkbuf_3_7__f_i_clk/X (sky130_fd_sc_hd__clkbuf_16)
     8    0.07                           clknet_3_7__leaf_i_clk (net)
                  0.08    0.00    0.44 ^ clkbuf_leaf_28_i_clk/A (sky130_fd_sc_hd__clkbuf_16)
                  0.04    0.13    0.57 ^ clkbuf_leaf_28_i_clk/X (sky130_fd_sc_hd__clkbuf_16)
     7    0.02                           clknet_leaf_28_i_clk (net)
                  0.04    0.00    0.57 ^ _3359_/CLK (sky130_fd_sc_hd__dfxtp_1)
                  0.06    0.30    0.87 ^ _3359_/Q (sky130_fd_sc_hd__dfxtp_1)
     2    0.01                           lldriver.o_word[25] (net)
                  0.06    0.00    0.87 ^ _2878_/A0 (sky130_fd_sc_hd__mux2_1)
                  0.04    0.12    0.99 ^ _2878_/X (sky130_fd_sc_hd__mux2_1)
     1    0.00                           _0229_ (net)
                  0.04    0.00    0.99 ^ _3359_/D (sky130_fd_sc_hd__dfxtp_1)
                                  0.99   data arrival time

                          0.00    0.00   clock i_clk (rise edge)
                          0.00    0.00   clock source latency
                  0.10    0.07    0.07 ^ i_clk (in)
     1    0.02                           i_clk (net)
                  0.10    0.00    0.07 ^ clkbuf_0_i_clk/A (sky130_fd_sc_hd__clkbuf_16)
                  0.12    0.22    0.29 ^ clkbuf_0_i_clk/X (sky130_fd_sc_hd__clkbuf_16)
     8    0.10                           clknet_0_i_clk (net)
                  0.12    0.00    0.29 ^ clkbuf_3_7__f_i_clk/A (sky130_fd_sc_hd__clkbuf_16)
                  0.08    0.20    0.49 ^ clkbuf_3_7__f_i_clk/X (sky130_fd_sc_hd__clkbuf_16)
     8    0.07                           clknet_3_7__leaf_i_clk (net)
                  0.08    0.00    0.49 ^ clkbuf_leaf_28_i_clk/A (sky130_fd_sc_hd__clkbuf_16)
                  0.04    0.14    0.63 ^ clkbuf_leaf_28_i_clk/X (sky130_fd_sc_hd__clkbuf_16)
     7    0.02                           clknet_leaf_28_i_clk (net)
                  0.04    0.00    0.63 ^ _3359_/CLK (sky130_fd_sc_hd__dfxtp_1)
                          0.10    0.73   clock uncertainty
                         -0.06    0.67   clock reconvergence pessimism
                         -0.03    0.64   library hold time
                                  0.64   data required time
-----------------------------------------------------------------------------
                                  0.64   data required time
                                 -0.99   data arrival time
-----------------------------------------------------------------------------
                                  0.34   slack (MET)


Startpoint: _3352_ (rising edge-triggered flip-flop clocked by i_clk)
Endpoint: _3352_ (rising edge-triggered flip-flop clocked by i_clk)
Path Group: i_clk
Path Type: min

Fanout     Cap    Slew   Delay    Time   Description
-----------------------------------------------------------------------------
                          0.00    0.00   clock i_clk (rise edge)
                          0.00    0.00   clock source latency
                  0.10    0.07    0.07 ^ i_clk (in)
     1    0.02                           i_clk (net)
                  0.10    0.00    0.07 ^ clkbuf_0_i_clk/A (sky130_fd_sc_hd__clkbuf_16)
                  0.12    0.19    0.26 ^ clkbuf_0_i_clk/X (sky130_fd_sc_hd__clkbuf_16)
     8    0.10                           clknet_0_i_clk (net)
                  0.12    0.00    0.26 ^ clkbuf_3_6__f_i_clk/A (sky130_fd_sc_hd__clkbuf_16)
                  0.09    0.18    0.44 ^ clkbuf_3_6__f_i_clk/X (sky130_fd_sc_hd__clkbuf_16)
     7    0.07                           clknet_3_6__leaf_i_clk (net)
                  0.09    0.00    0.44 ^ clkbuf_leaf_22_i_clk/A (sky130_fd_sc_hd__clkbuf_16)
                  0.04    0.13    0.57 ^ clkbuf_leaf_22_i_clk/X (sky130_fd_sc_hd__clkbuf_16)
     5    0.02                           clknet_leaf_22_i_clk (net)
                  0.04    0.00    0.57 ^ _3352_/CLK (sky130_fd_sc_hd__dfxtp_1)
                  0.06    0.30    0.87 ^ _3352_/Q (sky130_fd_sc_hd__dfxtp_1)
     2    0.01                           lldriver.o_word[18] (net)
                  0.06    0.00    0.87 ^ _2871_/A0 (sky130_fd_sc_hd__mux2_1)
                  0.04    0.12    0.99 ^ _2871_/X (sky130_fd_sc_hd__mux2_1)
     1    0.00                           _0222_ (net)
                  0.04    0.00    0.99 ^ _3352_/D (sky130_fd_sc_hd__dfxtp_1)
                                  0.99   data arrival time

                          0.00    0.00   clock i_clk (rise edge)
                          0.00    0.00   clock source latency
                  0.10    0.07    0.07 ^ i_clk (in)
     1    0.02                           i_clk (net)
                  0.10    0.00    0.07 ^ clkbuf_0_i_clk/A (sky130_fd_sc_hd__clkbuf_16)
                  0.12    0.22    0.29 ^ clkbuf_0_i_clk/X (sky130_fd_sc_hd__clkbuf_16)
     8    0.10                           clknet_0_i_clk (net)
                  0.12    0.00    0.29 ^ clkbuf_3_6__f_i_clk/A (sky130_fd_sc_hd__clkbuf_16)
                  0.09    0.20    0.49 ^ clkbuf_3_6__f_i_clk/X (sky130_fd_sc_hd__clkbuf_16)
     7    0.07                           clknet_3_6__leaf_i_clk (net)
                  0.09    0.00    0.49 ^ clkbuf_leaf_22_i_clk/A (sky130_fd_sc_hd__clkbuf_16)
                  0.04    0.14    0.63 ^ clkbuf_leaf_22_i_clk/X (sky130_fd_sc_hd__clkbuf_16)
     5    0.02                           clknet_leaf_22_i_clk (net)
                  0.04    0.00    0.63 ^ _3352_/CLK (sky130_fd_sc_hd__dfxtp_1)
                          0.10    0.73   clock uncertainty
                         -0.06    0.67   clock reconvergence pessimism
                         -0.03    0.64   library hold time
                                  0.64   data required time
-----------------------------------------------------------------------------
                                  0.64   data required time
                                 -0.99   data arrival time
-----------------------------------------------------------------------------
                                  0.34   slack (MET)


Startpoint: _3360_ (rising edge-triggered flip-flop clocked by i_clk)
Endpoint: _3360_ (rising edge-triggered flip-flop clocked by i_clk)
Path Group: i_clk
Path Type: min

Fanout     Cap    Slew   Delay    Time   Description
-----------------------------------------------------------------------------
                          0.00    0.00   clock i_clk (rise edge)
                          0.00    0.00   clock source latency
                  0.10    0.07    0.07 ^ i_clk (in)
     1    0.02                           i_clk (net)
                  0.10    0.00    0.07 ^ clkbuf_0_i_clk/A (sky130_fd_sc_hd__clkbuf_16)
                  0.12    0.19    0.26 ^ clkbuf_0_i_clk/X (sky130_fd_sc_hd__clkbuf_16)
     8    0.10                           clknet_0_i_clk (net)
                  0.12    0.00    0.26 ^ clkbuf_3_7__f_i_clk/A (sky130_fd_sc_hd__clkbuf_16)
                  0.08    0.18    0.44 ^ clkbuf_3_7__f_i_clk/X (sky130_fd_sc_hd__clkbuf_16)
     8    0.07                           clknet_3_7__leaf_i_clk (net)
                  0.08    0.00    0.44 ^ clkbuf_leaf_28_i_clk/A (sky130_fd_sc_hd__clkbuf_16)
                  0.04    0.13    0.57 ^ clkbuf_leaf_28_i_clk/X (sky130_fd_sc_hd__clkbuf_16)
     7    0.02                           clknet_leaf_28_i_clk (net)
                  0.04    0.00    0.57 ^ _3360_/CLK (sky130_fd_sc_hd__dfxtp_1)
                  0.06    0.30    0.87 ^ _3360_/Q (sky130_fd_sc_hd__dfxtp_1)
     2    0.00                           lldriver.o_word[26] (net)
                  0.06    0.00    0.87 ^ _2879_/A0 (sky130_fd_sc_hd__mux2_1)
                  0.04    0.12    0.99 ^ _2879_/X (sky130_fd_sc_hd__mux2_1)
     1    0.00                           _0230_ (net)
                  0.04    0.00    0.99 ^ _3360_/D (sky130_fd_sc_hd__dfxtp_1)
                                  0.99   data arrival time

                          0.00    0.00   clock i_clk (rise edge)
                          0.00    0.00   clock source latency
                  0.10    0.07    0.07 ^ i_clk (in)
     1    0.02                           i_clk (net)
                  0.10    0.00    0.07 ^ clkbuf_0_i_clk/A (sky130_fd_sc_hd__clkbuf_16)
                  0.12    0.22    0.29 ^ clkbuf_0_i_clk/X (sky130_fd_sc_hd__clkbuf_16)
     8    0.10                           clknet_0_i_clk (net)
                  0.12    0.00    0.29 ^ clkbuf_3_7__f_i_clk/A (sky130_fd_sc_hd__clkbuf_16)
                  0.08    0.20    0.49 ^ clkbuf_3_7__f_i_clk/X (sky130_fd_sc_hd__clkbuf_16)
     8    0.07                           clknet_3_7__leaf_i_clk (net)
                  0.08    0.00    0.49 ^ clkbuf_leaf_28_i_clk/A (sky130_fd_sc_hd__clkbuf_16)
                  0.04    0.14    0.63 ^ clkbuf_leaf_28_i_clk/X (sky130_fd_sc_hd__clkbuf_16)
     7    0.02                           clknet_leaf_28_i_clk (net)
                  0.04    0.00    0.63 ^ _3360_/CLK (sky130_fd_sc_hd__dfxtp_1)
                          0.10    0.73   clock uncertainty
                         -0.06    0.67   clock reconvergence pessimism
                         -0.03    0.64   library hold time
                                  0.64   data required time
-----------------------------------------------------------------------------
                                  0.64   data required time
                                 -0.99   data arrival time
-----------------------------------------------------------------------------
                                  0.34   slack (MET)


Startpoint: _3325_ (rising edge-triggered flip-flop clocked by i_clk)
Endpoint: _3325_ (rising edge-triggered flip-flop clocked by i_clk)
Path Group: i_clk
Path Type: min

Fanout     Cap    Slew   Delay    Time   Description
-----------------------------------------------------------------------------
                          0.00    0.00   clock i_clk (rise edge)
                          0.00    0.00   clock source latency
                  0.10    0.07    0.07 ^ i_clk (in)
     1    0.02                           i_clk (net)
                  0.10    0.00    0.07 ^ clkbuf_0_i_clk/A (sky130_fd_sc_hd__clkbuf_16)
                  0.12    0.19    0.26 ^ clkbuf_0_i_clk/X (sky130_fd_sc_hd__clkbuf_16)
     8    0.10                           clknet_0_i_clk (net)
                  0.12    0.00    0.27 ^ clkbuf_3_1__f_i_clk/A (sky130_fd_sc_hd__clkbuf_16)
                  0.09    0.18    0.45 ^ clkbuf_3_1__f_i_clk/X (sky130_fd_sc_hd__clkbuf_16)
     7    0.07                           clknet_3_1__leaf_i_clk (net)
                  0.09    0.00    0.45 ^ clkbuf_leaf_52_i_clk/A (sky130_fd_sc_hd__clkbuf_16)
                  0.03    0.13    0.57 ^ clkbuf_leaf_52_i_clk/X (sky130_fd_sc_hd__clkbuf_16)
     4    0.01                           clknet_leaf_52_i_clk (net)
                  0.03    0.00    0.57 ^ _3325_/CLK (sky130_fd_sc_hd__dfxtp_1)
                  0.06    0.30    0.87 ^ _3325_/Q (sky130_fd_sc_hd__dfxtp_1)
     2    0.01                           lldriver.o_dat[1] (net)
                  0.06    0.00    0.87 ^ _2830_/B1 (sky130_fd_sc_hd__a2bb2o_1)
                  0.04    0.12    0.99 ^ _2830_/X (sky130_fd_sc_hd__a2bb2o_1)
     1    0.00                           _0196_ (net)
                  0.04    0.00    0.99 ^ _3325_/D (sky130_fd_sc_hd__dfxtp_1)
                                  0.99   data arrival time

                          0.00    0.00   clock i_clk (rise edge)
                          0.00    0.00   clock source latency
                  0.10    0.07    0.07 ^ i_clk (in)
     1    0.02                           i_clk (net)
                  0.10    0.00    0.07 ^ clkbuf_0_i_clk/A (sky130_fd_sc_hd__clkbuf_16)
                  0.12    0.22    0.29 ^ clkbuf_0_i_clk/X (sky130_fd_sc_hd__clkbuf_16)
     8    0.10                           clknet_0_i_clk (net)
                  0.12    0.01    0.29 ^ clkbuf_3_1__f_i_clk/A (sky130_fd_sc_hd__clkbuf_16)
                  0.09    0.20    0.49 ^ clkbuf_3_1__f_i_clk/X (sky130_fd_sc_hd__clkbuf_16)
     7    0.07                           clknet_3_1__leaf_i_clk (net)
                  0.09    0.00    0.49 ^ clkbuf_leaf_52_i_clk/A (sky130_fd_sc_hd__clkbuf_16)
                  0.03    0.14    0.63 ^ clkbuf_leaf_52_i_clk/X (sky130_fd_sc_hd__clkbuf_16)
     4    0.01                           clknet_leaf_52_i_clk (net)
                  0.03    0.00    0.63 ^ _3325_/CLK (sky130_fd_sc_hd__dfxtp_1)
                          0.10    0.73   clock uncertainty
                         -0.06    0.67   clock reconvergence pessimism
                         -0.03    0.64   library hold time
                                  0.64   data required time
-----------------------------------------------------------------------------
                                  0.64   data required time
                                 -0.99   data arrival time
-----------------------------------------------------------------------------
                                  0.35   slack (MET)


Startpoint: _3349_ (rising edge-triggered flip-flop clocked by i_clk)
Endpoint: _3349_ (rising edge-triggered flip-flop clocked by i_clk)
Path Group: i_clk
Path Type: min

Fanout     Cap    Slew   Delay    Time   Description
-----------------------------------------------------------------------------
                          0.00    0.00   clock i_clk (rise edge)
                          0.00    0.00   clock source latency
                  0.10    0.07    0.07 ^ i_clk (in)
     1    0.02                           i_clk (net)
                  0.10    0.00    0.07 ^ clkbuf_0_i_clk/A (sky130_fd_sc_hd__clkbuf_16)
                  0.12    0.19    0.26 ^ clkbuf_0_i_clk/X (sky130_fd_sc_hd__clkbuf_16)
     8    0.10                           clknet_0_i_clk (net)
                  0.12    0.00    0.27 ^ clkbuf_3_3__f_i_clk/A (sky130_fd_sc_hd__clkbuf_16)
                  0.07    0.17    0.43 ^ clkbuf_3_3__f_i_clk/X (sky130_fd_sc_hd__clkbuf_16)
     6    0.05                           clknet_3_3__leaf_i_clk (net)
                  0.07    0.00    0.44 ^ clkbuf_leaf_17_i_clk/A (sky130_fd_sc_hd__clkbuf_16)
                  0.04    0.13    0.57 ^ clkbuf_leaf_17_i_clk/X (sky130_fd_sc_hd__clkbuf_16)
     8    0.02                           clknet_leaf_17_i_clk (net)
                  0.04    0.00    0.57 ^ _3349_/CLK (sky130_fd_sc_hd__dfxtp_1)
                  0.07    0.30    0.87 ^ _3349_/Q (sky130_fd_sc_hd__dfxtp_1)
     2    0.01                           lldriver.o_word[15] (net)
                  0.07    0.00    0.87 ^ _2868_/A0 (sky130_fd_sc_hd__mux2_1)
                  0.04    0.11    0.98 ^ _2868_/X (sky130_fd_sc_hd__mux2_1)
     1    0.00                           _0219_ (net)
                  0.04    0.00    0.98 ^ _3349_/D (sky130_fd_sc_hd__dfxtp_1)
                                  0.98   data arrival time

                          0.00    0.00   clock i_clk (rise edge)
                          0.00    0.00   clock source latency
                  0.10    0.07    0.07 ^ i_clk (in)
     1    0.02                           i_clk (net)
                  0.10    0.00    0.07 ^ clkbuf_0_i_clk/A (sky130_fd_sc_hd__clkbuf_16)
                  0.12    0.22    0.29 ^ clkbuf_0_i_clk/X (sky130_fd_sc_hd__clkbuf_16)
     8    0.10                           clknet_0_i_clk (net)
                  0.12    0.00    0.29 ^ clkbuf_3_3__f_i_clk/A (sky130_fd_sc_hd__clkbuf_16)
                  0.07    0.18    0.48 ^ clkbuf_3_3__f_i_clk/X (sky130_fd_sc_hd__clkbuf_16)
     6    0.05                           clknet_3_3__leaf_i_clk (net)
                  0.07    0.00    0.48 ^ clkbuf_leaf_17_i_clk/A (sky130_fd_sc_hd__clkbuf_16)
                  0.04    0.14    0.63 ^ clkbuf_leaf_17_i_clk/X (sky130_fd_sc_hd__clkbuf_16)
     8    0.02                           clknet_leaf_17_i_clk (net)
                  0.04    0.00    0.63 ^ _3349_/CLK (sky130_fd_sc_hd__dfxtp_1)
                          0.10    0.73   clock uncertainty
                         -0.06    0.67   clock reconvergence pessimism
                         -0.03    0.64   library hold time
                                  0.64   data required time
-----------------------------------------------------------------------------
                                  0.64   data required time
                                 -0.98   data arrival time
-----------------------------------------------------------------------------
                                  0.35   slack (MET)


