
===========================================================================
report_checks -path_delay min (Hold)
============================================================================
Startpoint: _3718_ (rising edge-triggered flip-flop clocked by i_clk)
Endpoint: _3718_ (rising edge-triggered flip-flop clocked by i_clk)
Path Group: i_clk
Path Type: min

Fanout     Cap    Slew   Delay    Time   Description
-----------------------------------------------------------------------------
                          0.00    0.00   clock i_clk (rise edge)
                          0.00    0.00   clock source latency
                  0.12    0.08    0.08 ^ i_clk (in)
     1    0.03                           i_clk (net)
                  0.12    0.00    0.08 ^ clkbuf_0_i_clk/A (sky130_fd_sc_hd__clkbuf_16)
                  0.08    0.19    0.27 ^ clkbuf_0_i_clk/X (sky130_fd_sc_hd__clkbuf_16)
     4    0.06                           clknet_0_i_clk (net)
                  0.08    0.00    0.27 ^ clkbuf_2_0__f_i_clk/A (sky130_fd_sc_hd__clkbuf_16)
                  0.12    0.20    0.47 ^ clkbuf_2_0__f_i_clk/X (sky130_fd_sc_hd__clkbuf_16)
     9    0.10                           clknet_2_0__leaf_i_clk (net)
                  0.12    0.00    0.47 ^ clkbuf_leaf_39_i_clk/A (sky130_fd_sc_hd__clkbuf_16)
                  0.05    0.16    0.63 ^ clkbuf_leaf_39_i_clk/X (sky130_fd_sc_hd__clkbuf_16)
    11    0.03                           clknet_leaf_39_i_clk (net)
                  0.05    0.00    0.63 ^ _3718_/CLK (sky130_fd_sc_hd__dfxtp_1)
                  0.06    0.31    0.94 ^ _3718_/Q (sky130_fd_sc_hd__dfxtp_1)
     2    0.00                           reset_counter[4] (net)
                  0.06    0.00    0.94 ^ _2934_/A1 (sky130_fd_sc_hd__a21o_1)
                  0.03    0.10    1.04 ^ _2934_/X (sky130_fd_sc_hd__a21o_1)
     1    0.00                           _0093_ (net)
                  0.03    0.00    1.04 ^ _3718_/D (sky130_fd_sc_hd__dfxtp_1)
                                  1.04   data arrival time

                          0.00    0.00   clock i_clk (rise edge)
                          0.00    0.00   clock source latency
                  0.12    0.08    0.08 ^ i_clk (in)
     1    0.03                           i_clk (net)
                  0.12    0.00    0.08 ^ clkbuf_0_i_clk/A (sky130_fd_sc_hd__clkbuf_16)
                  0.08    0.19    0.27 ^ clkbuf_0_i_clk/X (sky130_fd_sc_hd__clkbuf_16)
     4    0.06                           clknet_0_i_clk (net)
                  0.08    0.00    0.27 ^ clkbuf_2_0__f_i_clk/A (sky130_fd_sc_hd__clkbuf_16)
                  0.12    0.20    0.47 ^ clkbuf_2_0__f_i_clk/X (sky130_fd_sc_hd__clkbuf_16)
     9    0.10                           clknet_2_0__leaf_i_clk (net)
                  0.12    0.00    0.47 ^ clkbuf_leaf_39_i_clk/A (sky130_fd_sc_hd__clkbuf_16)
                  0.05    0.16    0.63 ^ clkbuf_leaf_39_i_clk/X (sky130_fd_sc_hd__clkbuf_16)
    11    0.03                           clknet_leaf_39_i_clk (net)
                  0.05    0.00    0.63 ^ _3718_/CLK (sky130_fd_sc_hd__dfxtp_1)
                          0.10    0.73   clock uncertainty
                          0.00    0.73   clock reconvergence pessimism
                         -0.03    0.70   library hold time
                                  0.70   data required time
-----------------------------------------------------------------------------
                                  0.70   data required time
                                 -1.04   data arrival time
-----------------------------------------------------------------------------
                                  0.34   slack (MET)


Startpoint: _3838_ (rising edge-triggered flip-flop clocked by i_clk)
Endpoint: _3838_ (rising edge-triggered flip-flop clocked by i_clk)
Path Group: i_clk
Path Type: min

Fanout     Cap    Slew   Delay    Time   Description
-----------------------------------------------------------------------------
                          0.00    0.00   clock i_clk (rise edge)
                          0.00    0.00   clock source latency
                  0.12    0.08    0.08 ^ i_clk (in)
     1    0.03                           i_clk (net)
                  0.12    0.00    0.08 ^ clkbuf_0_i_clk/A (sky130_fd_sc_hd__clkbuf_16)
                  0.08    0.19    0.27 ^ clkbuf_0_i_clk/X (sky130_fd_sc_hd__clkbuf_16)
     4    0.06                           clknet_0_i_clk (net)
                  0.08    0.00    0.27 ^ clkbuf_2_1__f_i_clk/A (sky130_fd_sc_hd__clkbuf_16)
                  0.14    0.22    0.49 ^ clkbuf_2_1__f_i_clk/X (sky130_fd_sc_hd__clkbuf_16)
    12    0.13                           clknet_2_1__leaf_i_clk (net)
                  0.14    0.00    0.49 ^ clkbuf_leaf_7_i_clk/A (sky130_fd_sc_hd__clkbuf_16)
                  0.04    0.16    0.65 ^ clkbuf_leaf_7_i_clk/X (sky130_fd_sc_hd__clkbuf_16)
     8    0.02                           clknet_leaf_7_i_clk (net)
                  0.04    0.00    0.65 ^ _3838_/CLK (sky130_fd_sc_hd__dfxtp_1)
                  0.05    0.31    0.96 ^ _3838_/Q (sky130_fd_sc_hd__dfxtp_1)
     2    0.00                           lldriver.o_word[8] (net)
                  0.05    0.00    0.96 ^ _3339_/A0 (sky130_fd_sc_hd__mux2_1)
                  0.04    0.11    1.07 ^ _3339_/X (sky130_fd_sc_hd__mux2_1)
     1    0.00                           _0212_ (net)
                  0.04    0.00    1.07 ^ _3838_/D (sky130_fd_sc_hd__dfxtp_1)
                                  1.07   data arrival time

                          0.00    0.00   clock i_clk (rise edge)
                          0.00    0.00   clock source latency
                  0.12    0.08    0.08 ^ i_clk (in)
     1    0.03                           i_clk (net)
                  0.12    0.00    0.08 ^ clkbuf_0_i_clk/A (sky130_fd_sc_hd__clkbuf_16)
                  0.08    0.19    0.27 ^ clkbuf_0_i_clk/X (sky130_fd_sc_hd__clkbuf_16)
     4    0.06                           clknet_0_i_clk (net)
                  0.08    0.00    0.27 ^ clkbuf_2_1__f_i_clk/A (sky130_fd_sc_hd__clkbuf_16)
                  0.14    0.22    0.49 ^ clkbuf_2_1__f_i_clk/X (sky130_fd_sc_hd__clkbuf_16)
    12    0.13                           clknet_2_1__leaf_i_clk (net)
                  0.14    0.00    0.49 ^ clkbuf_leaf_7_i_clk/A (sky130_fd_sc_hd__clkbuf_16)
                  0.04    0.16    0.65 ^ clkbuf_leaf_7_i_clk/X (sky130_fd_sc_hd__clkbuf_16)
     8    0.02                           clknet_leaf_7_i_clk (net)
                  0.04    0.00    0.65 ^ _3838_/CLK (sky130_fd_sc_hd__dfxtp_1)
                          0.10    0.75   clock uncertainty
                          0.00    0.75   clock reconvergence pessimism
                         -0.03    0.72   library hold time
                                  0.72   data required time
-----------------------------------------------------------------------------
                                  0.72   data required time
                                 -1.07   data arrival time
-----------------------------------------------------------------------------
                                  0.35   slack (MET)


Startpoint: _3851_ (rising edge-triggered flip-flop clocked by i_clk)
Endpoint: _3851_ (rising edge-triggered flip-flop clocked by i_clk)
Path Group: i_clk
Path Type: min

Fanout     Cap    Slew   Delay    Time   Description
-----------------------------------------------------------------------------
                          0.00    0.00   clock i_clk (rise edge)
                          0.00    0.00   clock source latency
                  0.12    0.08    0.08 ^ i_clk (in)
     1    0.03                           i_clk (net)
                  0.12    0.00    0.08 ^ clkbuf_0_i_clk/A (sky130_fd_sc_hd__clkbuf_16)
                  0.08    0.19    0.27 ^ clkbuf_0_i_clk/X (sky130_fd_sc_hd__clkbuf_16)
     4    0.06                           clknet_0_i_clk (net)
                  0.08    0.00    0.27 ^ clkbuf_2_3__f_i_clk/A (sky130_fd_sc_hd__clkbuf_16)
                  0.12    0.20    0.47 ^ clkbuf_2_3__f_i_clk/X (sky130_fd_sc_hd__clkbuf_16)
     9    0.10                           clknet_2_3__leaf_i_clk (net)
                  0.12    0.00    0.47 ^ clkbuf_leaf_16_i_clk/A (sky130_fd_sc_hd__clkbuf_16)
                  0.05    0.16    0.63 ^ clkbuf_leaf_16_i_clk/X (sky130_fd_sc_hd__clkbuf_16)
    10    0.03                           clknet_leaf_16_i_clk (net)
                  0.05    0.00    0.63 ^ _3851_/CLK (sky130_fd_sc_hd__dfxtp_1)
                  0.05    0.31    0.94 ^ _3851_/Q (sky130_fd_sc_hd__dfxtp_1)
     2    0.00                           lldriver.o_word[21] (net)
                  0.05    0.00    0.94 ^ _3352_/A0 (sky130_fd_sc_hd__mux2_1)
                  0.04    0.11    1.05 ^ _3352_/X (sky130_fd_sc_hd__mux2_1)
     1    0.00                           _0225_ (net)
                  0.04    0.00    1.05 ^ _3851_/D (sky130_fd_sc_hd__dfxtp_1)
                                  1.05   data arrival time

                          0.00    0.00   clock i_clk (rise edge)
                          0.00    0.00   clock source latency
                  0.12    0.08    0.08 ^ i_clk (in)
     1    0.03                           i_clk (net)
                  0.12    0.00    0.08 ^ clkbuf_0_i_clk/A (sky130_fd_sc_hd__clkbuf_16)
                  0.08    0.19    0.27 ^ clkbuf_0_i_clk/X (sky130_fd_sc_hd__clkbuf_16)
     4    0.06                           clknet_0_i_clk (net)
                  0.08    0.00    0.27 ^ clkbuf_2_3__f_i_clk/A (sky130_fd_sc_hd__clkbuf_16)
                  0.12    0.20    0.47 ^ clkbuf_2_3__f_i_clk/X (sky130_fd_sc_hd__clkbuf_16)
     9    0.10                           clknet_2_3__leaf_i_clk (net)
                  0.12    0.00    0.47 ^ clkbuf_leaf_16_i_clk/A (sky130_fd_sc_hd__clkbuf_16)
                  0.05    0.16    0.63 ^ clkbuf_leaf_16_i_clk/X (sky130_fd_sc_hd__clkbuf_16)
    10    0.03                           clknet_leaf_16_i_clk (net)
                  0.05    0.00    0.63 ^ _3851_/CLK (sky130_fd_sc_hd__dfxtp_1)
                          0.10    0.73   clock uncertainty
                          0.00    0.73   clock reconvergence pessimism
                         -0.03    0.70   library hold time
                                  0.70   data required time
-----------------------------------------------------------------------------
                                  0.70   data required time
                                 -1.05   data arrival time
-----------------------------------------------------------------------------
                                  0.35   slack (MET)


Startpoint: _3801_ (rising edge-triggered flip-flop clocked by i_clk)
Endpoint: _3801_ (rising edge-triggered flip-flop clocked by i_clk)
Path Group: i_clk
Path Type: min

Fanout     Cap    Slew   Delay    Time   Description
-----------------------------------------------------------------------------
                          0.00    0.00   clock i_clk (rise edge)
                          0.00    0.00   clock source latency
                  0.12    0.08    0.08 ^ i_clk (in)
     1    0.03                           i_clk (net)
                  0.12    0.00    0.08 ^ clkbuf_0_i_clk/A (sky130_fd_sc_hd__clkbuf_16)
                  0.08    0.19    0.27 ^ clkbuf_0_i_clk/X (sky130_fd_sc_hd__clkbuf_16)
     4    0.06                           clknet_0_i_clk (net)
                  0.08    0.00    0.27 ^ clkbuf_2_1__f_i_clk/A (sky130_fd_sc_hd__clkbuf_16)
                  0.14    0.22    0.49 ^ clkbuf_2_1__f_i_clk/X (sky130_fd_sc_hd__clkbuf_16)
    12    0.13                           clknet_2_1__leaf_i_clk (net)
                  0.14    0.00    0.49 ^ clkbuf_leaf_7_i_clk/A (sky130_fd_sc_hd__clkbuf_16)
                  0.04    0.16    0.65 ^ clkbuf_leaf_7_i_clk/X (sky130_fd_sc_hd__clkbuf_16)
     8    0.02                           clknet_leaf_7_i_clk (net)
                  0.04    0.00    0.65 ^ _3801_/CLK (sky130_fd_sc_hd__dfxtp_1)
                  0.07    0.32    0.97 ^ _3801_/Q (sky130_fd_sc_hd__dfxtp_1)
     2    0.01                           net97 (net)
                  0.07    0.00    0.97 ^ _3239_/A1 (sky130_fd_sc_hd__a21o_1)
                  0.03    0.10    1.07 ^ _3239_/X (sky130_fd_sc_hd__a21o_1)
     1    0.00                           _0176_ (net)
                  0.03    0.00    1.07 ^ _3801_/D (sky130_fd_sc_hd__dfxtp_1)
                                  1.07   data arrival time

                          0.00    0.00   clock i_clk (rise edge)
                          0.00    0.00   clock source latency
                  0.12    0.08    0.08 ^ i_clk (in)
     1    0.03                           i_clk (net)
                  0.12    0.00    0.08 ^ clkbuf_0_i_clk/A (sky130_fd_sc_hd__clkbuf_16)
                  0.08    0.19    0.27 ^ clkbuf_0_i_clk/X (sky130_fd_sc_hd__clkbuf_16)
     4    0.06                           clknet_0_i_clk (net)
                  0.08    0.00    0.27 ^ clkbuf_2_1__f_i_clk/A (sky130_fd_sc_hd__clkbuf_16)
                  0.14    0.22    0.49 ^ clkbuf_2_1__f_i_clk/X (sky130_fd_sc_hd__clkbuf_16)
    12    0.13                           clknet_2_1__leaf_i_clk (net)
                  0.14    0.00    0.49 ^ clkbuf_leaf_7_i_clk/A (sky130_fd_sc_hd__clkbuf_16)
                  0.04    0.16    0.65 ^ clkbuf_leaf_7_i_clk/X (sky130_fd_sc_hd__clkbuf_16)
     8    0.02                           clknet_leaf_7_i_clk (net)
                  0.04    0.00    0.65 ^ _3801_/CLK (sky130_fd_sc_hd__dfxtp_1)
                          0.10    0.75   clock uncertainty
                          0.00    0.75   clock reconvergence pessimism
                         -0.03    0.73   library hold time
                                  0.73   data required time
-----------------------------------------------------------------------------
                                  0.73   data required time
                                 -1.07   data arrival time
-----------------------------------------------------------------------------
                                  0.35   slack (MET)


Startpoint: _3802_ (rising edge-triggered flip-flop clocked by i_clk)
Endpoint: _3802_ (rising edge-triggered flip-flop clocked by i_clk)
Path Group: i_clk
Path Type: min

Fanout     Cap    Slew   Delay    Time   Description
-----------------------------------------------------------------------------
                          0.00    0.00   clock i_clk (rise edge)
                          0.00    0.00   clock source latency
                  0.12    0.08    0.08 ^ i_clk (in)
     1    0.03                           i_clk (net)
                  0.12    0.00    0.08 ^ clkbuf_0_i_clk/A (sky130_fd_sc_hd__clkbuf_16)
                  0.08    0.19    0.27 ^ clkbuf_0_i_clk/X (sky130_fd_sc_hd__clkbuf_16)
     4    0.06                           clknet_0_i_clk (net)
                  0.08    0.00    0.27 ^ clkbuf_2_1__f_i_clk/A (sky130_fd_sc_hd__clkbuf_16)
                  0.14    0.22    0.49 ^ clkbuf_2_1__f_i_clk/X (sky130_fd_sc_hd__clkbuf_16)
    12    0.13                           clknet_2_1__leaf_i_clk (net)
                  0.14    0.00    0.49 ^ clkbuf_leaf_7_i_clk/A (sky130_fd_sc_hd__clkbuf_16)
                  0.04    0.16    0.65 ^ clkbuf_leaf_7_i_clk/X (sky130_fd_sc_hd__clkbuf_16)
     8    0.02                           clknet_leaf_7_i_clk (net)
                  0.04    0.00    0.65 ^ _3802_/CLK (sky130_fd_sc_hd__dfxtp_1)
                  0.07    0.32    0.97 ^ _3802_/Q (sky130_fd_sc_hd__dfxtp_1)
     2    0.01                           net98 (net)
                  0.07    0.00    0.97 ^ _3241_/A1 (sky130_fd_sc_hd__a21o_1)
                  0.03    0.10    1.07 ^ _3241_/X (sky130_fd_sc_hd__a21o_1)
     1    0.00                           _0177_ (net)
                  0.03    0.00    1.07 ^ _3802_/D (sky130_fd_sc_hd__dfxtp_1)
                                  1.07   data arrival time

                          0.00    0.00   clock i_clk (rise edge)
                          0.00    0.00   clock source latency
                  0.12    0.08    0.08 ^ i_clk (in)
     1    0.03                           i_clk (net)
                  0.12    0.00    0.08 ^ clkbuf_0_i_clk/A (sky130_fd_sc_hd__clkbuf_16)
                  0.08    0.19    0.27 ^ clkbuf_0_i_clk/X (sky130_fd_sc_hd__clkbuf_16)
     4    0.06                           clknet_0_i_clk (net)
                  0.08    0.00    0.27 ^ clkbuf_2_1__f_i_clk/A (sky130_fd_sc_hd__clkbuf_16)
                  0.14    0.22    0.49 ^ clkbuf_2_1__f_i_clk/X (sky130_fd_sc_hd__clkbuf_16)
    12    0.13                           clknet_2_1__leaf_i_clk (net)
                  0.14    0.00    0.49 ^ clkbuf_leaf_7_i_clk/A (sky130_fd_sc_hd__clkbuf_16)
                  0.04    0.16    0.65 ^ clkbuf_leaf_7_i_clk/X (sky130_fd_sc_hd__clkbuf_16)
     8    0.02                           clknet_leaf_7_i_clk (net)
                  0.04    0.00    0.65 ^ _3802_/CLK (sky130_fd_sc_hd__dfxtp_1)
                          0.10    0.75   clock uncertainty
                          0.00    0.75   clock reconvergence pessimism
                         -0.03    0.73   library hold time
                                  0.73   data required time
-----------------------------------------------------------------------------
                                  0.73   data required time
                                 -1.07   data arrival time
-----------------------------------------------------------------------------
                                  0.35   slack (MET)


