
===========================================================================
 report_power
============================================================================


======================= Slowest Corner =================================

Group                  Internal  Switching    Leakage      Total
                          Power      Power      Power      Power (Watts)
----------------------------------------------------------------
Sequential             4.72e-04   4.05e-05   4.17e-06   5.16e-04  35.0%
Combinational          6.04e-04   3.47e-04   9.08e-06   9.60e-04  65.0%
Macro                  0.00e+00   0.00e+00   0.00e+00   0.00e+00   0.0%
Pad                    0.00e+00   0.00e+00   0.00e+00   0.00e+00   0.0%
----------------------------------------------------------------
Total                  1.08e-03   3.87e-04   1.32e-05   1.48e-03 100.0%
                          72.8%      26.3%       0.9%

======================= Typical Corner ===================================

Group                  Internal  Switching    Leakage      Total
                          Power      Power      Power      Power (Watts)
----------------------------------------------------------------
Sequential             6.02e-04   5.16e-05   2.37e-09   6.54e-04  35.5%
Combinational          7.41e-04   4.48e-04   1.42e-08   1.19e-03  64.5%
Macro                  0.00e+00   0.00e+00   0.00e+00   0.00e+00   0.0%
Pad                    0.00e+00   0.00e+00   0.00e+00   0.00e+00   0.0%
----------------------------------------------------------------
Total                  1.34e-03   5.00e-04   1.65e-08   1.84e-03 100.0%
                          72.9%      27.1%       0.0%


======================= Fastest Corner =================================

Group                  Internal  Switching    Leakage      Total
                          Power      Power      Power      Power (Watts)
----------------------------------------------------------------
Sequential             6.98e-04   6.12e-05   4.35e-09   7.60e-04  35.7%
Combinational          8.35e-04   5.34e-04   2.21e-08   1.37e-03  64.3%
Macro                  0.00e+00   0.00e+00   0.00e+00   0.00e+00   0.0%
Pad                    0.00e+00   0.00e+00   0.00e+00   0.00e+00   0.0%
----------------------------------------------------------------
Total                  1.53e-03   5.95e-04   2.65e-08   2.13e-03 100.0%
                          72.0%      28.0%       0.0%
