
===========================================================================
 report_clock_skew
============================================================================

======================== Slowest Corner ==================================

Clock i_clk
Latency      CRPR       Skew
_3203_/CLK ^
   1.14
_3164_/CLK ^
   0.78     -0.05       0.32


======================= Typical Corner ===================================

Clock i_clk
Latency      CRPR       Skew
_3203_/CLK ^
   0.67
_3164_/CLK ^
   0.46     -0.03       0.18


======================= Fastest Corner ===================================

Clock i_clk
Latency      CRPR       Skew
_3203_/CLK ^
   0.47
_3164_/CLK ^
   0.32     -0.02       0.12

