
===========================================================================
report_checks -unconstrained
============================================================================

======================= Slowest Corner ===================================

Startpoint: i_wb_addr[2] (input port clocked by i_clk)
Endpoint: _3245_ (rising edge-triggered flip-flop clocked by i_clk)
Path Group: i_clk
Path Type: max
Corner: ss

Fanout     Cap    Slew   Delay    Time   Description
-----------------------------------------------------------------------------
                          0.00    0.00   clock i_clk (rise edge)
                          0.00    0.00   clock network delay (propagated)
                          4.00    4.00 v input external delay
                  0.08    0.06    4.06 v i_wb_addr[2] (in)
     1    0.02                           i_wb_addr[2] (net)
                  0.08    0.00    4.06 v input17/A (sky130_fd_sc_hd__clkbuf_2)
                  0.27    0.38    4.44 v input17/X (sky130_fd_sc_hd__clkbuf_2)
     5    0.04                           net17 (net)
                  0.27    0.01    4.45 v _1759_/B1_N (sky130_fd_sc_hd__o21bai_1)
                  0.87    1.05    5.50 v _1759_/Y (sky130_fd_sc_hd__o21bai_1)
     1    0.05                           _1414_ (net)
                  0.87    0.01    5.51 v _1760_/B1 (sky130_fd_sc_hd__o21ai_1)
                  0.98    1.00    6.50 ^ _1760_/Y (sky130_fd_sc_hd__o21ai_1)
     3    0.03                           _1415_ (net)
                  0.98    0.00    6.51 ^ _1761_/D1 (sky130_fd_sc_hd__o2111ai_1)
                  0.37    0.62    7.13 v _1761_/Y (sky130_fd_sc_hd__o2111ai_1)
     1    0.01                           _1416_ (net)
                  0.37    0.00    7.13 v _1762_/C (sky130_fd_sc_hd__nor3_1)
                  0.55    0.59    7.72 ^ _1762_/Y (sky130_fd_sc_hd__nor3_1)
     1    0.01                           _1417_ (net)
                  0.55    0.00    7.72 ^ _1763_/D1 (sky130_fd_sc_hd__o2111a_1)
                  0.18    0.63    8.35 ^ _1763_/X (sky130_fd_sc_hd__o2111a_1)
     1    0.01                           _1418_ (net)
                  0.18    0.00    8.35 ^ _1827_/B (sky130_fd_sc_hd__nand4_4)
                  0.28    0.34    8.69 v _1827_/Y (sky130_fd_sc_hd__nand4_4)
     5    0.02                           _1482_ (net)
                  0.28    0.00    8.69 v _2546_/A2 (sky130_fd_sc_hd__o211a_1)
                  0.17    0.60    9.29 v _2546_/X (sky130_fd_sc_hd__o211a_1)
     2    0.01                           _0824_ (net)
                  0.17    0.00    9.29 v _2553_/A (sky130_fd_sc_hd__or3_2)
                  0.22    1.31   10.60 v _2553_/X (sky130_fd_sc_hd__or3_2)
     1    0.01                           _0831_ (net)
                  0.22    0.00   10.60 v _2554_/A (sky130_fd_sc_hd__buf_8)
                  0.12    0.38   10.98 v _2554_/X (sky130_fd_sc_hd__buf_8)
    20    0.09                           _0832_ (net)
                  0.12    0.00   10.98 v _2572_/S (sky130_fd_sc_hd__mux2_1)
                  0.12    0.75   11.73 v _2572_/X (sky130_fd_sc_hd__mux2_1)
     1    0.00                           _0116_ (net)
                  0.12    0.00   11.73 v _3245_/D (sky130_fd_sc_hd__dfxtp_2)
                                 11.73   data arrival time

                         20.00   20.00   clock i_clk (rise edge)
                          0.00   20.00   clock source latency
                  0.16    0.11   20.11 ^ i_clk (in)
     1    0.02                           i_clk (net)
                  0.16    0.00   20.11 ^ clkbuf_0_i_clk/A (sky130_fd_sc_hd__clkbuf_16)
                  0.20    0.35   20.45 ^ clkbuf_0_i_clk/X (sky130_fd_sc_hd__clkbuf_16)
     8    0.11                           clknet_0_i_clk (net)
                  0.20    0.01   20.46 ^ clkbuf_3_7__f_i_clk/A (sky130_fd_sc_hd__clkbuf_16)
                  0.13    0.32   20.78 ^ clkbuf_3_7__f_i_clk/X (sky130_fd_sc_hd__clkbuf_16)
     8    0.06                           clknet_3_7__leaf_i_clk (net)
                  0.13    0.00   20.78 ^ _3245_/CLK (sky130_fd_sc_hd__dfxtp_2)
                         -0.10   20.68   clock uncertainty
                          0.00   20.68   clock reconvergence pessimism
                         -0.28   20.40   library setup time
                                 20.40   data required time
-----------------------------------------------------------------------------
                                 20.40   data required time
                                -11.73   data arrival time
-----------------------------------------------------------------------------
                                  8.67   slack (MET)



======================= Typical Corner ===================================

Startpoint: i_wb_addr[2] (input port clocked by i_clk)
Endpoint: _3272_ (rising edge-triggered flip-flop clocked by i_clk)
Path Group: i_clk
Path Type: max
Corner: tt

Fanout     Cap    Slew   Delay    Time   Description
-----------------------------------------------------------------------------
                          0.00    0.00   clock i_clk (rise edge)
                          0.00    0.00   clock network delay (propagated)
                          4.00    4.00 v input external delay
                  0.04    0.03    4.03 v i_wb_addr[2] (in)
     1    0.02                           i_wb_addr[2] (net)
                  0.04    0.00    4.03 v input17/A (sky130_fd_sc_hd__clkbuf_2)
                  0.15    0.21    4.24 v input17/X (sky130_fd_sc_hd__clkbuf_2)
     5    0.04                           net17 (net)
                  0.15    0.01    4.25 v _1759_/B1_N (sky130_fd_sc_hd__o21bai_1)
                  0.41    0.48    4.73 v _1759_/Y (sky130_fd_sc_hd__o21bai_1)
     1    0.05                           _1414_ (net)
                  0.41    0.01    4.74 v _1760_/B1 (sky130_fd_sc_hd__o21ai_1)
                  0.59    0.51    5.25 ^ _1760_/Y (sky130_fd_sc_hd__o21ai_1)
     3    0.03                           _1415_ (net)
                  0.59    0.00    5.25 ^ _1761_/D1 (sky130_fd_sc_hd__o2111ai_1)
                  0.20    0.26    5.51 v _1761_/Y (sky130_fd_sc_hd__o2111ai_1)
     1    0.01                           _1416_ (net)
                  0.20    0.00    5.51 v _1762_/C (sky130_fd_sc_hd__nor3_1)
                  0.32    0.33    5.84 ^ _1762_/Y (sky130_fd_sc_hd__nor3_1)
     1    0.01                           _1417_ (net)
                  0.32    0.00    5.84 ^ _1763_/D1 (sky130_fd_sc_hd__o2111a_1)
                  0.11    0.29    6.13 ^ _1763_/X (sky130_fd_sc_hd__o2111a_1)
     1    0.01                           _1418_ (net)
                  0.11    0.00    6.13 ^ _1827_/B (sky130_fd_sc_hd__nand4_4)
                  0.14    0.15    6.28 v _1827_/Y (sky130_fd_sc_hd__nand4_4)
     5    0.02                           _1482_ (net)
                  0.14    0.00    6.28 v _2546_/A2 (sky130_fd_sc_hd__o211a_1)
                  0.09    0.31    6.59 v _2546_/X (sky130_fd_sc_hd__o211a_1)
     2    0.01                           _0824_ (net)
                  0.09    0.00    6.59 v _2581_/B (sky130_fd_sc_hd__nor4b_4)
                  0.67    0.67    7.26 ^ _2581_/Y (sky130_fd_sc_hd__nor4b_4)
     9    0.05                           _0838_ (net)
                  0.67    0.00    7.26 ^ _2582_/A (sky130_fd_sc_hd__buf_8)
                  0.20    0.31    7.57 ^ _2582_/X (sky130_fd_sc_hd__buf_8)
    26    0.12                           _0839_ (net)
                  0.20    0.01    7.58 ^ _2710_/S (sky130_fd_sc_hd__mux2_1)
                  0.05    0.35    7.94 v _2710_/X (sky130_fd_sc_hd__mux2_1)
     1    0.00                           _0143_ (net)
                  0.05    0.00    7.94 v _3272_/D (sky130_fd_sc_hd__dfxtp_1)
                                  7.94   data arrival time

                         20.00   20.00   clock i_clk (rise edge)
                          0.00   20.00   clock source latency
                  0.10    0.07   20.07 ^ i_clk (in)
     1    0.02                           i_clk (net)
                  0.10    0.00   20.07 ^ clkbuf_0_i_clk/A (sky130_fd_sc_hd__clkbuf_16)
                  0.13    0.20   20.27 ^ clkbuf_0_i_clk/X (sky130_fd_sc_hd__clkbuf_16)
     8    0.11                           clknet_0_i_clk (net)
                  0.13    0.02   20.29 ^ clkbuf_3_0__f_i_clk/A (sky130_fd_sc_hd__clkbuf_16)
                  0.08    0.18   20.47 ^ clkbuf_3_0__f_i_clk/X (sky130_fd_sc_hd__clkbuf_16)
     7    0.07                           clknet_3_0__leaf_i_clk (net)
                  0.08    0.00   20.47 ^ clkbuf_leaf_4_i_clk/A (sky130_fd_sc_hd__clkbuf_16)
                  0.03    0.12   20.59 ^ clkbuf_leaf_4_i_clk/X (sky130_fd_sc_hd__clkbuf_16)
     2    0.00                           clknet_leaf_4_i_clk (net)
                  0.03    0.00   20.59 ^ _3272_/CLK (sky130_fd_sc_hd__dfxtp_1)
                         -0.10   20.49   clock uncertainty
                          0.00   20.49   clock reconvergence pessimism
                         -0.12   20.37   library setup time
                                 20.37   data required time
-----------------------------------------------------------------------------
                                 20.37   data required time
                                 -7.94   data arrival time
-----------------------------------------------------------------------------
                                 12.44   slack (MET)



======================= Fastest Corner ===================================

Startpoint: i_wb_addr[2] (input port clocked by i_clk)
Endpoint: _3264_ (rising edge-triggered flip-flop clocked by i_clk)
Path Group: i_clk
Path Type: max
Corner: ff

Fanout     Cap    Slew   Delay    Time   Description
-----------------------------------------------------------------------------
                          0.00    0.00   clock i_clk (rise edge)
                          0.00    0.00   clock network delay (propagated)
                          4.00    4.00 v input external delay
                  0.03    0.02    4.02 v i_wb_addr[2] (in)
     1    0.02                           i_wb_addr[2] (net)
                  0.03    0.00    4.02 v input17/A (sky130_fd_sc_hd__clkbuf_2)
                  0.11    0.14    4.16 v input17/X (sky130_fd_sc_hd__clkbuf_2)
     5    0.04                           net17 (net)
                  0.11    0.01    4.17 v _1759_/B1_N (sky130_fd_sc_hd__o21bai_1)
                  0.28    0.26    4.43 v _1759_/Y (sky130_fd_sc_hd__o21bai_1)
     1    0.05                           _1414_ (net)
                  0.28    0.01    4.43 v _1760_/B1 (sky130_fd_sc_hd__o21ai_1)
                  0.42    0.35    4.78 ^ _1760_/Y (sky130_fd_sc_hd__o21ai_1)
     3    0.03                           _1415_ (net)
                  0.42    0.00    4.78 ^ _1761_/D1 (sky130_fd_sc_hd__o2111ai_1)
                  0.11    0.08    4.86 v _1761_/Y (sky130_fd_sc_hd__o2111ai_1)
     1    0.01                           _1416_ (net)
                  0.11    0.00    4.86 v _1762_/C (sky130_fd_sc_hd__nor3_1)
                  0.22    0.21    5.08 ^ _1762_/Y (sky130_fd_sc_hd__nor3_1)
     1    0.01                           _1417_ (net)
                  0.22    0.00    5.08 ^ _1763_/D1 (sky130_fd_sc_hd__o2111a_1)
                  0.07    0.13    5.21 ^ _1763_/X (sky130_fd_sc_hd__o2111a_1)
     1    0.01                           _1418_ (net)
                  0.07    0.00    5.21 ^ _1827_/B (sky130_fd_sc_hd__nand4_4)
                  0.09    0.09    5.30 v _1827_/Y (sky130_fd_sc_hd__nand4_4)
     5    0.02                           _1482_ (net)
                  0.09    0.00    5.30 v _2546_/A2 (sky130_fd_sc_hd__o211a_1)
                  0.06    0.20    5.50 v _2546_/X (sky130_fd_sc_hd__o211a_1)
     2    0.01                           _0824_ (net)
                  0.06    0.00    5.50 v _2581_/B (sky130_fd_sc_hd__nor4b_4)
                  0.49    0.47    5.97 ^ _2581_/Y (sky130_fd_sc_hd__nor4b_4)
     9    0.05                           _0838_ (net)
                  0.49    0.00    5.97 ^ _2582_/A (sky130_fd_sc_hd__buf_8)
                  0.15    0.16    6.13 ^ _2582_/X (sky130_fd_sc_hd__buf_8)
    26    0.12                           _0839_ (net)
                  0.16    0.02    6.15 ^ _2702_/S (sky130_fd_sc_hd__mux2_1)
                  0.04    0.20    6.35 v _2702_/X (sky130_fd_sc_hd__mux2_1)
     1    0.00                           _0135_ (net)
                  0.04    0.00    6.35 v _3264_/D (sky130_fd_sc_hd__dfxtp_1)
                                  6.35   data arrival time

                         20.00   20.00   clock i_clk (rise edge)
                          0.00   20.00   clock source latency
                  0.08    0.05   20.05 ^ i_clk (in)
     1    0.02                           i_clk (net)
                  0.08    0.00   20.05 ^ clkbuf_0_i_clk/A (sky130_fd_sc_hd__clkbuf_16)
                  0.10    0.13   20.19 ^ clkbuf_0_i_clk/X (sky130_fd_sc_hd__clkbuf_16)
     8    0.11                           clknet_0_i_clk (net)
                  0.11    0.02   20.21 ^ clkbuf_3_0__f_i_clk/A (sky130_fd_sc_hd__clkbuf_16)
                  0.06    0.12   20.33 ^ clkbuf_3_0__f_i_clk/X (sky130_fd_sc_hd__clkbuf_16)
     7    0.07                           clknet_3_0__leaf_i_clk (net)
                  0.07    0.00   20.33 ^ clkbuf_leaf_0_i_clk/A (sky130_fd_sc_hd__clkbuf_16)
                  0.03    0.09   20.42 ^ clkbuf_leaf_0_i_clk/X (sky130_fd_sc_hd__clkbuf_16)
     7    0.02                           clknet_leaf_0_i_clk (net)
                  0.03    0.00   20.42 ^ _3264_/CLK (sky130_fd_sc_hd__dfxtp_1)
                         -0.10   20.32   clock uncertainty
                          0.00   20.32   clock reconvergence pessimism
                         -0.07   20.25   library setup time
                                 20.25   data required time
-----------------------------------------------------------------------------
                                 20.25   data required time
                                 -6.35   data arrival time
-----------------------------------------------------------------------------
                                 13.90   slack (MET)



===========================================================================
report_checks --slack_max -0.01
============================================================================

======================= Slowest Corner ===================================

No paths found.

======================= Typical Corner ===================================

No paths found.

======================= Fastest Corner ===================================

No paths found.
