
===========================================================================
 report_check_types -max_slew -max_cap -max_fanout -violators
============================================================================

======================= Slowest Corner ===================================

max slew

Pin                                    Limit    Slew   Slack
------------------------------------------------------------
_1759_/Y                                1.48    1.67   -0.19 (VIOLATED)
_1760_/B1                               1.50    1.67   -0.17 (VIOLATED)

max capacitance

Pin                                    Limit     Cap   Slack
------------------------------------------------------------
_1759_/Y                                0.04    0.05   -0.01 (VIOLATED)


======================= Typical Corner ===================================


======================= Fastest Corner ===================================


===========================================================================
max slew violation count 2
max fanout violation count 0
max cap violation count 1
============================================================================
