
===========================================================================
report_checks -path_delay max (Setup)
============================================================================
Startpoint: i_wb_data_stb (input port clocked by i_clk)
Endpoint: _2742_ (rising edge-triggered flip-flop clocked by i_clk)
Path Group: i_clk
Path Type: max

Fanout     Cap    Slew   Delay    Time   Description
-----------------------------------------------------------------------------
                  0.10    0.00    0.00   clock i_clk (rise edge)
                          0.00    0.00   clock network delay (ideal)
                          2.00    2.00 ^ input external delay
                  0.04    0.03    2.03 ^ i_wb_data_stb (in)
     1    0.01                           i_wb_data_stb (net)
                  0.04    0.00    2.03 ^ _1327_/A (sky130_fd_sc_hd__buf_1)
                  1.05    0.77    2.80 ^ _1327_/X (sky130_fd_sc_hd__buf_1)
    22    0.09                           _0991_ (net)
                  1.05    0.01    2.81 ^ _1396_/A (sky130_fd_sc_hd__nor2_2)
                  0.17    0.14    2.96 v _1396_/Y (sky130_fd_sc_hd__nor2_2)
     4    0.01                           _1060_ (net)
                  0.17    0.00    2.96 v _1727_/C (sky130_fd_sc_hd__and3_2)
                  0.04    0.27    3.23 v _1727_/X (sky130_fd_sc_hd__and3_2)
     2    0.01                           _0327_ (net)
                  0.04    0.00    3.23 v _2145_/B1 (sky130_fd_sc_hd__a2bb2o_2)
                  0.04    0.25    3.48 v _2145_/X (sky130_fd_sc_hd__a2bb2o_2)
     1    0.00                           _0664_ (net)
                  0.04    0.00    3.48 v _2147_/B1 (sky130_fd_sc_hd__a311o_2)
                  0.05    0.34    3.82 v _2147_/X (sky130_fd_sc_hd__a311o_2)
     1    0.00                           _0666_ (net)
                  0.05    0.00    3.82 v _2150_/B (sky130_fd_sc_hd__or4_2)
                  0.10    0.63    4.45 v _2150_/X (sky130_fd_sc_hd__or4_2)
     1    0.00                           _0669_ (net)
                  0.10    0.00    4.45 v _2151_/B1 (sky130_fd_sc_hd__a211o_2)
                  0.05    0.32    4.77 v _2151_/X (sky130_fd_sc_hd__a211o_2)
     1    0.00                           _0670_ (net)
                  0.05    0.00    4.77 v _2152_/C (sky130_fd_sc_hd__or4b_2)
                  0.11    0.61    5.39 v _2152_/X (sky130_fd_sc_hd__or4b_2)
     1    0.00                           _0671_ (net)
                  0.11    0.00    5.39 v _2154_/B1 (sky130_fd_sc_hd__a211oi_2)
                  0.39    0.39    5.78 ^ _2154_/Y (sky130_fd_sc_hd__a211oi_2)
     5    0.02                           _0673_ (net)
                  0.39    0.00    5.78 ^ _2155_/A (sky130_fd_sc_hd__inv_2)
                  0.07    0.07    5.85 v _2155_/Y (sky130_fd_sc_hd__inv_2)
     2    0.01                           _0674_ (net)
                  0.07    0.00    5.85 v _2172_/B (sky130_fd_sc_hd__nor2_2)
                  0.19    0.17    6.02 ^ _2172_/Y (sky130_fd_sc_hd__nor2_2)
     4    0.01                           _0691_ (net)
                  0.19    0.00    6.02 ^ _2216_/B1 (sky130_fd_sc_hd__o21ai_2)
                  0.12    0.07    6.09 v _2216_/Y (sky130_fd_sc_hd__o21ai_2)
     1    0.00                           _0732_ (net)
                  0.12    0.00    6.09 v _2217_/B2 (sky130_fd_sc_hd__o22a_2)
                  0.03    0.20    6.29 v _2217_/X (sky130_fd_sc_hd__o22a_2)
     1    0.00                           _0125_ (net)
                  0.03    0.00    6.29 v _2742_/D (sky130_fd_sc_hd__dfxtp_2)
                                  6.29   data arrival time

                  0.10   10.00   10.00   clock i_clk (rise edge)
                          0.00   10.00   clock network delay (ideal)
                         -0.10    9.90   clock uncertainty
                          0.00    9.90   clock reconvergence pessimism
                                  9.90 ^ _2742_/CLK (sky130_fd_sc_hd__dfxtp_2)
                         -0.09    9.81   library setup time
                                  9.81   data required time
-----------------------------------------------------------------------------
                                  9.81   data required time
                                 -6.29   data arrival time
-----------------------------------------------------------------------------
                                  3.51   slack (MET)


Startpoint: i_wb_data_stb (input port clocked by i_clk)
Endpoint: _2739_ (rising edge-triggered flip-flop clocked by i_clk)
Path Group: i_clk
Path Type: max

Fanout     Cap    Slew   Delay    Time   Description
-----------------------------------------------------------------------------
                  0.10    0.00    0.00   clock i_clk (rise edge)
                          0.00    0.00   clock network delay (ideal)
                          2.00    2.00 ^ input external delay
                  0.04    0.03    2.03 ^ i_wb_data_stb (in)
     1    0.01                           i_wb_data_stb (net)
                  0.04    0.00    2.03 ^ _1327_/A (sky130_fd_sc_hd__buf_1)
                  1.05    0.77    2.80 ^ _1327_/X (sky130_fd_sc_hd__buf_1)
    22    0.09                           _0991_ (net)
                  1.05    0.01    2.81 ^ _1396_/A (sky130_fd_sc_hd__nor2_2)
                  0.17    0.14    2.96 v _1396_/Y (sky130_fd_sc_hd__nor2_2)
     4    0.01                           _1060_ (net)
                  0.17    0.00    2.96 v _1727_/C (sky130_fd_sc_hd__and3_2)
                  0.04    0.27    3.23 v _1727_/X (sky130_fd_sc_hd__and3_2)
     2    0.01                           _0327_ (net)
                  0.04    0.00    3.23 v _2145_/B1 (sky130_fd_sc_hd__a2bb2o_2)
                  0.04    0.25    3.48 v _2145_/X (sky130_fd_sc_hd__a2bb2o_2)
     1    0.00                           _0664_ (net)
                  0.04    0.00    3.48 v _2147_/B1 (sky130_fd_sc_hd__a311o_2)
                  0.05    0.34    3.82 v _2147_/X (sky130_fd_sc_hd__a311o_2)
     1    0.00                           _0666_ (net)
                  0.05    0.00    3.82 v _2150_/B (sky130_fd_sc_hd__or4_2)
                  0.10    0.63    4.45 v _2150_/X (sky130_fd_sc_hd__or4_2)
     1    0.00                           _0669_ (net)
                  0.10    0.00    4.45 v _2151_/B1 (sky130_fd_sc_hd__a211o_2)
                  0.05    0.32    4.77 v _2151_/X (sky130_fd_sc_hd__a211o_2)
     1    0.00                           _0670_ (net)
                  0.05    0.00    4.77 v _2152_/C (sky130_fd_sc_hd__or4b_2)
                  0.11    0.61    5.39 v _2152_/X (sky130_fd_sc_hd__or4b_2)
     1    0.00                           _0671_ (net)
                  0.11    0.00    5.39 v _2154_/B1 (sky130_fd_sc_hd__a211oi_2)
                  0.39    0.39    5.78 ^ _2154_/Y (sky130_fd_sc_hd__a211oi_2)
     5    0.02                           _0673_ (net)
                  0.39    0.00    5.78 ^ _2155_/A (sky130_fd_sc_hd__inv_2)
                  0.07    0.07    5.85 v _2155_/Y (sky130_fd_sc_hd__inv_2)
     2    0.01                           _0674_ (net)
                  0.07    0.00    5.85 v _2172_/B (sky130_fd_sc_hd__nor2_2)
                  0.19    0.17    6.02 ^ _2172_/Y (sky130_fd_sc_hd__nor2_2)
     4    0.01                           _0691_ (net)
                  0.19    0.00    6.02 ^ _2178_/B1 (sky130_fd_sc_hd__o311a_2)
                  0.05    0.20    6.22 ^ _2178_/X (sky130_fd_sc_hd__o311a_2)
     1    0.00                           _0697_ (net)
                  0.05    0.00    6.22 ^ _2179_/B1 (sky130_fd_sc_hd__a211o_2)
                  0.05    0.09    6.31 ^ _2179_/X (sky130_fd_sc_hd__a211o_2)
     1    0.00                           _0122_ (net)
                  0.05    0.00    6.31 ^ _2739_/D (sky130_fd_sc_hd__dfxtp_2)
                                  6.31   data arrival time

                  0.10   10.00   10.00   clock i_clk (rise edge)
                          0.00   10.00   clock network delay (ideal)
                         -0.10    9.90   clock uncertainty
                          0.00    9.90   clock reconvergence pessimism
                                  9.90 ^ _2739_/CLK (sky130_fd_sc_hd__dfxtp_2)
                         -0.05    9.85   library setup time
                                  9.85   data required time
-----------------------------------------------------------------------------
                                  9.85   data required time
                                 -6.31   data arrival time
-----------------------------------------------------------------------------
                                  3.54   slack (MET)


Startpoint: i_wb_data_stb (input port clocked by i_clk)
Endpoint: _2741_ (rising edge-triggered flip-flop clocked by i_clk)
Path Group: i_clk
Path Type: max

Fanout     Cap    Slew   Delay    Time   Description
-----------------------------------------------------------------------------
                  0.10    0.00    0.00   clock i_clk (rise edge)
                          0.00    0.00   clock network delay (ideal)
                          2.00    2.00 ^ input external delay
                  0.04    0.03    2.03 ^ i_wb_data_stb (in)
     1    0.01                           i_wb_data_stb (net)
                  0.04    0.00    2.03 ^ _1327_/A (sky130_fd_sc_hd__buf_1)
                  1.05    0.77    2.80 ^ _1327_/X (sky130_fd_sc_hd__buf_1)
    22    0.09                           _0991_ (net)
                  1.05    0.01    2.81 ^ _1396_/A (sky130_fd_sc_hd__nor2_2)
                  0.17    0.14    2.96 v _1396_/Y (sky130_fd_sc_hd__nor2_2)
     4    0.01                           _1060_ (net)
                  0.17    0.00    2.96 v _1727_/C (sky130_fd_sc_hd__and3_2)
                  0.04    0.27    3.23 v _1727_/X (sky130_fd_sc_hd__and3_2)
     2    0.01                           _0327_ (net)
                  0.04    0.00    3.23 v _2145_/B1 (sky130_fd_sc_hd__a2bb2o_2)
                  0.04    0.25    3.48 v _2145_/X (sky130_fd_sc_hd__a2bb2o_2)
     1    0.00                           _0664_ (net)
                  0.04    0.00    3.48 v _2147_/B1 (sky130_fd_sc_hd__a311o_2)
                  0.05    0.34    3.82 v _2147_/X (sky130_fd_sc_hd__a311o_2)
     1    0.00                           _0666_ (net)
                  0.05    0.00    3.82 v _2150_/B (sky130_fd_sc_hd__or4_2)
                  0.10    0.63    4.45 v _2150_/X (sky130_fd_sc_hd__or4_2)
     1    0.00                           _0669_ (net)
                  0.10    0.00    4.45 v _2151_/B1 (sky130_fd_sc_hd__a211o_2)
                  0.05    0.32    4.77 v _2151_/X (sky130_fd_sc_hd__a211o_2)
     1    0.00                           _0670_ (net)
                  0.05    0.00    4.77 v _2152_/C (sky130_fd_sc_hd__or4b_2)
                  0.11    0.61    5.39 v _2152_/X (sky130_fd_sc_hd__or4b_2)
     1    0.00                           _0671_ (net)
                  0.11    0.00    5.39 v _2154_/B1 (sky130_fd_sc_hd__a211oi_2)
                  0.39    0.39    5.78 ^ _2154_/Y (sky130_fd_sc_hd__a211oi_2)
     5    0.02                           _0673_ (net)
                  0.39    0.00    5.78 ^ _2155_/A (sky130_fd_sc_hd__inv_2)
                  0.07    0.07    5.85 v _2155_/Y (sky130_fd_sc_hd__inv_2)
     2    0.01                           _0674_ (net)
                  0.07    0.00    5.85 v _2172_/B (sky130_fd_sc_hd__nor2_2)
                  0.19    0.17    6.02 ^ _2172_/Y (sky130_fd_sc_hd__nor2_2)
     4    0.01                           _0691_ (net)
                  0.19    0.00    6.02 ^ _2208_/A1_N (sky130_fd_sc_hd__o2bb2a_2)
                  0.04    0.23    6.25 v _2208_/X (sky130_fd_sc_hd__o2bb2a_2)
     1    0.00                           _0124_ (net)
                  0.04    0.00    6.25 v _2741_/D (sky130_fd_sc_hd__dfxtp_2)
                                  6.25   data arrival time

                  0.10   10.00   10.00   clock i_clk (rise edge)
                          0.00   10.00   clock network delay (ideal)
                         -0.10    9.90   clock uncertainty
                          0.00    9.90   clock reconvergence pessimism
                                  9.90 ^ _2741_/CLK (sky130_fd_sc_hd__dfxtp_2)
                         -0.10    9.80   library setup time
                                  9.80   data required time
-----------------------------------------------------------------------------
                                  9.80   data required time
                                 -6.25   data arrival time
-----------------------------------------------------------------------------
                                  3.55   slack (MET)


Startpoint: i_wb_data_stb (input port clocked by i_clk)
Endpoint: _2740_ (rising edge-triggered flip-flop clocked by i_clk)
Path Group: i_clk
Path Type: max

Fanout     Cap    Slew   Delay    Time   Description
-----------------------------------------------------------------------------
                  0.10    0.00    0.00   clock i_clk (rise edge)
                          0.00    0.00   clock network delay (ideal)
                          2.00    2.00 ^ input external delay
                  0.04    0.03    2.03 ^ i_wb_data_stb (in)
     1    0.01                           i_wb_data_stb (net)
                  0.04    0.00    2.03 ^ _1327_/A (sky130_fd_sc_hd__buf_1)
                  1.05    0.77    2.80 ^ _1327_/X (sky130_fd_sc_hd__buf_1)
    22    0.09                           _0991_ (net)
                  1.05    0.01    2.81 ^ _1396_/A (sky130_fd_sc_hd__nor2_2)
                  0.17    0.14    2.96 v _1396_/Y (sky130_fd_sc_hd__nor2_2)
     4    0.01                           _1060_ (net)
                  0.17    0.00    2.96 v _1727_/C (sky130_fd_sc_hd__and3_2)
                  0.04    0.27    3.23 v _1727_/X (sky130_fd_sc_hd__and3_2)
     2    0.01                           _0327_ (net)
                  0.04    0.00    3.23 v _2145_/B1 (sky130_fd_sc_hd__a2bb2o_2)
                  0.04    0.25    3.48 v _2145_/X (sky130_fd_sc_hd__a2bb2o_2)
     1    0.00                           _0664_ (net)
                  0.04    0.00    3.48 v _2147_/B1 (sky130_fd_sc_hd__a311o_2)
                  0.05    0.34    3.82 v _2147_/X (sky130_fd_sc_hd__a311o_2)
     1    0.00                           _0666_ (net)
                  0.05    0.00    3.82 v _2150_/B (sky130_fd_sc_hd__or4_2)
                  0.10    0.63    4.45 v _2150_/X (sky130_fd_sc_hd__or4_2)
     1    0.00                           _0669_ (net)
                  0.10    0.00    4.45 v _2151_/B1 (sky130_fd_sc_hd__a211o_2)
                  0.05    0.32    4.77 v _2151_/X (sky130_fd_sc_hd__a211o_2)
     1    0.00                           _0670_ (net)
                  0.05    0.00    4.77 v _2152_/C (sky130_fd_sc_hd__or4b_2)
                  0.11    0.61    5.39 v _2152_/X (sky130_fd_sc_hd__or4b_2)
     1    0.00                           _0671_ (net)
                  0.11    0.00    5.39 v _2154_/B1 (sky130_fd_sc_hd__a211oi_2)
                  0.39    0.39    5.78 ^ _2154_/Y (sky130_fd_sc_hd__a211oi_2)
     5    0.02                           _0673_ (net)
                  0.39    0.00    5.78 ^ _2155_/A (sky130_fd_sc_hd__inv_2)
                  0.07    0.07    5.85 v _2155_/Y (sky130_fd_sc_hd__inv_2)
     2    0.01                           _0674_ (net)
                  0.07    0.00    5.85 v _2172_/B (sky130_fd_sc_hd__nor2_2)
                  0.19    0.17    6.02 ^ _2172_/Y (sky130_fd_sc_hd__nor2_2)
     4    0.01                           _0691_ (net)
                  0.19    0.00    6.02 ^ _2197_/A (sky130_fd_sc_hd__nand2_2)
                  0.05    0.06    6.08 v _2197_/Y (sky130_fd_sc_hd__nand2_2)
     1    0.00                           _0715_ (net)
                  0.05    0.00    6.08 v _2198_/B1 (sky130_fd_sc_hd__o211a_2)
                  0.04    0.12    6.20 v _2198_/X (sky130_fd_sc_hd__o211a_2)
     1    0.00                           _0123_ (net)
                  0.04    0.00    6.20 v _2740_/D (sky130_fd_sc_hd__dfxtp_2)
                                  6.20   data arrival time

                  0.10   10.00   10.00   clock i_clk (rise edge)
                          0.00   10.00   clock network delay (ideal)
                         -0.10    9.90   clock uncertainty
                          0.00    9.90   clock reconvergence pessimism
                                  9.90 ^ _2740_/CLK (sky130_fd_sc_hd__dfxtp_2)
                         -0.10    9.80   library setup time
                                  9.80   data required time
-----------------------------------------------------------------------------
                                  9.80   data required time
                                 -6.20   data arrival time
-----------------------------------------------------------------------------
                                  3.60   slack (MET)


Startpoint: i_wb_data_stb (input port clocked by i_clk)
Endpoint: _2743_ (rising edge-triggered flip-flop clocked by i_clk)
Path Group: i_clk
Path Type: max

Fanout     Cap    Slew   Delay    Time   Description
-----------------------------------------------------------------------------
                  0.10    0.00    0.00   clock i_clk (rise edge)
                          0.00    0.00   clock network delay (ideal)
                          2.00    2.00 ^ input external delay
                  0.04    0.03    2.03 ^ i_wb_data_stb (in)
     1    0.01                           i_wb_data_stb (net)
                  0.04    0.00    2.03 ^ _1327_/A (sky130_fd_sc_hd__buf_1)
                  1.05    0.77    2.80 ^ _1327_/X (sky130_fd_sc_hd__buf_1)
    22    0.09                           _0991_ (net)
                  1.05    0.01    2.81 ^ _1396_/A (sky130_fd_sc_hd__nor2_2)
                  0.17    0.14    2.96 v _1396_/Y (sky130_fd_sc_hd__nor2_2)
     4    0.01                           _1060_ (net)
                  0.17    0.00    2.96 v _1727_/C (sky130_fd_sc_hd__and3_2)
                  0.04    0.27    3.23 v _1727_/X (sky130_fd_sc_hd__and3_2)
     2    0.01                           _0327_ (net)
                  0.04    0.00    3.23 v _2145_/B1 (sky130_fd_sc_hd__a2bb2o_2)
                  0.04    0.25    3.48 v _2145_/X (sky130_fd_sc_hd__a2bb2o_2)
     1    0.00                           _0664_ (net)
                  0.04    0.00    3.48 v _2147_/B1 (sky130_fd_sc_hd__a311o_2)
                  0.05    0.34    3.82 v _2147_/X (sky130_fd_sc_hd__a311o_2)
     1    0.00                           _0666_ (net)
                  0.05    0.00    3.82 v _2150_/B (sky130_fd_sc_hd__or4_2)
                  0.10    0.63    4.45 v _2150_/X (sky130_fd_sc_hd__or4_2)
     1    0.00                           _0669_ (net)
                  0.10    0.00    4.45 v _2151_/B1 (sky130_fd_sc_hd__a211o_2)
                  0.05    0.32    4.77 v _2151_/X (sky130_fd_sc_hd__a211o_2)
     1    0.00                           _0670_ (net)
                  0.05    0.00    4.77 v _2152_/C (sky130_fd_sc_hd__or4b_2)
                  0.11    0.61    5.39 v _2152_/X (sky130_fd_sc_hd__or4b_2)
     1    0.00                           _0671_ (net)
                  0.11    0.00    5.39 v _2154_/B1 (sky130_fd_sc_hd__a211oi_2)
                  0.39    0.39    5.78 ^ _2154_/Y (sky130_fd_sc_hd__a211oi_2)
     5    0.02                           _0673_ (net)
                  0.39    0.00    5.78 ^ _2223_/S (sky130_fd_sc_hd__mux2_2)
                  0.05    0.37    6.16 v _2223_/X (sky130_fd_sc_hd__mux2_2)
     1    0.00                           _0126_ (net)
                  0.05    0.00    6.16 v _2743_/D (sky130_fd_sc_hd__dfxtp_2)
                                  6.16   data arrival time

                  0.10   10.00   10.00   clock i_clk (rise edge)
                          0.00   10.00   clock network delay (ideal)
                         -0.10    9.90   clock uncertainty
                          0.00    9.90   clock reconvergence pessimism
                                  9.90 ^ _2743_/CLK (sky130_fd_sc_hd__dfxtp_2)
                         -0.10    9.80   library setup time
                                  9.80   data required time
-----------------------------------------------------------------------------
                                  9.80   data required time
                                 -6.16   data arrival time
-----------------------------------------------------------------------------
                                  3.64   slack (MET)


