
===========================================================================
report_checks -unconstrained
============================================================================

======================= Slowest Corner ===================================

Startpoint: i_wb_addr[1] (input port clocked by i_clk)
Endpoint: _3291_ (rising edge-triggered flip-flop clocked by i_clk)
Path Group: i_clk
Path Type: max
Corner: ss

Fanout     Cap    Slew   Delay    Time   Description
-----------------------------------------------------------------------------
                          0.00    0.00   clock i_clk (rise edge)
                          0.00    0.00   clock network delay (propagated)
                          4.00    4.00 v input external delay
                  0.02    0.01    4.01 v i_wb_addr[1] (in)
     1    0.00                           i_wb_addr[1] (net)
                  0.02    0.00    4.01 v input16/A (sky130_fd_sc_hd__buf_4)
                  0.13    0.31    4.33 v input16/X (sky130_fd_sc_hd__buf_4)
    12    0.05                           net16 (net)
                  0.13    0.01    4.33 v _1609_/A (sky130_fd_sc_hd__or2_1)
                  0.09    0.53    4.87 v _1609_/X (sky130_fd_sc_hd__or2_1)
     1    0.00                           _1265_ (net)
                  0.09    0.00    4.87 v _1610_/A (sky130_fd_sc_hd__buf_2)
                  0.13    0.34    5.21 v _1610_/X (sky130_fd_sc_hd__buf_2)
     9    0.03                           _1266_ (net)
                  0.13    0.00    5.21 v _1671_/C (sky130_fd_sc_hd__or4b_1)
                  0.22    1.25    6.46 v _1671_/X (sky130_fd_sc_hd__or4b_1)
     3    0.01                           _1327_ (net)
                  0.22    0.00    6.46 v _1672_/A (sky130_fd_sc_hd__and3_1)
                  0.11    0.43    6.89 v _1672_/X (sky130_fd_sc_hd__and3_1)
     3    0.01                           _1328_ (net)
                  0.11    0.00    6.89 v _2741_/A_N (sky130_fd_sc_hd__and4b_1)
                  0.13    0.57    7.45 ^ _2741_/X (sky130_fd_sc_hd__and4b_1)
     1    0.00                           _0956_ (net)
                  0.13    0.00    7.45 ^ _2742_/D1 (sky130_fd_sc_hd__o2111a_1)
                  0.12    0.41    7.86 ^ _2742_/X (sky130_fd_sc_hd__o2111a_1)
     2    0.00                           _0957_ (net)
                  0.12    0.00    7.86 ^ _2746_/D_N (sky130_fd_sc_hd__or4bb_2)
                  0.30    1.49    9.35 v _2746_/X (sky130_fd_sc_hd__or4bb_2)
     2    0.02                           _0961_ (net)
                  0.30    0.00    9.35 v _2747_/A (sky130_fd_sc_hd__buf_8)
                  0.13    0.42    9.77 v _2747_/X (sky130_fd_sc_hd__buf_8)
    30    0.10                           _0962_ (net)
                  0.13    0.01    9.78 v _2748_/C1 (sky130_fd_sc_hd__a221o_1)
                  0.10    0.55   10.33 v _2748_/X (sky130_fd_sc_hd__a221o_1)
     1    0.00                           _0963_ (net)
                  0.10    0.00   10.33 v _2749_/B1 (sky130_fd_sc_hd__o21a_1)
                  0.06    0.21   10.54 v _2749_/X (sky130_fd_sc_hd__o21a_1)
     1    0.00                           _0162_ (net)
                  0.06    0.00   10.54 v _3291_/D (sky130_fd_sc_hd__dfxtp_1)
                                 10.54   data arrival time

                         20.00   20.00   clock i_clk (rise edge)
                          0.00   20.00   clock source latency
                  0.18    0.12   20.12 ^ i_clk (in)
     1    0.02                           i_clk (net)
                  0.18    0.00   20.12 ^ clkbuf_0_i_clk/A (sky130_fd_sc_hd__clkbuf_16)
                  0.12    0.30   20.42 ^ clkbuf_0_i_clk/X (sky130_fd_sc_hd__clkbuf_16)
     4    0.06                           clknet_0_i_clk (net)
                  0.12    0.00   20.42 ^ clkbuf_2_1__f_i_clk/A (sky130_fd_sc_hd__clkbuf_16)
                  0.14    0.29   20.72 ^ clkbuf_2_1__f_i_clk/X (sky130_fd_sc_hd__clkbuf_16)
     7    0.07                           clknet_2_1__leaf_i_clk (net)
                  0.14    0.00   20.72 ^ clkbuf_leaf_7_i_clk/A (sky130_fd_sc_hd__clkbuf_16)
                  0.09    0.26   20.98 ^ clkbuf_leaf_7_i_clk/X (sky130_fd_sc_hd__clkbuf_16)
    14    0.03                           clknet_leaf_7_i_clk (net)
                  0.09    0.00   20.98 ^ _3291_/CLK (sky130_fd_sc_hd__dfxtp_1)
                         -0.10   20.88   clock uncertainty
                          0.00   20.88   clock reconvergence pessimism
                         -0.26   20.62   library setup time
                                 20.62   data required time
-----------------------------------------------------------------------------
                                 20.62   data required time
                                -10.54   data arrival time
-----------------------------------------------------------------------------
                                 10.08   slack (MET)



======================= Typical Corner ===================================

Startpoint: i_wb_addr[1] (input port clocked by i_clk)
Endpoint: _3291_ (rising edge-triggered flip-flop clocked by i_clk)
Path Group: i_clk
Path Type: max
Corner: tt

Fanout     Cap    Slew   Delay    Time   Description
-----------------------------------------------------------------------------
                          0.00    0.00   clock i_clk (rise edge)
                          0.00    0.00   clock network delay (propagated)
                          4.00    4.00 v input external delay
                  0.01    0.01    4.01 v i_wb_addr[1] (in)
     1    0.00                           i_wb_addr[1] (net)
                  0.01    0.00    4.01 v input16/A (sky130_fd_sc_hd__buf_4)
                  0.07    0.17    4.18 v input16/X (sky130_fd_sc_hd__buf_4)
    12    0.05                           net16 (net)
                  0.07    0.01    4.18 v _1609_/A (sky130_fd_sc_hd__or2_1)
                  0.05    0.24    4.42 v _1609_/X (sky130_fd_sc_hd__or2_1)
     1    0.00                           _1265_ (net)
                  0.05    0.00    4.42 v _1610_/A (sky130_fd_sc_hd__buf_2)
                  0.07    0.17    4.59 v _1610_/X (sky130_fd_sc_hd__buf_2)
     9    0.03                           _1266_ (net)
                  0.07    0.00    4.59 v _1671_/C (sky130_fd_sc_hd__or4b_1)
                  0.10    0.53    5.12 v _1671_/X (sky130_fd_sc_hd__or4b_1)
     3    0.01                           _1327_ (net)
                  0.10    0.00    5.12 v _1672_/A (sky130_fd_sc_hd__and3_1)
                  0.06    0.20    5.32 v _1672_/X (sky130_fd_sc_hd__and3_1)
     3    0.01                           _1328_ (net)
                  0.06    0.00    5.32 v _2741_/A_N (sky130_fd_sc_hd__and4b_1)
                  0.07    0.27    5.59 ^ _2741_/X (sky130_fd_sc_hd__and4b_1)
     1    0.00                           _0956_ (net)
                  0.07    0.00    5.59 ^ _2742_/D1 (sky130_fd_sc_hd__o2111a_1)
                  0.07    0.19    5.78 ^ _2742_/X (sky130_fd_sc_hd__o2111a_1)
     2    0.00                           _0957_ (net)
                  0.07    0.00    5.78 ^ _2746_/D_N (sky130_fd_sc_hd__or4bb_2)
                  0.14    0.63    6.40 v _2746_/X (sky130_fd_sc_hd__or4bb_2)
     2    0.02                           _0961_ (net)
                  0.14    0.00    6.41 v _2747_/A (sky130_fd_sc_hd__buf_8)
                  0.08    0.22    6.62 v _2747_/X (sky130_fd_sc_hd__buf_8)
    30    0.10                           _0962_ (net)
                  0.08    0.01    6.63 v _2748_/C1 (sky130_fd_sc_hd__a221o_1)
                  0.06    0.28    6.92 v _2748_/X (sky130_fd_sc_hd__a221o_1)
     1    0.00                           _0963_ (net)
                  0.06    0.00    6.92 v _2749_/B1 (sky130_fd_sc_hd__o21a_1)
                  0.04    0.11    7.02 v _2749_/X (sky130_fd_sc_hd__o21a_1)
     1    0.00                           _0162_ (net)
                  0.04    0.00    7.02 v _3291_/D (sky130_fd_sc_hd__dfxtp_1)
                                  7.02   data arrival time

                         20.00   20.00   clock i_clk (rise edge)
                          0.00   20.00   clock source latency
                  0.12    0.08   20.08 ^ i_clk (in)
     1    0.02                           i_clk (net)
                  0.12    0.00   20.08 ^ clkbuf_0_i_clk/A (sky130_fd_sc_hd__clkbuf_16)
                  0.07    0.17   20.25 ^ clkbuf_0_i_clk/X (sky130_fd_sc_hd__clkbuf_16)
     4    0.06                           clknet_0_i_clk (net)
                  0.07    0.00   20.25 ^ clkbuf_2_1__f_i_clk/A (sky130_fd_sc_hd__clkbuf_16)
                  0.09    0.17   20.42 ^ clkbuf_2_1__f_i_clk/X (sky130_fd_sc_hd__clkbuf_16)
     7    0.07                           clknet_2_1__leaf_i_clk (net)
                  0.09    0.00   20.42 ^ clkbuf_leaf_7_i_clk/A (sky130_fd_sc_hd__clkbuf_16)
                  0.06    0.15   20.57 ^ clkbuf_leaf_7_i_clk/X (sky130_fd_sc_hd__clkbuf_16)
    14    0.04                           clknet_leaf_7_i_clk (net)
                  0.06    0.00   20.57 ^ _3291_/CLK (sky130_fd_sc_hd__dfxtp_1)
                         -0.10   20.47   clock uncertainty
                          0.00   20.47   clock reconvergence pessimism
                         -0.10   20.36   library setup time
                                 20.36   data required time
-----------------------------------------------------------------------------
                                 20.36   data required time
                                 -7.02   data arrival time
-----------------------------------------------------------------------------
                                 13.34   slack (MET)



======================= Fastest Corner ===================================

Startpoint: i_wb_addr[1] (input port clocked by i_clk)
Endpoint: _3275_ (rising edge-triggered flip-flop clocked by i_clk)
Path Group: i_clk
Path Type: max
Corner: ff

Fanout     Cap    Slew   Delay    Time   Description
-----------------------------------------------------------------------------
                          0.00    0.00   clock i_clk (rise edge)
                          0.00    0.00   clock network delay (propagated)
                          4.00    4.00 v input external delay
                  0.01    0.00    4.00 v i_wb_addr[1] (in)
     1    0.00                           i_wb_addr[1] (net)
                  0.01    0.00    4.00 v input16/A (sky130_fd_sc_hd__buf_4)
                  0.05    0.11    4.12 v input16/X (sky130_fd_sc_hd__buf_4)
    12    0.05                           net16 (net)
                  0.05    0.00    4.12 v _1753_/B1_N (sky130_fd_sc_hd__o21bai_1)
                  0.05    0.09    4.21 v _1753_/Y (sky130_fd_sc_hd__o21bai_1)
     1    0.00                           _1408_ (net)
                  0.05    0.00    4.21 v _1754_/B1 (sky130_fd_sc_hd__o21ai_1)
                  0.10    0.07    4.28 ^ _1754_/Y (sky130_fd_sc_hd__o21ai_1)
     2    0.00                           _1409_ (net)
                  0.10    0.00    4.28 ^ _1761_/B1 (sky130_fd_sc_hd__o2111ai_1)
                  0.05    0.05    4.34 v _1761_/Y (sky130_fd_sc_hd__o2111ai_1)
     1    0.00                           _1416_ (net)
                  0.05    0.00    4.34 v _1762_/C (sky130_fd_sc_hd__nor3_1)
                  0.16    0.14    4.48 ^ _1762_/Y (sky130_fd_sc_hd__nor3_1)
     1    0.01                           _1417_ (net)
                  0.16    0.00    4.48 ^ _1763_/D1 (sky130_fd_sc_hd__o2111a_1)
                  0.07    0.13    4.61 ^ _1763_/X (sky130_fd_sc_hd__o2111a_1)
     1    0.01                           _1418_ (net)
                  0.07    0.00    4.61 ^ _1827_/B (sky130_fd_sc_hd__nand4_4)
                  0.11    0.11    4.72 v _1827_/Y (sky130_fd_sc_hd__nand4_4)
     5    0.03                           _1482_ (net)
                  0.11    0.00    4.72 v _2546_/A2 (sky130_fd_sc_hd__o211a_1)
                  0.05    0.20    4.92 v _2546_/X (sky130_fd_sc_hd__o211a_1)
     2    0.01                           _0824_ (net)
                  0.05    0.00    4.92 v _2581_/B (sky130_fd_sc_hd__nor4b_4)
                  0.45    0.43    5.35 ^ _2581_/Y (sky130_fd_sc_hd__nor4b_4)
     9    0.04                           _0838_ (net)
                  0.45    0.00    5.35 ^ _2582_/A (sky130_fd_sc_hd__clkbuf_16)
                  0.11    0.20    5.55 ^ _2582_/X (sky130_fd_sc_hd__clkbuf_16)
    26    0.12                           _0839_ (net)
                  0.11    0.00    5.55 ^ _2713_/S (sky130_fd_sc_hd__mux2_1)
                  0.04    0.20    5.75 v _2713_/X (sky130_fd_sc_hd__mux2_1)
     1    0.00                           _0146_ (net)
                  0.04    0.00    5.75 v _3275_/D (sky130_fd_sc_hd__dfxtp_2)
                                  5.75   data arrival time

                         20.00   20.00   clock i_clk (rise edge)
                          0.00   20.00   clock source latency
                  0.09    0.06   20.06 ^ i_clk (in)
     1    0.02                           i_clk (net)
                  0.09    0.00   20.06 ^ clkbuf_0_i_clk/A (sky130_fd_sc_hd__clkbuf_16)
                  0.06    0.12   20.17 ^ clkbuf_0_i_clk/X (sky130_fd_sc_hd__clkbuf_16)
     4    0.06                           clknet_0_i_clk (net)
                  0.06    0.00   20.17 ^ clkbuf_2_1__f_i_clk/A (sky130_fd_sc_hd__clkbuf_16)
                  0.07    0.12   20.29 ^ clkbuf_2_1__f_i_clk/X (sky130_fd_sc_hd__clkbuf_16)
     7    0.07                           clknet_2_1__leaf_i_clk (net)
                  0.07    0.01   20.30 ^ clkbuf_leaf_3_i_clk/A (sky130_fd_sc_hd__clkbuf_16)
                  0.04    0.09   20.39 ^ clkbuf_leaf_3_i_clk/X (sky130_fd_sc_hd__clkbuf_16)
    11    0.03                           clknet_leaf_3_i_clk (net)
                  0.04    0.00   20.39 ^ _3275_/CLK (sky130_fd_sc_hd__dfxtp_2)
                         -0.10   20.29   clock uncertainty
                          0.00   20.29   clock reconvergence pessimism
                         -0.07   20.22   library setup time
                                 20.22   data required time
-----------------------------------------------------------------------------
                                 20.22   data required time
                                 -5.75   data arrival time
-----------------------------------------------------------------------------
                                 14.47   slack (MET)



===========================================================================
report_checks --slack_max -0.01
============================================================================

======================= Slowest Corner ===================================

No paths found.

======================= Typical Corner ===================================

No paths found.

======================= Fastest Corner ===================================

No paths found.
