
===========================================================================
 report_power
============================================================================


======================= Slowest Corner =================================

Group                  Internal  Switching    Leakage      Total
                          Power      Power      Power      Power (Watts)
----------------------------------------------------------------
Sequential             4.68e-04   3.33e-05   4.18e-06   5.06e-04  41.1%
Combinational          4.24e-04   2.93e-04   8.67e-06   7.26e-04  58.9%
Macro                  0.00e+00   0.00e+00   0.00e+00   0.00e+00   0.0%
Pad                    0.00e+00   0.00e+00   0.00e+00   0.00e+00   0.0%
----------------------------------------------------------------
Total                  8.92e-04   3.27e-04   1.28e-05   1.23e-03 100.0%
                          72.4%      26.5%       1.0%

======================= Typical Corner ===================================

Group                  Internal  Switching    Leakage      Total
                          Power      Power      Power      Power (Watts)
----------------------------------------------------------------
Sequential             6.01e-04   4.26e-05   2.37e-09   6.43e-04  41.7%
Combinational          5.19e-04   3.80e-04   1.45e-08   8.99e-04  58.3%
Macro                  0.00e+00   0.00e+00   0.00e+00   0.00e+00   0.0%
Pad                    0.00e+00   0.00e+00   0.00e+00   0.00e+00   0.0%
----------------------------------------------------------------
Total                  1.12e-03   4.23e-04   1.68e-08   1.54e-03 100.0%
                          72.6%      27.4%       0.0%


======================= Fastest Corner =================================

Group                  Internal  Switching    Leakage      Total
                          Power      Power      Power      Power (Watts)
----------------------------------------------------------------
Sequential             6.97e-04   5.06e-05   4.38e-09   7.48e-04  42.0%
Combinational          5.79e-04   4.54e-04   2.16e-08   1.03e-03  58.0%
Macro                  0.00e+00   0.00e+00   0.00e+00   0.00e+00   0.0%
Pad                    0.00e+00   0.00e+00   0.00e+00   0.00e+00   0.0%
----------------------------------------------------------------
Total                  1.28e-03   5.04e-04   2.60e-08   1.78e-03 100.0%
                          71.7%      28.3%       0.0%
