
===========================================================================
 report_clock_skew
============================================================================

======================== Slowest Corner ==================================

Clock i_clk
Latency      CRPR       Skew
_3252_/CLK ^
   1.11
_3288_/CLK ^
   0.72     -0.04       0.35


======================= Typical Corner ===================================

Clock i_clk
Latency      CRPR       Skew
_3252_/CLK ^
   0.65
_3288_/CLK ^
   0.42     -0.03       0.21


======================= Fastest Corner ===================================

Clock i_clk
Latency      CRPR       Skew
_3252_/CLK ^
   0.45
_3288_/CLK ^
   0.29     -0.02       0.14

