
24. Printing statistics.

=== wbqspiflash ===

   Number of wires:               1566
   Number of wire bits:           1654
   Number of public wires:         261
   Number of public wire bits:     349
   Number of memories:               0
   Number of memory bits:            0
   Number of processes:              0
   Number of cells:               1593
     sky130_fd_sc_hd__a2111o_2       4
     sky130_fd_sc_hd__a2111oi_2      1
     sky130_fd_sc_hd__a211o_2       33
     sky130_fd_sc_hd__a211oi_2       1
     sky130_fd_sc_hd__a21bo_2        4
     sky130_fd_sc_hd__a21boi_2       3
     sky130_fd_sc_hd__a21o_2        47
     sky130_fd_sc_hd__a21oi_2       34
     sky130_fd_sc_hd__a221o_2       51
     sky130_fd_sc_hd__a221oi_2       1
     sky130_fd_sc_hd__a22o_2        76
     sky130_fd_sc_hd__a22oi_2        2
     sky130_fd_sc_hd__a2bb2o_2       5
     sky130_fd_sc_hd__a311o_2       17
     sky130_fd_sc_hd__a311oi_2       1
     sky130_fd_sc_hd__a31o_2        22
     sky130_fd_sc_hd__a31oi_2        3
     sky130_fd_sc_hd__a32o_2        25
     sky130_fd_sc_hd__a41o_2         3
     sky130_fd_sc_hd__and2_2        33
     sky130_fd_sc_hd__and2b_2       10
     sky130_fd_sc_hd__and3_2        53
     sky130_fd_sc_hd__and3b_2        3
     sky130_fd_sc_hd__and4_2        11
     sky130_fd_sc_hd__and4b_2        3
     sky130_fd_sc_hd__and4bb_2       3
     sky130_fd_sc_hd__buf_1         48
     sky130_fd_sc_hd__dfxtp_2      280
     sky130_fd_sc_hd__inv_2         41
     sky130_fd_sc_hd__mux2_2       246
     sky130_fd_sc_hd__nand2_2       76
     sky130_fd_sc_hd__nand2b_2       4
     sky130_fd_sc_hd__nand3_2        4
     sky130_fd_sc_hd__nand4_2        2
     sky130_fd_sc_hd__nor2_2        84
     sky130_fd_sc_hd__nor3_2         2
     sky130_fd_sc_hd__nor4_2         1
     sky130_fd_sc_hd__o2111a_2       7
     sky130_fd_sc_hd__o211a_2       29
     sky130_fd_sc_hd__o211ai_2       1
     sky130_fd_sc_hd__o21a_2        28
     sky130_fd_sc_hd__o21ai_2       22
     sky130_fd_sc_hd__o21ba_2        7
     sky130_fd_sc_hd__o21bai_2       2
     sky130_fd_sc_hd__o221a_2       20
     sky130_fd_sc_hd__o22a_2        47
     sky130_fd_sc_hd__o22ai_2        1
     sky130_fd_sc_hd__o2bb2a_2       5
     sky130_fd_sc_hd__o311a_2        5
     sky130_fd_sc_hd__o31a_2         7
     sky130_fd_sc_hd__o31ai_2        2
     sky130_fd_sc_hd__o32a_2         9
     sky130_fd_sc_hd__o41a_2         1
     sky130_fd_sc_hd__or2_2         68
     sky130_fd_sc_hd__or2b_2         6
     sky130_fd_sc_hd__or3_2         16
     sky130_fd_sc_hd__or3b_2        15
     sky130_fd_sc_hd__or4_2         23
     sky130_fd_sc_hd__or4b_2         7
     sky130_fd_sc_hd__or4bb_2        2
     sky130_fd_sc_hd__xnor2_2       17
     sky130_fd_sc_hd__xor2_2         9

   Chip area for module '\wbqspiflash': 17912.179200

