
===========================================================================
report_checks -path_delay max (Setup)
============================================================================
Startpoint: i_wb_data_stb (input port clocked by i_clk)
Endpoint: _2742_ (rising edge-triggered flip-flop clocked by i_clk)
Path Group: i_clk
Path Type: max

Fanout     Cap    Slew   Delay    Time   Description
-----------------------------------------------------------------------------
                          0.00    0.00   clock i_clk (rise edge)
                          0.00    0.00   clock network delay (propagated)
                          2.00    2.00 ^ input external delay
                  0.03    0.02    2.02 ^ i_wb_data_stb (in)
     1    0.00                           i_wb_data_stb (net)
                  0.03    0.00    2.02 ^ input59/A (sky130_fd_sc_hd__clkbuf_1)
                  0.13    0.13    2.15 ^ input59/X (sky130_fd_sc_hd__clkbuf_1)
     1    0.01                           net59 (net)
                  0.13    0.00    2.15 ^ _1327_/A (sky130_fd_sc_hd__buf_6)
                  0.16    0.20    2.36 ^ _1327_/X (sky130_fd_sc_hd__buf_6)
    22    0.08                           _0991_ (net)
                  0.16    0.01    2.36 ^ _1396_/A (sky130_fd_sc_hd__nor2_1)
                  0.08    0.11    2.47 v _1396_/Y (sky130_fd_sc_hd__nor2_1)
     4    0.01                           _1060_ (net)
                  0.08    0.00    2.47 v _1727_/C (sky130_fd_sc_hd__and3_1)
                  0.05    0.20    2.67 v _1727_/X (sky130_fd_sc_hd__and3_1)
     2    0.01                           _0327_ (net)
                  0.05    0.00    2.67 v _2145_/B1 (sky130_fd_sc_hd__a2bb2o_1)
                  0.05    0.27    2.95 v _2145_/X (sky130_fd_sc_hd__a2bb2o_1)
     1    0.00                           _0664_ (net)
                  0.05    0.00    2.95 v _2147_/B1 (sky130_fd_sc_hd__a311o_1)
                  0.05    0.30    3.25 v _2147_/X (sky130_fd_sc_hd__a311o_1)
     1    0.00                           _0666_ (net)
                  0.05    0.00    3.25 v _2150_/B (sky130_fd_sc_hd__or4_1)
                  0.08    0.49    3.74 v _2150_/X (sky130_fd_sc_hd__or4_1)
     1    0.00                           _0669_ (net)
                  0.08    0.00    3.74 v _2151_/B1 (sky130_fd_sc_hd__a211o_1)
                  0.06    0.28    4.02 v _2151_/X (sky130_fd_sc_hd__a211o_1)
     1    0.00                           _0670_ (net)
                  0.06    0.00    4.02 v _2152_/C (sky130_fd_sc_hd__or4b_1)
                  0.12    0.52    4.54 v _2152_/X (sky130_fd_sc_hd__or4b_1)
     1    0.01                           _0671_ (net)
                  0.12    0.00    4.54 v _2154_/B1 (sky130_fd_sc_hd__a211oi_4)
                  0.30    0.33    4.88 ^ _2154_/Y (sky130_fd_sc_hd__a211oi_4)
     5    0.02                           _0673_ (net)
                  0.30    0.00    4.88 ^ _2155_/A (sky130_fd_sc_hd__inv_2)
                  0.06    0.07    4.94 v _2155_/Y (sky130_fd_sc_hd__inv_2)
     2    0.01                           _0674_ (net)
                  0.06    0.00    4.94 v _2172_/B (sky130_fd_sc_hd__nor2_1)
                  0.21    0.19    5.13 ^ _2172_/Y (sky130_fd_sc_hd__nor2_1)
     4    0.01                           _0691_ (net)
                  0.21    0.00    5.13 ^ _2216_/B1 (sky130_fd_sc_hd__o21ai_1)
                  0.07    0.10    5.23 v _2216_/Y (sky130_fd_sc_hd__o21ai_1)
     1    0.00                           _0732_ (net)
                  0.07    0.00    5.23 v _2217_/B2 (sky130_fd_sc_hd__o22a_1)
                  0.04    0.16    5.39 v _2217_/X (sky130_fd_sc_hd__o22a_1)
     1    0.00                           _0125_ (net)
                  0.04    0.00    5.39 v _2742_/D (sky130_fd_sc_hd__dfxtp_2)
                                  5.39   data arrival time

                         10.00   10.00   clock i_clk (rise edge)
                          0.00   10.00   clock source latency
                  0.12    0.09   10.09 ^ i_clk (in)
     1    0.03                           i_clk (net)
                  0.12    0.00   10.09 ^ clkbuf_0_i_clk/A (sky130_fd_sc_hd__clkbuf_16)
                  0.07    0.18   10.27 ^ clkbuf_0_i_clk/X (sky130_fd_sc_hd__clkbuf_16)
     4    0.05                           clknet_0_i_clk (net)
                  0.07    0.00   10.27 ^ clkbuf_2_2__f_i_clk/A (sky130_fd_sc_hd__clkbuf_16)
                  0.09    0.18   10.44 ^ clkbuf_2_2__f_i_clk/X (sky130_fd_sc_hd__clkbuf_16)
     7    0.07                           clknet_2_2__leaf_i_clk (net)
                  0.09    0.00   10.44 ^ clkbuf_leaf_4_i_clk/A (sky130_fd_sc_hd__clkbuf_16)
                  0.03    0.13   10.58 ^ clkbuf_leaf_4_i_clk/X (sky130_fd_sc_hd__clkbuf_16)
     4    0.01                           clknet_leaf_4_i_clk (net)
                  0.03    0.00   10.58 ^ _2742_/CLK (sky130_fd_sc_hd__dfxtp_2)
                         -0.10   10.48   clock uncertainty
                          0.00   10.48   clock reconvergence pessimism
                         -0.11   10.37   library setup time
                                 10.37   data required time
-----------------------------------------------------------------------------
                                 10.37   data required time
                                 -5.39   data arrival time
-----------------------------------------------------------------------------
                                  4.98   slack (MET)


Startpoint: i_wb_data_stb (input port clocked by i_clk)
Endpoint: _2741_ (rising edge-triggered flip-flop clocked by i_clk)
Path Group: i_clk
Path Type: max

Fanout     Cap    Slew   Delay    Time   Description
-----------------------------------------------------------------------------
                          0.00    0.00   clock i_clk (rise edge)
                          0.00    0.00   clock network delay (propagated)
                          2.00    2.00 ^ input external delay
                  0.03    0.02    2.02 ^ i_wb_data_stb (in)
     1    0.00                           i_wb_data_stb (net)
                  0.03    0.00    2.02 ^ input59/A (sky130_fd_sc_hd__clkbuf_1)
                  0.13    0.13    2.15 ^ input59/X (sky130_fd_sc_hd__clkbuf_1)
     1    0.01                           net59 (net)
                  0.13    0.00    2.15 ^ _1327_/A (sky130_fd_sc_hd__buf_6)
                  0.16    0.20    2.36 ^ _1327_/X (sky130_fd_sc_hd__buf_6)
    22    0.08                           _0991_ (net)
                  0.16    0.01    2.36 ^ _1396_/A (sky130_fd_sc_hd__nor2_1)
                  0.08    0.11    2.47 v _1396_/Y (sky130_fd_sc_hd__nor2_1)
     4    0.01                           _1060_ (net)
                  0.08    0.00    2.47 v _1727_/C (sky130_fd_sc_hd__and3_1)
                  0.05    0.20    2.67 v _1727_/X (sky130_fd_sc_hd__and3_1)
     2    0.01                           _0327_ (net)
                  0.05    0.00    2.67 v _2145_/B1 (sky130_fd_sc_hd__a2bb2o_1)
                  0.05    0.27    2.95 v _2145_/X (sky130_fd_sc_hd__a2bb2o_1)
     1    0.00                           _0664_ (net)
                  0.05    0.00    2.95 v _2147_/B1 (sky130_fd_sc_hd__a311o_1)
                  0.05    0.30    3.25 v _2147_/X (sky130_fd_sc_hd__a311o_1)
     1    0.00                           _0666_ (net)
                  0.05    0.00    3.25 v _2150_/B (sky130_fd_sc_hd__or4_1)
                  0.08    0.49    3.74 v _2150_/X (sky130_fd_sc_hd__or4_1)
     1    0.00                           _0669_ (net)
                  0.08    0.00    3.74 v _2151_/B1 (sky130_fd_sc_hd__a211o_1)
                  0.06    0.28    4.02 v _2151_/X (sky130_fd_sc_hd__a211o_1)
     1    0.00                           _0670_ (net)
                  0.06    0.00    4.02 v _2152_/C (sky130_fd_sc_hd__or4b_1)
                  0.12    0.52    4.54 v _2152_/X (sky130_fd_sc_hd__or4b_1)
     1    0.01                           _0671_ (net)
                  0.12    0.00    4.54 v _2154_/B1 (sky130_fd_sc_hd__a211oi_4)
                  0.30    0.33    4.88 ^ _2154_/Y (sky130_fd_sc_hd__a211oi_4)
     5    0.02                           _0673_ (net)
                  0.30    0.00    4.88 ^ _2155_/A (sky130_fd_sc_hd__inv_2)
                  0.06    0.07    4.94 v _2155_/Y (sky130_fd_sc_hd__inv_2)
     2    0.01                           _0674_ (net)
                  0.06    0.00    4.94 v _2172_/B (sky130_fd_sc_hd__nor2_1)
                  0.21    0.19    5.13 ^ _2172_/Y (sky130_fd_sc_hd__nor2_1)
     4    0.01                           _0691_ (net)
                  0.21    0.00    5.13 ^ _2208_/A1_N (sky130_fd_sc_hd__o2bb2a_1)
                  0.05    0.23    5.36 v _2208_/X (sky130_fd_sc_hd__o2bb2a_1)
     1    0.00                           _0124_ (net)
                  0.05    0.00    5.36 v _2741_/D (sky130_fd_sc_hd__dfxtp_2)
                                  5.36   data arrival time

                         10.00   10.00   clock i_clk (rise edge)
                          0.00   10.00   clock source latency
                  0.12    0.09   10.09 ^ i_clk (in)
     1    0.03                           i_clk (net)
                  0.12    0.00   10.09 ^ clkbuf_0_i_clk/A (sky130_fd_sc_hd__clkbuf_16)
                  0.07    0.18   10.27 ^ clkbuf_0_i_clk/X (sky130_fd_sc_hd__clkbuf_16)
     4    0.05                           clknet_0_i_clk (net)
                  0.07    0.00   10.27 ^ clkbuf_2_2__f_i_clk/A (sky130_fd_sc_hd__clkbuf_16)
                  0.09    0.18   10.44 ^ clkbuf_2_2__f_i_clk/X (sky130_fd_sc_hd__clkbuf_16)
     7    0.07                           clknet_2_2__leaf_i_clk (net)
                  0.09    0.00   10.44 ^ clkbuf_leaf_4_i_clk/A (sky130_fd_sc_hd__clkbuf_16)
                  0.03    0.13   10.58 ^ clkbuf_leaf_4_i_clk/X (sky130_fd_sc_hd__clkbuf_16)
     4    0.01                           clknet_leaf_4_i_clk (net)
                  0.03    0.00   10.58 ^ _2741_/CLK (sky130_fd_sc_hd__dfxtp_2)
                         -0.10   10.48   clock uncertainty
                          0.00   10.48   clock reconvergence pessimism
                         -0.12   10.36   library setup time
                                 10.36   data required time
-----------------------------------------------------------------------------
                                 10.36   data required time
                                 -5.36   data arrival time
-----------------------------------------------------------------------------
                                  5.00   slack (MET)


Startpoint: i_wb_data_stb (input port clocked by i_clk)
Endpoint: _2739_ (rising edge-triggered flip-flop clocked by i_clk)
Path Group: i_clk
Path Type: max

Fanout     Cap    Slew   Delay    Time   Description
-----------------------------------------------------------------------------
                          0.00    0.00   clock i_clk (rise edge)
                          0.00    0.00   clock network delay (propagated)
                          2.00    2.00 ^ input external delay
                  0.03    0.02    2.02 ^ i_wb_data_stb (in)
     1    0.00                           i_wb_data_stb (net)
                  0.03    0.00    2.02 ^ input59/A (sky130_fd_sc_hd__clkbuf_1)
                  0.13    0.13    2.15 ^ input59/X (sky130_fd_sc_hd__clkbuf_1)
     1    0.01                           net59 (net)
                  0.13    0.00    2.15 ^ _1327_/A (sky130_fd_sc_hd__buf_6)
                  0.16    0.20    2.36 ^ _1327_/X (sky130_fd_sc_hd__buf_6)
    22    0.08                           _0991_ (net)
                  0.16    0.01    2.36 ^ _1396_/A (sky130_fd_sc_hd__nor2_1)
                  0.08    0.11    2.47 v _1396_/Y (sky130_fd_sc_hd__nor2_1)
     4    0.01                           _1060_ (net)
                  0.08    0.00    2.47 v _1727_/C (sky130_fd_sc_hd__and3_1)
                  0.05    0.20    2.67 v _1727_/X (sky130_fd_sc_hd__and3_1)
     2    0.01                           _0327_ (net)
                  0.05    0.00    2.67 v _2145_/B1 (sky130_fd_sc_hd__a2bb2o_1)
                  0.05    0.27    2.95 v _2145_/X (sky130_fd_sc_hd__a2bb2o_1)
     1    0.00                           _0664_ (net)
                  0.05    0.00    2.95 v _2147_/B1 (sky130_fd_sc_hd__a311o_1)
                  0.05    0.30    3.25 v _2147_/X (sky130_fd_sc_hd__a311o_1)
     1    0.00                           _0666_ (net)
                  0.05    0.00    3.25 v _2150_/B (sky130_fd_sc_hd__or4_1)
                  0.08    0.49    3.74 v _2150_/X (sky130_fd_sc_hd__or4_1)
     1    0.00                           _0669_ (net)
                  0.08    0.00    3.74 v _2151_/B1 (sky130_fd_sc_hd__a211o_1)
                  0.06    0.28    4.02 v _2151_/X (sky130_fd_sc_hd__a211o_1)
     1    0.00                           _0670_ (net)
                  0.06    0.00    4.02 v _2152_/C (sky130_fd_sc_hd__or4b_1)
                  0.12    0.52    4.54 v _2152_/X (sky130_fd_sc_hd__or4b_1)
     1    0.01                           _0671_ (net)
                  0.12    0.00    4.54 v _2154_/B1 (sky130_fd_sc_hd__a211oi_4)
                  0.30    0.33    4.88 ^ _2154_/Y (sky130_fd_sc_hd__a211oi_4)
     5    0.02                           _0673_ (net)
                  0.30    0.00    4.88 ^ _2155_/A (sky130_fd_sc_hd__inv_2)
                  0.06    0.07    4.94 v _2155_/Y (sky130_fd_sc_hd__inv_2)
     2    0.01                           _0674_ (net)
                  0.06    0.00    4.94 v _2172_/B (sky130_fd_sc_hd__nor2_1)
                  0.21    0.19    5.13 ^ _2172_/Y (sky130_fd_sc_hd__nor2_1)
     4    0.01                           _0691_ (net)
                  0.21    0.00    5.13 ^ _2178_/B1 (sky130_fd_sc_hd__o311a_1)
                  0.05    0.19    5.32 ^ _2178_/X (sky130_fd_sc_hd__o311a_1)
     1    0.00                           _0697_ (net)
                  0.05    0.00    5.32 ^ _2179_/B1 (sky130_fd_sc_hd__a211o_1)
                  0.04    0.09    5.41 ^ _2179_/X (sky130_fd_sc_hd__a211o_1)
     1    0.00                           _0122_ (net)
                  0.04    0.00    5.41 ^ _2739_/D (sky130_fd_sc_hd__dfxtp_1)
                                  5.41   data arrival time

                         10.00   10.00   clock i_clk (rise edge)
                          0.00   10.00   clock source latency
                  0.12    0.09   10.09 ^ i_clk (in)
     1    0.03                           i_clk (net)
                  0.12    0.00   10.09 ^ clkbuf_0_i_clk/A (sky130_fd_sc_hd__clkbuf_16)
                  0.07    0.18   10.27 ^ clkbuf_0_i_clk/X (sky130_fd_sc_hd__clkbuf_16)
     4    0.05                           clknet_0_i_clk (net)
                  0.07    0.00   10.27 ^ clkbuf_2_2__f_i_clk/A (sky130_fd_sc_hd__clkbuf_16)
                  0.09    0.18   10.44 ^ clkbuf_2_2__f_i_clk/X (sky130_fd_sc_hd__clkbuf_16)
     7    0.07                           clknet_2_2__leaf_i_clk (net)
                  0.09    0.00   10.44 ^ clkbuf_leaf_4_i_clk/A (sky130_fd_sc_hd__clkbuf_16)
                  0.03    0.13   10.58 ^ clkbuf_leaf_4_i_clk/X (sky130_fd_sc_hd__clkbuf_16)
     4    0.01                           clknet_leaf_4_i_clk (net)
                  0.03    0.00   10.58 ^ _2739_/CLK (sky130_fd_sc_hd__dfxtp_1)
                         -0.10   10.48   clock uncertainty
                          0.00   10.48   clock reconvergence pessimism
                         -0.05   10.42   library setup time
                                 10.42   data required time
-----------------------------------------------------------------------------
                                 10.42   data required time
                                 -5.41   data arrival time
-----------------------------------------------------------------------------
                                  5.01   slack (MET)


Startpoint: i_wb_data_stb (input port clocked by i_clk)
Endpoint: _2740_ (rising edge-triggered flip-flop clocked by i_clk)
Path Group: i_clk
Path Type: max

Fanout     Cap    Slew   Delay    Time   Description
-----------------------------------------------------------------------------
                          0.00    0.00   clock i_clk (rise edge)
                          0.00    0.00   clock network delay (propagated)
                          2.00    2.00 ^ input external delay
                  0.03    0.02    2.02 ^ i_wb_data_stb (in)
     1    0.00                           i_wb_data_stb (net)
                  0.03    0.00    2.02 ^ input59/A (sky130_fd_sc_hd__clkbuf_1)
                  0.13    0.13    2.15 ^ input59/X (sky130_fd_sc_hd__clkbuf_1)
     1    0.01                           net59 (net)
                  0.13    0.00    2.15 ^ _1327_/A (sky130_fd_sc_hd__buf_6)
                  0.16    0.20    2.36 ^ _1327_/X (sky130_fd_sc_hd__buf_6)
    22    0.08                           _0991_ (net)
                  0.16    0.01    2.36 ^ _1396_/A (sky130_fd_sc_hd__nor2_1)
                  0.08    0.11    2.47 v _1396_/Y (sky130_fd_sc_hd__nor2_1)
     4    0.01                           _1060_ (net)
                  0.08    0.00    2.47 v _1727_/C (sky130_fd_sc_hd__and3_1)
                  0.05    0.20    2.67 v _1727_/X (sky130_fd_sc_hd__and3_1)
     2    0.01                           _0327_ (net)
                  0.05    0.00    2.67 v _2145_/B1 (sky130_fd_sc_hd__a2bb2o_1)
                  0.05    0.27    2.95 v _2145_/X (sky130_fd_sc_hd__a2bb2o_1)
     1    0.00                           _0664_ (net)
                  0.05    0.00    2.95 v _2147_/B1 (sky130_fd_sc_hd__a311o_1)
                  0.05    0.30    3.25 v _2147_/X (sky130_fd_sc_hd__a311o_1)
     1    0.00                           _0666_ (net)
                  0.05    0.00    3.25 v _2150_/B (sky130_fd_sc_hd__or4_1)
                  0.08    0.49    3.74 v _2150_/X (sky130_fd_sc_hd__or4_1)
     1    0.00                           _0669_ (net)
                  0.08    0.00    3.74 v _2151_/B1 (sky130_fd_sc_hd__a211o_1)
                  0.06    0.28    4.02 v _2151_/X (sky130_fd_sc_hd__a211o_1)
     1    0.00                           _0670_ (net)
                  0.06    0.00    4.02 v _2152_/C (sky130_fd_sc_hd__or4b_1)
                  0.12    0.52    4.54 v _2152_/X (sky130_fd_sc_hd__or4b_1)
     1    0.01                           _0671_ (net)
                  0.12    0.00    4.54 v _2154_/B1 (sky130_fd_sc_hd__a211oi_4)
                  0.30    0.33    4.88 ^ _2154_/Y (sky130_fd_sc_hd__a211oi_4)
     5    0.02                           _0673_ (net)
                  0.30    0.00    4.88 ^ _2155_/A (sky130_fd_sc_hd__inv_2)
                  0.06    0.07    4.94 v _2155_/Y (sky130_fd_sc_hd__inv_2)
     2    0.01                           _0674_ (net)
                  0.06    0.00    4.94 v _2172_/B (sky130_fd_sc_hd__nor2_1)
                  0.21    0.19    5.13 ^ _2172_/Y (sky130_fd_sc_hd__nor2_1)
     4    0.01                           _0691_ (net)
                  0.21    0.00    5.13 ^ _2197_/A (sky130_fd_sc_hd__nand2_1)
                  0.06    0.07    5.20 v _2197_/Y (sky130_fd_sc_hd__nand2_1)
     1    0.00                           _0715_ (net)
                  0.06    0.00    5.20 v _2198_/B1 (sky130_fd_sc_hd__o211a_1)
                  0.04    0.12    5.32 v _2198_/X (sky130_fd_sc_hd__o211a_1)
     1    0.00                           _0123_ (net)
                  0.04    0.00    5.32 v _2740_/D (sky130_fd_sc_hd__dfxtp_1)
                                  5.32   data arrival time

                         10.00   10.00   clock i_clk (rise edge)
                          0.00   10.00   clock source latency
                  0.12    0.09   10.09 ^ i_clk (in)
     1    0.03                           i_clk (net)
                  0.12    0.00   10.09 ^ clkbuf_0_i_clk/A (sky130_fd_sc_hd__clkbuf_16)
                  0.07    0.18   10.27 ^ clkbuf_0_i_clk/X (sky130_fd_sc_hd__clkbuf_16)
     4    0.05                           clknet_0_i_clk (net)
                  0.07    0.00   10.27 ^ clkbuf_2_2__f_i_clk/A (sky130_fd_sc_hd__clkbuf_16)
                  0.09    0.18   10.44 ^ clkbuf_2_2__f_i_clk/X (sky130_fd_sc_hd__clkbuf_16)
     7    0.07                           clknet_2_2__leaf_i_clk (net)
                  0.09    0.00   10.44 ^ clkbuf_leaf_4_i_clk/A (sky130_fd_sc_hd__clkbuf_16)
                  0.03    0.13   10.58 ^ clkbuf_leaf_4_i_clk/X (sky130_fd_sc_hd__clkbuf_16)
     4    0.01                           clknet_leaf_4_i_clk (net)
                  0.03    0.00   10.58 ^ _2740_/CLK (sky130_fd_sc_hd__dfxtp_1)
                         -0.10   10.48   clock uncertainty
                          0.00   10.48   clock reconvergence pessimism
                         -0.11   10.37   library setup time
                                 10.37   data required time
-----------------------------------------------------------------------------
                                 10.37   data required time
                                 -5.32   data arrival time
-----------------------------------------------------------------------------
                                  5.04   slack (MET)


Startpoint: i_wb_data_stb (input port clocked by i_clk)
Endpoint: _2743_ (rising edge-triggered flip-flop clocked by i_clk)
Path Group: i_clk
Path Type: max

Fanout     Cap    Slew   Delay    Time   Description
-----------------------------------------------------------------------------
                          0.00    0.00   clock i_clk (rise edge)
                          0.00    0.00   clock network delay (propagated)
                          2.00    2.00 ^ input external delay
                  0.03    0.02    2.02 ^ i_wb_data_stb (in)
     1    0.00                           i_wb_data_stb (net)
                  0.03    0.00    2.02 ^ input59/A (sky130_fd_sc_hd__clkbuf_1)
                  0.13    0.13    2.15 ^ input59/X (sky130_fd_sc_hd__clkbuf_1)
     1    0.01                           net59 (net)
                  0.13    0.00    2.15 ^ _1327_/A (sky130_fd_sc_hd__buf_6)
                  0.16    0.20    2.36 ^ _1327_/X (sky130_fd_sc_hd__buf_6)
    22    0.08                           _0991_ (net)
                  0.16    0.01    2.36 ^ _1396_/A (sky130_fd_sc_hd__nor2_1)
                  0.08    0.11    2.47 v _1396_/Y (sky130_fd_sc_hd__nor2_1)
     4    0.01                           _1060_ (net)
                  0.08    0.00    2.47 v _1727_/C (sky130_fd_sc_hd__and3_1)
                  0.05    0.20    2.67 v _1727_/X (sky130_fd_sc_hd__and3_1)
     2    0.01                           _0327_ (net)
                  0.05    0.00    2.67 v _2145_/B1 (sky130_fd_sc_hd__a2bb2o_1)
                  0.05    0.27    2.95 v _2145_/X (sky130_fd_sc_hd__a2bb2o_1)
     1    0.00                           _0664_ (net)
                  0.05    0.00    2.95 v _2147_/B1 (sky130_fd_sc_hd__a311o_1)
                  0.05    0.30    3.25 v _2147_/X (sky130_fd_sc_hd__a311o_1)
     1    0.00                           _0666_ (net)
                  0.05    0.00    3.25 v _2150_/B (sky130_fd_sc_hd__or4_1)
                  0.08    0.49    3.74 v _2150_/X (sky130_fd_sc_hd__or4_1)
     1    0.00                           _0669_ (net)
                  0.08    0.00    3.74 v _2151_/B1 (sky130_fd_sc_hd__a211o_1)
                  0.06    0.28    4.02 v _2151_/X (sky130_fd_sc_hd__a211o_1)
     1    0.00                           _0670_ (net)
                  0.06    0.00    4.02 v _2152_/C (sky130_fd_sc_hd__or4b_1)
                  0.12    0.52    4.54 v _2152_/X (sky130_fd_sc_hd__or4b_1)
     1    0.01                           _0671_ (net)
                  0.12    0.00    4.54 v _2154_/B1 (sky130_fd_sc_hd__a211oi_4)
                  0.30    0.33    4.88 ^ _2154_/Y (sky130_fd_sc_hd__a211oi_4)
     5    0.02                           _0673_ (net)
                  0.30    0.00    4.88 ^ _2223_/S (sky130_fd_sc_hd__mux2_1)
                  0.05    0.35    5.22 v _2223_/X (sky130_fd_sc_hd__mux2_1)
     1    0.00                           _0126_ (net)
                  0.05    0.00    5.22 v _2743_/D (sky130_fd_sc_hd__dfxtp_1)
                                  5.22   data arrival time

                         10.00   10.00   clock i_clk (rise edge)
                          0.00   10.00   clock source latency
                  0.12    0.09   10.09 ^ i_clk (in)
     1    0.03                           i_clk (net)
                  0.12    0.00   10.09 ^ clkbuf_0_i_clk/A (sky130_fd_sc_hd__clkbuf_16)
                  0.07    0.18   10.27 ^ clkbuf_0_i_clk/X (sky130_fd_sc_hd__clkbuf_16)
     4    0.05                           clknet_0_i_clk (net)
                  0.07    0.00   10.27 ^ clkbuf_2_0__f_i_clk/A (sky130_fd_sc_hd__clkbuf_16)
                  0.10    0.18   10.45 ^ clkbuf_2_0__f_i_clk/X (sky130_fd_sc_hd__clkbuf_16)
     8    0.08                           clknet_2_0__leaf_i_clk (net)
                  0.10    0.00   10.46 ^ clkbuf_leaf_3_i_clk/A (sky130_fd_sc_hd__clkbuf_16)
                  0.03    0.13   10.59 ^ clkbuf_leaf_3_i_clk/X (sky130_fd_sc_hd__clkbuf_16)
     2    0.01                           clknet_leaf_3_i_clk (net)
                  0.03    0.00   10.59 ^ _2743_/CLK (sky130_fd_sc_hd__dfxtp_1)
                         -0.10   10.49   clock uncertainty
                          0.00   10.49   clock reconvergence pessimism
                         -0.12   10.37   library setup time
                                 10.37   data required time
-----------------------------------------------------------------------------
                                 10.37   data required time
                                 -5.22   data arrival time
-----------------------------------------------------------------------------
                                  5.15   slack (MET)


