
===========================================================================
report_checks -unconstrained
============================================================================

======================= Slowest Corner ===================================

Startpoint: _2742_ (rising edge-triggered flip-flop clocked by i_clk)
Endpoint: _2742_ (rising edge-triggered flip-flop clocked by i_clk)
Path Group: i_clk
Path Type: max
Corner: ss

Fanout     Cap    Slew   Delay    Time   Description
-----------------------------------------------------------------------------
                          0.00    0.00   clock i_clk (rise edge)
                          0.00    0.00   clock source latency
                  0.19    0.14    0.14 ^ i_clk (in)
     1    0.03                           i_clk (net)
                  0.19    0.00    0.14 ^ clkbuf_0_i_clk/A (sky130_fd_sc_hd__clkbuf_16)
                  0.11    0.32    0.46 ^ clkbuf_0_i_clk/X (sky130_fd_sc_hd__clkbuf_16)
     4    0.05                           clknet_0_i_clk (net)
                  0.11    0.00    0.46 ^ clkbuf_2_2__f_i_clk/A (sky130_fd_sc_hd__clkbuf_16)
                  0.14    0.30    0.76 ^ clkbuf_2_2__f_i_clk/X (sky130_fd_sc_hd__clkbuf_16)
     7    0.07                           clknet_2_2__leaf_i_clk (net)
                  0.14    0.00    0.76 ^ clkbuf_leaf_4_i_clk/A (sky130_fd_sc_hd__clkbuf_16)
                  0.05    0.24    1.00 ^ clkbuf_leaf_4_i_clk/X (sky130_fd_sc_hd__clkbuf_16)
     4    0.01                           clknet_leaf_4_i_clk (net)
                  0.05    0.00    1.00 ^ _2742_/CLK (sky130_fd_sc_hd__dfxtp_2)
                  0.26    0.79    1.80 ^ _2742_/Q (sky130_fd_sc_hd__dfxtp_2)
     8    0.03                           state[3] (net)
                  0.26    0.00    1.80 ^ _1333_/A (sky130_fd_sc_hd__or2_2)
                  0.25    0.42    2.21 ^ _1333_/X (sky130_fd_sc_hd__or2_2)
     5    0.03                           _0997_ (net)
                  0.25    0.00    2.21 ^ _1334_/B (sky130_fd_sc_hd__or2_1)
                  0.07    0.24    2.45 ^ _1334_/X (sky130_fd_sc_hd__or2_1)
     1    0.00                           _0998_ (net)
                  0.07    0.00    2.45 ^ _1335_/A (sky130_fd_sc_hd__buf_4)
                  0.23    0.33    2.78 ^ _1335_/X (sky130_fd_sc_hd__buf_4)
     7    0.05                           _0999_ (net)
                  0.23    0.00    2.79 ^ _1394_/B (sky130_fd_sc_hd__or2_1)
                  0.08    0.24    3.02 ^ _1394_/X (sky130_fd_sc_hd__or2_1)
     1    0.00                           _1058_ (net)
                  0.08    0.00    3.02 ^ _1395_/A (sky130_fd_sc_hd__clkbuf_4)
                  0.21    0.35    3.38 ^ _1395_/X (sky130_fd_sc_hd__clkbuf_4)
     9    0.04                           _1059_ (net)
                  0.21    0.00    3.38 ^ _1396_/B (sky130_fd_sc_hd__nor2_1)
                  0.13    0.19    3.57 v _1396_/Y (sky130_fd_sc_hd__nor2_1)
     4    0.01                           _1060_ (net)
                  0.13    0.00    3.57 v _1727_/C (sky130_fd_sc_hd__and3_1)
                  0.09    0.41    3.99 v _1727_/X (sky130_fd_sc_hd__and3_1)
     2    0.01                           _0327_ (net)
                  0.09    0.00    3.99 v _2145_/B1 (sky130_fd_sc_hd__a2bb2o_1)
                  0.10    0.59    4.58 v _2145_/X (sky130_fd_sc_hd__a2bb2o_1)
     1    0.00                           _0664_ (net)
                  0.10    0.00    4.58 v _2147_/B1 (sky130_fd_sc_hd__a311o_1)
                  0.08    0.58    5.16 v _2147_/X (sky130_fd_sc_hd__a311o_1)
     1    0.00                           _0666_ (net)
                  0.08    0.00    5.16 v _2150_/B (sky130_fd_sc_hd__or4_1)
                  0.17    1.16    6.32 v _2150_/X (sky130_fd_sc_hd__or4_1)
     1    0.00                           _0669_ (net)
                  0.17    0.00    6.32 v _2151_/B1 (sky130_fd_sc_hd__a211o_1)
                  0.10    0.56    6.88 v _2151_/X (sky130_fd_sc_hd__a211o_1)
     1    0.00                           _0670_ (net)
                  0.10    0.00    6.88 v _2152_/C (sky130_fd_sc_hd__or4b_1)
                  0.25    1.22    8.10 v _2152_/X (sky130_fd_sc_hd__or4b_1)
     1    0.01                           _0671_ (net)
                  0.25    0.00    8.10 v _2154_/B1 (sky130_fd_sc_hd__a211oi_4)
                  0.47    0.58    8.68 ^ _2154_/Y (sky130_fd_sc_hd__a211oi_4)
     5    0.02                           _0673_ (net)
                  0.47    0.00    8.68 ^ _2155_/A (sky130_fd_sc_hd__inv_2)
                  0.10    0.18    8.86 v _2155_/Y (sky130_fd_sc_hd__inv_2)
     2    0.01                           _0674_ (net)
                  0.10    0.00    8.86 v _2172_/B (sky130_fd_sc_hd__nor2_1)
                  0.35    0.32    9.18 ^ _2172_/Y (sky130_fd_sc_hd__nor2_1)
     4    0.01                           _0691_ (net)
                  0.35    0.00    9.18 ^ _2216_/B1 (sky130_fd_sc_hd__o21ai_1)
                  0.13    0.24    9.42 v _2216_/Y (sky130_fd_sc_hd__o21ai_1)
     1    0.00                           _0732_ (net)
                  0.13    0.00    9.42 v _2217_/B2 (sky130_fd_sc_hd__o22a_1)
                  0.07    0.32    9.73 v _2217_/X (sky130_fd_sc_hd__o22a_1)
     1    0.00                           _0125_ (net)
                  0.07    0.00    9.73 v _2742_/D (sky130_fd_sc_hd__dfxtp_2)
                                  9.73   data arrival time

                         10.00   10.00   clock i_clk (rise edge)
                          0.00   10.00   clock source latency
                  0.19    0.14   10.14 ^ i_clk (in)
     1    0.03                           i_clk (net)
                  0.19    0.00   10.14 ^ clkbuf_0_i_clk/A (sky130_fd_sc_hd__clkbuf_16)
                  0.11    0.32   10.46 ^ clkbuf_0_i_clk/X (sky130_fd_sc_hd__clkbuf_16)
     4    0.05                           clknet_0_i_clk (net)
                  0.11    0.00   10.46 ^ clkbuf_2_2__f_i_clk/A (sky130_fd_sc_hd__clkbuf_16)
                  0.14    0.30   10.76 ^ clkbuf_2_2__f_i_clk/X (sky130_fd_sc_hd__clkbuf_16)
     7    0.07                           clknet_2_2__leaf_i_clk (net)
                  0.14    0.00   10.76 ^ clkbuf_leaf_4_i_clk/A (sky130_fd_sc_hd__clkbuf_16)
                  0.05    0.24   11.00 ^ clkbuf_leaf_4_i_clk/X (sky130_fd_sc_hd__clkbuf_16)
     4    0.01                           clknet_leaf_4_i_clk (net)
                  0.05    0.00   11.00 ^ _2742_/CLK (sky130_fd_sc_hd__dfxtp_2)
                         -0.10   10.90   clock uncertainty
                          0.00   10.90   clock reconvergence pessimism
                         -0.28   10.62   library setup time
                                 10.62   data required time
-----------------------------------------------------------------------------
                                 10.62   data required time
                                 -9.73   data arrival time
-----------------------------------------------------------------------------
                                  0.89   slack (MET)



======================= Typical Corner ===================================

Startpoint: i_wb_data_stb (input port clocked by i_clk)
Endpoint: _2742_ (rising edge-triggered flip-flop clocked by i_clk)
Path Group: i_clk
Path Type: max
Corner: tt

Fanout     Cap    Slew   Delay    Time   Description
-----------------------------------------------------------------------------
                          0.00    0.00   clock i_clk (rise edge)
                          0.00    0.00   clock network delay (propagated)
                          2.00    2.00 ^ input external delay
                  0.03    0.02    2.02 ^ i_wb_data_stb (in)
     1    0.00                           i_wb_data_stb (net)
                  0.03    0.00    2.02 ^ input59/A (sky130_fd_sc_hd__clkbuf_1)
                  0.13    0.13    2.15 ^ input59/X (sky130_fd_sc_hd__clkbuf_1)
     1    0.01                           net59 (net)
                  0.13    0.00    2.15 ^ _1327_/A (sky130_fd_sc_hd__buf_6)
                  0.16    0.20    2.36 ^ _1327_/X (sky130_fd_sc_hd__buf_6)
    22    0.08                           _0991_ (net)
                  0.16    0.01    2.36 ^ _1396_/A (sky130_fd_sc_hd__nor2_1)
                  0.08    0.11    2.47 v _1396_/Y (sky130_fd_sc_hd__nor2_1)
     4    0.01                           _1060_ (net)
                  0.08    0.00    2.47 v _1727_/C (sky130_fd_sc_hd__and3_1)
                  0.05    0.20    2.67 v _1727_/X (sky130_fd_sc_hd__and3_1)
     2    0.01                           _0327_ (net)
                  0.05    0.00    2.67 v _2145_/B1 (sky130_fd_sc_hd__a2bb2o_1)
                  0.05    0.27    2.95 v _2145_/X (sky130_fd_sc_hd__a2bb2o_1)
     1    0.00                           _0664_ (net)
                  0.05    0.00    2.95 v _2147_/B1 (sky130_fd_sc_hd__a311o_1)
                  0.05    0.30    3.25 v _2147_/X (sky130_fd_sc_hd__a311o_1)
     1    0.00                           _0666_ (net)
                  0.05    0.00    3.25 v _2150_/B (sky130_fd_sc_hd__or4_1)
                  0.08    0.49    3.74 v _2150_/X (sky130_fd_sc_hd__or4_1)
     1    0.00                           _0669_ (net)
                  0.08    0.00    3.74 v _2151_/B1 (sky130_fd_sc_hd__a211o_1)
                  0.06    0.28    4.02 v _2151_/X (sky130_fd_sc_hd__a211o_1)
     1    0.00                           _0670_ (net)
                  0.06    0.00    4.02 v _2152_/C (sky130_fd_sc_hd__or4b_1)
                  0.12    0.52    4.54 v _2152_/X (sky130_fd_sc_hd__or4b_1)
     1    0.01                           _0671_ (net)
                  0.12    0.00    4.54 v _2154_/B1 (sky130_fd_sc_hd__a211oi_4)
                  0.30    0.33    4.88 ^ _2154_/Y (sky130_fd_sc_hd__a211oi_4)
     5    0.02                           _0673_ (net)
                  0.30    0.00    4.88 ^ _2155_/A (sky130_fd_sc_hd__inv_2)
                  0.06    0.07    4.94 v _2155_/Y (sky130_fd_sc_hd__inv_2)
     2    0.01                           _0674_ (net)
                  0.06    0.00    4.94 v _2172_/B (sky130_fd_sc_hd__nor2_1)
                  0.21    0.19    5.13 ^ _2172_/Y (sky130_fd_sc_hd__nor2_1)
     4    0.01                           _0691_ (net)
                  0.21    0.00    5.13 ^ _2216_/B1 (sky130_fd_sc_hd__o21ai_1)
                  0.07    0.10    5.23 v _2216_/Y (sky130_fd_sc_hd__o21ai_1)
     1    0.00                           _0732_ (net)
                  0.07    0.00    5.23 v _2217_/B2 (sky130_fd_sc_hd__o22a_1)
                  0.04    0.16    5.39 v _2217_/X (sky130_fd_sc_hd__o22a_1)
     1    0.00                           _0125_ (net)
                  0.04    0.00    5.39 v _2742_/D (sky130_fd_sc_hd__dfxtp_2)
                                  5.39   data arrival time

                         10.00   10.00   clock i_clk (rise edge)
                          0.00   10.00   clock source latency
                  0.12    0.09   10.09 ^ i_clk (in)
     1    0.03                           i_clk (net)
                  0.12    0.00   10.09 ^ clkbuf_0_i_clk/A (sky130_fd_sc_hd__clkbuf_16)
                  0.07    0.18   10.27 ^ clkbuf_0_i_clk/X (sky130_fd_sc_hd__clkbuf_16)
     4    0.05                           clknet_0_i_clk (net)
                  0.07    0.00   10.27 ^ clkbuf_2_2__f_i_clk/A (sky130_fd_sc_hd__clkbuf_16)
                  0.09    0.18   10.44 ^ clkbuf_2_2__f_i_clk/X (sky130_fd_sc_hd__clkbuf_16)
     7    0.07                           clknet_2_2__leaf_i_clk (net)
                  0.09    0.00   10.44 ^ clkbuf_leaf_4_i_clk/A (sky130_fd_sc_hd__clkbuf_16)
                  0.03    0.13   10.58 ^ clkbuf_leaf_4_i_clk/X (sky130_fd_sc_hd__clkbuf_16)
     4    0.01                           clknet_leaf_4_i_clk (net)
                  0.03    0.00   10.58 ^ _2742_/CLK (sky130_fd_sc_hd__dfxtp_2)
                         -0.10   10.48   clock uncertainty
                          0.00   10.48   clock reconvergence pessimism
                         -0.11   10.37   library setup time
                                 10.37   data required time
-----------------------------------------------------------------------------
                                 10.37   data required time
                                 -5.39   data arrival time
-----------------------------------------------------------------------------
                                  4.98   slack (MET)



======================= Fastest Corner ===================================

Startpoint: i_wb_data_stb (input port clocked by i_clk)
Endpoint: _2741_ (rising edge-triggered flip-flop clocked by i_clk)
Path Group: i_clk
Path Type: max
Corner: ff

Fanout     Cap    Slew   Delay    Time   Description
-----------------------------------------------------------------------------
                          0.00    0.00   clock i_clk (rise edge)
                          0.00    0.00   clock network delay (propagated)
                          2.00    2.00 ^ input external delay
                  0.02    0.01    2.01 ^ i_wb_data_stb (in)
     1    0.01                           i_wb_data_stb (net)
                  0.02    0.00    2.01 ^ input59/A (sky130_fd_sc_hd__clkbuf_1)
                  0.09    0.09    2.11 ^ input59/X (sky130_fd_sc_hd__clkbuf_1)
     1    0.01                           net59 (net)
                  0.09    0.00    2.11 ^ _1327_/A (sky130_fd_sc_hd__buf_6)
                  0.12    0.14    2.24 ^ _1327_/X (sky130_fd_sc_hd__buf_6)
    22    0.08                           _0991_ (net)
                  0.12    0.01    2.25 ^ _1396_/A (sky130_fd_sc_hd__nor2_1)
                  0.06    0.07    2.32 v _1396_/Y (sky130_fd_sc_hd__nor2_1)
     4    0.01                           _1060_ (net)
                  0.06    0.00    2.32 v _1727_/C (sky130_fd_sc_hd__and3_1)
                  0.03    0.13    2.45 v _1727_/X (sky130_fd_sc_hd__and3_1)
     2    0.01                           _0327_ (net)
                  0.03    0.00    2.45 v _2145_/B1 (sky130_fd_sc_hd__a2bb2o_1)
                  0.04    0.17    2.62 v _2145_/X (sky130_fd_sc_hd__a2bb2o_1)
     1    0.00                           _0664_ (net)
                  0.04    0.00    2.62 v _2147_/B1 (sky130_fd_sc_hd__a311o_1)
                  0.04    0.11    2.73 v _2147_/X (sky130_fd_sc_hd__a311o_1)
     1    0.00                           _0666_ (net)
                  0.04    0.00    2.73 v _2150_/B (sky130_fd_sc_hd__or4_1)
                  0.05    0.28    3.01 v _2150_/X (sky130_fd_sc_hd__or4_1)
     1    0.00                           _0669_ (net)
                  0.05    0.00    3.01 v _2151_/B1 (sky130_fd_sc_hd__a211o_1)
                  0.04    0.13    3.14 v _2151_/X (sky130_fd_sc_hd__a211o_1)
     1    0.00                           _0670_ (net)
                  0.04    0.00    3.14 v _2152_/C (sky130_fd_sc_hd__or4b_1)
                  0.08    0.29    3.44 v _2152_/X (sky130_fd_sc_hd__or4b_1)
     1    0.01                           _0671_ (net)
                  0.08    0.00    3.44 v _2154_/B1 (sky130_fd_sc_hd__a211oi_4)
                  0.22    0.18    3.62 ^ _2154_/Y (sky130_fd_sc_hd__a211oi_4)
     5    0.02                           _0673_ (net)
                  0.22    0.00    3.62 ^ _2155_/A (sky130_fd_sc_hd__inv_2)
                  0.04    0.02    3.64 v _2155_/Y (sky130_fd_sc_hd__inv_2)
     2    0.01                           _0674_ (net)
                  0.04    0.00    3.64 v _2172_/B (sky130_fd_sc_hd__nor2_1)
                  0.15    0.13    3.77 ^ _2172_/Y (sky130_fd_sc_hd__nor2_1)
     4    0.01                           _0691_ (net)
                  0.15    0.00    3.77 ^ _2208_/A1_N (sky130_fd_sc_hd__o2bb2a_1)
                  0.03    0.13    3.90 v _2208_/X (sky130_fd_sc_hd__o2bb2a_1)
     1    0.00                           _0124_ (net)
                  0.03    0.00    3.90 v _2741_/D (sky130_fd_sc_hd__dfxtp_2)
                                  3.90   data arrival time

                         10.00   10.00   clock i_clk (rise edge)
                          0.00   10.00   clock source latency
                  0.09    0.07   10.07 ^ i_clk (in)
     1    0.03                           i_clk (net)
                  0.09    0.00   10.07 ^ clkbuf_0_i_clk/A (sky130_fd_sc_hd__clkbuf_16)
                  0.05    0.12   10.19 ^ clkbuf_0_i_clk/X (sky130_fd_sc_hd__clkbuf_16)
     4    0.05                           clknet_0_i_clk (net)
                  0.06    0.00   10.19 ^ clkbuf_2_2__f_i_clk/A (sky130_fd_sc_hd__clkbuf_16)
                  0.07    0.12   10.31 ^ clkbuf_2_2__f_i_clk/X (sky130_fd_sc_hd__clkbuf_16)
     7    0.07                           clknet_2_2__leaf_i_clk (net)
                  0.07    0.00   10.31 ^ clkbuf_leaf_4_i_clk/A (sky130_fd_sc_hd__clkbuf_16)
                  0.03    0.09   10.40 ^ clkbuf_leaf_4_i_clk/X (sky130_fd_sc_hd__clkbuf_16)
     4    0.01                           clknet_leaf_4_i_clk (net)
                  0.03    0.00   10.40 ^ _2741_/CLK (sky130_fd_sc_hd__dfxtp_2)
                         -0.10   10.30   clock uncertainty
                          0.00   10.30   clock reconvergence pessimism
                         -0.07   10.23   library setup time
                                 10.23   data required time
-----------------------------------------------------------------------------
                                 10.23   data required time
                                 -3.90   data arrival time
-----------------------------------------------------------------------------
                                  6.33   slack (MET)



===========================================================================
report_checks --slack_max -0.01
============================================================================

======================= Slowest Corner ===================================

No paths found.

======================= Typical Corner ===================================

No paths found.

======================= Fastest Corner ===================================

No paths found.
