
===========================================================================
 report_power
============================================================================


======================= Slowest Corner =================================

Group                  Internal  Switching    Leakage      Total
                          Power      Power      Power      Power (Watts)
----------------------------------------------------------------
Sequential             9.32e-04   7.42e-05   4.16e-06   1.01e-03  44.8%
Combinational          7.24e-04   5.14e-04   7.19e-06   1.25e-03  55.2%
Macro                  0.00e+00   0.00e+00   0.00e+00   0.00e+00   0.0%
Pad                    0.00e+00   0.00e+00   0.00e+00   0.00e+00   0.0%
----------------------------------------------------------------
Total                  1.66e-03   5.88e-04   1.13e-05   2.26e-03 100.0%
                          73.4%      26.1%       0.5%

======================= Typical Corner ===================================

Group                  Internal  Switching    Leakage      Total
                          Power      Power      Power      Power (Watts)
----------------------------------------------------------------
Sequential             1.20e-03   9.47e-05   2.37e-09   1.29e-03  45.3%
Combinational          8.88e-04   6.68e-04   1.17e-08   1.56e-03  54.7%
Macro                  0.00e+00   0.00e+00   0.00e+00   0.00e+00   0.0%
Pad                    0.00e+00   0.00e+00   0.00e+00   0.00e+00   0.0%
----------------------------------------------------------------
Total                  2.08e-03   7.63e-04   1.40e-08   2.85e-03 100.0%
                          73.2%      26.8%       0.0%


======================= Fastest Corner =================================

Group                  Internal  Switching    Leakage      Total
                          Power      Power      Power      Power (Watts)
----------------------------------------------------------------
Sequential             1.39e-03   1.12e-04   4.30e-09   1.50e-03  45.5%
Combinational          1.00e-03   7.98e-04   1.71e-08   1.80e-03  54.5%
Macro                  0.00e+00   0.00e+00   0.00e+00   0.00e+00   0.0%
Pad                    0.00e+00   0.00e+00   0.00e+00   0.00e+00   0.0%
----------------------------------------------------------------
Total                  2.39e-03   9.10e-04   2.14e-08   3.30e-03 100.0%
                          72.4%      27.6%       0.0%
