
===========================================================================
 report_clock_skew
============================================================================

======================== Slowest Corner ==================================

Clock i_clk
Latency      CRPR       Skew
_2821_/CLK ^
   1.05
_2653_/CLK ^
   0.77      0.00       0.28


======================= Typical Corner ===================================

Clock i_clk
Latency      CRPR       Skew
_2821_/CLK ^
   0.61
_2653_/CLK ^
   0.45      0.00       0.16


======================= Fastest Corner ===================================

Clock i_clk
Latency      CRPR       Skew
_2821_/CLK ^
   0.42
_2653_/CLK ^
   0.31      0.00       0.11

