OpenROAD v2.0-4194-g9d55eaa0c 
This program is licensed under the BSD-3 license. See the LICENSE file for details.
Components of this program may be licensed under more restrictive licenses which must be honored.
[INFO ODB-0222] Reading LEF file: /home/opentools/OpenLane/designs/wbqspiflash/runs/6.45ns_threshold_area_full/tmp/merged.unpadded.nom.lef
[INFO ODB-0223]     Created 13 technology layers
[INFO ODB-0224]     Created 25 technology vias
[INFO ODB-0225]     Created 441 library cells
[INFO ODB-0226] Finished LEF file:  /home/opentools/OpenLane/designs/wbqspiflash/runs/6.45ns_threshold_area_full/tmp/merged.unpadded.nom.lef
[INFO ODB-0127] Reading DEF file: /home/opentools/OpenLane/designs/wbqspiflash/runs/6.45ns_threshold_area_full/tmp/placement/8-resizer.def
[INFO ODB-0128] Design: wbqspiflash
[INFO ODB-0130]     Created 106 pins.
[INFO ODB-0131]     Created 3088 components and 18523 component-terminals.
[INFO ODB-0132]     Created 2 special nets and 10908 connections.
[INFO ODB-0133]     Created 2261 nets and 7615 connections.
[INFO ODB-0134] Finished DEF file: /home/opentools/OpenLane/designs/wbqspiflash/runs/6.45ns_threshold_area_full/tmp/placement/8-resizer.def
Placement Analysis
---------------------------------
total displacement          0.0 u
average displacement        0.0 u
max displacement            0.0 u
original HPWL           67121.8 u
legalized HPWL          68372.0 u
delta HPWL                    2 %

[INFO DPL-0020] Mirrored 889 instances
[INFO DPL-0021] HPWL before           68372.0 u
[INFO DPL-0022] HPWL after            67121.8 u
[INFO DPL-0023] HPWL delta               -1.8 %
