
===========================================================================
report_checks -path_delay max (Setup)
============================================================================
Startpoint: i_wb_we (input port clocked by i_clk)
Endpoint: _3747_ (rising edge-triggered flip-flop clocked by i_clk)
Path Group: i_clk
Path Type: max

Fanout     Cap    Slew   Delay    Time   Description
-----------------------------------------------------------------------------
                  0.10    0.00    0.00   clock i_clk (rise edge)
                          0.00    0.00   clock network delay (ideal)
                          1.29    1.29 ^ input external delay
                  0.02    0.01    1.30 ^ i_wb_we (in)
     1    0.00                           i_wb_we (net)
                  0.02    0.00    1.30 ^ _1875_/A (sky130_fd_sc_hd__buf_2)
                  0.28    0.26    1.56 ^ _1875_/X (sky130_fd_sc_hd__buf_2)
    14    0.06                           _1505_ (net)
                  0.28    0.00    1.57 ^ _1876_/B (sky130_fd_sc_hd__nand2_2)
                  0.11    0.15    1.71 v _1876_/Y (sky130_fd_sc_hd__nand2_2)
     8    0.02                           _1506_ (net)
                  0.11    0.00    1.72 v _1877_/A (sky130_fd_sc_hd__inv_2)
                  0.24    0.22    1.94 ^ _1877_/Y (sky130_fd_sc_hd__inv_2)
    21    0.05                           _1507_ (net)
                  0.24    0.00    1.94 ^ _2100_/C (sky130_fd_sc_hd__and3_2)
                  0.04    0.20    2.14 ^ _2100_/X (sky130_fd_sc_hd__and3_2)
     1    0.00                           _1729_ (net)
                  0.04    0.00    2.14 ^ _2101_/A (sky130_fd_sc_hd__and3_2)
                  0.04    0.14    2.29 ^ _2101_/X (sky130_fd_sc_hd__and3_2)
     1    0.00                           _1730_ (net)
                  0.04    0.00    2.29 ^ _2107_/A (sky130_fd_sc_hd__and4_2)
                  0.11    0.24    2.54 ^ _2107_/X (sky130_fd_sc_hd__and4_2)
     4    0.02                           _1736_ (net)
                  0.11    0.01    2.54 ^ _2368_/B (sky130_fd_sc_hd__nand3_2)
                  0.13    0.13    2.67 v _2368_/Y (sky130_fd_sc_hd__nand3_2)
     4    0.02                           _0434_ (net)
                  0.13    0.01    2.68 v _3025_/A (sky130_fd_sc_hd__nand2_2)
                  0.05    0.09    2.77 ^ _3025_/Y (sky130_fd_sc_hd__nand2_2)
     1    0.00                           _1006_ (net)
                  0.05    0.01    2.77 ^ _3028_/A (sky130_fd_sc_hd__nand2_2)
                  0.03    0.04    2.82 v _3028_/Y (sky130_fd_sc_hd__nand2_2)
     1    0.00                           _1009_ (net)
                  0.04    0.01    2.83 v _3029_/A (sky130_fd_sc_hd__nand2_2)
                  0.05    0.05    2.88 ^ _3029_/Y (sky130_fd_sc_hd__nand2_2)
     1    0.00                           _1010_ (net)
                  0.05    0.01    2.88 ^ _3031_/A (sky130_fd_sc_hd__nand2_2)
                  0.04    0.04    2.93 v _3031_/Y (sky130_fd_sc_hd__nand2_2)
     1    0.00                           _1012_ (net)
                  0.04    0.01    2.94 v _3033_/A (sky130_fd_sc_hd__nand2_2)
                  0.05    0.05    2.99 ^ _3033_/Y (sky130_fd_sc_hd__nand2_2)
     1    0.00                           _1014_ (net)
                  0.05    0.01    3.00 ^ _3035_/A (sky130_fd_sc_hd__nand2_2)
                  0.04    0.04    3.04 v _3035_/Y (sky130_fd_sc_hd__nand2_2)
     1    0.00                           _1016_ (net)
                  0.04    0.01    3.05 v _3038_/A (sky130_fd_sc_hd__nand2_2)
                  0.05    0.05    3.10 ^ _3038_/Y (sky130_fd_sc_hd__nand2_2)
     1    0.00                           _1019_ (net)
                  0.05    0.01    3.11 ^ _3039_/A (sky130_fd_sc_hd__nand2_2)
                  0.03    0.04    3.15 v _3039_/Y (sky130_fd_sc_hd__nand2_2)
     1    0.00                           _1020_ (net)
                  0.04    0.01    3.16 v _3042_/A (sky130_fd_sc_hd__nand2_2)
                  0.06    0.05    3.21 ^ _3042_/Y (sky130_fd_sc_hd__nand2_2)
     1    0.00                           _1023_ (net)
                  0.06    0.01    3.21 ^ _3046_/A (sky130_fd_sc_hd__nand3_2)
                  0.07    0.06    3.27 v _3046_/Y (sky130_fd_sc_hd__nand3_2)
     1    0.00                           _1027_ (net)
                  0.07    0.01    3.28 v _3048_/A (sky130_fd_sc_hd__nand2_2)
                  0.05    0.06    3.34 ^ _3048_/Y (sky130_fd_sc_hd__nand2_2)
     1    0.00                           _1029_ (net)
                  0.05    0.01    3.35 ^ _3049_/A (sky130_fd_sc_hd__nand2_2)
                  0.04    0.04    3.39 v _3049_/Y (sky130_fd_sc_hd__nand2_2)
     1    0.00                           _1030_ (net)
                  0.04    0.01    3.40 v _3085_/A (sky130_fd_sc_hd__nand2_2)
                  0.05    0.05    3.45 ^ _3085_/Y (sky130_fd_sc_hd__nand2_2)
     1    0.00                           _1066_ (net)
                  0.05    0.01    3.46 ^ _3087_/A (sky130_fd_sc_hd__nand2_2)
                  0.03    0.04    3.50 v _3087_/Y (sky130_fd_sc_hd__nand2_2)
     1    0.00                           _0122_ (net)
                  0.03    0.00    3.50 v _3747_/D (sky130_fd_sc_hd__dfxtp_2)
                                  3.50   data arrival time

                  0.10    6.45    6.45   clock i_clk (rise edge)
                          0.00    6.45   clock network delay (ideal)
                         -0.10    6.35   clock uncertainty
                          0.00    6.35   clock reconvergence pessimism
                                  6.35 ^ _3747_/CLK (sky130_fd_sc_hd__dfxtp_2)
                         -0.09    6.26   library setup time
                                  6.26   data required time
-----------------------------------------------------------------------------
                                  6.26   data required time
                                 -3.50   data arrival time
-----------------------------------------------------------------------------
                                  2.76   slack (MET)


Startpoint: i_wb_we (input port clocked by i_clk)
Endpoint: _3752_ (rising edge-triggered flip-flop clocked by i_clk)
Path Group: i_clk
Path Type: max

Fanout     Cap    Slew   Delay    Time   Description
-----------------------------------------------------------------------------
                  0.10    0.00    0.00   clock i_clk (rise edge)
                          0.00    0.00   clock network delay (ideal)
                          1.29    1.29 v input external delay
                  0.01    0.01    1.30 v i_wb_we (in)
     1    0.00                           i_wb_we (net)
                  0.01    0.00    1.30 v _1875_/A (sky130_fd_sc_hd__buf_2)
                  0.13    0.19    1.49 v _1875_/X (sky130_fd_sc_hd__buf_2)
    14    0.05                           _1505_ (net)
                  0.13    0.00    1.49 v _1876_/B (sky130_fd_sc_hd__nand2_2)
                  0.13    0.16    1.65 ^ _1876_/Y (sky130_fd_sc_hd__nand2_2)
     8    0.02                           _1506_ (net)
                  0.13    0.00    1.65 ^ _1877_/A (sky130_fd_sc_hd__inv_2)
                  0.11    0.13    1.78 v _1877_/Y (sky130_fd_sc_hd__inv_2)
    21    0.05                           _1507_ (net)
                  0.11    0.00    1.79 v _2100_/C (sky130_fd_sc_hd__and3_2)
                  0.03    0.23    2.01 v _2100_/X (sky130_fd_sc_hd__and3_2)
     1    0.00                           _1729_ (net)
                  0.03    0.00    2.01 v _2101_/A (sky130_fd_sc_hd__and3_2)
                  0.04    0.16    2.17 v _2101_/X (sky130_fd_sc_hd__and3_2)
     1    0.00                           _1730_ (net)
                  0.04    0.00    2.18 v _2107_/A (sky130_fd_sc_hd__and4_2)
                  0.07    0.20    2.38 v _2107_/X (sky130_fd_sc_hd__and4_2)
     4    0.01                           _1736_ (net)
                  0.07    0.00    2.38 v _2958_/A2 (sky130_fd_sc_hd__a311o_2)
                  0.08    0.40    2.78 v _2958_/X (sky130_fd_sc_hd__a311o_2)
     2    0.01                           _0962_ (net)
                  0.08    0.01    2.79 v _3018_/B (sky130_fd_sc_hd__nand2_4)
                  0.12    0.14    2.93 ^ _3018_/Y (sky130_fd_sc_hd__nand2_4)
     9    0.04                           _1001_ (net)
                  0.12    0.01    2.93 ^ _3019_/A (sky130_fd_sc_hd__buf_8)
                  0.15    0.20    3.13 ^ _3019_/X (sky130_fd_sc_hd__buf_8)
    26    0.09                           _1002_ (net)
                  0.15    0.00    3.13 ^ _3142_/S (sky130_fd_sc_hd__mux2_2)
                  0.05    0.34    3.47 v _3142_/X (sky130_fd_sc_hd__mux2_2)
     1    0.00                           _0127_ (net)
                  0.05    0.00    3.48 v _3752_/D (sky130_fd_sc_hd__dfxtp_2)
                                  3.48   data arrival time

                  0.10    6.45    6.45   clock i_clk (rise edge)
                          0.00    6.45   clock network delay (ideal)
                         -0.10    6.35   clock uncertainty
                          0.00    6.35   clock reconvergence pessimism
                                  6.35 ^ _3752_/CLK (sky130_fd_sc_hd__dfxtp_2)
                         -0.10    6.25   library setup time
                                  6.25   data required time
-----------------------------------------------------------------------------
                                  6.25   data required time
                                 -3.48   data arrival time
-----------------------------------------------------------------------------
                                  2.77   slack (MET)


Startpoint: i_wb_we (input port clocked by i_clk)
Endpoint: _3753_ (rising edge-triggered flip-flop clocked by i_clk)
Path Group: i_clk
Path Type: max

Fanout     Cap    Slew   Delay    Time   Description
-----------------------------------------------------------------------------
                  0.10    0.00    0.00   clock i_clk (rise edge)
                          0.00    0.00   clock network delay (ideal)
                          1.29    1.29 v input external delay
                  0.01    0.01    1.30 v i_wb_we (in)
     1    0.00                           i_wb_we (net)
                  0.01    0.00    1.30 v _1875_/A (sky130_fd_sc_hd__buf_2)
                  0.13    0.19    1.49 v _1875_/X (sky130_fd_sc_hd__buf_2)
    14    0.05                           _1505_ (net)
                  0.13    0.00    1.49 v _1876_/B (sky130_fd_sc_hd__nand2_2)
                  0.13    0.16    1.65 ^ _1876_/Y (sky130_fd_sc_hd__nand2_2)
     8    0.02                           _1506_ (net)
                  0.13    0.00    1.65 ^ _1877_/A (sky130_fd_sc_hd__inv_2)
                  0.11    0.13    1.78 v _1877_/Y (sky130_fd_sc_hd__inv_2)
    21    0.05                           _1507_ (net)
                  0.11    0.00    1.79 v _2100_/C (sky130_fd_sc_hd__and3_2)
                  0.03    0.23    2.01 v _2100_/X (sky130_fd_sc_hd__and3_2)
     1    0.00                           _1729_ (net)
                  0.03    0.00    2.01 v _2101_/A (sky130_fd_sc_hd__and3_2)
                  0.04    0.16    2.17 v _2101_/X (sky130_fd_sc_hd__and3_2)
     1    0.00                           _1730_ (net)
                  0.04    0.00    2.18 v _2107_/A (sky130_fd_sc_hd__and4_2)
                  0.07    0.20    2.38 v _2107_/X (sky130_fd_sc_hd__and4_2)
     4    0.01                           _1736_ (net)
                  0.07    0.00    2.38 v _2958_/A2 (sky130_fd_sc_hd__a311o_2)
                  0.08    0.40    2.78 v _2958_/X (sky130_fd_sc_hd__a311o_2)
     2    0.01                           _0962_ (net)
                  0.08    0.01    2.79 v _3018_/B (sky130_fd_sc_hd__nand2_4)
                  0.12    0.14    2.93 ^ _3018_/Y (sky130_fd_sc_hd__nand2_4)
     9    0.04                           _1001_ (net)
                  0.12    0.01    2.93 ^ _3019_/A (sky130_fd_sc_hd__buf_8)
                  0.15    0.20    3.13 ^ _3019_/X (sky130_fd_sc_hd__buf_8)
    26    0.09                           _1002_ (net)
                  0.15    0.00    3.13 ^ _3143_/S (sky130_fd_sc_hd__mux2_2)
                  0.05    0.34    3.47 v _3143_/X (sky130_fd_sc_hd__mux2_2)
     1    0.00                           _0128_ (net)
                  0.05    0.00    3.48 v _3753_/D (sky130_fd_sc_hd__dfxtp_2)
                                  3.48   data arrival time

                  0.10    6.45    6.45   clock i_clk (rise edge)
                          0.00    6.45   clock network delay (ideal)
                         -0.10    6.35   clock uncertainty
                          0.00    6.35   clock reconvergence pessimism
                                  6.35 ^ _3753_/CLK (sky130_fd_sc_hd__dfxtp_2)
                         -0.10    6.25   library setup time
                                  6.25   data required time
-----------------------------------------------------------------------------
                                  6.25   data required time
                                 -3.48   data arrival time
-----------------------------------------------------------------------------
                                  2.77   slack (MET)


Startpoint: i_wb_we (input port clocked by i_clk)
Endpoint: _3754_ (rising edge-triggered flip-flop clocked by i_clk)
Path Group: i_clk
Path Type: max

Fanout     Cap    Slew   Delay    Time   Description
-----------------------------------------------------------------------------
                  0.10    0.00    0.00   clock i_clk (rise edge)
                          0.00    0.00   clock network delay (ideal)
                          1.29    1.29 v input external delay
                  0.01    0.01    1.30 v i_wb_we (in)
     1    0.00                           i_wb_we (net)
                  0.01    0.00    1.30 v _1875_/A (sky130_fd_sc_hd__buf_2)
                  0.13    0.19    1.49 v _1875_/X (sky130_fd_sc_hd__buf_2)
    14    0.05                           _1505_ (net)
                  0.13    0.00    1.49 v _1876_/B (sky130_fd_sc_hd__nand2_2)
                  0.13    0.16    1.65 ^ _1876_/Y (sky130_fd_sc_hd__nand2_2)
     8    0.02                           _1506_ (net)
                  0.13    0.00    1.65 ^ _1877_/A (sky130_fd_sc_hd__inv_2)
                  0.11    0.13    1.78 v _1877_/Y (sky130_fd_sc_hd__inv_2)
    21    0.05                           _1507_ (net)
                  0.11    0.00    1.79 v _2100_/C (sky130_fd_sc_hd__and3_2)
                  0.03    0.23    2.01 v _2100_/X (sky130_fd_sc_hd__and3_2)
     1    0.00                           _1729_ (net)
                  0.03    0.00    2.01 v _2101_/A (sky130_fd_sc_hd__and3_2)
                  0.04    0.16    2.17 v _2101_/X (sky130_fd_sc_hd__and3_2)
     1    0.00                           _1730_ (net)
                  0.04    0.00    2.18 v _2107_/A (sky130_fd_sc_hd__and4_2)
                  0.07    0.20    2.38 v _2107_/X (sky130_fd_sc_hd__and4_2)
     4    0.01                           _1736_ (net)
                  0.07    0.00    2.38 v _2958_/A2 (sky130_fd_sc_hd__a311o_2)
                  0.08    0.40    2.78 v _2958_/X (sky130_fd_sc_hd__a311o_2)
     2    0.01                           _0962_ (net)
                  0.08    0.01    2.79 v _3018_/B (sky130_fd_sc_hd__nand2_4)
                  0.12    0.14    2.93 ^ _3018_/Y (sky130_fd_sc_hd__nand2_4)
     9    0.04                           _1001_ (net)
                  0.12    0.01    2.93 ^ _3019_/A (sky130_fd_sc_hd__buf_8)
                  0.15    0.20    3.13 ^ _3019_/X (sky130_fd_sc_hd__buf_8)
    26    0.09                           _1002_ (net)
                  0.15    0.00    3.13 ^ _3144_/S (sky130_fd_sc_hd__mux2_2)
                  0.05    0.34    3.47 v _3144_/X (sky130_fd_sc_hd__mux2_2)
     1    0.00                           _0129_ (net)
                  0.05    0.00    3.48 v _3754_/D (sky130_fd_sc_hd__dfxtp_2)
                                  3.48   data arrival time

                  0.10    6.45    6.45   clock i_clk (rise edge)
                          0.00    6.45   clock network delay (ideal)
                         -0.10    6.35   clock uncertainty
                          0.00    6.35   clock reconvergence pessimism
                                  6.35 ^ _3754_/CLK (sky130_fd_sc_hd__dfxtp_2)
                         -0.10    6.25   library setup time
                                  6.25   data required time
-----------------------------------------------------------------------------
                                  6.25   data required time
                                 -3.48   data arrival time
-----------------------------------------------------------------------------
                                  2.77   slack (MET)


Startpoint: i_wb_we (input port clocked by i_clk)
Endpoint: _3755_ (rising edge-triggered flip-flop clocked by i_clk)
Path Group: i_clk
Path Type: max

Fanout     Cap    Slew   Delay    Time   Description
-----------------------------------------------------------------------------
                  0.10    0.00    0.00   clock i_clk (rise edge)
                          0.00    0.00   clock network delay (ideal)
                          1.29    1.29 v input external delay
                  0.01    0.01    1.30 v i_wb_we (in)
     1    0.00                           i_wb_we (net)
                  0.01    0.00    1.30 v _1875_/A (sky130_fd_sc_hd__buf_2)
                  0.13    0.19    1.49 v _1875_/X (sky130_fd_sc_hd__buf_2)
    14    0.05                           _1505_ (net)
                  0.13    0.00    1.49 v _1876_/B (sky130_fd_sc_hd__nand2_2)
                  0.13    0.16    1.65 ^ _1876_/Y (sky130_fd_sc_hd__nand2_2)
     8    0.02                           _1506_ (net)
                  0.13    0.00    1.65 ^ _1877_/A (sky130_fd_sc_hd__inv_2)
                  0.11    0.13    1.78 v _1877_/Y (sky130_fd_sc_hd__inv_2)
    21    0.05                           _1507_ (net)
                  0.11    0.00    1.79 v _2100_/C (sky130_fd_sc_hd__and3_2)
                  0.03    0.23    2.01 v _2100_/X (sky130_fd_sc_hd__and3_2)
     1    0.00                           _1729_ (net)
                  0.03    0.00    2.01 v _2101_/A (sky130_fd_sc_hd__and3_2)
                  0.04    0.16    2.17 v _2101_/X (sky130_fd_sc_hd__and3_2)
     1    0.00                           _1730_ (net)
                  0.04    0.00    2.18 v _2107_/A (sky130_fd_sc_hd__and4_2)
                  0.07    0.20    2.38 v _2107_/X (sky130_fd_sc_hd__and4_2)
     4    0.01                           _1736_ (net)
                  0.07    0.00    2.38 v _2958_/A2 (sky130_fd_sc_hd__a311o_2)
                  0.08    0.40    2.78 v _2958_/X (sky130_fd_sc_hd__a311o_2)
     2    0.01                           _0962_ (net)
                  0.08    0.01    2.79 v _3018_/B (sky130_fd_sc_hd__nand2_4)
                  0.12    0.14    2.93 ^ _3018_/Y (sky130_fd_sc_hd__nand2_4)
     9    0.04                           _1001_ (net)
                  0.12    0.01    2.93 ^ _3019_/A (sky130_fd_sc_hd__buf_8)
                  0.15    0.20    3.13 ^ _3019_/X (sky130_fd_sc_hd__buf_8)
    26    0.09                           _1002_ (net)
                  0.15    0.00    3.13 ^ _3145_/S (sky130_fd_sc_hd__mux2_2)
                  0.05    0.34    3.47 v _3145_/X (sky130_fd_sc_hd__mux2_2)
     1    0.00                           _0130_ (net)
                  0.05    0.00    3.48 v _3755_/D (sky130_fd_sc_hd__dfxtp_2)
                                  3.48   data arrival time

                  0.10    6.45    6.45   clock i_clk (rise edge)
                          0.00    6.45   clock network delay (ideal)
                         -0.10    6.35   clock uncertainty
                          0.00    6.35   clock reconvergence pessimism
                                  6.35 ^ _3755_/CLK (sky130_fd_sc_hd__dfxtp_2)
                         -0.10    6.25   library setup time
                                  6.25   data required time
-----------------------------------------------------------------------------
                                  6.25   data required time
                                 -3.48   data arrival time
-----------------------------------------------------------------------------
                                  2.77   slack (MET)


