
===========================================================================
report_checks -path_delay min (Hold)
============================================================================
Startpoint: _3718_ (rising edge-triggered flip-flop clocked by i_clk)
Endpoint: _3718_ (rising edge-triggered flip-flop clocked by i_clk)
Path Group: i_clk
Path Type: min

Fanout     Cap    Slew   Delay    Time   Description
-----------------------------------------------------------------------------
                  0.10    0.00    0.00   clock i_clk (rise edge)
                          0.00    0.00   clock network delay (ideal)
                  0.10    0.00    0.00 ^ _3718_/CLK (sky130_fd_sc_hd__dfxtp_2)
                  0.04    0.33    0.33 ^ _3718_/Q (sky130_fd_sc_hd__dfxtp_2)
     2    0.00                           reset_counter[4] (net)
                  0.04    0.00    0.33 ^ _2934_/A1 (sky130_fd_sc_hd__a21o_2)
                  0.02    0.10    0.43 ^ _2934_/X (sky130_fd_sc_hd__a21o_2)
     1    0.00                           _0093_ (net)
                  0.02    0.00    0.44 ^ _3718_/D (sky130_fd_sc_hd__dfxtp_2)
                                  0.44   data arrival time

                  0.10    0.00    0.00   clock i_clk (rise edge)
                          0.00    0.00   clock network delay (ideal)
                          0.10    0.10   clock uncertainty
                          0.00    0.10   clock reconvergence pessimism
                                  0.10 ^ _3718_/CLK (sky130_fd_sc_hd__dfxtp_2)
                         -0.02    0.08   library hold time
                                  0.08   data required time
-----------------------------------------------------------------------------
                                  0.08   data required time
                                 -0.44   data arrival time
-----------------------------------------------------------------------------
                                  0.36   slack (MET)


Startpoint: _3717_ (rising edge-triggered flip-flop clocked by i_clk)
Endpoint: _3786_ (rising edge-triggered flip-flop clocked by i_clk)
Path Group: i_clk
Path Type: min

Fanout     Cap    Slew   Delay    Time   Description
-----------------------------------------------------------------------------
                  0.10    0.00    0.00   clock i_clk (rise edge)
                          0.00    0.00   clock network delay (ideal)
                  0.10    0.00    0.00 ^ _3717_/CLK (sky130_fd_sc_hd__dfxtp_2)
                  0.05    0.34    0.34 ^ _3717_/Q (sky130_fd_sc_hd__dfxtp_2)
     2    0.01                           reset_counter[3] (net)
                  0.05    0.00    0.34 ^ _3195_/B (sky130_fd_sc_hd__or3_2)
                  0.03    0.10    0.44 ^ _3195_/X (sky130_fd_sc_hd__or3_2)
     1    0.00                           _0161_ (net)
                  0.03    0.00    0.44 ^ _3786_/D (sky130_fd_sc_hd__dfxtp_2)
                                  0.44   data arrival time

                  0.10    0.00    0.00   clock i_clk (rise edge)
                          0.00    0.00   clock network delay (ideal)
                          0.10    0.10   clock uncertainty
                          0.00    0.10   clock reconvergence pessimism
                                  0.10 ^ _3786_/CLK (sky130_fd_sc_hd__dfxtp_2)
                         -0.02    0.08   library hold time
                                  0.08   data required time
-----------------------------------------------------------------------------
                                  0.08   data required time
                                 -0.44   data arrival time
-----------------------------------------------------------------------------
                                  0.36   slack (MET)


Startpoint: _3797_ (rising edge-triggered flip-flop clocked by i_clk)
Endpoint: _3797_ (rising edge-triggered flip-flop clocked by i_clk)
Path Group: i_clk
Path Type: min

Fanout     Cap    Slew   Delay    Time   Description
-----------------------------------------------------------------------------
                  0.10    0.00    0.00   clock i_clk (rise edge)
                          0.00    0.00   clock network delay (ideal)
                  0.10    0.00    0.00 ^ _3797_/CLK (sky130_fd_sc_hd__dfxtp_2)
                  0.05    0.34    0.34 ^ _3797_/Q (sky130_fd_sc_hd__dfxtp_2)
     2    0.01                           o_wb_data[0] (net)
                  0.05    0.00    0.34 ^ _3231_/A1 (sky130_fd_sc_hd__a21o_2)
                  0.02    0.10    0.45 ^ _3231_/X (sky130_fd_sc_hd__a21o_2)
     1    0.00                           _0172_ (net)
                  0.02    0.00    0.45 ^ _3797_/D (sky130_fd_sc_hd__dfxtp_2)
                                  0.45   data arrival time

                  0.10    0.00    0.00   clock i_clk (rise edge)
                          0.00    0.00   clock network delay (ideal)
                          0.10    0.10   clock uncertainty
                          0.00    0.10   clock reconvergence pessimism
                                  0.10 ^ _3797_/CLK (sky130_fd_sc_hd__dfxtp_2)
                         -0.02    0.08   library hold time
                                  0.08   data required time
-----------------------------------------------------------------------------
                                  0.08   data required time
                                 -0.45   data arrival time
-----------------------------------------------------------------------------
                                  0.37   slack (MET)


Startpoint: _3798_ (rising edge-triggered flip-flop clocked by i_clk)
Endpoint: _3798_ (rising edge-triggered flip-flop clocked by i_clk)
Path Group: i_clk
Path Type: min

Fanout     Cap    Slew   Delay    Time   Description
-----------------------------------------------------------------------------
                  0.10    0.00    0.00   clock i_clk (rise edge)
                          0.00    0.00   clock network delay (ideal)
                  0.10    0.00    0.00 ^ _3798_/CLK (sky130_fd_sc_hd__dfxtp_2)
                  0.05    0.34    0.34 ^ _3798_/Q (sky130_fd_sc_hd__dfxtp_2)
     2    0.01                           o_wb_data[1] (net)
                  0.05    0.00    0.34 ^ _3233_/A1 (sky130_fd_sc_hd__a21o_2)
                  0.02    0.10    0.45 ^ _3233_/X (sky130_fd_sc_hd__a21o_2)
     1    0.00                           _0173_ (net)
                  0.02    0.00    0.45 ^ _3798_/D (sky130_fd_sc_hd__dfxtp_2)
                                  0.45   data arrival time

                  0.10    0.00    0.00   clock i_clk (rise edge)
                          0.00    0.00   clock network delay (ideal)
                          0.10    0.10   clock uncertainty
                          0.00    0.10   clock reconvergence pessimism
                                  0.10 ^ _3798_/CLK (sky130_fd_sc_hd__dfxtp_2)
                         -0.02    0.08   library hold time
                                  0.08   data required time
-----------------------------------------------------------------------------
                                  0.08   data required time
                                 -0.45   data arrival time
-----------------------------------------------------------------------------
                                  0.37   slack (MET)


Startpoint: _3799_ (rising edge-triggered flip-flop clocked by i_clk)
Endpoint: _3799_ (rising edge-triggered flip-flop clocked by i_clk)
Path Group: i_clk
Path Type: min

Fanout     Cap    Slew   Delay    Time   Description
-----------------------------------------------------------------------------
                  0.10    0.00    0.00   clock i_clk (rise edge)
                          0.00    0.00   clock network delay (ideal)
                  0.10    0.00    0.00 ^ _3799_/CLK (sky130_fd_sc_hd__dfxtp_2)
                  0.05    0.34    0.34 ^ _3799_/Q (sky130_fd_sc_hd__dfxtp_2)
     2    0.01                           o_wb_data[2] (net)
                  0.05    0.00    0.34 ^ _3235_/A1 (sky130_fd_sc_hd__a21o_2)
                  0.02    0.10    0.45 ^ _3235_/X (sky130_fd_sc_hd__a21o_2)
     1    0.00                           _0174_ (net)
                  0.02    0.00    0.45 ^ _3799_/D (sky130_fd_sc_hd__dfxtp_2)
                                  0.45   data arrival time

                  0.10    0.00    0.00   clock i_clk (rise edge)
                          0.00    0.00   clock network delay (ideal)
                          0.10    0.10   clock uncertainty
                          0.00    0.10   clock reconvergence pessimism
                                  0.10 ^ _3799_/CLK (sky130_fd_sc_hd__dfxtp_2)
                         -0.02    0.08   library hold time
                                  0.08   data required time
-----------------------------------------------------------------------------
                                  0.08   data required time
                                 -0.45   data arrival time
-----------------------------------------------------------------------------
                                  0.37   slack (MET)


