
===========================================================================
report_checks -path_delay max (Setup)
============================================================================
Startpoint: i_wb_ctrl_stb (input port clocked by i_clk)
Endpoint: _3292_ (rising edge-triggered flip-flop clocked by i_clk)
Path Group: i_clk
Path Type: max

Fanout     Cap    Slew   Delay    Time   Description
-----------------------------------------------------------------------------
                  0.10    0.00    0.00   clock i_clk (rise edge)
                          0.00    0.00   clock network delay (ideal)
                          4.00    4.00 ^ input external delay
                  0.05    0.04    4.04 ^ i_wb_ctrl_stb (in)
     1    0.01                           i_wb_ctrl_stb (net)
                  0.05    0.00    4.04 ^ _1616_/A (sky130_fd_sc_hd__buf_1)
                  0.89    0.70    4.74 ^ _1616_/X (sky130_fd_sc_hd__buf_1)
    20    0.08                           _1272_ (net)
                  0.89    0.00    4.74 ^ _1671_/D_N (sky130_fd_sc_hd__or4b_2)
                  0.12    0.70    5.44 v _1671_/X (sky130_fd_sc_hd__or4b_2)
     3    0.01                           _1327_ (net)
                  0.12    0.00    5.44 v _1672_/A (sky130_fd_sc_hd__and3_2)
                  0.05    0.23    5.67 v _1672_/X (sky130_fd_sc_hd__and3_2)
     3    0.01                           _1328_ (net)
                  0.05    0.00    5.67 v _2741_/A_N (sky130_fd_sc_hd__and4b_2)
                  0.06    0.28    5.95 ^ _2741_/X (sky130_fd_sc_hd__and4b_2)
     1    0.00                           _0956_ (net)
                  0.06    0.00    5.95 ^ _2742_/D1 (sky130_fd_sc_hd__o2111a_2)
                  0.05    0.19    6.14 ^ _2742_/X (sky130_fd_sc_hd__o2111a_2)
     2    0.00                           _0957_ (net)
                  0.05    0.00    6.14 ^ _2746_/D_N (sky130_fd_sc_hd__or4bb_2)
                  0.11    0.56    6.70 v _2746_/X (sky130_fd_sc_hd__or4bb_2)
     2    0.01                           _0961_ (net)
                  0.11    0.00    6.70 v _2747_/A (sky130_fd_sc_hd__buf_1)
                  0.50    0.49    7.19 v _2747_/X (sky130_fd_sc_hd__buf_1)
    30    0.09                           _0962_ (net)
                  0.50    0.00    7.19 v _2750_/C1 (sky130_fd_sc_hd__a221o_2)
                  0.06    0.48    7.68 v _2750_/X (sky130_fd_sc_hd__a221o_2)
     1    0.00                           _0964_ (net)
                  0.06    0.00    7.68 v _2751_/B1 (sky130_fd_sc_hd__o21a_2)
                  0.03    0.12    7.79 v _2751_/X (sky130_fd_sc_hd__o21a_2)
     1    0.00                           _0163_ (net)
                  0.03    0.00    7.79 v _3292_/D (sky130_fd_sc_hd__dfxtp_2)
                                  7.79   data arrival time

                  0.10   20.00   20.00   clock i_clk (rise edge)
                          0.00   20.00   clock network delay (ideal)
                         -0.10   19.90   clock uncertainty
                          0.00   19.90   clock reconvergence pessimism
                                 19.90 ^ _3292_/CLK (sky130_fd_sc_hd__dfxtp_2)
                         -0.10   19.80   library setup time
                                 19.80   data required time
-----------------------------------------------------------------------------
                                 19.80   data required time
                                 -7.79   data arrival time
-----------------------------------------------------------------------------
                                 12.01   slack (MET)


Startpoint: i_wb_ctrl_stb (input port clocked by i_clk)
Endpoint: _3291_ (rising edge-triggered flip-flop clocked by i_clk)
Path Group: i_clk
Path Type: max

Fanout     Cap    Slew   Delay    Time   Description
-----------------------------------------------------------------------------
                  0.10    0.00    0.00   clock i_clk (rise edge)
                          0.00    0.00   clock network delay (ideal)
                          4.00    4.00 ^ input external delay
                  0.05    0.04    4.04 ^ i_wb_ctrl_stb (in)
     1    0.01                           i_wb_ctrl_stb (net)
                  0.05    0.00    4.04 ^ _1616_/A (sky130_fd_sc_hd__buf_1)
                  0.89    0.70    4.74 ^ _1616_/X (sky130_fd_sc_hd__buf_1)
    20    0.08                           _1272_ (net)
                  0.89    0.00    4.74 ^ _1671_/D_N (sky130_fd_sc_hd__or4b_2)
                  0.12    0.70    5.44 v _1671_/X (sky130_fd_sc_hd__or4b_2)
     3    0.01                           _1327_ (net)
                  0.12    0.00    5.44 v _1672_/A (sky130_fd_sc_hd__and3_2)
                  0.05    0.23    5.67 v _1672_/X (sky130_fd_sc_hd__and3_2)
     3    0.01                           _1328_ (net)
                  0.05    0.00    5.67 v _2741_/A_N (sky130_fd_sc_hd__and4b_2)
                  0.06    0.28    5.95 ^ _2741_/X (sky130_fd_sc_hd__and4b_2)
     1    0.00                           _0956_ (net)
                  0.06    0.00    5.95 ^ _2742_/D1 (sky130_fd_sc_hd__o2111a_2)
                  0.05    0.19    6.14 ^ _2742_/X (sky130_fd_sc_hd__o2111a_2)
     2    0.00                           _0957_ (net)
                  0.05    0.00    6.14 ^ _2746_/D_N (sky130_fd_sc_hd__or4bb_2)
                  0.11    0.56    6.70 v _2746_/X (sky130_fd_sc_hd__or4bb_2)
     2    0.01                           _0961_ (net)
                  0.11    0.00    6.70 v _2747_/A (sky130_fd_sc_hd__buf_1)
                  0.50    0.49    7.19 v _2747_/X (sky130_fd_sc_hd__buf_1)
    30    0.09                           _0962_ (net)
                  0.50    0.00    7.20 v _2748_/C1 (sky130_fd_sc_hd__a221o_2)
                  0.05    0.48    7.68 v _2748_/X (sky130_fd_sc_hd__a221o_2)
     1    0.00                           _0963_ (net)
                  0.05    0.00    7.68 v _2749_/B1 (sky130_fd_sc_hd__o21a_2)
                  0.03    0.11    7.79 v _2749_/X (sky130_fd_sc_hd__o21a_2)
     1    0.00                           _0162_ (net)
                  0.03    0.00    7.79 v _3291_/D (sky130_fd_sc_hd__dfxtp_2)
                                  7.79   data arrival time

                  0.10   20.00   20.00   clock i_clk (rise edge)
                          0.00   20.00   clock network delay (ideal)
                         -0.10   19.90   clock uncertainty
                          0.00   19.90   clock reconvergence pessimism
                                 19.90 ^ _3291_/CLK (sky130_fd_sc_hd__dfxtp_2)
                         -0.10   19.80   library setup time
                                 19.80   data required time
-----------------------------------------------------------------------------
                                 19.80   data required time
                                 -7.79   data arrival time
-----------------------------------------------------------------------------
                                 12.01   slack (MET)


Startpoint: i_wb_ctrl_stb (input port clocked by i_clk)
Endpoint: _3299_ (rising edge-triggered flip-flop clocked by i_clk)
Path Group: i_clk
Path Type: max

Fanout     Cap    Slew   Delay    Time   Description
-----------------------------------------------------------------------------
                  0.10    0.00    0.00   clock i_clk (rise edge)
                          0.00    0.00   clock network delay (ideal)
                          4.00    4.00 ^ input external delay
                  0.05    0.04    4.04 ^ i_wb_ctrl_stb (in)
     1    0.01                           i_wb_ctrl_stb (net)
                  0.05    0.00    4.04 ^ _1616_/A (sky130_fd_sc_hd__buf_1)
                  0.89    0.70    4.74 ^ _1616_/X (sky130_fd_sc_hd__buf_1)
    20    0.08                           _1272_ (net)
                  0.89    0.00    4.74 ^ _1671_/D_N (sky130_fd_sc_hd__or4b_2)
                  0.12    0.70    5.44 v _1671_/X (sky130_fd_sc_hd__or4b_2)
     3    0.01                           _1327_ (net)
                  0.12    0.00    5.44 v _1672_/A (sky130_fd_sc_hd__and3_2)
                  0.05    0.23    5.67 v _1672_/X (sky130_fd_sc_hd__and3_2)
     3    0.01                           _1328_ (net)
                  0.05    0.00    5.67 v _2741_/A_N (sky130_fd_sc_hd__and4b_2)
                  0.06    0.28    5.95 ^ _2741_/X (sky130_fd_sc_hd__and4b_2)
     1    0.00                           _0956_ (net)
                  0.06    0.00    5.95 ^ _2742_/D1 (sky130_fd_sc_hd__o2111a_2)
                  0.05    0.19    6.14 ^ _2742_/X (sky130_fd_sc_hd__o2111a_2)
     2    0.00                           _0957_ (net)
                  0.05    0.00    6.14 ^ _2746_/D_N (sky130_fd_sc_hd__or4bb_2)
                  0.11    0.56    6.70 v _2746_/X (sky130_fd_sc_hd__or4bb_2)
     2    0.01                           _0961_ (net)
                  0.11    0.00    6.70 v _2747_/A (sky130_fd_sc_hd__buf_1)
                  0.50    0.49    7.19 v _2747_/X (sky130_fd_sc_hd__buf_1)
    30    0.09                           _0962_ (net)
                  0.50    0.00    7.20 v _2764_/C1 (sky130_fd_sc_hd__a221o_2)
                  0.05    0.48    7.68 v _2764_/X (sky130_fd_sc_hd__a221o_2)
     1    0.00                           _0971_ (net)
                  0.05    0.00    7.68 v _2765_/B1 (sky130_fd_sc_hd__o21a_2)
                  0.03    0.11    7.79 v _2765_/X (sky130_fd_sc_hd__o21a_2)
     1    0.00                           _0170_ (net)
                  0.03    0.00    7.79 v _3299_/D (sky130_fd_sc_hd__dfxtp_2)
                                  7.79   data arrival time

                  0.10   20.00   20.00   clock i_clk (rise edge)
                          0.00   20.00   clock network delay (ideal)
                         -0.10   19.90   clock uncertainty
                          0.00   19.90   clock reconvergence pessimism
                                 19.90 ^ _3299_/CLK (sky130_fd_sc_hd__dfxtp_2)
                         -0.10   19.80   library setup time
                                 19.80   data required time
-----------------------------------------------------------------------------
                                 19.80   data required time
                                 -7.79   data arrival time
-----------------------------------------------------------------------------
                                 12.02   slack (MET)


Startpoint: i_wb_ctrl_stb (input port clocked by i_clk)
Endpoint: _3294_ (rising edge-triggered flip-flop clocked by i_clk)
Path Group: i_clk
Path Type: max

Fanout     Cap    Slew   Delay    Time   Description
-----------------------------------------------------------------------------
                  0.10    0.00    0.00   clock i_clk (rise edge)
                          0.00    0.00   clock network delay (ideal)
                          4.00    4.00 ^ input external delay
                  0.05    0.04    4.04 ^ i_wb_ctrl_stb (in)
     1    0.01                           i_wb_ctrl_stb (net)
                  0.05    0.00    4.04 ^ _1616_/A (sky130_fd_sc_hd__buf_1)
                  0.89    0.70    4.74 ^ _1616_/X (sky130_fd_sc_hd__buf_1)
    20    0.08                           _1272_ (net)
                  0.89    0.00    4.74 ^ _1671_/D_N (sky130_fd_sc_hd__or4b_2)
                  0.12    0.70    5.44 v _1671_/X (sky130_fd_sc_hd__or4b_2)
     3    0.01                           _1327_ (net)
                  0.12    0.00    5.44 v _1672_/A (sky130_fd_sc_hd__and3_2)
                  0.05    0.23    5.67 v _1672_/X (sky130_fd_sc_hd__and3_2)
     3    0.01                           _1328_ (net)
                  0.05    0.00    5.67 v _2741_/A_N (sky130_fd_sc_hd__and4b_2)
                  0.06    0.28    5.95 ^ _2741_/X (sky130_fd_sc_hd__and4b_2)
     1    0.00                           _0956_ (net)
                  0.06    0.00    5.95 ^ _2742_/D1 (sky130_fd_sc_hd__o2111a_2)
                  0.05    0.19    6.14 ^ _2742_/X (sky130_fd_sc_hd__o2111a_2)
     2    0.00                           _0957_ (net)
                  0.05    0.00    6.14 ^ _2746_/D_N (sky130_fd_sc_hd__or4bb_2)
                  0.11    0.56    6.70 v _2746_/X (sky130_fd_sc_hd__or4bb_2)
     2    0.01                           _0961_ (net)
                  0.11    0.00    6.70 v _2747_/A (sky130_fd_sc_hd__buf_1)
                  0.50    0.49    7.19 v _2747_/X (sky130_fd_sc_hd__buf_1)
    30    0.09                           _0962_ (net)
                  0.50    0.00    7.19 v _2754_/C1 (sky130_fd_sc_hd__a221o_2)
                  0.05    0.48    7.67 v _2754_/X (sky130_fd_sc_hd__a221o_2)
     1    0.00                           _0966_ (net)
                  0.05    0.00    7.67 v _2755_/B1 (sky130_fd_sc_hd__o21a_2)
                  0.03    0.11    7.79 v _2755_/X (sky130_fd_sc_hd__o21a_2)
     1    0.00                           _0165_ (net)
                  0.03    0.00    7.79 v _3294_/D (sky130_fd_sc_hd__dfxtp_2)
                                  7.79   data arrival time

                  0.10   20.00   20.00   clock i_clk (rise edge)
                          0.00   20.00   clock network delay (ideal)
                         -0.10   19.90   clock uncertainty
                          0.00   19.90   clock reconvergence pessimism
                                 19.90 ^ _3294_/CLK (sky130_fd_sc_hd__dfxtp_2)
                         -0.10   19.80   library setup time
                                 19.80   data required time
-----------------------------------------------------------------------------
                                 19.80   data required time
                                 -7.79   data arrival time
-----------------------------------------------------------------------------
                                 12.02   slack (MET)


Startpoint: i_wb_ctrl_stb (input port clocked by i_clk)
Endpoint: _3298_ (rising edge-triggered flip-flop clocked by i_clk)
Path Group: i_clk
Path Type: max

Fanout     Cap    Slew   Delay    Time   Description
-----------------------------------------------------------------------------
                  0.10    0.00    0.00   clock i_clk (rise edge)
                          0.00    0.00   clock network delay (ideal)
                          4.00    4.00 ^ input external delay
                  0.05    0.04    4.04 ^ i_wb_ctrl_stb (in)
     1    0.01                           i_wb_ctrl_stb (net)
                  0.05    0.00    4.04 ^ _1616_/A (sky130_fd_sc_hd__buf_1)
                  0.89    0.70    4.74 ^ _1616_/X (sky130_fd_sc_hd__buf_1)
    20    0.08                           _1272_ (net)
                  0.89    0.00    4.74 ^ _1671_/D_N (sky130_fd_sc_hd__or4b_2)
                  0.12    0.70    5.44 v _1671_/X (sky130_fd_sc_hd__or4b_2)
     3    0.01                           _1327_ (net)
                  0.12    0.00    5.44 v _1672_/A (sky130_fd_sc_hd__and3_2)
                  0.05    0.23    5.67 v _1672_/X (sky130_fd_sc_hd__and3_2)
     3    0.01                           _1328_ (net)
                  0.05    0.00    5.67 v _2741_/A_N (sky130_fd_sc_hd__and4b_2)
                  0.06    0.28    5.95 ^ _2741_/X (sky130_fd_sc_hd__and4b_2)
     1    0.00                           _0956_ (net)
                  0.06    0.00    5.95 ^ _2742_/D1 (sky130_fd_sc_hd__o2111a_2)
                  0.05    0.19    6.14 ^ _2742_/X (sky130_fd_sc_hd__o2111a_2)
     2    0.00                           _0957_ (net)
                  0.05    0.00    6.14 ^ _2746_/D_N (sky130_fd_sc_hd__or4bb_2)
                  0.11    0.56    6.70 v _2746_/X (sky130_fd_sc_hd__or4bb_2)
     2    0.01                           _0961_ (net)
                  0.11    0.00    6.70 v _2747_/A (sky130_fd_sc_hd__buf_1)
                  0.50    0.49    7.19 v _2747_/X (sky130_fd_sc_hd__buf_1)
    30    0.09                           _0962_ (net)
                  0.50    0.00    7.20 v _2762_/C1 (sky130_fd_sc_hd__a221o_2)
                  0.05    0.48    7.68 v _2762_/X (sky130_fd_sc_hd__a221o_2)
     1    0.00                           _0970_ (net)
                  0.05    0.00    7.68 v _2763_/B1 (sky130_fd_sc_hd__o21a_2)
                  0.03    0.11    7.79 v _2763_/X (sky130_fd_sc_hd__o21a_2)
     1    0.00                           _0169_ (net)
                  0.03    0.00    7.79 v _3298_/D (sky130_fd_sc_hd__dfxtp_2)
                                  7.79   data arrival time

                  0.10   20.00   20.00   clock i_clk (rise edge)
                          0.00   20.00   clock network delay (ideal)
                         -0.10   19.90   clock uncertainty
                          0.00   19.90   clock reconvergence pessimism
                                 19.90 ^ _3298_/CLK (sky130_fd_sc_hd__dfxtp_2)
                         -0.10   19.80   library setup time
                                 19.80   data required time
-----------------------------------------------------------------------------
                                 19.80   data required time
                                 -7.79   data arrival time
-----------------------------------------------------------------------------
                                 12.02   slack (MET)


