
===========================================================================
report_checks -path_delay max (Setup)
============================================================================
Startpoint: i_wb_addr[1] (input port clocked by i_clk)
Endpoint: _3291_ (rising edge-triggered flip-flop clocked by i_clk)
Path Group: i_clk
Path Type: max

Fanout     Cap    Slew   Delay    Time   Description
-----------------------------------------------------------------------------
                  0.10    0.00    0.00   clock i_clk (rise edge)
                          0.00    0.00   clock network delay (ideal)
                          4.00    4.00 v input external delay
                  0.06    0.05    4.05 v i_wb_addr[1] (in)
    12    0.03                           i_wb_addr[1] (net)
                  0.06    0.00    4.05 v _1609_/A (sky130_fd_sc_hd__or2_2)
                  0.05    0.30    4.35 v _1609_/X (sky130_fd_sc_hd__or2_2)
     1    0.00                           _1265_ (net)
                  0.05    0.00    4.35 v _1610_/A (sky130_fd_sc_hd__buf_1)
                  0.13    0.18    4.54 v _1610_/X (sky130_fd_sc_hd__buf_1)
     9    0.02                           _1266_ (net)
                  0.13    0.00    4.54 v _1671_/C (sky130_fd_sc_hd__or4b_2)
                  0.11    0.68    5.22 v _1671_/X (sky130_fd_sc_hd__or4b_2)
     3    0.01                           _1327_ (net)
                  0.11    0.00    5.22 v _1672_/A (sky130_fd_sc_hd__and3_2)
                  0.05    0.22    5.44 v _1672_/X (sky130_fd_sc_hd__and3_2)
     3    0.01                           _1328_ (net)
                  0.05    0.00    5.44 v _2741_/A_N (sky130_fd_sc_hd__and4b_2)
                  0.05    0.27    5.72 ^ _2741_/X (sky130_fd_sc_hd__and4b_2)
     1    0.00                           _0956_ (net)
                  0.05    0.00    5.72 ^ _2742_/D1 (sky130_fd_sc_hd__o2111a_2)
                  0.05    0.18    5.90 ^ _2742_/X (sky130_fd_sc_hd__o2111a_2)
     2    0.00                           _0957_ (net)
                  0.05    0.00    5.90 ^ _2746_/D_N (sky130_fd_sc_hd__or4bb_2)
                  0.10    0.55    6.46 v _2746_/X (sky130_fd_sc_hd__or4bb_2)
     2    0.00                           _0961_ (net)
                  0.10    0.00    6.46 v _2747_/A (sky130_fd_sc_hd__buf_1)
                  0.40    0.41    6.87 v _2747_/X (sky130_fd_sc_hd__buf_1)
    30    0.07                           _0962_ (net)
                  0.40    0.00    6.87 v _2748_/C1 (sky130_fd_sc_hd__a221o_2)
                  0.05    0.44    7.31 v _2748_/X (sky130_fd_sc_hd__a221o_2)
     1    0.00                           _0963_ (net)
                  0.05    0.00    7.32 v _2749_/B1 (sky130_fd_sc_hd__o21a_2)
                  0.03    0.11    7.43 v _2749_/X (sky130_fd_sc_hd__o21a_2)
     1    0.00                           _0162_ (net)
                  0.03    0.00    7.44 v _3291_/D (sky130_fd_sc_hd__dfxtp_2)
                                  7.44   data arrival time

                  0.10   20.00   20.00   clock i_clk (rise edge)
                          0.00   20.00   clock network delay (ideal)
                         -0.10   19.90   clock uncertainty
                          0.00   19.90   clock reconvergence pessimism
                                 19.90 ^ _3291_/CLK (sky130_fd_sc_hd__dfxtp_2)
                         -0.09   19.81   library setup time
                                 19.81   data required time
-----------------------------------------------------------------------------
                                 19.81   data required time
                                 -7.44   data arrival time
-----------------------------------------------------------------------------
                                 12.37   slack (MET)


Startpoint: i_wb_addr[1] (input port clocked by i_clk)
Endpoint: _3292_ (rising edge-triggered flip-flop clocked by i_clk)
Path Group: i_clk
Path Type: max

Fanout     Cap    Slew   Delay    Time   Description
-----------------------------------------------------------------------------
                  0.10    0.00    0.00   clock i_clk (rise edge)
                          0.00    0.00   clock network delay (ideal)
                          4.00    4.00 v input external delay
                  0.06    0.05    4.05 v i_wb_addr[1] (in)
    12    0.03                           i_wb_addr[1] (net)
                  0.06    0.00    4.05 v _1609_/A (sky130_fd_sc_hd__or2_2)
                  0.05    0.30    4.35 v _1609_/X (sky130_fd_sc_hd__or2_2)
     1    0.00                           _1265_ (net)
                  0.05    0.00    4.35 v _1610_/A (sky130_fd_sc_hd__buf_1)
                  0.13    0.18    4.54 v _1610_/X (sky130_fd_sc_hd__buf_1)
     9    0.02                           _1266_ (net)
                  0.13    0.00    4.54 v _1671_/C (sky130_fd_sc_hd__or4b_2)
                  0.11    0.68    5.22 v _1671_/X (sky130_fd_sc_hd__or4b_2)
     3    0.01                           _1327_ (net)
                  0.11    0.00    5.22 v _1672_/A (sky130_fd_sc_hd__and3_2)
                  0.05    0.22    5.44 v _1672_/X (sky130_fd_sc_hd__and3_2)
     3    0.01                           _1328_ (net)
                  0.05    0.00    5.44 v _2741_/A_N (sky130_fd_sc_hd__and4b_2)
                  0.05    0.27    5.72 ^ _2741_/X (sky130_fd_sc_hd__and4b_2)
     1    0.00                           _0956_ (net)
                  0.05    0.00    5.72 ^ _2742_/D1 (sky130_fd_sc_hd__o2111a_2)
                  0.05    0.18    5.90 ^ _2742_/X (sky130_fd_sc_hd__o2111a_2)
     2    0.00                           _0957_ (net)
                  0.05    0.00    5.90 ^ _2746_/D_N (sky130_fd_sc_hd__or4bb_2)
                  0.10    0.55    6.46 v _2746_/X (sky130_fd_sc_hd__or4bb_2)
     2    0.00                           _0961_ (net)
                  0.10    0.00    6.46 v _2747_/A (sky130_fd_sc_hd__buf_1)
                  0.40    0.41    6.87 v _2747_/X (sky130_fd_sc_hd__buf_1)
    30    0.07                           _0962_ (net)
                  0.40    0.00    6.87 v _2750_/C1 (sky130_fd_sc_hd__a221o_2)
                  0.05    0.44    7.31 v _2750_/X (sky130_fd_sc_hd__a221o_2)
     1    0.00                           _0964_ (net)
                  0.05    0.00    7.32 v _2751_/B1 (sky130_fd_sc_hd__o21a_2)
                  0.03    0.11    7.43 v _2751_/X (sky130_fd_sc_hd__o21a_2)
     1    0.00                           _0163_ (net)
                  0.03    0.00    7.44 v _3292_/D (sky130_fd_sc_hd__dfxtp_2)
                                  7.44   data arrival time

                  0.10   20.00   20.00   clock i_clk (rise edge)
                          0.00   20.00   clock network delay (ideal)
                         -0.10   19.90   clock uncertainty
                          0.00   19.90   clock reconvergence pessimism
                                 19.90 ^ _3292_/CLK (sky130_fd_sc_hd__dfxtp_2)
                         -0.09   19.81   library setup time
                                 19.81   data required time
-----------------------------------------------------------------------------
                                 19.81   data required time
                                 -7.44   data arrival time
-----------------------------------------------------------------------------
                                 12.37   slack (MET)


Startpoint: i_wb_addr[1] (input port clocked by i_clk)
Endpoint: _3293_ (rising edge-triggered flip-flop clocked by i_clk)
Path Group: i_clk
Path Type: max

Fanout     Cap    Slew   Delay    Time   Description
-----------------------------------------------------------------------------
                  0.10    0.00    0.00   clock i_clk (rise edge)
                          0.00    0.00   clock network delay (ideal)
                          4.00    4.00 v input external delay
                  0.06    0.05    4.05 v i_wb_addr[1] (in)
    12    0.03                           i_wb_addr[1] (net)
                  0.06    0.00    4.05 v _1609_/A (sky130_fd_sc_hd__or2_2)
                  0.05    0.30    4.35 v _1609_/X (sky130_fd_sc_hd__or2_2)
     1    0.00                           _1265_ (net)
                  0.05    0.00    4.35 v _1610_/A (sky130_fd_sc_hd__buf_1)
                  0.13    0.18    4.54 v _1610_/X (sky130_fd_sc_hd__buf_1)
     9    0.02                           _1266_ (net)
                  0.13    0.00    4.54 v _1671_/C (sky130_fd_sc_hd__or4b_2)
                  0.11    0.68    5.22 v _1671_/X (sky130_fd_sc_hd__or4b_2)
     3    0.01                           _1327_ (net)
                  0.11    0.00    5.22 v _1672_/A (sky130_fd_sc_hd__and3_2)
                  0.05    0.22    5.44 v _1672_/X (sky130_fd_sc_hd__and3_2)
     3    0.01                           _1328_ (net)
                  0.05    0.00    5.44 v _2741_/A_N (sky130_fd_sc_hd__and4b_2)
                  0.05    0.27    5.72 ^ _2741_/X (sky130_fd_sc_hd__and4b_2)
     1    0.00                           _0956_ (net)
                  0.05    0.00    5.72 ^ _2742_/D1 (sky130_fd_sc_hd__o2111a_2)
                  0.05    0.18    5.90 ^ _2742_/X (sky130_fd_sc_hd__o2111a_2)
     2    0.00                           _0957_ (net)
                  0.05    0.00    5.90 ^ _2746_/D_N (sky130_fd_sc_hd__or4bb_2)
                  0.10    0.55    6.46 v _2746_/X (sky130_fd_sc_hd__or4bb_2)
     2    0.00                           _0961_ (net)
                  0.10    0.00    6.46 v _2747_/A (sky130_fd_sc_hd__buf_1)
                  0.40    0.41    6.87 v _2747_/X (sky130_fd_sc_hd__buf_1)
    30    0.07                           _0962_ (net)
                  0.40    0.00    6.87 v _2752_/C1 (sky130_fd_sc_hd__a221o_2)
                  0.05    0.44    7.31 v _2752_/X (sky130_fd_sc_hd__a221o_2)
     1    0.00                           _0965_ (net)
                  0.05    0.00    7.32 v _2753_/B1 (sky130_fd_sc_hd__o21a_2)
                  0.03    0.11    7.43 v _2753_/X (sky130_fd_sc_hd__o21a_2)
     1    0.00                           _0164_ (net)
                  0.03    0.00    7.44 v _3293_/D (sky130_fd_sc_hd__dfxtp_2)
                                  7.44   data arrival time

                  0.10   20.00   20.00   clock i_clk (rise edge)
                          0.00   20.00   clock network delay (ideal)
                         -0.10   19.90   clock uncertainty
                          0.00   19.90   clock reconvergence pessimism
                                 19.90 ^ _3293_/CLK (sky130_fd_sc_hd__dfxtp_2)
                         -0.09   19.81   library setup time
                                 19.81   data required time
-----------------------------------------------------------------------------
                                 19.81   data required time
                                 -7.44   data arrival time
-----------------------------------------------------------------------------
                                 12.37   slack (MET)


Startpoint: i_wb_addr[1] (input port clocked by i_clk)
Endpoint: _3294_ (rising edge-triggered flip-flop clocked by i_clk)
Path Group: i_clk
Path Type: max

Fanout     Cap    Slew   Delay    Time   Description
-----------------------------------------------------------------------------
                  0.10    0.00    0.00   clock i_clk (rise edge)
                          0.00    0.00   clock network delay (ideal)
                          4.00    4.00 v input external delay
                  0.06    0.05    4.05 v i_wb_addr[1] (in)
    12    0.03                           i_wb_addr[1] (net)
                  0.06    0.00    4.05 v _1609_/A (sky130_fd_sc_hd__or2_2)
                  0.05    0.30    4.35 v _1609_/X (sky130_fd_sc_hd__or2_2)
     1    0.00                           _1265_ (net)
                  0.05    0.00    4.35 v _1610_/A (sky130_fd_sc_hd__buf_1)
                  0.13    0.18    4.54 v _1610_/X (sky130_fd_sc_hd__buf_1)
     9    0.02                           _1266_ (net)
                  0.13    0.00    4.54 v _1671_/C (sky130_fd_sc_hd__or4b_2)
                  0.11    0.68    5.22 v _1671_/X (sky130_fd_sc_hd__or4b_2)
     3    0.01                           _1327_ (net)
                  0.11    0.00    5.22 v _1672_/A (sky130_fd_sc_hd__and3_2)
                  0.05    0.22    5.44 v _1672_/X (sky130_fd_sc_hd__and3_2)
     3    0.01                           _1328_ (net)
                  0.05    0.00    5.44 v _2741_/A_N (sky130_fd_sc_hd__and4b_2)
                  0.05    0.27    5.72 ^ _2741_/X (sky130_fd_sc_hd__and4b_2)
     1    0.00                           _0956_ (net)
                  0.05    0.00    5.72 ^ _2742_/D1 (sky130_fd_sc_hd__o2111a_2)
                  0.05    0.18    5.90 ^ _2742_/X (sky130_fd_sc_hd__o2111a_2)
     2    0.00                           _0957_ (net)
                  0.05    0.00    5.90 ^ _2746_/D_N (sky130_fd_sc_hd__or4bb_2)
                  0.10    0.55    6.46 v _2746_/X (sky130_fd_sc_hd__or4bb_2)
     2    0.00                           _0961_ (net)
                  0.10    0.00    6.46 v _2747_/A (sky130_fd_sc_hd__buf_1)
                  0.40    0.41    6.87 v _2747_/X (sky130_fd_sc_hd__buf_1)
    30    0.07                           _0962_ (net)
                  0.40    0.00    6.87 v _2754_/C1 (sky130_fd_sc_hd__a221o_2)
                  0.05    0.44    7.31 v _2754_/X (sky130_fd_sc_hd__a221o_2)
     1    0.00                           _0966_ (net)
                  0.05    0.00    7.32 v _2755_/B1 (sky130_fd_sc_hd__o21a_2)
                  0.03    0.11    7.43 v _2755_/X (sky130_fd_sc_hd__o21a_2)
     1    0.00                           _0165_ (net)
                  0.03    0.00    7.44 v _3294_/D (sky130_fd_sc_hd__dfxtp_2)
                                  7.44   data arrival time

                  0.10   20.00   20.00   clock i_clk (rise edge)
                          0.00   20.00   clock network delay (ideal)
                         -0.10   19.90   clock uncertainty
                          0.00   19.90   clock reconvergence pessimism
                                 19.90 ^ _3294_/CLK (sky130_fd_sc_hd__dfxtp_2)
                         -0.09   19.81   library setup time
                                 19.81   data required time
-----------------------------------------------------------------------------
                                 19.81   data required time
                                 -7.44   data arrival time
-----------------------------------------------------------------------------
                                 12.37   slack (MET)


Startpoint: i_wb_addr[1] (input port clocked by i_clk)
Endpoint: _3295_ (rising edge-triggered flip-flop clocked by i_clk)
Path Group: i_clk
Path Type: max

Fanout     Cap    Slew   Delay    Time   Description
-----------------------------------------------------------------------------
                  0.10    0.00    0.00   clock i_clk (rise edge)
                          0.00    0.00   clock network delay (ideal)
                          4.00    4.00 v input external delay
                  0.06    0.05    4.05 v i_wb_addr[1] (in)
    12    0.03                           i_wb_addr[1] (net)
                  0.06    0.00    4.05 v _1609_/A (sky130_fd_sc_hd__or2_2)
                  0.05    0.30    4.35 v _1609_/X (sky130_fd_sc_hd__or2_2)
     1    0.00                           _1265_ (net)
                  0.05    0.00    4.35 v _1610_/A (sky130_fd_sc_hd__buf_1)
                  0.13    0.18    4.54 v _1610_/X (sky130_fd_sc_hd__buf_1)
     9    0.02                           _1266_ (net)
                  0.13    0.00    4.54 v _1671_/C (sky130_fd_sc_hd__or4b_2)
                  0.11    0.68    5.22 v _1671_/X (sky130_fd_sc_hd__or4b_2)
     3    0.01                           _1327_ (net)
                  0.11    0.00    5.22 v _1672_/A (sky130_fd_sc_hd__and3_2)
                  0.05    0.22    5.44 v _1672_/X (sky130_fd_sc_hd__and3_2)
     3    0.01                           _1328_ (net)
                  0.05    0.00    5.44 v _2741_/A_N (sky130_fd_sc_hd__and4b_2)
                  0.05    0.27    5.72 ^ _2741_/X (sky130_fd_sc_hd__and4b_2)
     1    0.00                           _0956_ (net)
                  0.05    0.00    5.72 ^ _2742_/D1 (sky130_fd_sc_hd__o2111a_2)
                  0.05    0.18    5.90 ^ _2742_/X (sky130_fd_sc_hd__o2111a_2)
     2    0.00                           _0957_ (net)
                  0.05    0.00    5.90 ^ _2746_/D_N (sky130_fd_sc_hd__or4bb_2)
                  0.10    0.55    6.46 v _2746_/X (sky130_fd_sc_hd__or4bb_2)
     2    0.00                           _0961_ (net)
                  0.10    0.00    6.46 v _2747_/A (sky130_fd_sc_hd__buf_1)
                  0.40    0.41    6.87 v _2747_/X (sky130_fd_sc_hd__buf_1)
    30    0.07                           _0962_ (net)
                  0.40    0.00    6.87 v _2756_/C1 (sky130_fd_sc_hd__a221o_2)
                  0.05    0.44    7.31 v _2756_/X (sky130_fd_sc_hd__a221o_2)
     1    0.00                           _0967_ (net)
                  0.05    0.00    7.32 v _2757_/B1 (sky130_fd_sc_hd__o21a_2)
                  0.03    0.11    7.43 v _2757_/X (sky130_fd_sc_hd__o21a_2)
     1    0.00                           _0166_ (net)
                  0.03    0.00    7.44 v _3295_/D (sky130_fd_sc_hd__dfxtp_2)
                                  7.44   data arrival time

                  0.10   20.00   20.00   clock i_clk (rise edge)
                          0.00   20.00   clock network delay (ideal)
                         -0.10   19.90   clock uncertainty
                          0.00   19.90   clock reconvergence pessimism
                                 19.90 ^ _3295_/CLK (sky130_fd_sc_hd__dfxtp_2)
                         -0.09   19.81   library setup time
                                 19.81   data required time
-----------------------------------------------------------------------------
                                 19.81   data required time
                                 -7.44   data arrival time
-----------------------------------------------------------------------------
                                 12.37   slack (MET)


